#
# There is insufficient memory for the Java Runtime Environment to continue.
# Native memory allocation (mmap) failed to map 199229440 bytes for committing reserved memory.
# Possible reasons:
#   The system is out of physical RAM or swap space
#   In 32 bit mode, the process size limit was hit
# Possible solutions:
#   Reduce memory load on the system
#   Increase physical memory or swap space
#   Check if swap backing store is full
#   Use 64 bit Java on a 64 bit OS
#   Decrease Java heap size (-Xmx/-Xms)
#   Decrease number of Java threads
#   Decrease Java thread stack sizes (-Xss)
#   Set larger code cache with -XX:ReservedCodeCacheSize=
# This output file may be truncated or incomplete.
#
#  Out of Memory Error (os_linux.cpp:2627), pid=24310, tid=0x00007f926d2dd700
#
# JRE version: OpenJDK Runtime Environment (8.0_92-b14) (build 1.8.0_92-b14)
# Java VM: OpenJDK 64-Bit Server VM (25.92-b14 mixed mode linux-amd64 compressed oops)
# Core dump written. Default location: /home/roy/Workspace/MT/mt/core or core.24310
#

---------------  T H R E A D  ---------------

Current thread (0x00007f9280083800):  VMThread [stack: 0x00007f926d1dd000,0x00007f926d2de000] [id=24340]

Stack: [0x00007f926d1dd000,0x00007f926d2de000],  sp=0x00007f926d2dc480,  free space=1021k
Native frames: (J=compiled Java code, j=interpreted, Vv=VM code, C=native code)
V  [libjvm.so+0xa596cb]
V  [libjvm.so+0x4c344c]
V  [libjvm.so+0x8aa3f0]
V  [libjvm.so+0x8a491e]
V  [libjvm.so+0x91e90b]
V  [libjvm.so+0x90df9a]
V  [libjvm.so+0x90e1a3]
V  [libjvm.so+0x90eb08]
V  [libjvm.so+0x914dce]
V  [libjvm.so+0x91c78d]
V  [libjvm.so+0x8ce953]
V  [libjvm.so+0xa5b312]
V  [libjvm.so+0xa602e7]
V  [libjvm.so+0xa5db2c]
V  [libjvm.so+0xa5ef0f]
V  [libjvm.so+0xa5f401]
V  [libjvm.so+0x8a7902]

VM_Operation (0x00007f9286fbf260): ParallelGCFailedAllocation, mode: safepoint, requested by thread 0x00007f928000d800


---------------  P R O C E S S  ---------------

Java Threads: ( => current thread )
  0x00007f92800e7000 JavaThread "Service Thread" daemon [_thread_blocked, id=24387, stack(0x00007f926c4ce000,0x00007f926c5cf000)]
  0x00007f92800db800 JavaThread "C1 CompilerThread3" daemon [_thread_blocked, id=24385, stack(0x00007f926c5cf000,0x00007f926c6d0000)]
  0x00007f92800d9800 JavaThread "C2 CompilerThread2" daemon [_thread_blocked, id=24384, stack(0x00007f926c6d0000,0x00007f926c7d1000)]
  0x00007f92800d7800 JavaThread "C2 CompilerThread1" daemon [_thread_blocked, id=24383, stack(0x00007f926c7d1000,0x00007f926c8d2000)]
  0x00007f92800d4800 JavaThread "C2 CompilerThread0" daemon [_thread_blocked, id=24381, stack(0x00007f926c8d2000,0x00007f926c9d3000)]
  0x00007f9230001000 JavaThread "JDWP Command Reader" daemon [_thread_in_native, id=24377, stack(0x00007f926c9d3000,0x00007f926cad4000)]
  0x00007f92800d2800 JavaThread "JDWP Event Helper Thread" daemon [_thread_blocked, id=24374, stack(0x00007f926cad4000,0x00007f926cbd5000)]
  0x00007f92800cf000 JavaThread "JDWP Transport Listener: dt_socket" daemon [_thread_blocked, id=24372, stack(0x00007f926cbd5000,0x00007f926ccd6000)]
  0x00007f92800c1800 JavaThread "Signal Dispatcher" daemon [_thread_blocked, id=24370, stack(0x00007f926ceda000,0x00007f926cfdb000)]
  0x00007f928008f800 JavaThread "Finalizer" daemon [_thread_blocked, id=24347, stack(0x00007f926cfdb000,0x00007f926d0dc000)]
  0x00007f928008b000 JavaThread "Reference Handler" daemon [_thread_blocked, id=24345, stack(0x00007f926d0dc000,0x00007f926d1dd000)]
  0x00007f928000d800 JavaThread "main" [_thread_blocked, id=24317, stack(0x00007f9286ec0000,0x00007f9286fc1000)]

Other Threads:
=>0x00007f9280083800 VMThread [stack: 0x00007f926d1dd000,0x00007f926d2de000] [id=24340]
  0x00007f92800e9800 WatcherThread [stack: 0x00007f926c3cd000,0x00007f926c4ce000] [id=24388]

VM state:at safepoint (normal execution)

VM Mutex/Monitor currently owned by a thread:  ([mutex/lock_event])
[0x00007f928000afb0] ExpandHeap_lock - owner thread: 0x00007f9280083800
[0x00007f928000b630] Threads_lock - owner thread: 0x00007f9280083800
[0x00007f928000bb30] Heap_lock - owner thread: 0x00007f928000d800

Heap:
 PSYoungGen      total 641024K, used 1517K [0x00000000d7300000, 0x0000000100000000, 0x0000000100000000)
  eden space 614400K, 0% used [0x00000000d7300000,0x00000000d7300000,0x00000000fcb00000)
  from space 26624K, 5% used [0x00000000fcb00000,0x00000000fcc7b750,0x00000000fe500000)
  to   space 27648K, 0% used [0x00000000fe500000,0x00000000fe500000,0x0000000100000000)
 ParOldGen       total 515584K, used 515246K [0x0000000085800000, 0x00000000a4f80000, 0x00000000d7300000)
  object space 515584K, 99% used [0x0000000085800000,0x00000000a4f2b810,0x00000000a4f80000)
 Metaspace       used 8572K, capacity 8724K, committed 8960K, reserved 1056768K
  class space    used 887K, capacity 964K, committed 1024K, reserved 1048576K

Card table byte_map: [0x00007f9270663000,0x00007f9270a38000] byte_map_base: 0x00007f9270237000

Marking Bits: (ParMarkBitMap*) 0x00007f92861cf540
 Begin Bits: [0x00007f924c2c0000, 0x00007f924e160000)
 End Bits:   [0x00007f924e160000, 0x00007f9250000000)

Polling page: 0x00007f9286ff2000

CodeCache: size=245760Kb used=6041Kb max_used=7393Kb free=239718Kb
 bounds [0x00007f9270df8000, 0x00007f9271548000, 0x00007f927fdf8000]
 total_blobs=1861 nmethods=1547 adapters=237
 compilation: enabled

Compilation events (10 events):
Event: 367.135 Thread 0x00007f92800d7800 nmethod 2097 0x00007f9270feac10 code [0x00007f9270fead60, 0x00007f9270feb0a8]
Event: 367.141 Thread 0x00007f92800d4800 2098       4       java.util.concurrent.locks.AbstractQueuedSynchronizer::release (33 bytes)
Event: 367.142 Thread 0x00007f92800d4800 nmethod 2098 0x00007f9270fea710 code [0x00007f9270fea880, 0x00007f9270feaa38]
Event: 367.166 Thread 0x00007f92800d7800 2099   !   4       java.nio.file.FileTreeWalker::visit (204 bytes)
Event: 367.169 Thread 0x00007f92800d9800 nmethod 2096 0x00007f92710c4c10 code [0x00007f92710c51c0, 0x00007f92710c9020]
Event: 367.197 Thread 0x00007f92800d7800 nmethod 2099 0x00007f92711af210 code [0x00007f92711af680, 0x00007f92711b2dc8]
Event: 367.379 Thread 0x00007f92800d4800 2100 % !   4       java.nio.file.Files::walkFileTree @ 22 (355 bytes)
Event: 367.389 Thread 0x00007f92800d4800 nmethod 2100% 0x00007f9271253b90 code [0x00007f9271253e00, 0x00007f92712556d0]
Event: 367.426 Thread 0x00007f92800d9800 2101   !   4       java.nio.file.Files::walkFileTree (355 bytes)
Event: 367.436 Thread 0x00007f92800d9800 nmethod 2101 0x00007f92711dd4d0 code [0x00007f92711dd740, 0x00007f92711dec50]

GC Heap History (10 events):
Event: 361.953 GC heap after
Heap after GC invocations=542 (full 5):
 PSYoungGen      total 640000K, used 23840K [0x00000000d7300000, 0x0000000100000000, 0x0000000100000000)
  eden space 612352K, 0% used [0x00000000d7300000,0x00000000d7300000,0x00000000fc900000)
  from space 27648K, 86% used [0x00000000fc900000,0x00000000fe048000,0x00000000fe400000)
  to   space 27648K, 0% used [0x00000000fe500000,0x00000000fe500000,0x0000000100000000)
 ParOldGen       total 515584K, used 490211K [0x0000000085800000, 0x00000000a4f80000, 0x00000000d7300000)
  object space 515584K, 95% used [0x0000000085800000,0x00000000a36b8d38,0x00000000a4f80000)
 Metaspace       used 8400K, capacity 8596K, committed 8704K, reserved 1056768K
  class space    used 869K, capacity 964K, committed 1024K, reserved 1048576K
}
Event: 362.742 GC heap before
{Heap before GC invocations=543 (full 5):
 PSYoungGen      total 640000K, used 636192K [0x00000000d7300000, 0x0000000100000000, 0x0000000100000000)
  eden space 612352K, 100% used [0x00000000d7300000,0x00000000fc900000,0x00000000fc900000)
  from space 27648K, 86% used [0x00000000fc900000,0x00000000fe048000,0x00000000fe400000)
  to   space 27648K, 0% used [0x00000000fe500000,0x00000000fe500000,0x0000000100000000)
 ParOldGen       total 515584K, used 490211K [0x0000000085800000, 0x00000000a4f80000, 0x00000000d7300000)
  object space 515584K, 95% used [0x0000000085800000,0x00000000a36b8d38,0x00000000a4f80000)
 Metaspace       used 8400K, capacity 8596K, committed 8704K, reserved 1056768K
  class space    used 869K, capacity 964K, committed 1024K, reserved 1048576K
Event: 362.748 GC heap after
Heap after GC invocations=543 (full 5):
 PSYoungGen      total 640000K, used 24067K [0x00000000d7300000, 0x00000000fff00000, 0x0000000100000000)
  eden space 613376K, 0% used [0x00000000d7300000,0x00000000d7300000,0x00000000fca00000)
  from space 26624K, 90% used [0x00000000fe500000,0x00000000ffc80e90,0x00000000fff00000)
  to   space 27136K, 0% used [0x00000000fca00000,0x00000000fca00000,0x00000000fe480000)
 ParOldGen       total 515584K, used 490787K [0x0000000085800000, 0x00000000a4f80000, 0x00000000d7300000)
  object space 515584K, 95% used [0x0000000085800000,0x00000000a3748d38,0x00000000a4f80000)
 Metaspace       used 8400K, capacity 8596K, committed 8704K, reserved 1056768K
  class space    used 869K, capacity 964K, committed 1024K, reserved 1048576K
}
Event: 363.557 GC heap before
{Heap before GC invocations=544 (full 5):
 PSYoungGen      total 640000K, used 637443K [0x00000000d7300000, 0x00000000fff00000, 0x0000000100000000)
  eden space 613376K, 100% used [0x00000000d7300000,0x00000000fca00000,0x00000000fca00000)
  from space 26624K, 90% used [0x00000000fe500000,0x00000000ffc80e90,0x00000000fff00000)
  to   space 27136K, 0% used [0x00000000fca00000,0x00000000fca00000,0x00000000fe480000)
 ParOldGen       total 515584K, used 490787K [0x0000000085800000, 0x00000000a4f80000, 0x00000000d7300000)
  object space 515584K, 95% used [0x0000000085800000,0x00000000a3748d38,0x00000000a4f80000)
 Metaspace       used 8400K, capacity 8596K, committed 8704K, reserved 1056768K
  class space    used 869K, capacity 964K, committed 1024K, reserved 1048576K
Event: 363.563 GC heap after
Heap after GC invocations=544 (full 5):
 PSYoungGen      total 640512K, used 24208K [0x00000000d7300000, 0x0000000100000000, 0x0000000100000000)
  eden space 613376K, 0% used [0x00000000d7300000,0x00000000d7300000,0x00000000fca00000)
  from space 27136K, 89% used [0x00000000fca00000,0x00000000fe1a4018,0x00000000fe480000)
  to   space 27136K, 0% used [0x00000000fe580000,0x00000000fe580000,0x0000000100000000)
 ParOldGen       total 515584K, used 491323K [0x0000000085800000, 0x00000000a4f80000, 0x00000000d7300000)
  object space 515584K, 95% used [0x0000000085800000,0x00000000a37ced38,0x00000000a4f80000)
 Metaspace       used 8400K, capacity 8596K, committed 8704K, reserved 1056768K
  class space    used 869K, capacity 964K, committed 1024K, reserved 1048576K
}
Event: 364.371 GC heap before
{Heap before GC invocations=545 (full 5):
 PSYoungGen      total 640512K, used 637584K [0x00000000d7300000, 0x0000000100000000, 0x0000000100000000)
  eden space 613376K, 100% used [0x00000000d7300000,0x00000000fca00000,0x00000000fca00000)
  from space 27136K, 89% used [0x00000000fca00000,0x00000000fe1a4018,0x00000000fe480000)
  to   space 27136K, 0% used [0x00000000fe580000,0x00000000fe580000,0x0000000100000000)
 ParOldGen       total 515584K, used 491323K [0x0000000085800000, 0x00000000a4f80000, 0x00000000d7300000)
  object space 515584K, 95% used [0x0000000085800000,0x00000000a37ced38,0x00000000a4f80000)
 Metaspace       used 8400K, capacity 8596K, committed 8704K, reserved 1056768K
  class space    used 869K, capacity 964K, committed 1024K, reserved 1048576K
Event: 364.381 GC heap after
Heap after GC invocations=545 (full 5):
 PSYoungGen      total 640512K, used 24288K [0x00000000d7300000, 0x00000000fff00000, 0x0000000100000000)
  eden space 614400K, 0% used [0x00000000d7300000,0x00000000d7300000,0x00000000fcb00000)
  from space 26112K, 93% used [0x00000000fe580000,0x00000000ffd38000,0x00000000fff00000)
  to   space 26624K, 0% used [0x00000000fcb00000,0x00000000fcb00000,0x00000000fe500000)
 ParOldGen       total 515584K, used 491939K [0x0000000085800000, 0x00000000a4f80000, 0x00000000d7300000)
  object space 515584K, 95% used [0x0000000085800000,0x00000000a3868d38,0x00000000a4f80000)
 Metaspace       used 8400K, capacity 8596K, committed 8704K, reserved 1056768K
  class space    used 869K, capacity 964K, committed 1024K, reserved 1048576K
}
Event: 367.487 GC heap before
{Heap before GC invocations=546 (full 5):
 PSYoungGen      total 640512K, used 638688K [0x00000000d7300000, 0x00000000fff00000, 0x0000000100000000)
  eden space 614400K, 100% used [0x00000000d7300000,0x00000000fcb00000,0x00000000fcb00000)
  from space 26112K, 93% used [0x00000000fe580000,0x00000000ffd38000,0x00000000fff00000)
  to   space 26624K, 0% used [0x00000000fcb00000,0x00000000fcb00000,0x00000000fe500000)
 ParOldGen       total 515584K, used 491939K [0x0000000085800000, 0x00000000a4f80000, 0x00000000d7300000)
  object space 515584K, 95% used [0x0000000085800000,0x00000000a3868d38,0x00000000a4f80000)
 Metaspace       used 8572K, capacity 8724K, committed 8960K, reserved 1056768K
  class space    used 887K, capacity 964K, committed 1024K, reserved 1048576K
Event: 367.510 GC heap after
Heap after GC invocations=546 (full 5):
 PSYoungGen      total 641024K, used 26609K [0x00000000d7300000, 0x0000000100000000, 0x0000000100000000)
  eden space 614400K, 0% used [0x00000000d7300000,0x00000000d7300000,0x00000000fcb00000)
  from space 26624K, 99% used [0x00000000fcb00000,0x00000000fe4fc430,0x00000000fe500000)
  to   space 27648K, 0% used [0x00000000fe500000,0x00000000fe500000,0x0000000100000000)
 ParOldGen       total 515584K, used 514509K [0x0000000085800000, 0x00000000a4f80000, 0x00000000d7300000)
  object space 515584K, 99% used [0x0000000085800000,0x00000000a4e73478,0x00000000a4f80000)
 Metaspace       used 8572K, capacity 8724K, committed 8960K, reserved 1056768K
  class space    used 887K, capacity 964K, committed 1024K, reserved 1048576K
}
Event: 367.510 GC heap before
{Heap before GC invocations=547 (full 6):
 PSYoungGen      total 641024K, used 26609K [0x00000000d7300000, 0x0000000100000000, 0x0000000100000000)
  eden space 614400K, 0% used [0x00000000d7300000,0x00000000d7300000,0x00000000fcb00000)
  from space 26624K, 99% used [0x00000000fcb00000,0x00000000fe4fc430,0x00000000fe500000)
  to   space 27648K, 0% used [0x00000000fe500000,0x00000000fe500000,0x0000000100000000)
 ParOldGen       total 515584K, used 514509K [0x0000000085800000, 0x00000000a4f80000, 0x00000000d7300000)
  object space 515584K, 99% used [0x0000000085800000,0x00000000a4e73478,0x00000000a4f80000)
 Metaspace       used 8572K, capacity 8724K, committed 8960K, reserved 1056768K
  class space    used 887K, capacity 964K, committed 1024K, reserved 1048576K

Deoptimization events (10 events):
Event: 365.110 Thread 0x00007f928000d800 Uncommon trap: reason=unstable_if action=reinterpret pc=0x00007f92710572e0 method=org.eclipse.jgit.revwalk.RevWalk$3.hasNext()Z @ 4
Event: 365.315 Thread 0x00007f928000d800 Uncommon trap: reason=range_check action=make_not_entrant pc=0x00007f9271165f54 method=sun.nio.fs.UnixDirectoryStream$UnixDirectoryIterator.isSelfOrParent([B)Z @ 2
Event: 365.323 Thread 0x00007f928000d800 Uncommon trap: reason=range_check action=make_not_entrant pc=0x00007f9271217dd0 method=sun.nio.fs.UnixDirectoryStream$UnixDirectoryIterator.isSelfOrParent([B)Z @ 2
Event: 365.386 Thread 0x00007f928000d800 Uncommon trap: reason=unstable_if action=reinterpret pc=0x00007f927143cb9c method=sun.nio.fs.UnixDirectoryStream$UnixDirectoryIterator.isSelfOrParent([B)Z @ 17
Event: 365.404 Thread 0x00007f928000d800 Uncommon trap: reason=range_check action=make_not_entrant pc=0x00007f927149329c method=sun.nio.fs.UnixDirectoryStream$UnixDirectoryIterator.isSelfOrParent([B)Z @ 2
Event: 365.518 Thread 0x00007f928000d800 Uncommon trap: reason=unstable_if action=reinterpret pc=0x00007f92712223bc method=sun.nio.fs.UnixDirectoryStream$UnixDirectoryIterator.isSelfOrParent([B)Z @ 17
Event: 365.518 Thread 0x00007f928000d800 Uncommon trap: reason=unstable_if action=reinterpret pc=0x00007f92710824d8 method=sun.nio.fs.UnixDirectoryStream$UnixDirectoryIterator.isSelfOrParent([B)Z @ 17
Event: 367.121 Thread 0x00007f928000d800 Uncommon trap: reason=null_check action=make_not_entrant pc=0x00007f92711f788c method=java.nio.file.FileTreeWalker.next()Ljava/nio/file/FileTreeWalker$Event; @ 7
Event: 367.121 Thread 0x00007f928000d800 Uncommon trap: reason=unstable_if action=reinterpret pc=0x00007f92711d2a24 method=java.nio.file.Files.walkFileTree(Ljava/nio/file/Path;Ljava/util/Set;ILjava/nio/file/FileVisitor;)Ljava/nio/file/Path; @ 263
Event: 367.125 Thread 0x00007f928000d800 Uncommon trap: reason=unstable_if action=reinterpret pc=0x00007f92712466f8 method=java.nio.file.FileTreeWalker.getAttributes(Ljava/nio/file/Path;Z)Ljava/nio/file/attribute/BasicFileAttributes; @ 1

Internal exceptions (10 events):
Event: 0.727 Thread 0x00007f928000d800 Exception <a 'java/io/FileNotFoundException'> (0x00000000d7ca1c50) thrown at [/build/java8-openjdk/src/jdk8u-jdk8u92-b14/hotspot/src/share/vm/prims/jni.cpp, line 709]
Event: 0.740 Thread 0x00007f928000d800 Exception <a 'java/lang/ArrayIndexOutOfBoundsException'> (0x00000000d7d8f450) thrown at [/build/java8-openjdk/src/jdk8u-jdk8u92-b14/hotspot/src/share/vm/runtime/sharedRuntime.cpp, line 605]
Event: 0.740 Thread 0x00007f928000d800 Exception <a 'java/lang/ArrayIndexOutOfBoundsException'> (0x00000000d7d92fa0) thrown at [/build/java8-openjdk/src/jdk8u-jdk8u92-b14/hotspot/src/share/vm/runtime/sharedRuntime.cpp, line 605]
Event: 0.745 Thread 0x00007f928000d800 Exception <a 'java/lang/ArrayIndexOutOfBoundsException': 128> (0x00000000d7dea2e0) thrown at [/build/java8-openjdk/src/jdk8u-jdk8u92-b14/hotspot/src/share/vm/interpreter/interpreterRuntime.cpp, line 366]
Event: 0.745 Thread 0x00007f928000d800 Exception <a 'java/lang/ArrayIndexOutOfBoundsException': 128> (0x00000000d7dea628) thrown at [/build/java8-openjdk/src/jdk8u-jdk8u92-b14/hotspot/src/share/vm/interpreter/interpreterRuntime.cpp, line 366]
Event: 1.241 Thread 0x00007f928000d800 Implicit null exception at 0x00007f9271244fc9 to 0x00007f92712493ed
Event: 365.039 Thread 0x00007f928000d800 Implicit null exception at 0x00007f9271431c63 to 0x00007f9271436711
Event: 365.043 Thread 0x00007f928000d800 Implicit null exception at 0x00007f92714f32b7 to 0x00007f92714f3541
Event: 365.110 Thread 0x00007f928000d800 Implicit null exception at 0x00007f9270f34710 to 0x00007f9270f34785
Event: 367.121 Thread 0x00007f928000d800 Implicit null exception at 0x00007f92711f46e0 to 0x00007f92711f787c

Events (10 events):
Event: 367.127 Thread 0x00007f92800db800 flushing nmethod 0x00007f92710c4810
Event: 367.142 Thread 0x00007f92800d4800 flushing nmethod 0x00007f92711c1c10
Event: 367.169 Thread 0x00007f92800d9800 flushing nmethod 0x00007f9271231610
Event: 367.169 Thread 0x00007f92800d9800 flushing nmethod 0x00007f9271267cd0
Event: 367.426 Thread 0x00007f928000d800 DEOPT PACKING pc=0x00007f92712ae3fc sp=0x00007f9286fbf580
Event: 367.426 Thread 0x00007f928000d800 DEOPT UNPACKING pc=0x00007f9270e3f373 sp=0x00007f9286fbf390 mode 0
Event: 367.436 Thread 0x00007f92800d9800 flushing nmethod 0x00007f9271415510
Event: 367.436 Thread 0x00007f92800d9800 flushing nmethod 0x00007f927141a510
Event: 367.436 Thread 0x00007f92800d9800 flushing nmethod 0x00007f927142c810
Event: 367.486 Executing VM operation: ParallelGCFailedAllocation


Dynamic libraries:
00400000-00401000 r-xp 00000000 08:02 3544864                            /usr/lib/jvm/java-8-openjdk/jre/bin/java
00600000-00601000 rw-p 00000000 08:02 3544864                            /usr/lib/jvm/java-8-openjdk/jre/bin/java
01279000-0129a000 rw-p 00000000 00:00 0                                  [heap]
85800000-a4f80000 rw-p 00000000 00:00 0 
b0d80000-d7300000 ---p 00000000 00:00 0 
d7300000-100000000 rw-p 00000000 00:00 0 
100000000-100100000 rw-p 00000000 00:00 0 
100100000-140000000 ---p 00000000 00:00 0 
7f9208000000-7f9208021000 rw-p 00000000 00:00 0 
7f9208021000-7f920c000000 ---p 00000000 00:00 0 
7f920feff000-7f920ff02000 ---p 00000000 00:00 0 
7f920ff02000-7f9210000000 rw-p 00000000 00:00 0 
7f9210000000-7f9210021000 rw-p 00000000 00:00 0 
7f9210021000-7f9214000000 ---p 00000000 00:00 0 
7f9214000000-7f9214021000 rw-p 00000000 00:00 0 
7f9214021000-7f9218000000 ---p 00000000 00:00 0 
7f9218000000-7f921879d000 rw-p 00000000 00:00 0 
7f921879d000-7f921c000000 ---p 00000000 00:00 0 
7f921c000000-7f921c021000 rw-p 00000000 00:00 0 
7f921c021000-7f9220000000 ---p 00000000 00:00 0 
7f9220000000-7f9220f0b000 rw-p 00000000 00:00 0 
7f9220f0b000-7f9224000000 ---p 00000000 00:00 0 
7f9224000000-7f9224d6b000 rw-p 00000000 00:00 0 
7f9224d6b000-7f9228000000 ---p 00000000 00:00 0 
7f9228000000-7f9228021000 rw-p 00000000 00:00 0 
7f9228021000-7f922c000000 ---p 00000000 00:00 0 
7f922c000000-7f922cd4f000 rw-p 00000000 00:00 0 
7f922cd4f000-7f9230000000 ---p 00000000 00:00 0 
7f9230000000-7f9230021000 rw-p 00000000 00:00 0 
7f9230021000-7f9234000000 ---p 00000000 00:00 0 
7f9234000000-7f9234021000 rw-p 00000000 00:00 0 
7f9234021000-7f9238000000 ---p 00000000 00:00 0 
7f9238000000-7f9238021000 rw-p 00000000 00:00 0 
7f9238021000-7f923c000000 ---p 00000000 00:00 0 
7f923c000000-7f923c021000 rw-p 00000000 00:00 0 
7f923c021000-7f9240000000 ---p 00000000 00:00 0 
7f9240000000-7f9240021000 rw-p 00000000 00:00 0 
7f9240021000-7f9244000000 ---p 00000000 00:00 0 
7f9244000000-7f9244021000 rw-p 00000000 00:00 0 
7f9244021000-7f9248000000 ---p 00000000 00:00 0 
7f9248000000-7f9248021000 rw-p 00000000 00:00 0 
7f9248021000-7f924c000000 ---p 00000000 00:00 0 
7f924c070000-7f924c073000 ---p 00000000 00:00 0 
7f924c073000-7f924c0a9000 rw-p 00000000 00:00 0 
7f924c0a9000-7f924c0bf000 r-xp 00000000 08:02 3542892                    /usr/lib/jvm/java-8-openjdk/jre/lib/amd64/libnet.so
7f924c0bf000-7f924c2bf000 ---p 00016000 08:02 3542892                    /usr/lib/jvm/java-8-openjdk/jre/lib/amd64/libnet.so
7f924c2bf000-7f924c2c0000 rw-p 00016000 08:02 3542892                    /usr/lib/jvm/java-8-openjdk/jre/lib/amd64/libnet.so
7f924c2c0000-7f9250000000 rw-p 00000000 00:00 0 
7f9250000000-7f9250021000 rw-p 00000000 00:00 0 
7f9250021000-7f9254000000 ---p 00000000 00:00 0 
7f9254000000-7f9254021000 rw-p 00000000 00:00 0 
7f9254021000-7f9258000000 ---p 00000000 00:00 0 
7f9258000000-7f9258021000 rw-p 00000000 00:00 0 
7f9258021000-7f925c000000 ---p 00000000 00:00 0 
7f925c000000-7f925c021000 rw-p 00000000 00:00 0 
7f925c021000-7f9260000000 ---p 00000000 00:00 0 
7f9260000000-7f9260021000 rw-p 00000000 00:00 0 
7f9260021000-7f9264000000 ---p 00000000 00:00 0 
7f9264000000-7f9264021000 rw-p 00000000 00:00 0 
7f9264021000-7f9268000000 ---p 00000000 00:00 0 
7f9268000000-7f9268021000 rw-p 00000000 00:00 0 
7f9268021000-7f926c000000 ---p 00000000 00:00 0 
7f926c031000-7f926c032000 r--s 00000000 08:02 5771480                    /home/roy/.gradle/caches/modules-2/files-2.1/javax.inject/javax.inject/1/6975da39a7040257bd51d21a231b76c915872d38/javax.inject-1.jar
7f926c032000-7f926c03c000 r--s 000a5000 08:02 5771478                    /home/roy/.gradle/caches/modules-2/files-2.1/org.javassist/javassist/3.18.1-GA/d9a09f7732226af26bf99f19e2cffe0ae219db5b/javassist-3.18.1-GA.jar
7f926c03c000-7f926c03e000 r--s 00002000 08:02 5771476                    /home/roy/.gradle/caches/modules-2/files-2.1/org.glassfish.hk2.external/aopalliance-repackaged/2.4.0-b06/c202aed303326c185e27fb21d9aed29128087b7e/aopalliance-repackaged-2.4.0-b06.jar
7f926c03e000-7f926c041000 r--s 00013000 08:02 5771382                    /home/roy/.gradle/caches/modules-2/files-2.1/org.glassfish.hk2/hk2-utils/2.4.0-b06/beeb25c0c92e8cfaa073733485a5927b60df7deb/hk2-utils-2.4.0-b06.jar
7f926c041000-7f926c042000 r--s 00004000 08:02 5771379                    /home/roy/.gradle/caches/modules-2/files-2.1/org.glassfish.hk2/osgi-resource-locator/1.0.1/4ed2b2d4738aed5786cfa64cba5a332779c4c708/osgi-resource-locator-1.0.1.jar
7f926c042000-7f926c059000 r--s 000d4000 08:02 5771130                    /home/roy/.gradle/caches/modules-2/files-2.1/org.glassfish.jersey.bundles.repackaged/jersey-guava/2.14/3db892b8877903bf590ef053e8c97fe2f35acd76/jersey-guava-2.14.jar
7f926c059000-7f926c05b000 r--s 00005000 08:02 5771128                    /home/roy/.gradle/caches/modules-2/files-2.1/javax.annotation/javax.annotation-api/1.2/479c1e06db31c432330183f5cae684163f186146/javax.annotation-api-1.2.jar
7f926c05b000-7f926c05d000 r--s 0000e000 08:02 5771561                    /home/roy/.gradle/caches/modules-2/files-2.1/commons-logging/commons-logging/1.1.3/f6f66e966c70a83ffbdb6f17a0919eaf7c8aca7f/commons-logging-1.1.3.jar
7f926c05d000-7f926c064000 r--s 0003f000 08:02 5771559                    /home/roy/.gradle/caches/modules-2/files-2.1/org.apache.httpcomponents/httpcore/4.3.3/f91b7a4aadc5cf486df6e4634748d7dd7a73f06d/httpcore-4.3.3.jar
7f926c064000-7f926c065000 r--s 00003000 08:02 7077993                    /home/roy/.gradle/caches/modules-2/files-2.1/org.jenkins-ci/annotation-indexer/1.4/5334460451b47f4f0d542aaf395839071db6b63/annotation-indexer-1.4.jar
7f926c065000-7f926c069000 r--s 0002c000 08:02 7077959                    /home/roy/.gradle/caches/modules-2/files-2.1/com.fasterxml.jackson.core/jackson-core/2.2.3/1a0113da2cab5f4c216b4e5e7c1dbfaa67087e14/jackson-core-2.2.3.jar
7f926c069000-7f926c06c000 r--s 00006000 08:02 7077957                    /home/roy/.gradle/caches/modules-2/files-2.1/com.fasterxml.jackson.core/jackson-annotations/2.2.3/527fece4f23a457070a36c371a26d6c0208e1c3/jackson-annotations-2.2.3.jar
7f926c06c000-7f926c06f000 r--s 00027000 08:02 5771126                    /home/roy/.gradle/caches/modules-2/files-2.1/org.glassfish.hk2/hk2-locator/2.4.0-b06/7d7ac29839ae720cb32efb3c69636011323e1dc7/hk2-locator-2.4.0-b06.jar
7f926c06f000-7f926c070000 r--s 00001000 08:02 5770497                    /home/roy/.gradle/caches/modules-2/files-2.1/org.glassfish.hk2.external/javax.inject/2.4.0-b06/bae639241d8afaf869cd60319021683b95819427/javax.inject-2.4.0-b06.jar
7f926c070000-7f926c075000 r--s 00026000 08:02 5770486                    /home/roy/.gradle/caches/modules-2/files-2.1/org.glassfish.hk2/hk2-api/2.4.0-b06/1ce898afcbd1cb37d94d30459f8b4d25c909c450/hk2-api-2.4.0-b06.jar
7f926c075000-7f926c079000 r--s 00019000 08:02 5770479                    /home/roy/.gradle/caches/modules-2/files-2.1/javax.ws.rs/javax.ws.rs-api/2.0.1/104e9c2b5583cfcfeac0402316221648d6d8ea6b/javax.ws.rs-api-2.0.1.jar
7f926c079000-7f926c087000 r--s 000a3000 08:02 5770476                    /home/roy/.gradle/caches/modules-2/files-2.1/org.glassfish.jersey.core/jersey-common/2.14/6aaf2126dfef0bd04550c69edca32f9e7044afee/jersey-common-2.14.jar
7f926c087000-7f926c095000 r--s 000b1000 08:02 5770471                    /home/roy/.gradle/caches/modules-2/files-2.1/org.codehaus.jackson/jackson-mapper-asl/1.9.13/1ee2f2bed0e5dd29d1cb155a166e6f8d50bbddb7/jackson-mapper-asl-1.9.13.jar
7f926c095000-7f926c099000 r--s 00035000 08:02 5770452                    /home/roy/.gradle/caches/modules-2/files-2.1/org.codehaus.jackson/jackson-core-asl/1.9.13/3c304d70f42f832e0a86d45bd437f692129299a4/jackson-core-asl-1.9.13.jar
7f926c099000-7f926c0a5000 r--s 00085000 08:02 5771555                    /home/roy/.gradle/caches/modules-2/files-2.1/org.apache.httpcomponents/httpclient/4.3.6/4c47155e3e6c9a41a28db36680b828ced53b8af4/httpclient-4.3.6.jar
7f926c0a5000-7f926c0a8000 r--s 0001c000 08:02 5771553                    /home/roy/.gradle/caches/modules-2/files-2.1/com.googlecode.javaewah/JavaEWAH/0.7.9/eceaf316a8faf0e794296ebe158ae110c7d72a5a/JavaEWAH-0.7.9.jar
7f926c0a8000-7f926c0ad000 r--s 00040000 08:02 5771551                    /home/roy/.gradle/caches/modules-2/files-2.1/com.jcraft/jsch/0.1.53/658b682d5c817b27ae795637dfec047c63d29935/jsch-0.1.53.jar
7f926c0ad000-7f926c0ae000 r--s 00000000 08:02 7077955                    /home/roy/.gradle/caches/modules-2/files-2.1/com.infradna.tool/bridge-method-annotation/1.14/e65d67120c0c28425ca606c57aef19786717a28/bridge-method-annotation-1.14.jar
7f926c0ae000-7f926c0b1000 r--s 00018000 08:02 7077953                    /home/roy/.gradle/caches/modules-2/files-2.1/commons-io/commons-io/1.4/a8762d07e76cfde2395257a5da47ba7c1dbd3dce/commons-io-1.4.jar
7f926c0b1000-7f926c0c2000 r--s 000c3000 08:02 7077951                    /home/roy/.gradle/caches/modules-2/files-2.1/com.fasterxml.jackson.core/jackson-databind/2.2.3/3ae380888029daefb91d3ecdca3a37d8cb92bc9/jackson-databind-2.2.3.jar
7f926c0c2000-7f926c0c9000 r--s 00039000 08:02 7077949                    /home/roy/.gradle/caches/modules-2/files-2.1/commons-codec/commons-codec/1.7/9cd61d269c88f9fb0eb36cea1efcd596ab74772f/commons-codec-1.7.jar
7f926c0c9000-7f926c0ce000 r--s 00041000 08:02 6947579                    /home/roy/.gradle/caches/modules-2/files-2.1/commons-lang/commons-lang/2.6/ce1edb914c94ebc388f086c6827e8bdeec71ac2/commons-lang-2.6.jar
7f926c0ce000-7f926c0d2000 r--s 00022000 08:02 5770449                    /home/roy/.gradle/caches/modules-2/files-2.1/org.glassfish.jersey.core/jersey-client/2.14/a4c7d90e64d791f7d392e049ecc4fb01e23b97e6/jersey-client-2.14.jar
7f926c0d2000-7f926c0d4000 r--s 00009000 08:02 5771598                    /home/roy/.gradle/caches/modules-2/files-2.1/org.slf4j/slf4j-api/1.7.21/139535a69a4239db087de9bab0bee568bf8e0b70/slf4j-api-1.7.21.jar
7f926c0d4000-7f926c0d6000 r--s 0000f000 08:02 5640196                    /home/roy/.gradle/caches/modules-2/files-2.1/com.squareup.okio/okio/1.6.0/98476622f10715998eacf9240d6b479f12c66143/okio-1.6.0.jar
7f926c0d6000-7f926c0e7000 r-xp 00000000 08:02 3544845                    /usr/lib/jvm/java-8-openjdk/jre/lib/amd64/libnio.so
7f926c0e7000-7f926c2e6000 ---p 00011000 08:02 3544845                    /usr/lib/jvm/java-8-openjdk/jre/lib/amd64/libnio.so
7f926c2e6000-7f926c2e7000 rw-p 00010000 08:02 3544845                    /usr/lib/jvm/java-8-openjdk/jre/lib/amd64/libnio.so
7f926c2e7000-7f926c2ea000 r--s 00015000 08:02 3540878                    /usr/lib/jvm/java-8-openjdk/jre/lib/jce.jar
7f926c2ea000-7f926c2ee000 r--s 00097000 08:02 3540887                    /usr/lib/jvm/java-8-openjdk/jre/lib/jsse.jar
7f926c2ee000-7f926c311000 r--s 0021b000 08:02 5636539                    /home/roy/.gradle/caches/modules-2/files-2.1/org.eclipse.jgit/org.eclipse.jgit/4.3.0.201604071810-r/e3c57967fb8df5172d62bb4bbbd355554db4c65d/org.eclipse.jgit-4.3.0.201604071810-r.jar
7f926c311000-7f926c317000 r--s 00035000 08:02 6947577                    /home/roy/.gradle/caches/modules-2/files-2.1/org.kohsuke/github-api/1.73/d8b96b04cda480ed169a3da3d233854359a65dda/github-api-1.73.jar
7f926c317000-7f926c321000 r--s 00079000 08:02 5902948                    /home/roy/.gradle/caches/modules-2/files-2.1/org.apache.bcel/bcel/5.2/96b2cefeb067c08c31225d48e2a689f814baae25/bcel-5.2.jar
7f926c321000-7f926c326000 r--s 0004c000 08:02 5640190                    /home/roy/.gradle/caches/modules-2/files-2.1/com.squareup.okhttp/okhttp/2.7.5/7a15a7db50f86c4b64aa3367424a60e3a325b8f1/okhttp-2.7.5.jar
7f926c326000-7f926c337000 r--s 00089000 08:02 5640188                    /home/roy/.gradle/caches/modules-2/files-2.1/joda-time/joda-time/2.9.3/9e46be514a4ed60bcfbaaba88a3c668cf30476ab/joda-time-2.9.3.jar
7f926c337000-7f926c3cd000 r--s 008d5000 08:02 3543663                    /usr/lib/jvm/java-8-openjdk/jre/lib/ext/jfxrt.jar
7f926c3cd000-7f926c3ce000 ---p 00000000 00:00 0 
7f926c3ce000-7f926c4ce000 rw-p 00000000 00:00 0 
7f926c4ce000-7f926c4d1000 ---p 00000000 00:00 0 
7f926c4d1000-7f926c5cf000 rw-p 00000000 00:00 0 
7f926c5cf000-7f926c5d2000 ---p 00000000 00:00 0 
7f926c5d2000-7f926c6d0000 rw-p 00000000 00:00 0 
7f926c6d0000-7f926c6d3000 ---p 00000000 00:00 0 
7f926c6d3000-7f926c7d1000 rw-p 00000000 00:00 0 
7f926c7d1000-7f926c7d4000 ---p 00000000 00:00 0 
7f926c7d4000-7f926c8d2000 rw-p 00000000 00:00 0 
7f926c8d2000-7f926c8d5000 ---p 00000000 00:00 0 
7f926c8d5000-7f926c9d3000 rw-p 00000000 00:00 0 
7f926c9d3000-7f926c9d6000 ---p 00000000 00:00 0 
7f926c9d6000-7f926cad4000 rw-p 00000000 00:00 0 
7f926cad4000-7f926cad7000 ---p 00000000 00:00 0 
7f926cad7000-7f926cbd5000 rw-p 00000000 00:00 0 
7f926cbd5000-7f926cbd8000 ---p 00000000 00:00 0 
7f926cbd8000-7f926ccd6000 rw-p 00000000 00:00 0 
7f926ccd6000-7f926ccda000 r-xp 00000000 08:02 3542896                    /usr/lib/jvm/java-8-openjdk/jre/lib/amd64/libdt_socket.so
7f926ccda000-7f926ced9000 ---p 00004000 08:02 3542896                    /usr/lib/jvm/java-8-openjdk/jre/lib/amd64/libdt_socket.so
7f926ced9000-7f926ceda000 rw-p 00003000 08:02 3542896                    /usr/lib/jvm/java-8-openjdk/jre/lib/amd64/libdt_socket.so
7f926ceda000-7f926cedd000 ---p 00000000 00:00 0 
7f926cedd000-7f926cfdb000 rw-p 00000000 00:00 0 
7f926cfdb000-7f926cfde000 ---p 00000000 00:00 0 
7f926cfde000-7f926d0dc000 rw-p 00000000 00:00 0 
7f926d0dc000-7f926d0df000 ---p 00000000 00:00 0 
7f926d0df000-7f926d1dd000 rw-p 00000000 00:00 0 
7f926d1dd000-7f926d1de000 ---p 00000000 00:00 0 
7f926d1de000-7f926ef2d000 rw-p 00000000 00:00 0 
7f926ef2d000-7f926f0fa000 r--s 03bec000 08:02 3540889                    /usr/lib/jvm/java-8-openjdk/jre/lib/rt.jar
7f926f0fa000-7f926f8ba000 rw-p 00000000 00:00 0 
7f926f8ba000-7f926f8fa000 ---p 00000000 00:00 0 
7f926f8fa000-7f926fcce000 rw-p 00000000 00:00 0 
7f926fcce000-7f926fccf000 ---p 00000000 00:00 0 
7f926fccf000-7f926fdcf000 rw-p 00000000 00:00 0 
7f926fdcf000-7f926fdd0000 ---p 00000000 00:00 0 
7f926fdd0000-7f926fed0000 rw-p 00000000 00:00 0 
7f926fed0000-7f926fed1000 ---p 00000000 00:00 0 
7f926fed1000-7f926ffd1000 rw-p 00000000 00:00 0 
7f926ffd1000-7f926ffd2000 ---p 00000000 00:00 0 
7f926ffd2000-7f92700d2000 rw-p 00000000 00:00 0 
7f92700d2000-7f92700d3000 ---p 00000000 00:00 0 
7f92700d3000-7f92701d3000 rw-p 00000000 00:00 0 
7f92701d3000-7f92701d4000 ---p 00000000 00:00 0 
7f92701d4000-7f92702d4000 rw-p 00000000 00:00 0 
7f92702d4000-7f92702d5000 ---p 00000000 00:00 0 
7f92702d5000-7f92704d1000 rw-p 00000000 00:00 0 
7f92704d1000-7f9270663000 ---p 00000000 00:00 0 
7f9270663000-7f927075f000 rw-p 00000000 00:00 0 
7f927075f000-7f92708f0000 ---p 00000000 00:00 0 
7f92708f0000-7f9270a37000 rw-p 00000000 00:00 0 
7f9270a37000-7f9270a56000 rw-p 00000000 00:00 0 
7f9270a56000-7f9270df8000 ---p 00000000 00:00 0 
7f9270df8000-7f9271548000 rwxp 00000000 00:00 0 
7f9271548000-7f927fdf8000 ---p 00000000 00:00 0 
7f927fdf8000-7f927fe00000 r-xp 00000000 08:02 3542890                    /usr/lib/jvm/java-8-openjdk/jre/lib/amd64/libzip.so
7f927fe00000-7f927ffff000 ---p 00008000 08:02 3542890                    /usr/lib/jvm/java-8-openjdk/jre/lib/amd64/libzip.so
7f927ffff000-7f9280000000 rw-p 00007000 08:02 3542890                    /usr/lib/jvm/java-8-openjdk/jre/lib/amd64/libzip.so
7f9280000000-7f928215d000 rw-p 00000000 00:00 0 
7f928215d000-7f9284000000 ---p 00000000 00:00 0 
7f9284000000-7f9284003000 r--s 00010000 08:02 5640194                    /home/roy/.gradle/caches/modules-2/files-2.1/com.messners/gitlab-api/2.0.4/4f036c0bfded8511a11c92fa837274c596034603/gitlab-api-2.0.4.jar
7f9284003000-7f9284079000 rw-p 00000000 00:00 0 
7f9284079000-7f928407a000 ---p 00000000 00:00 0 
7f928407a000-7f928417a000 rw-p 00000000 00:00 0 
7f928417a000-7f9284185000 r-xp 00000000 08:02 2624700                    /usr/lib/libnss_files-2.23.so
7f9284185000-7f9284384000 ---p 0000b000 08:02 2624700                    /usr/lib/libnss_files-2.23.so
7f9284384000-7f9284385000 r--p 0000a000 08:02 2624700                    /usr/lib/libnss_files-2.23.so
7f9284385000-7f9284386000 rw-p 0000b000 08:02 2624700                    /usr/lib/libnss_files-2.23.so
7f9284386000-7f928438c000 rw-p 00000000 00:00 0 
7f928438c000-7f9284524000 r--p 00000000 08:02 2642997                    /usr/lib/locale/locale-archive
7f9284524000-7f9284526000 r-xp 00000000 08:02 3542872                    /usr/lib/jvm/java-8-openjdk/jre/lib/amd64/libnpt.so
7f9284526000-7f9284726000 ---p 00002000 08:02 3542872                    /usr/lib/jvm/java-8-openjdk/jre/lib/amd64/libnpt.so
7f9284726000-7f9284727000 rw-p 00002000 08:02 3542872                    /usr/lib/jvm/java-8-openjdk/jre/lib/amd64/libnpt.so
7f9284727000-7f9284761000 r-xp 00000000 08:02 3542899                    /usr/lib/jvm/java-8-openjdk/jre/lib/amd64/libjdwp.so
7f9284761000-7f9284960000 ---p 0003a000 08:02 3542899                    /usr/lib/jvm/java-8-openjdk/jre/lib/amd64/libjdwp.so
7f9284960000-7f9284961000 rw-p 00039000 08:02 3542899                    /usr/lib/jvm/java-8-openjdk/jre/lib/amd64/libjdwp.so
7f9284961000-7f9284962000 rw-p 00000000 00:00 0 
7f9284962000-7f928498e000 r-xp 00000000 08:02 3542888                    /usr/lib/jvm/java-8-openjdk/jre/lib/amd64/libjava.so
7f928498e000-7f9284b8e000 ---p 0002c000 08:02 3542888                    /usr/lib/jvm/java-8-openjdk/jre/lib/amd64/libjava.so
7f9284b8e000-7f9284b90000 rw-p 0002c000 08:02 3542888                    /usr/lib/jvm/java-8-openjdk/jre/lib/amd64/libjava.so
7f9284b90000-7f9284b9d000 r-xp 00000000 08:02 3542873                    /usr/lib/jvm/java-8-openjdk/jre/lib/amd64/libverify.so
7f9284b9d000-7f9284d9c000 ---p 0000d000 08:02 3542873                    /usr/lib/jvm/java-8-openjdk/jre/lib/amd64/libverify.so
7f9284d9c000-7f9284d9e000 rw-p 0000c000 08:02 3542873                    /usr/lib/jvm/java-8-openjdk/jre/lib/amd64/libverify.so
7f9284d9e000-7f9284da5000 r-xp 00000000 08:02 2624708                    /usr/lib/librt-2.23.so
7f9284da5000-7f9284fa4000 ---p 00007000 08:02 2624708                    /usr/lib/librt-2.23.so
7f9284fa4000-7f9284fa5000 r--p 00006000 08:02 2624708                    /usr/lib/librt-2.23.so
7f9284fa5000-7f9284fa6000 rw-p 00007000 08:02 2624708                    /usr/lib/librt-2.23.so
7f9284fa6000-7f92850a9000 r-xp 00000000 08:02 2624705                    /usr/lib/libm-2.23.so
7f92850a9000-7f92852a9000 ---p 00103000 08:02 2624705                    /usr/lib/libm-2.23.so
7f92852a9000-7f92852aa000 r--p 00103000 08:02 2624705                    /usr/lib/libm-2.23.so
7f92852aa000-7f92852ab000 rw-p 00104000 08:02 2624705                    /usr/lib/libm-2.23.so
7f92852ab000-7f9285f00000 r-xp 00000000 08:02 3544855                    /usr/lib/jvm/java-8-openjdk/jre/lib/amd64/server/libjvm.so
7f9285f00000-7f9286100000 ---p 00c55000 08:02 3544855                    /usr/lib/jvm/java-8-openjdk/jre/lib/amd64/server/libjvm.so
7f9286100000-7f92861bc000 rw-p 00c55000 08:02 3544855                    /usr/lib/jvm/java-8-openjdk/jre/lib/amd64/server/libjvm.so
7f92861bc000-7f92861ec000 rw-p 00000000 00:00 0 
7f92861ec000-7f9286384000 r-xp 00000000 08:02 2624647                    /usr/lib/libc-2.23.so
7f9286384000-7f9286583000 ---p 00198000 08:02 2624647                    /usr/lib/libc-2.23.so
7f9286583000-7f9286587000 r--p 00197000 08:02 2624647                    /usr/lib/libc-2.23.so
7f9286587000-7f9286589000 rw-p 0019b000 08:02 2624647                    /usr/lib/libc-2.23.so
7f9286589000-7f928658d000 rw-p 00000000 00:00 0 
7f928658d000-7f928658f000 r-xp 00000000 08:02 2624704                    /usr/lib/libdl-2.23.so
7f928658f000-7f928678f000 ---p 00002000 08:02 2624704                    /usr/lib/libdl-2.23.so
7f928678f000-7f9286790000 r--p 00002000 08:02 2624704                    /usr/lib/libdl-2.23.so
7f9286790000-7f9286791000 rw-p 00003000 08:02 2624704                    /usr/lib/libdl-2.23.so
7f9286791000-7f928679e000 r-xp 00000000 08:02 3544852                    /usr/lib/jvm/java-8-openjdk/jre/lib/amd64/jli/libjli.so
7f928679e000-7f928699d000 ---p 0000d000 08:02 3544852                    /usr/lib/jvm/java-8-openjdk/jre/lib/amd64/jli/libjli.so
7f928699d000-7f928699e000 rw-p 0000c000 08:02 3544852                    /usr/lib/jvm/java-8-openjdk/jre/lib/amd64/jli/libjli.so
7f928699e000-7f92869b3000 r-xp 00000000 08:02 2631837                    /usr/lib/libz.so.1.2.8
7f92869b3000-7f9286bb2000 ---p 00015000 08:02 2631837                    /usr/lib/libz.so.1.2.8
7f9286bb2000-7f9286bb3000 r--p 00014000 08:02 2631837                    /usr/lib/libz.so.1.2.8
7f9286bb3000-7f9286bb4000 rw-p 00015000 08:02 2631837                    /usr/lib/libz.so.1.2.8
7f9286bb4000-7f9286bcc000 r-xp 00000000 08:02 2624628                    /usr/lib/libpthread-2.23.so
7f9286bcc000-7f9286dcb000 ---p 00018000 08:02 2624628                    /usr/lib/libpthread-2.23.so
7f9286dcb000-7f9286dcc000 r--p 00017000 08:02 2624628                    /usr/lib/libpthread-2.23.so
7f9286dcc000-7f9286dcd000 rw-p 00018000 08:02 2624628                    /usr/lib/libpthread-2.23.so
7f9286dcd000-7f9286dd1000 rw-p 00000000 00:00 0 
7f9286dd1000-7f9286df4000 r-xp 00000000 08:02 2624646                    /usr/lib/ld-2.23.so
7f9286df4000-7f9286df5000 r--s 00004000 08:02 5770446                    /home/roy/.gradle/caches/modules-2/files-2.1/org.codehaus.jackson/jackson-jaxrs/1.9.13/534d72d2b9d6199dd531dfb27083dd4844082bba/jackson-jaxrs-1.9.13.jar
7f9286df5000-7f9286ec0000 rw-p 00000000 00:00 0 
7f9286ec0000-7f9286ec3000 ---p 00000000 00:00 0 
7f9286ec3000-7f9286fc5000 rw-p 00000000 00:00 0 
7f9286fc5000-7f9286fc6000 r--s 00006000 08:02 5902950                    /home/roy/.gradle/caches/modules-2/files-2.1/jakarta-regexp/jakarta-regexp/1.4/ea514a179ac1dd7e81c7e6594468b9b9910d298/jakarta-regexp-1.4.jar
7f9286fc6000-7f9286fc7000 r--s 00000000 08:02 5902267                    /home/roy/.gradle/caches/modules-2/files-2.1/org.slf4j/slf4j-nop/1.7.21/8df71c65bfb1ca244d5fa174791b393762d0a5ed/slf4j-nop-1.7.21.jar
7f9286fc7000-7f9286fc8000 r--s 00004000 08:02 5640192                    /home/roy/.gradle/caches/modules-2/files-2.1/com.squareup.okhttp/okhttp-urlconnection/2.7.5/b3ae78e05ff9fdb1788db2056b583281ef684277/okhttp-urlconnection-2.7.5.jar
7f9286fc8000-7f9286fe9000 rw-p 00000000 00:00 0 
7f9286fe9000-7f9286ff1000 rw-s 00000000 00:25 321255                     /tmp/hsperfdata_roy/24310
7f9286ff1000-7f9286ff2000 rw-p 00000000 00:00 0 
7f9286ff2000-7f9286ff3000 ---p 00000000 00:00 0 
7f9286ff3000-7f9286ff4000 rw-p 00000000 00:00 0 
7f9286ff4000-7f9286ff5000 r--p 00023000 08:02 2624646                    /usr/lib/ld-2.23.so
7f9286ff5000-7f9286ff6000 rw-p 00024000 08:02 2624646                    /usr/lib/ld-2.23.so
7f9286ff6000-7f9286ff7000 rw-p 00000000 00:00 0 
7ffde401d000-7ffde403f000 rw-p 00000000 00:00 0                          [stack]
7ffde40e8000-7ffde40eb000 r--p 00000000 00:00 0                          [vvar]
7ffde40eb000-7ffde40ed000 r-xp 00000000 00:00 0                          [vdso]
ffffffffff600000-ffffffffff601000 r-xp 00000000 00:00 0                  [vsyscall]

VM Arguments:
jvm_args: -agentlib:jdwp=transport=dt_socket,server=n,suspend=y,address=36894 -Dfile.encoding=UTF-8 -Duser.country=US -Duser.language=en -Duser.variant 
java_command: report/ReportWriter
java_class_path (initial): /home/roy/Workspace/MT/mt/build/classes/main:/home/roy/Workspace/MT/mt/build/resources/main:/home/roy/.gradle/caches/modules-2/files-2.1/joda-time/joda-time/2.9.3/9e46be514a4ed60bcfbaaba88a3c668cf30476ab/joda-time-2.9.3.jar:/home/roy/.gradle/caches/modules-2/files-2.1/com.squareup.okhttp/okhttp/2.7.5/7a15a7db50f86c4b64aa3367424a60e3a325b8f1/okhttp-2.7.5.jar:/home/roy/.gradle/caches/modules-2/files-2.1/com.squareup.okhttp/okhttp-urlconnection/2.7.5/b3ae78e05ff9fdb1788db2056b583281ef684277/okhttp-urlconnection-2.7.5.jar:/home/roy/.gradle/caches/modules-2/files-2.1/org.slf4j/slf4j-nop/1.7.21/8df71c65bfb1ca244d5fa174791b393762d0a5ed/slf4j-nop-1.7.21.jar:/home/roy/.gradle/caches/modules-2/files-2.1/org.apache.bcel/bcel/5.2/96b2cefeb067c08c31225d48e2a689f814baae25/bcel-5.2.jar:/home/roy/.gradle/caches/modules-2/files-2.1/com.messners/gitlab-api/2.0.4/4f036c0bfded8511a11c92fa837274c596034603/gitlab-api-2.0.4.jar:/home/roy/.gradle/caches/modules-2/files-2.1/org.kohsuke/github-api/1.73/d8b96b04cda480ed169a3da3d233854359a65dda/github-api-1.73.jar:/home/roy/.gradle/caches/modules-2/files-2.1/org.eclipse.jgit/org.eclipse.jgit/4.3.0.201604071810-r/e3c57967fb8df5172d62bb4bbbd355554db4c65d/org.eclipse.jgit-4.3.0.201604071810-r.jar:/home/roy/.gradle/caches/modules-2/files-2.1/com.squareup.okio/okio/1.6.0/98476622f10715998eacf9240d6b479f12c66143/okio-1.6.0.jar:/home/roy/.gradle/caches/modules-2/files-2.1/org.slf4j/slf4j-api/1.7.21/139535a69a4239db087de9bab0bee568bf8e0b70/slf4j-api-1.7.21.jar:/home/roy/.gradle/caches/modules-2/files-2.1/jakarta-regexp/jakarta-regexp/1.4/ea514a179ac1dd7e81c7e6594468b9b9910d298/jakarta-regexp-1.4.jar:/home/roy/.gradle/caches/modules-2/files-2.1/org.codehaus.jackson/jackson-jaxrs/1.9.13/534d72d2b9d6199dd531dfb27083dd4844082bba/jackson-jaxrs-1.9.13.jar:/home/roy/.gradle/caches/modules-2/files-2.1/org.glassfish.jersey.core/jersey-client/2.14/a4c7d90e64d791f7d392e049ecc4fb01e23b97e6/jersey-client-2.14.jar:/home/roy/.gradle/cach
Launcher Type: SUN_STANDARD

Environment Variables:
PATH=/usr/local/sbin:/usr/local/bin:/usr/bin:/opt/android-sdk/platform-tools:/opt/android-sdk/tools:/usr/lib/jvm/default/bin:/usr/bin/site_perl:/usr/bin/vendor_perl:/usr/bin/core_perl
LD_LIBRARY_PATH=/usr/share/intellij-idea-ultimate-edition/bin:
SHELL=/bin/bash
DISPLAY=:0

Signal Handlers:
SIGSEGV: [libjvm.so+0xa5a220], sa_mask[0]=11111111011111111101111111111110, sa_flags=SA_RESTART|SA_SIGINFO
SIGBUS: [libjvm.so+0xa5a220], sa_mask[0]=11111111011111111101111111111110, sa_flags=SA_RESTART|SA_SIGINFO
SIGFPE: [libjvm.so+0x8a5a90], sa_mask[0]=11111111011111111101111111111110, sa_flags=SA_RESTART|SA_SIGINFO
SIGPIPE: [libjvm.so+0x8a5a90], sa_mask[0]=11111111011111111101111111111110, sa_flags=SA_RESTART|SA_SIGINFO
SIGXFSZ: [libjvm.so+0x8a5a90], sa_mask[0]=11111111011111111101111111111110, sa_flags=SA_RESTART|SA_SIGINFO
SIGILL: [libjvm.so+0x8a5a90], sa_mask[0]=11111111011111111101111111111110, sa_flags=SA_RESTART|SA_SIGINFO
SIGUSR1: SIG_DFL, sa_mask[0]=00000000000000000000000000000000, sa_flags=none
SIGUSR2: [libjvm.so+0x8a5940], sa_mask[0]=00100000000000000000000000000000, sa_flags=SA_RESTART|SA_SIGINFO
SIGHUP: [libjvm.so+0x8a5e10], sa_mask[0]=11111111011111111101111111111110, sa_flags=SA_RESTART|SA_SIGINFO
SIGINT: [libjvm.so+0x8a5e10], sa_mask[0]=11111111011111111101111111111110, sa_flags=SA_RESTART|SA_SIGINFO
SIGTERM: [libjvm.so+0x8a5e10], sa_mask[0]=11111111011111111101111111111110, sa_flags=SA_RESTART|SA_SIGINFO
SIGQUIT: [libjvm.so+0x8a5e10], sa_mask[0]=11111111011111111101111111111110, sa_flags=SA_RESTART|SA_SIGINFO


---------------  S Y S T E M  ---------------

OS:NAME="Arch Linux"
ID=arch
PRETTY_NAME="Arch Linux"
ANSI_COLOR="0;36"
HOME_URL="https://www.archlinux.org/"
SUPPORT_URL="https://bbs.archlinux.org/"
BUG_REPORT_URL="https://bugs.archlinux.org/"


uname:Linux 4.5.1-1-ARCH #1 SMP PREEMPT Thu Apr 14 19:19:32 CEST 2016 x86_64
libc:glibc 2.23 NPTL 2.23 
rlimit: STACK 8192k, CORE infinity, NPROC 30411, NOFILE 4096, AS infinity
load average:1.08 0.93 0.53

/proc/meminfo:
MemTotal:        8023084 kB
MemFree:           48344 kB
MemAvailable:     147488 kB
Buffers:           94200 kB
Cached:           177920 kB
SwapCached:            0 kB
Active:          7454740 kB
Inactive:         185672 kB
Active(anon):    7371696 kB
Inactive(anon):   134400 kB
Active(file):      83044 kB
Inactive(file):    51272 kB
Unevictable:         236 kB
Mlocked:             236 kB
SwapTotal:             0 kB
SwapFree:              0 kB
Dirty:                 0 kB
Writeback:             0 kB
AnonPages:       7369168 kB
Mapped:           218608 kB
Shmem:            137048 kB
Slab:              93508 kB
SReclaimable:      44600 kB
SUnreclaim:        48908 kB
KernelStack:       15776 kB
PageTables:        64436 kB
NFS_Unstable:          0 kB
Bounce:                0 kB
WritebackTmp:          0 kB
CommitLimit:     4011540 kB
Committed_AS:   14954568 kB
VmallocTotal:   34359738367 kB
VmallocUsed:           0 kB
VmallocChunk:          0 kB
HardwareCorrupted:     0 kB
AnonHugePages:   3389440 kB
HugePages_Total:       0
HugePages_Free:        0
HugePages_Rsvd:        0
HugePages_Surp:        0
Hugepagesize:       2048 kB
DirectMap4k:      256968 kB
DirectMap2M:     7974912 kB
DirectMap1G:           0 kB


CPU:total 8 (4 cores per cpu, 2 threads per core) family 6 model 60 stepping 3, cmov, cx8, fxsr, mmx, sse, sse2, sse3, ssse3, sse4.1, sse4.2, popcnt, avx, avx2, aes, clmul, erms, lzcnt, ht, tsc, tscinvbit, bmi1, bmi2

/proc/cpuinfo:
processor	: 0
vendor_id	: GenuineIntel
cpu family	: 6
model		: 60
model name	: Intel(R) Core(TM) i7-4790K CPU @ 4.00GHz
stepping	: 3
microcode	: 0x1e
cpu MHz		: 4400.000
cache size	: 8192 KB
physical id	: 0
siblings	: 8
core id		: 0
cpu cores	: 4
apicid		: 0
initial apicid	: 0
fpu		: yes
fpu_exception	: yes
cpuid level	: 13
wp		: yes
flags		: fpu vme de pse tsc msr pae mce cx8 apic sep mtrr pge mca cmov pat pse36 clflush dts acpi mmx fxsr sse sse2 ss ht tm pbe syscall nx pdpe1gb rdtscp lm constant_tsc arch_perfmon pebs bts rep_good nopl xtopology nonstop_tsc aperfmperf eagerfpu pni pclmulqdq dtes64 monitor ds_cpl vmx est tm2 ssse3 sdbg fma cx16 xtpr pdcm pcid sse4_1 sse4_2 x2apic movbe popcnt tsc_deadline_timer aes xsave avx f16c rdrand lahf_lm abm tpr_shadow vnmi flexpriority ept vpid fsgsbase tsc_adjust bmi1 avx2 smep bmi2 erms invpcid xsaveopt dtherm ida arat pln pts
bugs		:
bogomips	: 8003.40
clflush size	: 64
cache_alignment	: 64
address sizes	: 39 bits physical, 48 bits virtual
power management:

processor	: 1
vendor_id	: GenuineIntel
cpu family	: 6
model		: 60
model name	: Intel(R) Core(TM) i7-4790K CPU @ 4.00GHz
stepping	: 3
microcode	: 0x1e
cpu MHz		: 4400.000
cache size	: 8192 KB
physical id	: 0
siblings	: 8
core id		: 1
cpu cores	: 4
apicid		: 2
initial apicid	: 2
fpu		: yes
fpu_exception	: yes
cpuid level	: 13
wp		: yes
flags		: fpu vme de pse tsc msr pae mce cx8 apic sep mtrr pge mca cmov pat pse36 clflush dts acpi mmx fxsr sse sse2 ss ht tm pbe syscall nx pdpe1gb rdtscp lm constant_tsc arch_perfmon pebs bts rep_good nopl xtopology nonstop_tsc aperfmperf eagerfpu pni pclmulqdq dtes64 monitor ds_cpl vmx est tm2 ssse3 sdbg fma cx16 xtpr pdcm pcid sse4_1 sse4_2 x2apic movbe popcnt tsc_deadline_timer aes xsave avx f16c rdrand lahf_lm abm tpr_shadow vnmi flexpriority ept vpid fsgsbase tsc_adjust bmi1 avx2 smep bmi2 erms invpcid xsaveopt dtherm ida arat pln pts
bugs		:
bogomips	: 8003.40
clflush size	: 64
cache_alignment	: 64
address sizes	: 39 bits physical, 48 bits virtual
power management:

processor	: 2
vendor_id	: GenuineIntel
cpu family	: 6
model		: 60
model name	: Intel(R) Core(TM) i7-4790K CPU @ 4.00GHz
stepping	: 3
microcode	: 0x1e
cpu MHz		: 4399.843
cache size	: 8192 KB
physical id	: 0
siblings	: 8
core id		: 2
cpu cores	: 4
apicid		: 4
initial apicid	: 4
fpu		: yes
fpu_exception	: yes
cpuid level	: 13
wp		: yes
flags		: fpu vme de pse tsc msr pae mce cx8 apic sep mtrr pge mca cmov pat pse36 clflush dts acpi mmx fxsr sse sse2 ss ht tm pbe syscall nx pdpe1gb rdtscp lm constant_tsc arch_perfmon pebs bts rep_good nopl xtopology nonstop_tsc aperfmperf eagerfpu pni pclmulqdq dtes64 monitor ds_cpl vmx est tm2 ssse3 sdbg fma cx16 xtpr pdcm pcid sse4_1 sse4_2 x2apic movbe popcnt tsc_deadline_timer aes xsave avx f16c rdrand lahf_lm abm tpr_shadow vnmi flexpriority ept vpid fsgsbase tsc_adjust bmi1 avx2 smep bmi2 erms invpcid xsaveopt dtherm ida arat pln pts
bugs		:
bogomips	: 8003.40
clflush size	: 64
cache_alignment	: 64
address sizes	: 39 bits physical, 48 bits virtual
power management:

processor	: 3
vendor_id	: GenuineIntel
cpu family	: 6
model		: 60
model name	: Intel(R) Core(TM) i7-4790K CPU @ 4.00GHz
stepping	: 3
microcode	: 0x1e
cpu MHz		: 4400.000
cache size	: 8192 KB
physical id	: 0
siblings	: 8
core id		: 3
cpu cores	: 4
apicid		: 6
initial apicid	: 6
fpu		: yes
fpu_exception	: yes
cpuid level	: 13
wp		: yes
flags		: fpu vme de pse tsc msr pae mce cx8 apic sep mtrr pge mca cmov pat pse36 clflush dts acpi mmx fxsr sse sse2 ss ht tm pbe syscall nx pdpe1gb rdtscp lm constant_tsc arch_perfmon pebs bts rep_good nopl xtopology nonstop_tsc aperfmperf eagerfpu pni pclmulqdq dtes64 monitor ds_cpl vmx est tm2 ssse3 sdbg fma cx16 xtpr pdcm pcid sse4_1 sse4_2 x2apic movbe popcnt tsc_deadline_timer aes xsave avx f16c rdrand lahf_lm abm tpr_shadow vnmi flexpriority ept vpid fsgsbase tsc_adjust bmi1 avx2 smep bmi2 erms invpcid xsaveopt dtherm ida arat pln pts
bugs		:
bogomips	: 8003.40
clflush size	: 64
cache_alignment	: 64
address sizes	: 39 bits physical, 48 bits virtual
power management:

processor	: 4
vendor_id	: GenuineIntel
cpu family	: 6
model		: 60
model name	: Intel(R) Core(TM) i7-4790K CPU @ 4.00GHz
stepping	: 3
microcode	: 0x1e
cpu MHz		: 4399.843
cache size	: 8192 KB
physical id	: 0
siblings	: 8
core id		: 0
cpu cores	: 4
apicid		: 1
initial apicid	: 1
fpu		: yes
fpu_exception	: yes
cpuid level	: 13
wp		: yes
flags		: fpu vme de pse tsc msr pae mce cx8 apic sep mtrr pge mca cmov pat pse36 clflush dts acpi mmx fxsr sse sse2 ss ht tm pbe syscall nx pdpe1gb rdtscp lm constant_tsc arch_perfmon pebs bts rep_good nopl xtopology nonstop_tsc aperfmperf eagerfpu pni pclmulqdq dtes64 monitor ds_cpl vmx est tm2 ssse3 sdbg fma cx16 xtpr pdcm pcid sse4_1 sse4_2 x2apic movbe popcnt tsc_deadline_timer aes xsave avx f16c rdrand lahf_lm abm tpr_shadow vnmi flexpriority ept vpid fsgsbase tsc_adjust bmi1 avx2 smep bmi2 erms invpcid xsaveopt dtherm ida arat pln pts
bugs		:
bogomips	: 8003.40
clflush size	: 64
cache_alignment	: 64
address sizes	: 39 bits physical, 48 bits virtual
power management:

processor	: 5
vendor_id	: GenuineIntel
cpu family	: 6
model		: 60
model name	: Intel(R) Core(TM) i7-4790K CPU @ 4.00GHz
stepping	: 3
microcode	: 0x1e
cpu MHz		: 4400.000
cache size	: 8192 KB
physical id	: 0
siblings	: 8
core id		: 1
cpu cores	: 4
apicid		: 3
initial apicid	: 3
fpu		: yes
fpu_exception	: yes
cpuid level	: 13
wp		: yes
flags		: fpu vme de pse tsc msr pae mce cx8 apic sep mtrr pge mca cmov pat pse36 clflush dts acpi mmx fxsr sse sse2 ss ht tm pbe syscall nx pdpe1gb rdtscp lm constant_tsc arch_perfmon pebs bts rep_good nopl xtopology nonstop_tsc aperfmperf eagerfpu pni pclmulqdq dtes64 monitor ds_cpl vmx est tm2 ssse3 sdbg fma cx16 xtpr pdcm pcid sse4_1 sse4_2 x2apic movbe popcnt tsc_deadline_timer aes xsave avx f16c rdrand lahf_lm abm tpr_shadow vnmi flexpriority ept vpid fsgsbase tsc_adjust bmi1 avx2 smep bmi2 erms invpcid xsaveopt dtherm ida arat pln pts
bugs		:
bogomips	: 8003.40
clflush size	: 64
cache_alignment	: 64
address sizes	: 39 bits physical, 48 bits virtual
power management:

processor	: 6
vendor_id	: GenuineIntel
cpu family	: 6
model		: 60
model name	: Intel(R) Core(TM) i7-4790K CPU @ 4.00GHz
stepping	: 3
microcode	: 0x1e
cpu MHz		: 4400.000
cache size	: 8192 KB
physical id	: 0
siblings	: 8
core id		: 2
cpu cores	: 4
apicid		: 5
initial apicid	: 5
fpu		: yes
fpu_exception	: yes
cpuid level	: 13
wp		: yes
flags		: fpu vme de pse tsc msr pae mce cx8 apic sep mtrr pge mca cmov pat pse36 clflush dts acpi mmx fxsr sse sse2 ss ht tm pbe syscall nx pdpe1gb rdtscp lm constant_tsc arch_perfmon pebs bts rep_good nopl xtopology nonstop_tsc aperfmperf eagerfpu pni pclmulqdq dtes64 monitor ds_cpl vmx est tm2 ssse3 sdbg fma cx16 xtpr pdcm pcid sse4_1 sse4_2 x2apic movbe popcnt tsc_deadline_timer aes xsave avx f16c rdrand lahf_lm abm tpr_shadow vnmi flexpriority ept vpid fsgsbase tsc_adjust bmi1 avx2 smep bmi2 erms invpcid xsaveopt dtherm ida arat pln pts
bugs		:
bogomips	: 8003.40
clflush size	: 64
cache_alignment	: 64
address sizes	: 39 bits physical, 48 bits virtual
power management:

processor	: 7
vendor_id	: GenuineIntel
cpu family	: 6
model		: 60
model name	: Intel(R) Core(TM) i7-4790K CPU @ 4.00GHz
stepping	: 3
microcode	: 0x1e
cpu MHz		: 4400.000
cache size	: 8192 KB
physical id	: 0
siblings	: 8
core id		: 3
cpu cores	: 4
apicid		: 7
initial apicid	: 7
fpu		: yes
fpu_exception	: yes
cpuid level	: 13
wp		: yes
flags		: fpu vme de pse tsc msr pae mce cx8 apic sep mtrr pge mca cmov pat pse36 clflush dts acpi mmx fxsr sse sse2 ss ht tm pbe syscall nx pdpe1gb rdtscp lm constant_tsc arch_perfmon pebs bts rep_good nopl xtopology nonstop_tsc aperfmperf eagerfpu pni pclmulqdq dtes64 monitor ds_cpl vmx est tm2 ssse3 sdbg fma cx16 xtpr pdcm pcid sse4_1 sse4_2 x2apic movbe popcnt tsc_deadline_timer aes xsave avx f16c rdrand lahf_lm abm tpr_shadow vnmi flexpriority ept vpid fsgsbase tsc_adjust bmi1 avx2 smep bmi2 erms invpcid xsaveopt dtherm ida arat pln pts
bugs		:
bogomips	: 8003.40
clflush size	: 64
cache_alignment	: 64
address sizes	: 39 bits physical, 48 bits virtual
power management:



Memory: 4k page, physical 8023084k(48344k free), swap 0k(0k free)

vm_info: OpenJDK 64-Bit Server VM (25.92-b14) for linux-amd64 JRE (1.8.0_92-b14), built on Apr 24 2016 15:02:36 by "builduser" with gcc 5.3.0

time: Mon May  9 20:20:07 2016
elapsed time: 367 seconds (0d 0h 6m 7s)

