#
# There is insufficient memory for the Java Runtime Environment to continue.
# Native memory allocation (mmap) failed to map 128974848 bytes for committing reserved memory.
# Possible reasons:
#   The system is out of physical RAM or swap space
#   In 32 bit mode, the process size limit was hit
# Possible solutions:
#   Reduce memory load on the system
#   Increase physical memory or swap space
#   Check if swap backing store is full
#   Use 64 bit Java on a 64 bit OS
#   Decrease Java heap size (-Xmx/-Xms)
#   Decrease number of Java threads
#   Decrease Java thread stack sizes (-Xss)
#   Set larger code cache with -XX:ReservedCodeCacheSize=
# This output file may be truncated or incomplete.
#
#  Out of Memory Error (os_linux.cpp:2627), pid=16437, tid=0x00007f0c616f6700
#
# JRE version: Java(TM) SE Runtime Environment (8.0_92-b14) (build 1.8.0_92-b14)
# Java VM: Java HotSpot(TM) 64-Bit Server VM (25.92-b14 mixed mode linux-amd64 compressed oops)
# Core dump written. Default location: /home/roy/Workspace/MT/mt/core or core.16437
#

---------------  T H R E A D  ---------------

Current thread (0x00007f0c7807e800):  VMThread [stack: 0x00007f0c615f6000,0x00007f0c616f7000] [id=16449]

Stack: [0x00007f0c615f6000,0x00007f0c616f7000],  sp=0x00007f0c616f5080,  free space=1020k
Native frames: (J=compiled Java code, j=interpreted, Vv=VM code, C=native code)
V  [libjvm.so+0xabd65a]  VMError::report_and_die()+0x2ba
V  [libjvm.so+0x4fb4db]  report_vm_out_of_memory(char const*, int, unsigned long, VMErrorType, char const*)+0x8b
V  [libjvm.so+0x91d713]  os::Linux::commit_memory_impl(char*, unsigned long, bool)+0x103
V  [libjvm.so+0x91dc69]  os::pd_commit_memory(char*, unsigned long, unsigned long, bool)+0x29
V  [libjvm.so+0x917f6a]  os::commit_memory(char*, unsigned long, unsigned long, bool)+0x2a
V  [libjvm.so+0x98c343]  PSVirtualSpace::expand_by(unsigned long)+0x53
V  [libjvm.so+0x98d748]  PSYoungGen::resize_generation(unsigned long, unsigned long)+0xf8
V  [libjvm.so+0x98c8a2]  PSYoungGen::resize(unsigned long, unsigned long)+0x22
V  [libjvm.so+0x989b7b]  PSScavenge::invoke_no_policy()+0xf3b
V  [libjvm.so+0x984e25]  PSParallelCompact::invoke(bool)+0x85
V  [libjvm.so+0x482564]  CollectedHeap::collect_as_vm_thread(GCCause::Cause)+0x114
V  [libjvm.so+0xabead1]  VM_CollectForMetadataAllocation::doit()+0x161
V  [libjvm.so+0xac6aa5]  VM_Operation::evaluate()+0x55
V  [libjvm.so+0xac4e7a]  VMThread::evaluate_operation(VM_Operation*)+0xba
V  [libjvm.so+0xac51fe]  VMThread::loop()+0x1ce
V  [libjvm.so+0xac5670]  VMThread::run()+0x70
V  [libjvm.so+0x91fad8]  java_start(Thread*)+0x108

VM_Operation (0x00007f0c5b60e990): CollectForMetadataAllocation, mode: safepoint, requested by thread 0x00007f0c04009800


---------------  P R O C E S S  ---------------

Java Threads: ( => current thread )
  0x00007f0c003fa000 JavaThread "File lock request listener" [_thread_in_native, id=16467, stack(0x00007f0c5ac98000,0x00007f0c5ad99000)]
  0x00007f0c0003f800 JavaThread "Stdin handler" [_thread_blocked, id=16466, stack(0x00007f0c5b411000,0x00007f0c5b512000)]
  0x00007f0c04009800 JavaThread "Daemon worker" [_thread_blocked, id=16463, stack(0x00007f0c5b512000,0x00007f0c5b613000)]
  0x00007f0c04008800 JavaThread "Cancel handler" [_thread_blocked, id=16462, stack(0x00007f0c5b613000,0x00007f0c5b714000)]
  0x00007f0c04005800 JavaThread "Handler for socket connection from /127.0.0.1:34195 to /127.0.0.1:56562" [_thread_in_native, id=16461, stack(0x00007f0c5b714000,0x00007f0c5b815000)]
  0x00007f0c1000f000 JavaThread "Daemon" [_thread_blocked, id=16460, stack(0x00007f0c5b815000,0x00007f0c5b916000)]
  0x00007f0c78aee000 JavaThread "Incoming local TCP Connector on port 34195" [_thread_in_native, id=16459, stack(0x00007f0c5bb16000,0x00007f0c5bc17000)]
  0x00007f0c780d1800 JavaThread "Service Thread" daemon [_thread_blocked, id=16457, stack(0x00007f0c60c56000,0x00007f0c60d57000)]
  0x00007f0c780c6800 JavaThread "C1 CompilerThread3" daemon [_thread_blocked, id=16456, stack(0x00007f0c60d57000,0x00007f0c60e58000)]
  0x00007f0c780c4000 JavaThread "C2 CompilerThread2" daemon [_thread_in_native, id=16455, stack(0x00007f0c60e58000,0x00007f0c60f59000)]
  0x00007f0c780c2800 JavaThread "C2 CompilerThread1" daemon [_thread_in_native, id=16454, stack(0x00007f0c60f59000,0x00007f0c6105a000)]
  0x00007f0c780bf800 JavaThread "C2 CompilerThread0" daemon [_thread_blocked, id=16453, stack(0x00007f0c6105a000,0x00007f0c6115b000)]
  0x00007f0c780be000 JavaThread "Signal Dispatcher" daemon [_thread_blocked, id=16452, stack(0x00007f0c6115b000,0x00007f0c6125c000)]
  0x00007f0c7808a800 JavaThread "Finalizer" daemon [_thread_blocked, id=16451, stack(0x00007f0c613f4000,0x00007f0c614f5000)]
  0x00007f0c78086000 JavaThread "Reference Handler" daemon [_thread_blocked, id=16450, stack(0x00007f0c614f5000,0x00007f0c615f6000)]
  0x00007f0c78008000 JavaThread "main" [_thread_blocked, id=16440, stack(0x00007f0c8075c000,0x00007f0c8085d000)]

Other Threads:
=>0x00007f0c7807e800 VMThread [stack: 0x00007f0c615f6000,0x00007f0c616f7000] [id=16449]
  0x00007f0c780d4000 WatcherThread [stack: 0x00007f0c60b55000,0x00007f0c60c56000] [id=16458]

VM state:at safepoint (normal execution)

VM Mutex/Monitor currently owned by a thread:  ([mutex/lock_event])
[0x00007f0c78006230] Threads_lock - owner thread: 0x00007f0c7807e800
[0x00007f0c78006730] Heap_lock - owner thread: 0x00007f0c04009800

Heap:
 PSYoungGen      total 136192K, used 5126K [0x00000000eab00000, 0x00000000f3900000, 0x0000000100000000)
  eden space 126976K, 0% used [0x00000000eab00000,0x00000000eab00000,0x00000000f2700000)
  from space 9216K, 55% used [0x00000000f2700000,0x00000000f2c01b40,0x00000000f3000000)
  to   space 9216K, 0% used [0x00000000f3000000,0x00000000f3000000,0x00000000f3900000)
 ParOldGen       total 84992K, used 10738K [0x00000000c0000000, 0x00000000c5300000, 0x00000000eab00000)
  object space 84992K, 12% used [0x00000000c0000000,0x00000000c0a7cb38,0x00000000c5300000)
 Metaspace       used 20808K, capacity 21148K, committed 21296K, reserved 1067008K
  class space    used 2776K, capacity 2886K, committed 2944K, reserved 1048576K

Card table byte_map: [0x00007f0c7d97b000,0x00007f0c7db7c000] byte_map_base: 0x00007f0c7d37b000

Marking Bits: (ParMarkBitMap*) 0x00007f0c7fc694c0
 Begin Bits: [0x00007f0c62000000, 0x00007f0c63000000)
 End Bits:   [0x00007f0c63000000, 0x00007f0c64000000)

Polling page: 0x00007f0c8088f000

CodeCache: size=245760Kb used=6110Kb max_used=6110Kb free=239649Kb
 bounds [0x00007f0c69000000, 0x00007f0c69600000, 0x00007f0c78000000]
 total_blobs=2151 nmethods=1776 adapters=288
 compilation: enabled

Compilation events (10 events):
Event: 1.648 Thread 0x00007f0c780c6800 1789       1       sun.reflect.generics.repository.AbstractRepository::getFactory (5 bytes)
Event: 1.648 Thread 0x00007f0c780c6800 nmethod 1789 0x00007f0c695fa250 code [0x00007f0c695fa3a0, 0x00007f0c695fa4b0]
Event: 1.648 Thread 0x00007f0c780c6800 1796       1       sun.reflect.generics.reflectiveObjects.TypeVariableImpl::getName (5 bytes)
Event: 1.648 Thread 0x00007f0c780c6800 nmethod 1796 0x00007f0c695fa510 code [0x00007f0c695fa660, 0x00007f0c695fa770]
Event: 1.648 Thread 0x00007f0c780c6800 1790       1       java.lang.Class::getAnnotationType (5 bytes)
Event: 1.648 Thread 0x00007f0c780c6800 nmethod 1790 0x00007f0c695fa7d0 code [0x00007f0c695fa920, 0x00007f0c695faa30]
Event: 1.648 Thread 0x00007f0c780c6800 1797       2       sun.misc.Resource::getByteBuffer (24 bytes)
Event: 1.648 Thread 0x00007f0c780c6800 nmethod 1797 0x00007f0c695faa90 code [0x00007f0c695fac20, 0x00007f0c695fb038]
Event: 1.649 Thread 0x00007f0c780c6800 1798       2       java.security.SecureClassLoader::defineClass (16 bytes)
Event: 1.649 Thread 0x00007f0c780c6800 nmethod 1798 0x00007f0c695fb150 code [0x00007f0c695fb2c0, 0x00007f0c695fb498]

GC Heap History (10 events):
Event: 0.789 GC heap after
Heap after GC invocations=2 (full 0):
 PSYoungGen      total 36864K, used 5103K [0x00000000eab00000, 0x00000000ed400000, 0x0000000100000000)
  eden space 31744K, 0% used [0x00000000eab00000,0x00000000eab00000,0x00000000eca00000)
  from space 5120K, 99% used [0x00000000ecf00000,0x00000000ed3fbc40,0x00000000ed400000)
  to   space 5120K, 0% used [0x00000000eca00000,0x00000000eca00000,0x00000000ecf00000)
 ParOldGen       total 84992K, used 1753K [0x00000000c0000000, 0x00000000c5300000, 0x00000000eab00000)
  object space 84992K, 2% used [0x00000000c0000000,0x00000000c01b6778,0x00000000c5300000)
 Metaspace       used 12363K, capacity 12732K, committed 12928K, reserved 1060864K
  class space    used 1698K, capacity 1842K, committed 1920K, reserved 1048576K
}
Event: 1.117 GC heap before
{Heap before GC invocations=3 (full 0):
 PSYoungGen      total 36864K, used 36847K [0x00000000eab00000, 0x00000000ed400000, 0x0000000100000000)
  eden space 31744K, 100% used [0x00000000eab00000,0x00000000eca00000,0x00000000eca00000)
  from space 5120K, 99% used [0x00000000ecf00000,0x00000000ed3fbc40,0x00000000ed400000)
  to   space 5120K, 0% used [0x00000000eca00000,0x00000000eca00000,0x00000000ecf00000)
 ParOldGen       total 84992K, used 1753K [0x00000000c0000000, 0x00000000c5300000, 0x00000000eab00000)
  object space 84992K, 2% used [0x00000000c0000000,0x00000000c01b6778,0x00000000c5300000)
 Metaspace       used 18272K, capacity 18634K, committed 18944K, reserved 1064960K
  class space    used 2549K, capacity 2691K, committed 2816K, reserved 1048576K
Event: 1.122 GC heap after
Heap after GC invocations=3 (full 0):
 PSYoungGen      total 36864K, used 5088K [0x00000000eab00000, 0x00000000ef300000, 0x0000000100000000)
  eden space 31744K, 0% used [0x00000000eab00000,0x00000000eab00000,0x00000000eca00000)
  from space 5120K, 99% used [0x00000000eca00000,0x00000000ecef8040,0x00000000ecf00000)
  to   space 5120K, 0% used [0x00000000eee00000,0x00000000eee00000,0x00000000ef300000)
 ParOldGen       total 84992K, used 5592K [0x00000000c0000000, 0x00000000c5300000, 0x00000000eab00000)
  object space 84992K, 6% used [0x00000000c0000000,0x00000000c05760b0,0x00000000c5300000)
 Metaspace       used 18272K, capacity 18634K, committed 18944K, reserved 1064960K
  class space    used 2549K, capacity 2691K, committed 2816K, reserved 1048576K
}
Event: 1.264 GC heap before
{Heap before GC invocations=4 (full 0):
 PSYoungGen      total 36864K, used 36832K [0x00000000eab00000, 0x00000000ef300000, 0x0000000100000000)
  eden space 31744K, 100% used [0x00000000eab00000,0x00000000eca00000,0x00000000eca00000)
  from space 5120K, 99% used [0x00000000eca00000,0x00000000ecef8040,0x00000000ecf00000)
  to   space 5120K, 0% used [0x00000000eee00000,0x00000000eee00000,0x00000000ef300000)
 ParOldGen       total 84992K, used 5592K [0x00000000c0000000, 0x00000000c5300000, 0x00000000eab00000)
  object space 84992K, 6% used [0x00000000c0000000,0x00000000c05760b0,0x00000000c5300000)
 Metaspace       used 19586K, capacity 19952K, committed 20224K, reserved 1067008K
  class space    used 2664K, capacity 2788K, committed 2816K, reserved 1048576K
Event: 1.269 GC heap after
Heap after GC invocations=4 (full 0):
 PSYoungGen      total 68608K, used 5108K [0x00000000eab00000, 0x00000000ef300000, 0x0000000100000000)
  eden space 63488K, 0% used [0x00000000eab00000,0x00000000eab00000,0x00000000ee900000)
  from space 5120K, 99% used [0x00000000eee00000,0x00000000ef2fd0d0,0x00000000ef300000)
  to   space 5120K, 0% used [0x00000000ee900000,0x00000000ee900000,0x00000000eee00000)
 ParOldGen       total 84992K, used 7077K [0x00000000c0000000, 0x00000000c5300000, 0x00000000eab00000)
  object space 84992K, 8% used [0x00000000c0000000,0x00000000c06e9698,0x00000000c5300000)
 Metaspace       used 19586K, capacity 19952K, committed 20224K, reserved 1067008K
  class space    used 2664K, capacity 2788K, committed 2816K, reserved 1048576K
}
Event: 1.387 GC heap before
{Heap before GC invocations=5 (full 0):
 PSYoungGen      total 68608K, used 68596K [0x00000000eab00000, 0x00000000ef300000, 0x0000000100000000)
  eden space 63488K, 100% used [0x00000000eab00000,0x00000000ee900000,0x00000000ee900000)
  from space 5120K, 99% used [0x00000000eee00000,0x00000000ef2fd0d0,0x00000000ef300000)
  to   space 5120K, 0% used [0x00000000ee900000,0x00000000ee900000,0x00000000eee00000)
 ParOldGen       total 84992K, used 7077K [0x00000000c0000000, 0x00000000c5300000, 0x00000000eab00000)
  object space 84992K, 8% used [0x00000000c0000000,0x00000000c06e9698,0x00000000c5300000)
 Metaspace       used 19731K, capacity 20144K, committed 20224K, reserved 1067008K
  class space    used 2675K, capacity 2788K, committed 2816K, reserved 1048576K
Event: 1.393 GC heap after
Heap after GC invocations=5 (full 0):
 PSYoungGen      total 68608K, used 5108K [0x00000000eab00000, 0x00000000f3900000, 0x0000000100000000)
  eden space 63488K, 0% used [0x00000000eab00000,0x00000000eab00000,0x00000000ee900000)
  from space 5120K, 99% used [0x00000000ee900000,0x00000000eedfd0d0,0x00000000eee00000)
  to   space 9216K, 0% used [0x00000000f3000000,0x00000000f3000000,0x00000000f3900000)
 ParOldGen       total 84992K, used 7965K [0x00000000c0000000, 0x00000000c5300000, 0x00000000eab00000)
  object space 84992K, 9% used [0x00000000c0000000,0x00000000c07c76b8,0x00000000c5300000)
 Metaspace       used 19731K, capacity 20144K, committed 20224K, reserved 1067008K
  class space    used 2675K, capacity 2788K, committed 2816K, reserved 1048576K
}
Event: 1.496 GC heap before
{Heap before GC invocations=6 (full 0):
 PSYoungGen      total 68608K, used 68596K [0x00000000eab00000, 0x00000000f3900000, 0x0000000100000000)
  eden space 63488K, 100% used [0x00000000eab00000,0x00000000ee900000,0x00000000ee900000)
  from space 5120K, 99% used [0x00000000ee900000,0x00000000eedfd0d0,0x00000000eee00000)
  to   space 9216K, 0% used [0x00000000f3000000,0x00000000f3000000,0x00000000f3900000)
 ParOldGen       total 84992K, used 7965K [0x00000000c0000000, 0x00000000c5300000, 0x00000000eab00000)
  object space 84992K, 9% used [0x00000000c0000000,0x00000000c07c76b8,0x00000000c5300000)
 Metaspace       used 19743K, capacity 20144K, committed 20224K, reserved 1067008K
  class space    used 2675K, capacity 2788K, committed 2816K, reserved 1048576K
Event: 1.514 GC heap after
Heap after GC invocations=6 (full 0):
 PSYoungGen      total 136192K, used 5828K [0x00000000eab00000, 0x00000000f3900000, 0x0000000100000000)
  eden space 126976K, 0% used [0x00000000eab00000,0x00000000eab00000,0x00000000f2700000)
  from space 9216K, 63% used [0x00000000f3000000,0x00000000f35b10e0,0x00000000f3900000)
  to   space 9216K, 0% used [0x00000000f2700000,0x00000000f2700000,0x00000000f3000000)
 ParOldGen       total 84992K, used 7965K [0x00000000c0000000, 0x00000000c5300000, 0x00000000eab00000)
  object space 84992K, 9% used [0x00000000c0000000,0x00000000c07c76b8,0x00000000c5300000)
 Metaspace       used 19743K, capacity 20144K, committed 20224K, reserved 1067008K
  class space    used 2675K, capacity 2788K, committed 2816K, reserved 1048576K
}
Event: 1.653 GC heap before
{Heap before GC invocations=7 (full 0):
 PSYoungGen      total 136192K, used 64081K [0x00000000eab00000, 0x00000000f3900000, 0x0000000100000000)
  eden space 126976K, 45% used [0x00000000eab00000,0x00000000ee3e3588,0x00000000f2700000)
  from space 9216K, 63% used [0x00000000f3000000,0x00000000f35b10e0,0x00000000f3900000)
  to   space 9216K, 0% used [0x00000000f2700000,0x00000000f2700000,0x00000000f3000000)
 ParOldGen       total 84992K, used 7965K [0x00000000c0000000, 0x00000000c5300000, 0x00000000eab00000)
  object space 84992K, 9% used [0x00000000c0000000,0x00000000c07c76b8,0x00000000c5300000)
 Metaspace       used 20808K, capacity 21148K, committed 21296K, reserved 1067008K
  class space    used 2776K, capacity 2886K, committed 2944K, reserved 1048576K

Deoptimization events (10 events):
Event: 1.066 Thread 0x00007f0c04009800 Uncommon trap: reason=unstable_if action=reinterpret pc=0x00007f0c69259b28 method=java.lang.AbstractStringBuilder.append(Ljava/lang/String;)Ljava/lang/AbstractStringBuilder; @ 1
Event: 1.066 Thread 0x00007f0c04009800 Uncommon trap: reason=unstable_if action=reinterpret pc=0x00007f0c691cb0d4 method=java.lang.AbstractStringBuilder.append(Ljava/lang/String;)Ljava/lang/AbstractStringBuilder; @ 1
Event: 1.202 Thread 0x00007f0c04009800 Uncommon trap: reason=unstable_if action=reinterpret pc=0x00007f0c6948f218 method=groovyjarjarantlr.CharQueue.append(C)V @ 9
Event: 1.280 Thread 0x00007f0c04009800 Uncommon trap: reason=unstable_if action=reinterpret pc=0x00007f0c69299df4 method=java.util.LinkedHashMap.afterNodeInsertion(Z)V @ 1
Event: 1.311 Thread 0x00007f0c04009800 Uncommon trap: reason=unstable_if action=reinterpret pc=0x00007f0c695516f0 method=org.codehaus.groovy.ast.ClassNode.getAllInterfaces(Ljava/util/Set;)V @ 29
Event: 1.315 Thread 0x00007f0c04009800 Uncommon trap: reason=unstable_if action=reinterpret pc=0x00007f0c69552a90 method=org.codehaus.groovy.ast.ClassNode.getInterfaces()[Lorg/codehaus/groovy/ast/ClassNode; @ 21
Event: 1.492 Thread 0x00007f0c04009800 Uncommon trap: reason=unstable_if action=reinterpret pc=0x00007f0c6955e2bc method=org.codehaus.groovy.ast.ClassNode.getCompileUnit()Lorg/codehaus/groovy/ast/CompileUnit; @ 26
Event: 1.492 Thread 0x00007f0c04009800 Uncommon trap: reason=unstable_if action=reinterpret pc=0x00007f0c695511dc method=org.codehaus.groovy.control.ResolveVisitor$ConstructedClassWithPackage.getName()Ljava/lang/String; @ 5
Event: 1.492 Thread 0x00007f0c04009800 Uncommon trap: reason=unstable_if action=reinterpret pc=0x00007f0c69578afc method=org.codehaus.groovy.ast.ClassNode.getInterfaces()[Lorg/codehaus/groovy/ast/ClassNode; @ 7
Event: 1.604 Thread 0x00007f0c04009800 Uncommon trap: reason=unstable_if action=reinterpret pc=0x00007f0c6955b418 method=org.codehaus.groovy.ast.ClassNode.<init>(Ljava/lang/String;ILorg/codehaus/groovy/ast/ClassNode;[Lorg/codehaus/groovy/ast/ClassNode;[Lorg/codehaus/groovy/ast/MixinNode;)V @ 1

Internal exceptions (10 events):
Event: 1.036 Thread 0x00007f0c04009800 Exception <a 'java/lang/NoSuchMethodError': <clinit>> (0x00000000ec2dbb30) thrown at [/HUDSON/workspace/8-2-build-linux-amd64/jdk8u92/6642/hotspot/src/share/vm/prims/jni.cpp, line 1613]
Event: 1.038 Thread 0x00007f0c04009800 Exception <a 'java/lang/NoSuchMethodError': <clinit>> (0x00000000ec2f3230) thrown at [/HUDSON/workspace/8-2-build-linux-amd64/jdk8u92/6642/hotspot/src/share/vm/prims/jni.cpp, line 1613]
Event: 1.040 Thread 0x00007f0c04009800 Exception <a 'java/lang/NoSuchMethodError': <clinit>> (0x00000000ec3298b8) thrown at [/HUDSON/workspace/8-2-build-linux-amd64/jdk8u92/6642/hotspot/src/share/vm/prims/jni.cpp, line 1613]
Event: 1.041 Thread 0x00007f0c04009800 Exception <a 'java/lang/NoSuchMethodError': <clinit>> (0x00000000ec337e68) thrown at [/HUDSON/workspace/8-2-build-linux-amd64/jdk8u92/6642/hotspot/src/share/vm/prims/jni.cpp, line 1613]
Event: 1.045 Thread 0x00007f0c04009800 Exception <a 'java/lang/NoSuchMethodError': <clinit>> (0x00000000ec3a2750) thrown at [/HUDSON/workspace/8-2-build-linux-amd64/jdk8u92/6642/hotspot/src/share/vm/prims/jni.cpp, line 1613]
Event: 1.045 Thread 0x00007f0c04009800 Exception <a 'java/lang/NoSuchMethodError': <clinit>> (0x00000000ec3a4f08) thrown at [/HUDSON/workspace/8-2-build-linux-amd64/jdk8u92/6642/hotspot/src/share/vm/prims/jni.cpp, line 1613]
Event: 1.045 Thread 0x00007f0c04009800 Exception <a 'java/lang/NoSuchMethodError': <clinit>> (0x00000000ec3b11e8) thrown at [/HUDSON/workspace/8-2-build-linux-amd64/jdk8u92/6642/hotspot/src/share/vm/prims/jni.cpp, line 1613]
Event: 1.046 Thread 0x00007f0c04009800 Exception <a 'java/lang/NoSuchMethodError': <clinit>> (0x00000000ec3bb5d0) thrown at [/HUDSON/workspace/8-2-build-linux-amd64/jdk8u92/6642/hotspot/src/share/vm/prims/jni.cpp, line 1613]
Event: 1.066 Thread 0x00007f0c04009800 Implicit null exception at 0x00007f0c692597b5 to 0x00007f0c69259b15
Event: 1.066 Thread 0x00007f0c04009800 Implicit null exception at 0x00007f0c691cad33 to 0x00007f0c691cb0c1

Events (10 events):
Event: 1.650 loading class org/codehaus/groovy/classgen/asm/BinaryExpressionMultiTypeDispatcher$BinaryCharExpressionHelper done
Event: 1.650 loading class org/codehaus/groovy/classgen/asm/BinaryExpressionMultiTypeDispatcher$BinaryByteExpressionHelper
Event: 1.650 loading class org/codehaus/groovy/classgen/asm/BinaryExpressionMultiTypeDispatcher$BinaryByteExpressionHelper done
Event: 1.650 loading class org/codehaus/groovy/classgen/asm/BinaryExpressionMultiTypeDispatcher$BinaryShortExpressionHelper
Event: 1.650 loading class org/codehaus/groovy/classgen/asm/BinaryExpressionMultiTypeDispatcher$BinaryShortExpressionHelper done
Event: 1.650 loading class org/codehaus/groovy/classgen/asm/BinaryFloatExpressionHelper
Event: 1.650 loading class org/codehaus/groovy/classgen/asm/BinaryFloatExpressionHelper done
Event: 1.650 loading class org/codehaus/groovy/classgen/asm/BinaryBooleanExpressionHelper
Event: 1.650 loading class org/codehaus/groovy/classgen/asm/BinaryBooleanExpressionHelper done
Event: 1.652 Executing VM operation: CollectForMetadataAllocation


Dynamic libraries:
00400000-00401000 r-xp 00000000 08:02 3421676                            /usr/lib/jvm/java-8-jdk/jre/bin/java
00600000-00601000 rw-p 00000000 08:02 3421676                            /usr/lib/jvm/java-8-jdk/jre/bin/java
00abc000-00add000 rw-p 00000000 00:00 0                                  [heap]
c0000000-c5300000 rw-p 00000000 00:00 0 
c5300000-eab00000 ---p 00000000 00:00 0 
eab00000-f3900000 rw-p 00000000 00:00 0 
fb400000-100000000 ---p 00000000 00:00 0 
100000000-1002e0000 rw-p 00000000 00:00 0 
1002e0000-140000000 ---p 00000000 00:00 0 
7f0bf4000000-7f0bf4021000 rw-p 00000000 00:00 0 
7f0bf4021000-7f0bf8000000 ---p 00000000 00:00 0 
7f0bf8000000-7f0bf8021000 rw-p 00000000 00:00 0 
7f0bf8021000-7f0bfc000000 ---p 00000000 00:00 0 
7f0bfc000000-7f0bfc021000 rw-p 00000000 00:00 0 
7f0bfc021000-7f0c00000000 ---p 00000000 00:00 0 
7f0c00000000-7f0c00a67000 rw-p 00000000 00:00 0 
7f0c00a67000-7f0c04000000 ---p 00000000 00:00 0 
7f0c04000000-7f0c04021000 rw-p 00000000 00:00 0 
7f0c04021000-7f0c08000000 ---p 00000000 00:00 0 
7f0c08000000-7f0c08021000 rw-p 00000000 00:00 0 
7f0c08021000-7f0c0c000000 ---p 00000000 00:00 0 
7f0c0c000000-7f0c0c021000 rw-p 00000000 00:00 0 
7f0c0c021000-7f0c10000000 ---p 00000000 00:00 0 
7f0c10000000-7f0c1006a000 rw-p 00000000 00:00 0 
7f0c1006a000-7f0c14000000 ---p 00000000 00:00 0 
7f0c14000000-7f0c14be2000 rw-p 00000000 00:00 0 
7f0c14be2000-7f0c18000000 ---p 00000000 00:00 0 
7f0c18000000-7f0c18021000 rw-p 00000000 00:00 0 
7f0c18021000-7f0c1c000000 ---p 00000000 00:00 0 
7f0c1c000000-7f0c1d9e3000 rw-p 00000000 00:00 0 
7f0c1d9e3000-7f0c20000000 ---p 00000000 00:00 0 
7f0c20000000-7f0c21a46000 rw-p 00000000 00:00 0 
7f0c21a46000-7f0c24000000 ---p 00000000 00:00 0 
7f0c24000000-7f0c24021000 rw-p 00000000 00:00 0 
7f0c24021000-7f0c28000000 ---p 00000000 00:00 0 
7f0c28000000-7f0c2922c000 rw-p 00000000 00:00 0 
7f0c2922c000-7f0c2c000000 ---p 00000000 00:00 0 
7f0c2c000000-7f0c2c021000 rw-p 00000000 00:00 0 
7f0c2c021000-7f0c30000000 ---p 00000000 00:00 0 
7f0c30000000-7f0c30021000 rw-p 00000000 00:00 0 
7f0c30021000-7f0c34000000 ---p 00000000 00:00 0 
7f0c34000000-7f0c34021000 rw-p 00000000 00:00 0 
7f0c34021000-7f0c38000000 ---p 00000000 00:00 0 
7f0c38000000-7f0c3828e000 rw-p 00000000 00:00 0 
7f0c3828e000-7f0c3c000000 ---p 00000000 00:00 0 
7f0c3c000000-7f0c3c021000 rw-p 00000000 00:00 0 
7f0c3c021000-7f0c40000000 ---p 00000000 00:00 0 
7f0c44000000-7f0c44021000 rw-p 00000000 00:00 0 
7f0c44021000-7f0c48000000 ---p 00000000 00:00 0 
7f0c48000000-7f0c48021000 rw-p 00000000 00:00 0 
7f0c48021000-7f0c4c000000 ---p 00000000 00:00 0 
7f0c4c000000-7f0c4c021000 rw-p 00000000 00:00 0 
7f0c4c021000-7f0c50000000 ---p 00000000 00:00 0 
7f0c54000000-7f0c54021000 rw-p 00000000 00:00 0 
7f0c54021000-7f0c58000000 ---p 00000000 00:00 0 
7f0c5aa58000-7f0c5ac44000 rw-p 00000000 00:00 0 
7f0c5ac44000-7f0c5ac58000 ---p 00000000 00:00 0 
7f0c5ac58000-7f0c5ac5a000 r--s 00005000 08:02 6294473                    /home/roy/.gradle/caches/jars-1/nbo60g34apaec1q8xggue4jcl8ramo6/builder-model-1.5.0-beta2.jar
7f0c5ac5a000-7f0c5ac5b000 r--s 00005000 08:02 7478037                    /home/roy/.gradle/caches/jars-1/k6jktn00yd8es61jkavpkcbo4bxwnn9/grails-gradle-tooling.jar
7f0c5ac5b000-7f0c5ac5c000 r--s 00002000 08:02 7478035                    /home/roy/.gradle/caches/jars-1/h3qpz16pj4yhj3k0och5kiqi7tdjp0s/external-system-rt.jar
7f0c5ac5c000-7f0c5ac5e000 r--s 0000b000 08:02 7478033                    /home/roy/.gradle/caches/jars-1/24lcew5m24g8j73snem6eq0ip5rvchs/gradle-tooling-extension-api.jar
7f0c5ac5e000-7f0c5ac64000 r--s 00032000 08:02 6294465                    /home/roy/.gradle/caches/jars-1/qnzxbso6av3vjofu51s4xcmylb2a59x/gradle-base-services-2.9.jar
7f0c5ac64000-7f0c5ac8c000 r--s 001cf000 08:02 6291765                    /home/roy/.gradle/caches/jars-1/87eo0lrvp84r6dbxjq018wy66es2era/guava-jdk5-17.0.jar
7f0c5ac8c000-7f0c5ac98000 r--s 0003a000 08:02 6294463                    /home/roy/.gradle/caches/jars-1/k3me4f65by3x7dgtml1svuz7z0bns4/gradle-tooling-api-2.9.jar
7f0c5ac98000-7f0c5ac9b000 ---p 00000000 00:00 0 
7f0c5ac9b000-7f0c5af99000 rw-p 00000000 00:00 0 
7f0c5af99000-7f0c5b199000 rw-p 00000000 00:00 0 
7f0c5b199000-7f0c5b399000 rw-p 00000000 00:00 0 
7f0c5b399000-7f0c5b411000 r--s 010e5000 08:02 3421895                    /usr/lib/jvm/java-8-jdk/lib/tools.jar
7f0c5b411000-7f0c5b414000 ---p 00000000 00:00 0 
7f0c5b414000-7f0c5b512000 rw-p 00000000 00:00 0 
7f0c5b512000-7f0c5b515000 ---p 00000000 00:00 0 
7f0c5b515000-7f0c5b613000 rw-p 00000000 00:00 0 
7f0c5b613000-7f0c5b616000 ---p 00000000 00:00 0 
7f0c5b616000-7f0c5b714000 rw-p 00000000 00:00 0 
7f0c5b714000-7f0c5b717000 ---p 00000000 00:00 0 
7f0c5b717000-7f0c5b815000 rw-p 00000000 00:00 0 
7f0c5b815000-7f0c5b818000 ---p 00000000 00:00 0 
7f0c5b818000-7f0c5bb16000 rw-p 00000000 00:00 0 
7f0c5bb16000-7f0c5bb19000 ---p 00000000 00:00 0 
7f0c5bb19000-7f0c5bc17000 rw-p 00000000 00:00 0 
7f0c5bc17000-7f0c5bc1b000 r--s 00097000 08:02 3421701                    /usr/lib/jvm/java-8-jdk/jre/lib/jsse.jar
7f0c5bc1b000-7f0c5bc1d000 r--s 00005000 08:02 7340724                    /home/roy/.gradle/wrapper/dists/gradle-2.9-all/1aw2ic01pldw5fkvoq6t1fsz4/gradle-2.9/lib/plugins/gradle-tooling-api-builders-2.9.jar
7f0c5bc1d000-7f0c5bc2d000 r--s 00088000 08:02 7340756                    /home/roy/.gradle/wrapper/dists/gradle-2.9-all/1aw2ic01pldw5fkvoq6t1fsz4/gradle-2.9/lib/plugins/joda-time-2.8.2.jar
7f0c5bc2d000-7f0c5bc3e000 r--s 000cf000 08:02 7340755                    /home/roy/.gradle/wrapper/dists/gradle-2.9-all/1aw2ic01pldw5fkvoq6t1fsz4/gradle-2.9/lib/plugins/jackson-databind-2.3.2.jar
7f0c5bc3e000-7f0c5bc40000 r--s 00007000 08:02 7340754                    /home/roy/.gradle/wrapper/dists/gradle-2.9-all/1aw2ic01pldw5fkvoq6t1fsz4/gradle-2.9/lib/plugins/jackson-annotations-2.3.2.jar
7f0c5bc40000-7f0c5bc43000 r--s 0002e000 08:02 7340753                    /home/roy/.gradle/wrapper/dists/gradle-2.9-all/1aw2ic01pldw5fkvoq6t1fsz4/gradle-2.9/lib/plugins/jackson-core-2.3.2.jar
7f0c5bc43000-7f0c5bc4e000 r--s 0006b000 08:02 7340752                    /home/roy/.gradle/wrapper/dists/gradle-2.9-all/1aw2ic01pldw5fkvoq6t1fsz4/gradle-2.9/lib/plugins/aws-java-sdk-core-1.9.19.jar
7f0c5bc4e000-7f0c5bc54000 r--s 00036000 08:02 7340751                    /home/roy/.gradle/wrapper/dists/gradle-2.9-all/1aw2ic01pldw5fkvoq6t1fsz4/gradle-2.9/lib/plugins/aws-java-sdk-kms-1.9.19.jar
7f0c5bc54000-7f0c5bc5f000 r--s 00079000 08:02 7340750                    /home/roy/.gradle/wrapper/dists/gradle-2.9-all/1aw2ic01pldw5fkvoq6t1fsz4/gradle-2.9/lib/plugins/aws-java-sdk-s3-1.9.19.jar
7f0c5bc5f000-7f0c5bc60000 r--s 00003000 08:02 7340723                    /home/roy/.gradle/wrapper/dists/gradle-2.9-all/1aw2ic01pldw5fkvoq6t1fsz4/gradle-2.9/lib/plugins/gradle-resources-s3-2.9.jar
7f0c5bc60000-7f0c5bc61000 r--s 00004000 08:02 7340722                    /home/roy/.gradle/wrapper/dists/gradle-2.9-all/1aw2ic01pldw5fkvoq6t1fsz4/gradle-2.9/lib/plugins/gradle-resources-sftp-2.9.jar
7f0c5bc61000-7f0c5bc62000 r--s 00001000 08:02 7340719                    /home/roy/.gradle/wrapper/dists/gradle-2.9-all/1aw2ic01pldw5fkvoq6t1fsz4/gradle-2.9/lib/plugins/gradle-plugin-development-2.9.jar
7f0c5bc62000-7f0c5bc64000 r--s 00005000 08:02 7340718                    /home/roy/.gradle/wrapper/dists/gradle-2.9-all/1aw2ic01pldw5fkvoq6t1fsz4/gradle-2.9/lib/plugins/gradle-testing-native-2.9.jar
7f0c5bc64000-7f0c5bc69000 r--s 0002b000 08:02 7340717                    /home/roy/.gradle/wrapper/dists/gradle-2.9-all/1aw2ic01pldw5fkvoq6t1fsz4/gradle-2.9/lib/plugins/gradle-ide-native-2.9.jar
7f0c5bc69000-7f0c5bc6e000 r--s 00019000 08:02 7340716                    /home/roy/.gradle/wrapper/dists/gradle-2.9-all/1aw2ic01pldw5fkvoq6t1fsz4/gradle-2.9/lib/plugins/gradle-language-native-2.9.jar
7f0c5bc6e000-7f0c5bc74000 r--s 00027000 08:02 7340715                    /home/roy/.gradle/wrapper/dists/gradle-2.9-all/1aw2ic01pldw5fkvoq6t1fsz4/gradle-2.9/lib/plugins/gradle-platform-play-2.9.jar
7f0c5bc74000-7f0c5bc81000 r--s 0004f000 08:02 7340714                    /home/roy/.gradle/wrapper/dists/gradle-2.9-all/1aw2ic01pldw5fkvoq6t1fsz4/gradle-2.9/lib/plugins/gradle-platform-native-2.9.jar
7f0c5bc81000-7f0c5bc84000 r--s 00008000 08:02 7340713                    /home/roy/.gradle/wrapper/dists/gradle-2.9-all/1aw2ic01pldw5fkvoq6t1fsz4/gradle-2.9/lib/plugins/gradle-language-scala-2.9.jar
7f0c5bc84000-7f0c5bc86000 r--s 00009000 08:02 7340712                    /home/roy/.gradle/wrapper/dists/gradle-2.9-all/1aw2ic01pldw5fkvoq6t1fsz4/gradle-2.9/lib/plugins/gradle-language-groovy-2.9.jar
7f0c5bc86000-7f0c5bc8c000 r--s 00023000 08:02 7340711                    /home/roy/.gradle/wrapper/dists/gradle-2.9-all/1aw2ic01pldw5fkvoq6t1fsz4/gradle-2.9/lib/plugins/gradle-language-java-2.9.jar
7f0c5bc8c000-7f0c5bc8e000 r--s 00008000 08:02 7340710                    /home/roy/.gradle/wrapper/dists/gradle-2.9-all/1aw2ic01pldw5fkvoq6t1fsz4/gradle-2.9/lib/plugins/gradle-language-jvm-2.9.jar
7f0c5bc8e000-7f0c5bc91000 r--s 0000f000 08:02 7340709                    /home/roy/.gradle/wrapper/dists/gradle-2.9-all/1aw2ic01pldw5fkvoq6t1fsz4/gradle-2.9/lib/plugins/gradle-platform-jvm-2.9.jar
7f0c5bc91000-7f0c5bc9a000 r--s 00037000 08:02 7340708                    /home/roy/.gradle/wrapper/dists/gradle-2.9-all/1aw2ic01pldw5fkvoq6t1fsz4/gradle-2.9/lib/plugins/gradle-platform-base-2.9.jar
7f0c5bc9a000-7f0c5bc9e000 r--s 00020000 08:02 7340707                    /home/roy/.gradle/wrapper/dists/gradle-2.9-all/1aw2ic01pldw5fkvoq6t1fsz4/gradle-2.9/lib/plugins/gradle-build-init-2.9.jar
7f0c5bc9e000-7f0c5bca1000 r--s 00017000 08:02 7340706                    /home/roy/.gradle/wrapper/dists/gradle-2.9-all/1aw2ic01pldw5fkvoq6t1fsz4/gradle-2.9/lib/plugins/gradle-jacoco-2.9.jar
7f0c5bca1000-7f0c5bca4000 r--s 0000e000 08:02 7340705                    /home/roy/.gradle/wrapper/dists/gradle-2.9-all/1aw2ic01pldw5fkvoq6t1fsz4/gradle-2.9/lib/plugins/gradle-ivy-2.9.jar
7f0c5bca4000-7f0c5bca6000 r--s 00002000 08:02 7340704                    /home/roy/.gradle/wrapper/dists/gradle-2.9-all/1aw2ic01pldw5fkvoq6t1fsz4/gradle-2.9/lib/plugins/gradle-publish-2.9.jar
7f0c5bca6000-7f0c5bca8000 r--s 00005000 08:02 7340746                    /home/roy/.gradle/wrapper/dists/gradle-2.9-all/1aw2ic01pldw5fkvoq6t1fsz4/gradle-2.9/lib/plugins/jatl-0.2.2.jar
7f0c5bca8000-7f0c5bcaa000 r--s 0000f000 08:02 7340703                    /home/roy/.gradle/wrapper/dists/gradle-2.9-all/1aw2ic01pldw5fkvoq6t1fsz4/gradle-2.9/lib/plugins/gradle-reporting-2.9.jar
7f0c5bcaa000-7f0c5bcaf000 r--s 00035000 08:02 7340702                    /home/roy/.gradle/wrapper/dists/gradle-2.9-all/1aw2ic01pldw5fkvoq6t1fsz4/gradle-2.9/lib/plugins/gradle-diagnostics-2.9.jar
7f0c5bcaf000-7f0c5bcb6000 r--s 0008f000 08:02 7340701                    /home/roy/.gradle/wrapper/dists/gradle-2.9-all/1aw2ic01pldw5fkvoq6t1fsz4/gradle-2.9/lib/plugins/gradle-build-comparison-2.9.jar
7f0c5bcb6000-7f0c5bcbd000 r--s 00035000 08:02 7340745                    /home/roy/.gradle/wrapper/dists/gradle-2.9-all/1aw2ic01pldw5fkvoq6t1fsz4/gradle-2.9/lib/plugins/simple-4.1.21.jar
7f0c5bcbd000-7f0c5bcc9000 r--s 00100000 08:02 7340743                    /home/roy/.gradle/wrapper/dists/gradle-2.9-all/1aw2ic01pldw5fkvoq6t1fsz4/gradle-2.9/lib/plugins/rhino-1.7R3.jar
7f0c5bcc9000-7f0c5bccd000 r--s 0001c000 08:02 7340700                    /home/roy/.gradle/wrapper/dists/gradle-2.9-all/1aw2ic01pldw5fkvoq6t1fsz4/gradle-2.9/lib/plugins/gradle-javascript-2.9.jar
7f0c5bccd000-7f0c5bccf000 r--s 0000b000 08:02 7340699                    /home/roy/.gradle/wrapper/dists/gradle-2.9-all/1aw2ic01pldw5fkvoq6t1fsz4/gradle-2.9/lib/plugins/gradle-ear-2.9.jar
7f0c5bccf000-7f0c5bcd6000 r--s 00038000 08:02 7340742                    /home/roy/.gradle/wrapper/dists/gradle-2.9-all/1aw2ic01pldw5fkvoq6t1fsz4/gradle-2.9/lib/plugins/bcpg-jdk15on-1.51.jar
7f0c5bcd6000-7f0c5bcd8000 r--s 00017000 08:02 7340698                    /home/roy/.gradle/wrapper/dists/gradle-2.9-all/1aw2ic01pldw5fkvoq6t1fsz4/gradle-2.9/lib/plugins/gradle-signing-2.9.jar
7f0c5bcd8000-7f0c5bcd9000 r--s 00002000 08:02 7340741                    /home/roy/.gradle/wrapper/dists/gradle-2.9-all/1aw2ic01pldw5fkvoq6t1fsz4/gradle-2.9/lib/plugins/sonar-batch-bootstrapper-2.9.jar
7f0c5bcd9000-7f0c5bcdc000 r--s 00015000 08:02 7340697                    /home/roy/.gradle/wrapper/dists/gradle-2.9-all/1aw2ic01pldw5fkvoq6t1fsz4/gradle-2.9/lib/plugins/gradle-sonar-2.9.jar
7f0c5bcdc000-7f0c5bcdf000 r--s 00010000 08:02 7340696                    /home/roy/.gradle/wrapper/dists/gradle-2.9-all/1aw2ic01pldw5fkvoq6t1fsz4/gradle-2.9/lib/plugins/gradle-scala-2.9.jar
7f0c5bcdf000-7f0c5bce1000 r--s 0000a000 08:02 7340695                    /home/roy/.gradle/wrapper/dists/gradle-2.9-all/1aw2ic01pldw5fkvoq6t1fsz4/gradle-2.9/lib/plugins/gradle-announce-2.9.jar
7f0c5bce1000-7f0c5bcef000 r--s 0009f000 08:02 7340694                    /home/roy/.gradle/wrapper/dists/gradle-2.9-all/1aw2ic01pldw5fkvoq6t1fsz4/gradle-2.9/lib/plugins/gradle-ide-2.9.jar
7f0c5bcef000-7f0c5bcf2000 r--s 0000c000 08:02 7340740                    /home/roy/.gradle/wrapper/dists/gradle-2.9-all/1aw2ic01pldw5fkvoq6t1fsz4/gradle-2.9/lib/plugins/pmaven-groovy-0.8-20100325.jar
7f0c5bcf2000-7f0c5bcf3000 r--s 00004000 08:02 7340739                    /home/roy/.gradle/wrapper/dists/gradle-2.9-all/1aw2ic01pldw5fkvoq6t1fsz4/gradle-2.9/lib/plugins/pmaven-common-0.8-20100325.jar
7f0c5bcf3000-7f0c5bcf9000 r--s 00022000 08:02 7340693                    /home/roy/.gradle/wrapper/dists/gradle-2.9-all/1aw2ic01pldw5fkvoq6t1fsz4/gradle-2.9/lib/plugins/gradle-maven-2.9.jar
7f0c5bcf9000-7f0c5bd1a000 r--s 001c3000 08:02 7340737                    /home/roy/.gradle/wrapper/dists/gradle-2.9-all/1aw2ic01pldw5fkvoq6t1fsz4/gradle-2.9/lib/plugins/bndlib-2.4.0.jar
7f0c5bd1a000-7f0c5bd1c000 r--s 00004000 08:02 7340692                    /home/roy/.gradle/wrapper/dists/gradle-2.9-all/1aw2ic01pldw5fkvoq6t1fsz4/gradle-2.9/lib/plugins/gradle-osgi-2.9.jar
7f0c5bd1c000-7f0c5bd1e000 r--s 00008000 08:02 7340691                    /home/roy/.gradle/wrapper/dists/gradle-2.9-all/1aw2ic01pldw5fkvoq6t1fsz4/gradle-2.9/lib/plugins/gradle-antlr-2.9.jar
7f0c5bd1e000-7f0c5bd21000 r--s 0001e000 08:02 7340765                    /home/roy/.gradle/wrapper/dists/gradle-2.9-all/1aw2ic01pldw5fkvoq6t1fsz4/gradle-2.9/lib/plugins/jsp-api-2.1-6.1.14.jar
7f0c5bd21000-7f0c5bd44000 r--s 00344000 08:02 7340764                    /home/roy/.gradle/wrapper/dists/gradle-2.9-all/1aw2ic01pldw5fkvoq6t1fsz4/gradle-2.9/lib/plugins/core-3.1.1.jar
7f0c5bd44000-7f0c5bd45000 r--s 00006000 08:02 7340763                    /home/roy/.gradle/wrapper/dists/gradle-2.9-all/1aw2ic01pldw5fkvoq6t1fsz4/gradle-2.9/lib/plugins/jetty-naming-6.1.25.jar
7f0c5bd45000-7f0c5bd46000 r--s 00002000 08:02 7340736                    /home/roy/.gradle/wrapper/dists/gradle-2.9-all/1aw2ic01pldw5fkvoq6t1fsz4/gradle-2.9/lib/plugins/geronimo-annotation_1.0_spec-1.0.jar
7f0c5bd46000-7f0c5bd48000 r--s 00002000 08:02 7340735                    /home/roy/.gradle/wrapper/dists/gradle-2.9-all/1aw2ic01pldw5fkvoq6t1fsz4/gradle-2.9/lib/plugins/jetty-annotations-6.1.25.jar
7f0c5bd48000-7f0c5bd59000 r--s 000ea000 08:02 7340734                    /home/roy/.gradle/wrapper/dists/gradle-2.9-all/1aw2ic01pldw5fkvoq6t1fsz4/gradle-2.9/lib/plugins/jsp-2.1-6.1.14.jar
7f0c5bd59000-7f0c5bd5b000 r--s 0000d000 08:02 7340733                    /home/roy/.gradle/wrapper/dists/gradle-2.9-all/1aw2ic01pldw5fkvoq6t1fsz4/gradle-2.9/lib/plugins/jetty-plus-6.1.25.jar
7f0c5bd5b000-7f0c5bd5d000 r--s 0001f000 08:02 7340732                    /home/roy/.gradle/wrapper/dists/gradle-2.9-all/1aw2ic01pldw5fkvoq6t1fsz4/gradle-2.9/lib/plugins/servlet-api-2.5-20081211.jar
7f0c5bd5d000-7f0c5bd61000 r--s 00028000 08:02 7340731                    /home/roy/.gradle/wrapper/dists/gradle-2.9-all/1aw2ic01pldw5fkvoq6t1fsz4/gradle-2.9/lib/plugins/jetty-util-6.1.25.jar
7f0c5bd61000-7f0c5bd68000 r--s 0007d000 08:02 7340730                    /home/roy/.gradle/wrapper/dists/gradle-2.9-all/1aw2ic01pldw5fkvoq6t1fsz4/gradle-2.9/lib/plugins/jetty-6.1.25.jar
7f0c5bd68000-7f0c5bd6a000 r--s 00009000 08:02 7340690                    /home/roy/.gradle/wrapper/dists/gradle-2.9-all/1aw2ic01pldw5fkvoq6t1fsz4/gradle-2.9/lib/plugins/gradle-jetty-2.9.jar
7f0c5bd6a000-7f0c5bd70000 r--s 00036000 08:02 7340689                    /home/roy/.gradle/wrapper/dists/gradle-2.9-all/1aw2ic01pldw5fkvoq6t1fsz4/gradle-2.9/lib/plugins/gradle-code-quality-2.9.jar
7f0c5bd70000-7f0c5bd72000 r--s 00009000 08:02 7340795                    /home/roy/.gradle/wrapper/dists/gradle-2.9-all/1aw2ic01pldw5fkvoq6t1fsz4/gradle-2.9/lib/plugins/hamcrest-core-1.3.jar
7f0c5bd72000-7f0c5bd78000 r--s 00033000 08:02 7340762                    /home/roy/.gradle/wrapper/dists/gradle-2.9-all/1aw2ic01pldw5fkvoq6t1fsz4/gradle-2.9/lib/plugins/snakeyaml-1.6.jar
7f0c5bd78000-7f0c5bd7a000 r--s 00006000 08:02 7340761                    /home/roy/.gradle/wrapper/dists/gradle-2.9-all/1aw2ic01pldw5fkvoq6t1fsz4/gradle-2.9/lib/plugins/jcommander-1.12.jar
7f0c5bd7a000-7f0c5bd7f000 r--s 00040000 08:02 7340760                    /home/roy/.gradle/wrapper/dists/gradle-2.9-all/1aw2ic01pldw5fkvoq6t1fsz4/gradle-2.9/lib/plugins/bsh-2.0b4.jar
7f0c5bd7f000-7f0c5bd81000 r--s 00009000 08:02 7340729                    /home/roy/.gradle/wrapper/dists/gradle-2.9-all/1aw2ic01pldw5fkvoq6t1fsz4/gradle-2.9/lib/plugins/commons-cli-1.2.jar
7f0c5bd81000-7f0c5bd8a000 r--s 00089000 08:02 7340728                    /home/roy/.gradle/wrapper/dists/gradle-2.9-all/1aw2ic01pldw5fkvoq6t1fsz4/gradle-2.9/lib/plugins/testng-6.3.1.jar
7f0c5bd8a000-7f0c5bd92000 r--s 00045000 08:02 7340727                    /home/roy/.gradle/wrapper/dists/gradle-2.9-all/1aw2ic01pldw5fkvoq6t1fsz4/gradle-2.9/lib/plugins/junit-4.12.jar
7f0c5bd92000-7f0c5bd9e000 r--s 00074000 08:02 7340688                    /home/roy/.gradle/wrapper/dists/gradle-2.9-all/1aw2ic01pldw5fkvoq6t1fsz4/gradle-2.9/lib/plugins/gradle-plugins-2.9.jar
7f0c5bd9e000-7f0c5bdb6000 r--s 00115000 08:02 7340793                    /home/roy/.gradle/wrapper/dists/gradle-2.9-all/1aw2ic01pldw5fkvoq6t1fsz4/gradle-2.9/lib/plugins/xercesImpl-2.9.1.jar
7f0c5bdb6000-7f0c5bdbe000 r--s 00028000 08:02 7340794                    /home/roy/.gradle/wrapper/dists/gradle-2.9-all/1aw2ic01pldw5fkvoq6t1fsz4/gradle-2.9/lib/plugins/xml-apis-1.3.04.jar
7f0c5bdbe000-7f0c5bdc4000 r--s 0005b000 08:02 7340792                    /home/roy/.gradle/wrapper/dists/gradle-2.9-all/1aw2ic01pldw5fkvoq6t1fsz4/gradle-2.9/lib/plugins/jcifs-1.3.17.jar
7f0c5bdc4000-7f0c5bdca000 r--s 00031000 08:02 7340791                    /home/roy/.gradle/wrapper/dists/gradle-2.9-all/1aw2ic01pldw5fkvoq6t1fsz4/gradle-2.9/lib/plugins/httpcore-4.2.2.jar
7f0c5bdca000-7f0c5bdd0000 r--s 00033000 08:02 7340790                    /home/roy/.gradle/wrapper/dists/gradle-2.9-all/1aw2ic01pldw5fkvoq6t1fsz4/gradle-2.9/lib/plugins/commons-codec-1.6.jar
7f0c5bdd0000-7f0c5bdd3000 r--s 0001c000 08:02 7340748                    /home/roy/.gradle/wrapper/dists/gradle-2.9-all/1aw2ic01pldw5fkvoq6t1fsz4/gradle-2.9/lib/plugins/nekohtml-1.9.14.jar
7f0c5bdd3000-7f0c5bddc000 r--s 00060000 08:02 7340747                    /home/roy/.gradle/wrapper/dists/gradle-2.9-all/1aw2ic01pldw5fkvoq6t1fsz4/gradle-2.9/lib/plugins/httpclient-4.2.2.jar
7f0c5bddc000-7f0c5bdde000 r--s 00009000 08:02 7340721                    /home/roy/.gradle/wrapper/dists/gradle-2.9-all/1aw2ic01pldw5fkvoq6t1fsz4/gradle-2.9/lib/plugins/gradle-resources-http-2.9.jar
7f0c5bdde000-7f0c5bde1000 r--s 00011000 08:02 7340720                    /home/roy/.gradle/wrapper/dists/gradle-2.9-all/1aw2ic01pldw5fkvoq6t1fsz4/gradle-2.9/lib/plugins/gradle-plugin-use-2.9.jar
7f0c5bde1000-7f0c5bde2000 r--s 00007000 08:02 7340789                    /home/roy/.gradle/wrapper/dists/gradle-2.9-all/1aw2ic01pldw5fkvoq6t1fsz4/gradle-2.9/lib/plugins/wagon-http-shared4-2.4.jar
7f0c5bde2000-7f0c5bde6000 r--s 00033000 08:02 7340788                    /home/roy/.gradle/wrapper/dists/gradle-2.9-all/1aw2ic01pldw5fkvoq6t1fsz4/gradle-2.9/lib/plugins/plexus-utils-2.0.6.jar
7f0c5bde6000-7f0c5bdea000 r--s 00021000 08:02 7340787                    /home/roy/.gradle/wrapper/dists/gradle-2.9-all/1aw2ic01pldw5fkvoq6t1fsz4/gradle-2.9/lib/plugins/maven-model-builder-3.0.4.jar
7f0c5bdea000-7f0c5be00000 r-xp 00000000 08:02 2624980                    /usr/lib/libgcc_s.so.1
7f0c5be00000-7f0c5bfff000 ---p 00016000 08:02 2624980                    /usr/lib/libgcc_s.so.1
7f0c5bfff000-7f0c5c000000 rw-p 00015000 08:02 2624980                    /usr/lib/libgcc_s.so.1
7f0c5c000000-7f0c5c021000 rw-p 00000000 00:00 0 
7f0c5c021000-7f0c60000000 ---p 00000000 00:00 0 
7f0c60000000-7f0c60001000 r--s 00002000 08:02 7340786                    /home/roy/.gradle/wrapper/dists/gradle-2.9-all/1aw2ic01pldw5fkvoq6t1fsz4/gradle-2.9/lib/plugins/wagon-file-2.4.jar
7f0c60001000-7f0c60003000 r--s 00002000 08:02 7340785                    /home/roy/.gradle/wrapper/dists/gradle-2.9-all/1aw2ic01pldw5fkvoq6t1fsz4/gradle-2.9/lib/plugins/plexus-cipher-1.7.jar
7f0c60003000-7f0c60006000 r--s 00013000 08:02 7340784                    /home/roy/.gradle/wrapper/dists/gradle-2.9-all/1aw2ic01pldw5fkvoq6t1fsz4/gradle-2.9/lib/plugins/aether-api-1.13.1.jar
7f0c60006000-7f0c60008000 r--s 0000a000 08:02 7340783                    /home/roy/.gradle/wrapper/dists/gradle-2.9-all/1aw2ic01pldw5fkvoq6t1fsz4/gradle-2.9/lib/plugins/maven-settings-3.0.4.jar
7f0c60008000-7f0c6000a000 r--s 0000d000 08:02 7340782                    /home/roy/.gradle/wrapper/dists/gradle-2.9-all/1aw2ic01pldw5fkvoq6t1fsz4/gradle-2.9/lib/plugins/plexus-interpolation-1.14.jar
7f0c6000a000-7f0c6000c000 r--s 0000b000 08:02 7340781                    /home/roy/.gradle/wrapper/dists/gradle-2.9-all/1aw2ic01pldw5fkvoq6t1fsz4/gradle-2.9/lib/plugins/maven-artifact-3.0.4.jar
7f0c6000c000-7f0c60013000 r--s 0002e000 08:02 7340780                    /home/roy/.gradle/wrapper/dists/gradle-2.9-all/1aw2ic01pldw5fkvoq6t1fsz4/gradle-2.9/lib/plugins/plexus-container-default-1.5.5.jar
7f0c60013000-7f0c60015000 r--s 0000b000 08:02 7340779                    /home/roy/.gradle/wrapper/dists/gradle-2.9-all/1aw2ic01pldw5fkvoq6t1fsz4/gradle-2.9/lib/plugins/maven-plugin-api-3.0.4.jar
7f0c60015000-7f0c60017000 r--s 00000000 08:02 7340796                    /home/roy/.gradle/wrapper/dists/gradle-2.9-all/1aw2ic01pldw5fkvoq6t1fsz4/gradle-2.9/lib/plugins/plexus-component-annotations-1.5.5.jar
7f0c60017000-7f0c6001d000 r--s 0003f000 08:02 7340778                    /home/roy/.gradle/wrapper/dists/gradle-2.9-all/1aw2ic01pldw5fkvoq6t1fsz4/gradle-2.9/lib/plugins/maven-compat-3.0.4.jar
7f0c6001d000-7f0c60020000 r--s 00008000 08:02 7340777                    /home/roy/.gradle/wrapper/dists/gradle-2.9-all/1aw2ic01pldw5fkvoq6t1fsz4/gradle-2.9/lib/plugins/maven-settings-builder-3.0.4.jar
7f0c60020000-7f0c60021000 r--s 00002000 08:02 7340776                    /home/roy/.gradle/wrapper/dists/gradle-2.9-all/1aw2ic01pldw5fkvoq6t1fsz4/gradle-2.9/lib/plugins/wagon-http-2.4.jar
7f0c60021000-7f0c60023000 r--s 00026000 08:02 7340775                    /home/roy/.gradle/wrapper/dists/gradle-2.9-all/1aw2ic01pldw5fkvoq6t1fsz4/gradle-2.9/lib/plugins/maven-model-3.0.4.jar
7f0c60023000-7f0c60025000 r--s 00006000 08:02 7340774                    /home/roy/.gradle/wrapper/dists/gradle-2.9-all/1aw2ic01pldw5fkvoq6t1fsz4/gradle-2.9/lib/plugins/aether-connector-wagon-1.13.1.jar
7f0c60025000-7f0c60027000 r--s 0000a000 08:02 7340773                    /home/roy/.gradle/wrapper/dists/gradle-2.9-all/1aw2ic01pldw5fkvoq6t1fsz4/gradle-2.9/lib/plugins/plexus-classworlds-2.4.jar
7f0c60027000-7f0c60029000 r--s 00006000 08:02 7340772                    /home/roy/.gradle/wrapper/dists/gradle-2.9-all/1aw2ic01pldw5fkvoq6t1fsz4/gradle-2.9/lib/plugins/maven-repository-metadata-3.0.4.jar
7f0c60029000-7f0c6002b000 r--s 0000c000 08:02 7340771                    /home/roy/.gradle/wrapper/dists/gradle-2.9-all/1aw2ic01pldw5fkvoq6t1fsz4/gradle-2.9/lib/plugins/maven-aether-provider-3.0.4.jar
7f0c6002b000-7f0c6002d000 r--s 0000b000 08:02 7340770                    /home/roy/.gradle/wrapper/dists/gradle-2.9-all/1aw2ic01pldw5fkvoq6t1fsz4/gradle-2.9/lib/plugins/wagon-provider-api-2.4.jar
7f0c6002d000-7f0c6002e000 r--s 00003000 08:02 7340769                    /home/roy/.gradle/wrapper/dists/gradle-2.9-all/1aw2ic01pldw5fkvoq6t1fsz4/gradle-2.9/lib/plugins/aether-spi-1.13.1.jar
7f0c6002e000-7f0c60032000 r--s 0001c000 08:02 7340768                    /home/roy/.gradle/wrapper/dists/gradle-2.9-all/1aw2ic01pldw5fkvoq6t1fsz4/gradle-2.9/lib/plugins/aether-util-1.13.1.jar
7f0c60032000-7f0c60035000 r--s 0001d000 08:02 7340767                    /home/roy/.gradle/wrapper/dists/gradle-2.9-all/1aw2ic01pldw5fkvoq6t1fsz4/gradle-2.9/lib/plugins/aether-impl-1.13.1.jar
7f0c60035000-7f0c60036000 r--s 00006000 08:02 7340766                    /home/roy/.gradle/wrapper/dists/gradle-2.9-all/1aw2ic01pldw5fkvoq6t1fsz4/gradle-2.9/lib/plugins/plexus-sec-dispatcher-1.3.jar
7f0c60036000-7f0c6003a000 r--s 0003d000 08:02 7340749                    /home/roy/.gradle/wrapper/dists/gradle-2.9-all/1aw2ic01pldw5fkvoq6t1fsz4/gradle-2.9/lib/plugins/jsch-0.1.51.jar
7f0c6003a000-7f0c6007a000 r--s 00277000 08:02 7340759                    /home/roy/.gradle/wrapper/dists/gradle-2.9-all/1aw2ic01pldw5fkvoq6t1fsz4/gradle-2.9/lib/plugins/bcprov-jdk15on-1.51.jar
7f0c6007a000-7f0c60086000 r--s 0007d000 08:02 7340738                    /home/roy/.gradle/wrapper/dists/gradle-2.9-all/1aw2ic01pldw5fkvoq6t1fsz4/gradle-2.9/lib/plugins/maven-core-3.0.4.jar
7f0c60086000-7f0c6008b000 r--s 0002a000 08:02 7340744                    /home/roy/.gradle/wrapper/dists/gradle-2.9-all/1aw2ic01pldw5fkvoq6t1fsz4/gradle-2.9/lib/plugins/gson-2.2.4.jar
7f0c6008b000-7f0c60203000 r-xp 00000000 08:02 2625016                    /usr/lib/libstdc++.so.6.0.22
7f0c60203000-7f0c60402000 ---p 00178000 08:02 2625016                    /usr/lib/libstdc++.so.6.0.22
7f0c60402000-7f0c6040c000 r--p 00177000 08:02 2625016                    /usr/lib/libstdc++.so.6.0.22
7f0c6040c000-7f0c6040e000 rw-p 00181000 08:02 2625016                    /usr/lib/libstdc++.so.6.0.22
7f0c6040e000-7f0c60412000 rw-p 00000000 00:00 0 
7f0c60412000-7f0c60416000 r--s 0001d000 08:02 7340758                    /home/roy/.gradle/wrapper/dists/gradle-2.9-all/1aw2ic01pldw5fkvoq6t1fsz4/gradle-2.9/lib/plugins/xbean-reflect-3.4.jar
7f0c60416000-7f0c60425000 r--s 000d9000 08:02 7340757                    /home/roy/.gradle/wrapper/dists/gradle-2.9-all/1aw2ic01pldw5fkvoq6t1fsz4/gradle-2.9/lib/plugins/ivy-2.2.0.jar
7f0c60425000-7f0c60441000 r--s 000c9000 08:02 7340725                    /home/roy/.gradle/wrapper/dists/gradle-2.9-all/1aw2ic01pldw5fkvoq6t1fsz4/gradle-2.9/lib/plugins/gradle-dependency-management-2.9.jar
7f0c60441000-7f0c60445000 r-xp 00000000 08:02 5639600                    /home/roy/.gradle/native/19/linux-amd64/libnative-platform.so
7f0c60445000-7f0c60644000 ---p 00004000 08:02 5639600                    /home/roy/.gradle/native/19/linux-amd64/libnative-platform.so
7f0c60644000-7f0c60645000 rw-p 00003000 08:02 5639600                    /home/roy/.gradle/native/19/linux-amd64/libnative-platform.so
7f0c60645000-7f0c60656000 r-xp 00000000 08:02 3421822                    /usr/lib/jvm/java-8-jdk/jre/lib/amd64/libnio.so
7f0c60656000-7f0c60855000 ---p 00011000 08:02 3421822                    /usr/lib/jvm/java-8-jdk/jre/lib/amd64/libnio.so
7f0c60855000-7f0c60856000 rw-p 00010000 08:02 3421822                    /usr/lib/jvm/java-8-jdk/jre/lib/amd64/libnio.so
7f0c60856000-7f0c6086c000 r-xp 00000000 08:02 3421825                    /usr/lib/jvm/java-8-jdk/jre/lib/amd64/libnet.so
7f0c6086c000-7f0c60a6c000 ---p 00016000 08:02 3421825                    /usr/lib/jvm/java-8-jdk/jre/lib/amd64/libnet.so
7f0c60a6c000-7f0c60a6d000 rw-p 00016000 08:02 3421825                    /usr/lib/jvm/java-8-jdk/jre/lib/amd64/libnet.so
7f0c60a6d000-7f0c60a6e000 r--s 00006000 08:02 7340641                    /home/roy/.gradle/wrapper/dists/gradle-2.9-all/1aw2ic01pldw5fkvoq6t1fsz4/gradle-2.9/lib/gradle-wrapper-2.9.jar
7f0c60a6e000-7f0c60a7a000 r--s 0003a000 08:02 7340646                    /home/roy/.gradle/wrapper/dists/gradle-2.9-all/1aw2ic01pldw5fkvoq6t1fsz4/gradle-2.9/lib/gradle-tooling-api-2.9.jar
7f0c60a7a000-7f0c60a7c000 r--s 00002000 08:02 7340668                    /home/roy/.gradle/wrapper/dists/gradle-2.9-all/1aw2ic01pldw5fkvoq6t1fsz4/gradle-2.9/lib/gradle-open-api-2.9.jar
7f0c60a7c000-7f0c60a82000 r--s 00032000 08:02 7340670                    /home/roy/.gradle/wrapper/dists/gradle-2.9-all/1aw2ic01pldw5fkvoq6t1fsz4/gradle-2.9/lib/jaxen-1.1.jar
7f0c60a82000-7f0c60a87000 r--s 00048000 08:02 7340669                    /home/roy/.gradle/wrapper/dists/gradle-2.9-all/1aw2ic01pldw5fkvoq6t1fsz4/gradle-2.9/lib/dom4j-1.6.1.jar
7f0c60a87000-7f0c60a92000 r--s 00059000 08:02 7340645                    /home/roy/.gradle/wrapper/dists/gradle-2.9-all/1aw2ic01pldw5fkvoq6t1fsz4/gradle-2.9/lib/gradle-ui-2.9.jar
7f0c60a92000-7f0c60a95000 r--s 00008000 08:02 7340664                    /home/roy/.gradle/wrapper/dists/gradle-2.9-all/1aw2ic01pldw5fkvoq6t1fsz4/gradle-2.9/lib/gradle-resources-2.9.jar
7f0c60a95000-7f0c60a97000 r--s 00007000 08:02 7340686                    /home/roy/.gradle/wrapper/dists/gradle-2.9-all/1aw2ic01pldw5fkvoq6t1fsz4/gradle-2.9/lib/objenesis-1.2.jar
7f0c60a97000-7f0c60a99000 r--s 00000000 08:02 7340685                    /home/roy/.gradle/wrapper/dists/gradle-2.9-all/1aw2ic01pldw5fkvoq6t1fsz4/gradle-2.9/lib/minlog-1.2.jar
7f0c60a99000-7f0c60a9b000 r--s 0000f000 08:02 7340684                    /home/roy/.gradle/wrapper/dists/gradle-2.9-all/1aw2ic01pldw5fkvoq6t1fsz4/gradle-2.9/lib/reflectasm-1.07-shaded.jar
7f0c60a9b000-7f0c60a9f000 r--s 00026000 08:02 7340675                    /home/roy/.gradle/wrapper/dists/gradle-2.9-all/1aw2ic01pldw5fkvoq6t1fsz4/gradle-2.9/lib/kryo-2.20.jar
7f0c60a9f000-7f0c60aa8000 r--s 0003f000 08:02 7340663                    /home/roy/.gradle/wrapper/dists/gradle-2.9-all/1aw2ic01pldw5fkvoq6t1fsz4/gradle-2.9/lib/gradle-messaging-2.9.jar
7f0c60aa8000-7f0c60aa9000 r--s 00003000 08:02 7340683                    /home/roy/.gradle/wrapper/dists/gradle-2.9-all/1aw2ic01pldw5fkvoq6t1fsz4/gradle-2.9/lib/native-platform-freebsd-amd64-0.10.jar
7f0c60aa9000-7f0c60aaa000 r--s 00003000 08:02 7340682                    /home/roy/.gradle/wrapper/dists/gradle-2.9-all/1aw2ic01pldw5fkvoq6t1fsz4/gradle-2.9/lib/native-platform-freebsd-i386-0.10.jar
7f0c60aaa000-7f0c60aab000 r--s 00005000 08:02 7340681                    /home/roy/.gradle/wrapper/dists/gradle-2.9-all/1aw2ic01pldw5fkvoq6t1fsz4/gradle-2.9/lib/native-platform-windows-i386-0.10.jar
7f0c60aab000-7f0c60aac000 r--s 00005000 08:02 7340680                    /home/roy/.gradle/wrapper/dists/gradle-2.9-all/1aw2ic01pldw5fkvoq6t1fsz4/gradle-2.9/lib/native-platform-windows-amd64-0.10.jar
7f0c60aac000-7f0c60aad000 r--s 00003000 08:02 7340679                    /home/roy/.gradle/wrapper/dists/gradle-2.9-all/1aw2ic01pldw5fkvoq6t1fsz4/gradle-2.9/lib/native-platform-linux-i386-0.10.jar
7f0c60aad000-7f0c60aae000 r--s 00003000 08:02 7340678                    /home/roy/.gradle/wrapper/dists/gradle-2.9-all/1aw2ic01pldw5fkvoq6t1fsz4/gradle-2.9/lib/native-platform-linux-amd64-0.10.jar
7f0c60aae000-7f0c60aaf000 r--s 00002000 08:02 7340677                    /home/roy/.gradle/wrapper/dists/gradle-2.9-all/1aw2ic01pldw5fkvoq6t1fsz4/gradle-2.9/lib/native-platform-osx-amd64-0.10.jar
7f0c60aaf000-7f0c60ab1000 r--s 00008000 08:02 7340673                    /home/roy/.gradle/wrapper/dists/gradle-2.9-all/1aw2ic01pldw5fkvoq6t1fsz4/gradle-2.9/lib/jansi-1.2.1.jar
7f0c60ab1000-7f0c60ab4000 r--s 0000d000 08:02 7340672                    /home/roy/.gradle/wrapper/dists/gradle-2.9-all/1aw2ic01pldw5fkvoq6t1fsz4/gradle-2.9/lib/native-platform-0.10.jar
7f0c60ab4000-7f0c60ab8000 r--s 000e4000 08:02 7340671                    /home/roy/.gradle/wrapper/dists/gradle-2.9-all/1aw2ic01pldw5fkvoq6t1fsz4/gradle-2.9/lib/jna-3.2.7.jar
7f0c60ab8000-7f0c60aba000 r--s 00008000 08:02 7340647                    /home/roy/.gradle/wrapper/dists/gradle-2.9-all/1aw2ic01pldw5fkvoq6t1fsz4/gradle-2.9/lib/gradle-native-2.9.jar
7f0c60aba000-7f0c60abc000 r--s 00005000 08:02 7340644                    /home/roy/.gradle/wrapper/dists/gradle-2.9-all/1aw2ic01pldw5fkvoq6t1fsz4/gradle-2.9/lib/gradle-cli-2.9.jar
7f0c60abc000-7f0c60abe000 r--s 00006000 08:02 7340653                    /home/roy/.gradle/wrapper/dists/gradle-2.9-all/1aw2ic01pldw5fkvoq6t1fsz4/gradle-2.9/lib/gradle-model-groovy-2.9.jar
7f0c60abe000-7f0c60b2d000 r--s 0063e000 08:02 7340651                    /home/roy/.gradle/wrapper/dists/gradle-2.9-all/1aw2ic01pldw5fkvoq6t1fsz4/gradle-2.9/lib/groovy-all-2.4.4.jar
7f0c60b2d000-7f0c60b55000 r--s 001cf000 08:02 7340649                    /home/roy/.gradle/wrapper/dists/gradle-2.9-all/1aw2ic01pldw5fkvoq6t1fsz4/gradle-2.9/lib/guava-jdk5-17.0.jar
7f0c60b55000-7f0c60b56000 ---p 00000000 00:00 0 
7f0c60b56000-7f0c60c56000 rw-p 00000000 00:00 0 
7f0c60c56000-7f0c60c59000 ---p 00000000 00:00 0 
7f0c60c59000-7f0c60d57000 rw-p 00000000 00:00 0 
7f0c60d57000-7f0c60d5a000 ---p 00000000 00:00 0 
7f0c60d5a000-7f0c60e58000 rw-p 00000000 00:00 0 
7f0c60e58000-7f0c60e5b000 ---p 00000000 00:00 0 
7f0c60e5b000-7f0c60f59000 rw-p 00000000 00:00 0 
7f0c60f59000-7f0c60f5c000 ---p 00000000 00:00 0 
7f0c60f5c000-7f0c6105a000 rw-p 00000000 00:00 0 
7f0c6105a000-7f0c6105d000 ---p 00000000 00:00 0 
7f0c6105d000-7f0c6115b000 rw-p 00000000 00:00 0 
7f0c6115b000-7f0c6115e000 ---p 00000000 00:00 0 
7f0c6115e000-7f0c6125c000 rw-p 00000000 00:00 0 
7f0c6125c000-7f0c613f4000 r--p 00000000 08:02 2671584                    /usr/lib/locale/locale-archive
7f0c613f4000-7f0c613f7000 ---p 00000000 00:00 0 
7f0c613f7000-7f0c614f5000 rw-p 00000000 00:00 0 
7f0c614f5000-7f0c614f8000 ---p 00000000 00:00 0 
7f0c614f8000-7f0c615f6000 rw-p 00000000 00:00 0 
7f0c615f6000-7f0c615f7000 ---p 00000000 00:00 0 
7f0c615f7000-7f0c64000000 rw-p 00000000 00:00 0 
7f0c64000000-7f0c64021000 rw-p 00000000 00:00 0 
7f0c64021000-7f0c68000000 ---p 00000000 00:00 0 
7f0c68000000-7f0c68001000 r--s 00002000 08:02 7340676                    /home/roy/.gradle/wrapper/dists/gradle-2.9-all/1aw2ic01pldw5fkvoq6t1fsz4/gradle-2.9/lib/native-platform-osx-i386-0.10.jar
7f0c68001000-7f0c68002000 r--s 00006000 08:02 7340662                    /home/roy/.gradle/wrapper/dists/gradle-2.9-all/1aw2ic01pldw5fkvoq6t1fsz4/gradle-2.9/lib/gradle-base-services-groovy-2.9.jar
7f0c68002000-7f0c6800f000 r--s 0006d000 08:02 7340652                    /home/roy/.gradle/wrapper/dists/gradle-2.9-all/1aw2ic01pldw5fkvoq6t1fsz4/gradle-2.9/lib/gradle-model-core-2.9.jar
7f0c6800f000-7f0c68010000 r--s 00000000 08:02 7340665                    /home/roy/.gradle/wrapper/dists/gradle-2.9-all/1aw2ic01pldw5fkvoq6t1fsz4/gradle-2.9/lib/gradle-docs-2.9.jar
7f0c68010000-7f0c68012000 r--s 00003000 08:02 7340667                    /home/roy/.gradle/wrapper/dists/gradle-2.9-all/1aw2ic01pldw5fkvoq6t1fsz4/gradle-2.9/lib/jcl-over-slf4j-1.7.10.jar
7f0c68012000-7f0c68013000 r--s 00005000 08:02 7340666                    /home/roy/.gradle/wrapper/dists/gradle-2.9-all/1aw2ic01pldw5fkvoq6t1fsz4/gradle-2.9/lib/log4j-over-slf4j-1.7.10.jar
7f0c68013000-7f0c68014000 r--s 00000000 08:02 7340661                    /home/roy/.gradle/wrapper/dists/gradle-2.9-all/1aw2ic01pldw5fkvoq6t1fsz4/gradle-2.9/lib/javax.inject-1.jar
7f0c68014000-7f0c68017000 r--s 0001b000 08:02 7340660                    /home/roy/.gradle/wrapper/dists/gradle-2.9-all/1aw2ic01pldw5fkvoq6t1fsz4/gradle-2.9/lib/jarjar-1.3.jar
7f0c68017000-7f0c68036000 r--s 001cc000 08:02 7340655                    /home/roy/.gradle/wrapper/dists/gradle-2.9-all/1aw2ic01pldw5fkvoq6t1fsz4/gradle-2.9/lib/ant-1.9.3.jar
7f0c68036000-7f0c6806d000 r--s 001ba000 08:02 7340643                    /home/roy/.gradle/wrapper/dists/gradle-2.9-all/1aw2ic01pldw5fkvoq6t1fsz4/gradle-2.9/lib/gradle-core-2.9.jar
7f0c6806d000-7f0c69000000 rw-p 00000000 00:00 0 
7f0c69000000-7f0c69600000 rwxp 00000000 00:00 0 
7f0c69600000-7f0c78000000 ---p 00000000 00:00 0 
7f0c78000000-7f0c78b35000 rw-p 00000000 00:00 0 
7f0c78b35000-7f0c7c000000 ---p 00000000 00:00 0 
7f0c7c000000-7f0c7c002000 r--s 00000000 08:02 7340659                    /home/roy/.gradle/wrapper/dists/gradle-2.9-all/1aw2ic01pldw5fkvoq6t1fsz4/gradle-2.9/lib/jul-to-slf4j-1.7.10.jar
7f0c7c002000-7f0c7c003000 r--s 00000000 08:02 7340658                    /home/roy/.gradle/wrapper/dists/gradle-2.9-all/1aw2ic01pldw5fkvoq6t1fsz4/gradle-2.9/lib/jcip-annotations-1.0.jar
7f0c7c003000-7f0c7c006000 r--s 00018000 08:02 7340657                    /home/roy/.gradle/wrapper/dists/gradle-2.9-all/1aw2ic01pldw5fkvoq6t1fsz4/gradle-2.9/lib/commons-io-1.4.jar
7f0c7c006000-7f0c7c014000 r--s 0007f000 08:02 7340656                    /home/roy/.gradle/wrapper/dists/gradle-2.9-all/1aw2ic01pldw5fkvoq6t1fsz4/gradle-2.9/lib/commons-collections-3.2.1.jar
7f0c7c014000-7f0c7c019000 r--s 00036000 08:02 7340654                    /home/roy/.gradle/wrapper/dists/gradle-2.9-all/1aw2ic01pldw5fkvoq6t1fsz4/gradle-2.9/lib/asm-all-5.0.3.jar
7f0c7c019000-7f0c7c3ce000 rw-p 00000000 00:00 0 
7f0c7c3ce000-7f0c7c5a7000 r--s 03d24000 08:02 3421705                    /usr/lib/jvm/java-8-jdk/jre/lib/rt.jar
7f0c7c5a7000-7f0c7d01d000 rw-p 00000000 00:00 0 
7f0c7d01d000-7f0c7d01e000 ---p 00000000 00:00 0 
7f0c7d01e000-7f0c7d11e000 rw-p 00000000 00:00 0 
7f0c7d11e000-7f0c7d11f000 ---p 00000000 00:00 0 
7f0c7d11f000-7f0c7d21f000 rw-p 00000000 00:00 0 
7f0c7d21f000-7f0c7d220000 ---p 00000000 00:00 0 
7f0c7d220000-7f0c7d320000 rw-p 00000000 00:00 0 
7f0c7d320000-7f0c7d321000 ---p 00000000 00:00 0 
7f0c7d321000-7f0c7d421000 rw-p 00000000 00:00 0 
7f0c7d421000-7f0c7d422000 ---p 00000000 00:00 0 
7f0c7d422000-7f0c7d522000 rw-p 00000000 00:00 0 
7f0c7d522000-7f0c7d523000 ---p 00000000 00:00 0 
7f0c7d523000-7f0c7d623000 rw-p 00000000 00:00 0 
7f0c7d623000-7f0c7d624000 ---p 00000000 00:00 0 
7f0c7d624000-7f0c7d724000 rw-p 00000000 00:00 0 
7f0c7d724000-7f0c7d725000 ---p 00000000 00:00 0 
7f0c7d725000-7f0c7d84f000 rw-p 00000000 00:00 0 
7f0c7d84f000-7f0c7d97b000 ---p 00000000 00:00 0 
7f0c7d97b000-7f0c7d9a5000 rw-p 00000000 00:00 0 
7f0c7d9a5000-7f0c7dad0000 ---p 00000000 00:00 0 
7f0c7dad0000-7f0c7db18000 rw-p 00000000 00:00 0 
7f0c7db18000-7f0c7db7b000 ---p 00000000 00:00 0 
7f0c7db7b000-7f0c7db94000 rw-p 00000000 00:00 0 
7f0c7db94000-7f0c7df3c000 ---p 00000000 00:00 0 
7f0c7df3c000-7f0c7df56000 r-xp 00000000 08:02 3421829                    /usr/lib/jvm/java-8-jdk/jre/lib/amd64/libzip.so
7f0c7df56000-7f0c7e156000 ---p 0001a000 08:02 3421829                    /usr/lib/jvm/java-8-jdk/jre/lib/amd64/libzip.so
7f0c7e156000-7f0c7e157000 rw-p 0001a000 08:02 3421829                    /usr/lib/jvm/java-8-jdk/jre/lib/amd64/libzip.so
7f0c7e157000-7f0c7e162000 r-xp 00000000 08:02 2624725                    /usr/lib/libnss_files-2.23.so
7f0c7e162000-7f0c7e361000 ---p 0000b000 08:02 2624725                    /usr/lib/libnss_files-2.23.so
7f0c7e361000-7f0c7e362000 r--p 0000a000 08:02 2624725                    /usr/lib/libnss_files-2.23.so
7f0c7e362000-7f0c7e363000 rw-p 0000b000 08:02 2624725                    /usr/lib/libnss_files-2.23.so
7f0c7e363000-7f0c7e369000 rw-p 00000000 00:00 0 
7f0c7e369000-7f0c7e393000 r-xp 00000000 08:02 3421834                    /usr/lib/jvm/java-8-jdk/jre/lib/amd64/libjava.so
7f0c7e393000-7f0c7e593000 ---p 0002a000 08:02 3421834                    /usr/lib/jvm/java-8-jdk/jre/lib/amd64/libjava.so
7f0c7e593000-7f0c7e595000 rw-p 0002a000 08:02 3421834                    /usr/lib/jvm/java-8-jdk/jre/lib/amd64/libjava.so
7f0c7e595000-7f0c7e5a2000 r-xp 00000000 08:02 3421830                    /usr/lib/jvm/java-8-jdk/jre/lib/amd64/libverify.so
7f0c7e5a2000-7f0c7e7a2000 ---p 0000d000 08:02 3421830                    /usr/lib/jvm/java-8-jdk/jre/lib/amd64/libverify.so
7f0c7e7a2000-7f0c7e7a4000 rw-p 0000d000 08:02 3421830                    /usr/lib/jvm/java-8-jdk/jre/lib/amd64/libverify.so
7f0c7e7a4000-7f0c7e7ab000 r-xp 00000000 08:02 2624733                    /usr/lib/librt-2.23.so
7f0c7e7ab000-7f0c7e9aa000 ---p 00007000 08:02 2624733                    /usr/lib/librt-2.23.so
7f0c7e9aa000-7f0c7e9ab000 r--p 00006000 08:02 2624733                    /usr/lib/librt-2.23.so
7f0c7e9ab000-7f0c7e9ac000 rw-p 00007000 08:02 2624733                    /usr/lib/librt-2.23.so
7f0c7e9ac000-7f0c7eaaf000 r-xp 00000000 08:02 2624730                    /usr/lib/libm-2.23.so
7f0c7eaaf000-7f0c7ecae000 ---p 00103000 08:02 2624730                    /usr/lib/libm-2.23.so
7f0c7ecae000-7f0c7ecaf000 r--p 00102000 08:02 2624730                    /usr/lib/libm-2.23.so
7f0c7ecaf000-7f0c7ecb0000 rw-p 00103000 08:02 2624730                    /usr/lib/libm-2.23.so
7f0c7ecb0000-7f0c7f973000 r-xp 00000000 08:02 3421887                    /usr/lib/jvm/java-8-jdk/jre/lib/amd64/server/libjvm.so
7f0c7f973000-7f0c7fb72000 ---p 00cc3000 08:02 3421887                    /usr/lib/jvm/java-8-jdk/jre/lib/amd64/server/libjvm.so
7f0c7fb72000-7f0c7fc4b000 rw-p 00cc2000 08:02 3421887                    /usr/lib/jvm/java-8-jdk/jre/lib/amd64/server/libjvm.so
7f0c7fc4b000-7f0c7fc96000 rw-p 00000000 00:00 0 
7f0c7fc96000-7f0c7fe2d000 r-xp 00000000 08:02 2624654                    /usr/lib/libc-2.23.so
7f0c7fe2d000-7f0c8002d000 ---p 00197000 08:02 2624654                    /usr/lib/libc-2.23.so
7f0c8002d000-7f0c80031000 r--p 00197000 08:02 2624654                    /usr/lib/libc-2.23.so
7f0c80031000-7f0c80033000 rw-p 0019b000 08:02 2624654                    /usr/lib/libc-2.23.so
7f0c80033000-7f0c80037000 rw-p 00000000 00:00 0 
7f0c80037000-7f0c80039000 r-xp 00000000 08:02 2624729                    /usr/lib/libdl-2.23.so
7f0c80039000-7f0c80239000 ---p 00002000 08:02 2624729                    /usr/lib/libdl-2.23.so
7f0c80239000-7f0c8023a000 r--p 00002000 08:02 2624729                    /usr/lib/libdl-2.23.so
7f0c8023a000-7f0c8023b000 rw-p 00003000 08:02 2624729                    /usr/lib/libdl-2.23.so
7f0c8023b000-7f0c80250000 r-xp 00000000 08:02 3421886                    /usr/lib/jvm/java-8-jdk/jre/lib/amd64/jli/libjli.so
7f0c80250000-7f0c80450000 ---p 00015000 08:02 3421886                    /usr/lib/jvm/java-8-jdk/jre/lib/amd64/jli/libjli.so
7f0c80450000-7f0c80451000 rw-p 00015000 08:02 3421886                    /usr/lib/jvm/java-8-jdk/jre/lib/amd64/jli/libjli.so
7f0c80451000-7f0c80469000 r-xp 00000000 08:02 2624630                    /usr/lib/libpthread-2.23.so
7f0c80469000-7f0c80668000 ---p 00018000 08:02 2624630                    /usr/lib/libpthread-2.23.so
7f0c80668000-7f0c80669000 r--p 00017000 08:02 2624630                    /usr/lib/libpthread-2.23.so
7f0c80669000-7f0c8066a000 rw-p 00018000 08:02 2624630                    /usr/lib/libpthread-2.23.so
7f0c8066a000-7f0c8066e000 rw-p 00000000 00:00 0 
7f0c8066e000-7f0c80691000 r-xp 00000000 08:02 2624653                    /usr/lib/ld-2.23.so
7f0c80691000-7f0c80696000 r--s 00041000 08:02 7340650                    /home/roy/.gradle/wrapper/dists/gradle-2.9-all/1aw2ic01pldw5fkvoq6t1fsz4/gradle-2.9/lib/commons-lang-2.6.jar
7f0c80696000-7f0c80697000 r--s 00007000 08:02 7340648                    /home/roy/.gradle/wrapper/dists/gradle-2.9-all/1aw2ic01pldw5fkvoq6t1fsz4/gradle-2.9/lib/slf4j-api-1.7.10.jar
7f0c80697000-7f0c8075c000 rw-p 00000000 00:00 0 
7f0c8075c000-7f0c8075f000 ---p 00000000 00:00 0 
7f0c8075f000-7f0c80861000 rw-p 00000000 00:00 0 
7f0c80861000-7f0c80862000 r--s 00004000 08:02 7340674                    /home/roy/.gradle/wrapper/dists/gradle-2.9-all/1aw2ic01pldw5fkvoq6t1fsz4/gradle-2.9/lib/ant-launcher-1.9.3.jar
7f0c80862000-7f0c80868000 r--s 00032000 08:02 7340642                    /home/roy/.gradle/wrapper/dists/gradle-2.9-all/1aw2ic01pldw5fkvoq6t1fsz4/gradle-2.9/lib/gradle-base-services-2.9.jar
7f0c80868000-7f0c80872000 r--s 0004a000 08:02 7340640                    /home/roy/.gradle/wrapper/dists/gradle-2.9-all/1aw2ic01pldw5fkvoq6t1fsz4/gradle-2.9/lib/gradle-launcher-2.9.jar
7f0c80872000-7f0c80886000 rw-p 00000000 00:00 0 
7f0c80886000-7f0c8088e000 rw-s 00000000 00:25 1066411                    /tmp/hsperfdata_roy/16437
7f0c8088e000-7f0c8088f000 rw-p 00000000 00:00 0 
7f0c8088f000-7f0c80890000 ---p 00000000 00:00 0 
7f0c80890000-7f0c80891000 rw-p 00000000 00:00 0 
7f0c80891000-7f0c80892000 r--p 00023000 08:02 2624653                    /usr/lib/ld-2.23.so
7f0c80892000-7f0c80893000 rw-p 00024000 08:02 2624653                    /usr/lib/ld-2.23.so
7f0c80893000-7f0c80894000 rw-p 00000000 00:00 0 
7ffc0f710000-7ffc0f731000 rw-p 00000000 00:00 0                          [stack]
7ffc0f7f8000-7ffc0f7fb000 r--p 00000000 00:00 0                          [vvar]
7ffc0f7fb000-7ffc0f7fd000 r-xp 00000000 00:00 0                          [vdso]
ffffffffff600000-ffffffffff601000 r-xp 00000000 00:00 0                  [vsyscall]

VM Arguments:
jvm_args: -XX:MaxPermSize=256m -XX:+HeapDumpOnOutOfMemoryError -Xmx1024m -Dfile.encoding=UTF-8 -Duser.country=US -Duser.language=en -Duser.variant 
java_command: org.gradle.launcher.daemon.bootstrap.GradleDaemon 2.9
java_class_path (initial): /home/roy/.gradle/wrapper/dists/gradle-2.9-all/1aw2ic01pldw5fkvoq6t1fsz4/gradle-2.9/lib/gradle-launcher-2.9.jar
Launcher Type: SUN_STANDARD

Environment Variables:
PATH=/usr/local/sbin:/usr/local/bin:/usr/bin:/opt/android-sdk/platform-tools:/opt/android-sdk/tools:/usr/lib/jvm/default/bin:/usr/bin/site_perl:/usr/bin/vendor_perl:/usr/bin/core_perl
LD_LIBRARY_PATH=/usr/share/intellij-idea-ultimate-edition/bin:
SHELL=/bin/bash
DISPLAY=:0

Signal Handlers:
SIGSEGV: [libjvm.so+0xabdee0], sa_mask[0]=11111111011111111101111111111110, sa_flags=SA_RESTART|SA_SIGINFO
SIGBUS: [libjvm.so+0xabdee0], sa_mask[0]=11111111011111111101111111111110, sa_flags=SA_RESTART|SA_SIGINFO
SIGFPE: [libjvm.so+0x91a580], sa_mask[0]=11111111011111111101111111111110, sa_flags=SA_RESTART|SA_SIGINFO
SIGPIPE: [libjvm.so+0x91a580], sa_mask[0]=11111111011111111101111111111110, sa_flags=SA_RESTART|SA_SIGINFO
SIGXFSZ: [libjvm.so+0x91a580], sa_mask[0]=11111111011111111101111111111110, sa_flags=SA_RESTART|SA_SIGINFO
SIGILL: [libjvm.so+0x91a580], sa_mask[0]=11111111011111111101111111111110, sa_flags=SA_RESTART|SA_SIGINFO
SIGUSR1: SIG_DFL, sa_mask[0]=00000000000000000000000000000000, sa_flags=none
SIGUSR2: [libjvm.so+0x91bbb0], sa_mask[0]=00100000000000000000000000000000, sa_flags=SA_RESTART|SA_SIGINFO
SIGHUP: [libjvm.so+0x91cfb0], sa_mask[0]=11111111011111111101111111111110, sa_flags=SA_RESTART|SA_SIGINFO
SIGINT: [libjvm.so+0x91cfb0], sa_mask[0]=11111111011111111101111111111110, sa_flags=SA_RESTART|SA_SIGINFO
SIGTERM: [libjvm.so+0x91cfb0], sa_mask[0]=11111111011111111101111111111110, sa_flags=SA_RESTART|SA_SIGINFO
SIGQUIT: [libjvm.so+0x91cfb0], sa_mask[0]=11111111011111111101111111111110, sa_flags=SA_RESTART|SA_SIGINFO


---------------  S Y S T E M  ---------------

OS:NAME="Arch Linux"
ID=arch
PRETTY_NAME="Arch Linux"
ANSI_COLOR="0;36"
HOME_URL="https://www.archlinux.org/"
SUPPORT_URL="https://bbs.archlinux.org/"
BUG_REPORT_URL="https://bugs.archlinux.org/"


uname:Linux 4.6.3-1-ARCH #1 SMP PREEMPT Fri Jun 24 21:19:13 CEST 2016 x86_64
libc:glibc 2.23 NPTL 2.23 
rlimit: STACK 8192k, CORE infinity, NPROC 30410, NOFILE 4096, AS infinity
load average:2.05 2.01 1.69

/proc/meminfo:
MemTotal:        8023036 kB
MemFree:          152556 kB
MemAvailable:      47264 kB
Buffers:            1112 kB
Cached:           180364 kB
SwapCached:            0 kB
Active:          7433508 kB
Inactive:         115196 kB
Active(anon):    7422348 kB
Inactive(anon):   102256 kB
Active(file):      11160 kB
Inactive(file):    12940 kB
Unevictable:         112 kB
Mlocked:             112 kB
SwapTotal:             0 kB
SwapFree:              0 kB
Dirty:              1216 kB
Writeback:             0 kB
AnonPages:       7369056 kB
Mapped:           130528 kB
Shmem:            155540 kB
Slab:              85920 kB
SReclaimable:      37280 kB
SUnreclaim:        48640 kB
KernelStack:       14848 kB
PageTables:        54564 kB
NFS_Unstable:          0 kB
Bounce:                0 kB
WritebackTmp:          0 kB
CommitLimit:     4011516 kB
Committed_AS:   13309736 kB
VmallocTotal:   34359738367 kB
VmallocUsed:           0 kB
VmallocChunk:          0 kB
HardwareCorrupted:     0 kB
AnonHugePages:   3192832 kB
HugePages_Total:       0
HugePages_Free:        0
HugePages_Rsvd:        0
HugePages_Surp:        0
Hugepagesize:       2048 kB
DirectMap4k:      324552 kB
DirectMap2M:     7907328 kB
DirectMap1G:           0 kB


CPU:total 8 (4 cores per cpu, 2 threads per core) family 6 model 60 stepping 3, cmov, cx8, fxsr, mmx, sse, sse2, sse3, ssse3, sse4.1, sse4.2, popcnt, avx, avx2, aes, clmul, erms, lzcnt, ht, tsc, tscinvbit, bmi1, bmi2

/proc/cpuinfo:
processor	: 0
vendor_id	: GenuineIntel
cpu family	: 6
model		: 60
model name	: Intel(R) Core(TM) i7-4790K CPU @ 4.00GHz
stepping	: 3
microcode	: 0x1e
cpu MHz		: 4399.843
cache size	: 8192 KB
physical id	: 0
siblings	: 8
core id		: 0
cpu cores	: 4
apicid		: 0
initial apicid	: 0
fpu		: yes
fpu_exception	: yes
cpuid level	: 13
wp		: yes
flags		: fpu vme de pse tsc msr pae mce cx8 apic sep mtrr pge mca cmov pat pse36 clflush dts acpi mmx fxsr sse sse2 ss ht tm pbe syscall nx pdpe1gb rdtscp lm constant_tsc arch_perfmon pebs bts rep_good nopl xtopology nonstop_tsc aperfmperf eagerfpu pni pclmulqdq dtes64 monitor ds_cpl vmx est tm2 ssse3 sdbg fma cx16 xtpr pdcm pcid sse4_1 sse4_2 x2apic movbe popcnt tsc_deadline_timer aes xsave avx f16c rdrand lahf_lm abm tpr_shadow vnmi flexpriority ept vpid fsgsbase tsc_adjust bmi1 avx2 smep bmi2 erms invpcid xsaveopt dtherm ida arat pln pts
bugs		:
bogomips	: 8003.54
clflush size	: 64
cache_alignment	: 64
address sizes	: 39 bits physical, 48 bits virtual
power management:

processor	: 1
vendor_id	: GenuineIntel
cpu family	: 6
model		: 60
model name	: Intel(R) Core(TM) i7-4790K CPU @ 4.00GHz
stepping	: 3
microcode	: 0x1e
cpu MHz		: 4399.843
cache size	: 8192 KB
physical id	: 0
siblings	: 8
core id		: 1
cpu cores	: 4
apicid		: 2
initial apicid	: 2
fpu		: yes
fpu_exception	: yes
cpuid level	: 13
wp		: yes
flags		: fpu vme de pse tsc msr pae mce cx8 apic sep mtrr pge mca cmov pat pse36 clflush dts acpi mmx fxsr sse sse2 ss ht tm pbe syscall nx pdpe1gb rdtscp lm constant_tsc arch_perfmon pebs bts rep_good nopl xtopology nonstop_tsc aperfmperf eagerfpu pni pclmulqdq dtes64 monitor ds_cpl vmx est tm2 ssse3 sdbg fma cx16 xtpr pdcm pcid sse4_1 sse4_2 x2apic movbe popcnt tsc_deadline_timer aes xsave avx f16c rdrand lahf_lm abm tpr_shadow vnmi flexpriority ept vpid fsgsbase tsc_adjust bmi1 avx2 smep bmi2 erms invpcid xsaveopt dtherm ida arat pln pts
bugs		:
bogomips	: 8004.56
clflush size	: 64
cache_alignment	: 64
address sizes	: 39 bits physical, 48 bits virtual
power management:

processor	: 2
vendor_id	: GenuineIntel
cpu family	: 6
model		: 60
model name	: Intel(R) Core(TM) i7-4790K CPU @ 4.00GHz
stepping	: 3
microcode	: 0x1e
cpu MHz		: 4399.843
cache size	: 8192 KB
physical id	: 0
siblings	: 8
core id		: 2
cpu cores	: 4
apicid		: 4
initial apicid	: 4
fpu		: yes
fpu_exception	: yes
cpuid level	: 13
wp		: yes
flags		: fpu vme de pse tsc msr pae mce cx8 apic sep mtrr pge mca cmov pat pse36 clflush dts acpi mmx fxsr sse sse2 ss ht tm pbe syscall nx pdpe1gb rdtscp lm constant_tsc arch_perfmon pebs bts rep_good nopl xtopology nonstop_tsc aperfmperf eagerfpu pni pclmulqdq dtes64 monitor ds_cpl vmx est tm2 ssse3 sdbg fma cx16 xtpr pdcm pcid sse4_1 sse4_2 x2apic movbe popcnt tsc_deadline_timer aes xsave avx f16c rdrand lahf_lm abm tpr_shadow vnmi flexpriority ept vpid fsgsbase tsc_adjust bmi1 avx2 smep bmi2 erms invpcid xsaveopt dtherm ida arat pln pts
bugs		:
bogomips	: 8004.64
clflush size	: 64
cache_alignment	: 64
address sizes	: 39 bits physical, 48 bits virtual
power management:

processor	: 3
vendor_id	: GenuineIntel
cpu family	: 6
model		: 60
model name	: Intel(R) Core(TM) i7-4790K CPU @ 4.00GHz
stepping	: 3
microcode	: 0x1e
cpu MHz		: 4400.000
cache size	: 8192 KB
physical id	: 0
siblings	: 8
core id		: 3
cpu cores	: 4
apicid		: 6
initial apicid	: 6
fpu		: yes
fpu_exception	: yes
cpuid level	: 13
wp		: yes
flags		: fpu vme de pse tsc msr pae mce cx8 apic sep mtrr pge mca cmov pat pse36 clflush dts acpi mmx fxsr sse sse2 ss ht tm pbe syscall nx pdpe1gb rdtscp lm constant_tsc arch_perfmon pebs bts rep_good nopl xtopology nonstop_tsc aperfmperf eagerfpu pni pclmulqdq dtes64 monitor ds_cpl vmx est tm2 ssse3 sdbg fma cx16 xtpr pdcm pcid sse4_1 sse4_2 x2apic movbe popcnt tsc_deadline_timer aes xsave avx f16c rdrand lahf_lm abm tpr_shadow vnmi flexpriority ept vpid fsgsbase tsc_adjust bmi1 avx2 smep bmi2 erms invpcid xsaveopt dtherm ida arat pln pts
bugs		:
bogomips	: 8004.67
clflush size	: 64
cache_alignment	: 64
address sizes	: 39 bits physical, 48 bits virtual
power management:

processor	: 4
vendor_id	: GenuineIntel
cpu family	: 6
model		: 60
model name	: Intel(R) Core(TM) i7-4790K CPU @ 4.00GHz
stepping	: 3
microcode	: 0x1e
cpu MHz		: 4400.000
cache size	: 8192 KB
physical id	: 0
siblings	: 8
core id		: 0
cpu cores	: 4
apicid		: 1
initial apicid	: 1
fpu		: yes
fpu_exception	: yes
cpuid level	: 13
wp		: yes
flags		: fpu vme de pse tsc msr pae mce cx8 apic sep mtrr pge mca cmov pat pse36 clflush dts acpi mmx fxsr sse sse2 ss ht tm pbe syscall nx pdpe1gb rdtscp lm constant_tsc arch_perfmon pebs bts rep_good nopl xtopology nonstop_tsc aperfmperf eagerfpu pni pclmulqdq dtes64 monitor ds_cpl vmx est tm2 ssse3 sdbg fma cx16 xtpr pdcm pcid sse4_1 sse4_2 x2apic movbe popcnt tsc_deadline_timer aes xsave avx f16c rdrand lahf_lm abm tpr_shadow vnmi flexpriority ept vpid fsgsbase tsc_adjust bmi1 avx2 smep bmi2 erms invpcid xsaveopt dtherm ida arat pln pts
bugs		:
bogomips	: 8004.17
clflush size	: 64
cache_alignment	: 64
address sizes	: 39 bits physical, 48 bits virtual
power management:

processor	: 5
vendor_id	: GenuineIntel
cpu family	: 6
model		: 60
model name	: Intel(R) Core(TM) i7-4790K CPU @ 4.00GHz
stepping	: 3
microcode	: 0x1e
cpu MHz		: 4398.906
cache size	: 8192 KB
physical id	: 0
siblings	: 8
core id		: 1
cpu cores	: 4
apicid		: 3
initial apicid	: 3
fpu		: yes
fpu_exception	: yes
cpuid level	: 13
wp		: yes
flags		: fpu vme de pse tsc msr pae mce cx8 apic sep mtrr pge mca cmov pat pse36 clflush dts acpi mmx fxsr sse sse2 ss ht tm pbe syscall nx pdpe1gb rdtscp lm constant_tsc arch_perfmon pebs bts rep_good nopl xtopology nonstop_tsc aperfmperf eagerfpu pni pclmulqdq dtes64 monitor ds_cpl vmx est tm2 ssse3 sdbg fma cx16 xtpr pdcm pcid sse4_1 sse4_2 x2apic movbe popcnt tsc_deadline_timer aes xsave avx f16c rdrand lahf_lm abm tpr_shadow vnmi flexpriority ept vpid fsgsbase tsc_adjust bmi1 avx2 smep bmi2 erms invpcid xsaveopt dtherm ida arat pln pts
bugs		:
bogomips	: 8004.70
clflush size	: 64
cache_alignment	: 64
address sizes	: 39 bits physical, 48 bits virtual
power management:

processor	: 6
vendor_id	: GenuineIntel
cpu family	: 6
model		: 60
model name	: Intel(R) Core(TM) i7-4790K CPU @ 4.00GHz
stepping	: 3
microcode	: 0x1e
cpu MHz		: 4400.156
cache size	: 8192 KB
physical id	: 0
siblings	: 8
core id		: 2
cpu cores	: 4
apicid		: 5
initial apicid	: 5
fpu		: yes
fpu_exception	: yes
cpuid level	: 13
wp		: yes
flags		: fpu vme de pse tsc msr pae mce cx8 apic sep mtrr pge mca cmov pat pse36 clflush dts acpi mmx fxsr sse sse2 ss ht tm pbe syscall nx pdpe1gb rdtscp lm constant_tsc arch_perfmon pebs bts rep_good nopl xtopology nonstop_tsc aperfmperf eagerfpu pni pclmulqdq dtes64 monitor ds_cpl vmx est tm2 ssse3 sdbg fma cx16 xtpr pdcm pcid sse4_1 sse4_2 x2apic movbe popcnt tsc_deadline_timer aes xsave avx f16c rdrand lahf_lm abm tpr_shadow vnmi flexpriority ept vpid fsgsbase tsc_adjust bmi1 avx2 smep bmi2 erms invpcid xsaveopt dtherm ida arat pln pts
bugs		:
bogomips	: 8004.68
clflush size	: 64
cache_alignment	: 64
address sizes	: 39 bits physical, 48 bits virtual
power management:

processor	: 7
vendor_id	: GenuineIntel
cpu family	: 6
model		: 60
model name	: Intel(R) Core(TM) i7-4790K CPU @ 4.00GHz
stepping	: 3
microcode	: 0x1e
cpu MHz		: 4399.843
cache size	: 8192 KB
physical id	: 0
siblings	: 8
core id		: 3
cpu cores	: 4
apicid		: 7
initial apicid	: 7
fpu		: yes
fpu_exception	: yes
cpuid level	: 13
wp		: yes
flags		: fpu vme de pse tsc msr pae mce cx8 apic sep mtrr pge mca cmov pat pse36 clflush dts acpi mmx fxsr sse sse2 ss ht tm pbe syscall nx pdpe1gb rdtscp lm constant_tsc arch_perfmon pebs bts rep_good nopl xtopology nonstop_tsc aperfmperf eagerfpu pni pclmulqdq dtes64 monitor ds_cpl vmx est tm2 ssse3 sdbg fma cx16 xtpr pdcm pcid sse4_1 sse4_2 x2apic movbe popcnt tsc_deadline_timer aes xsave avx f16c rdrand lahf_lm abm tpr_shadow vnmi flexpriority ept vpid fsgsbase tsc_adjust bmi1 avx2 smep bmi2 erms invpcid xsaveopt dtherm ida arat pln pts
bugs		:
bogomips	: 8004.67
clflush size	: 64
cache_alignment	: 64
address sizes	: 39 bits physical, 48 bits virtual
power management:



Memory: 4k page, physical 8023036k(152556k free), swap 0k(0k free)

vm_info: Java HotSpot(TM) 64-Bit Server VM (25.92-b14) for linux-amd64 JRE (1.8.0_92-b14), built on Mar 31 2016 21:08:29 by "java_re" with gcc 4.3.0 20080428 (Red Hat 4.3.0-8)

time: Thu Jul  7 21:58:28 2016
elapsed time: 1 seconds (0d 0h 0m 1s)

