#
# There is insufficient memory for the Java Runtime Environment to continue.
# Native memory allocation (mmap) failed to map 154664960 bytes for committing reserved memory.
# Possible reasons:
#   The system is out of physical RAM or swap space
#   In 32 bit mode, the process size limit was hit
# Possible solutions:
#   Reduce memory load on the system
#   Increase physical memory or swap space
#   Check if swap backing store is full
#   Use 64 bit Java on a 64 bit OS
#   Decrease Java heap size (-Xmx/-Xms)
#   Decrease number of Java threads
#   Decrease Java thread stack sizes (-Xss)
#   Set larger code cache with -XX:ReservedCodeCacheSize=
# This output file may be truncated or incomplete.
#
#  Out of Memory Error (os_linux.cpp:2627), pid=6635, tid=0x00007fb8e36f6700
#
# JRE version: Java(TM) SE Runtime Environment (8.0_92-b14) (build 1.8.0_92-b14)
# Java VM: Java HotSpot(TM) 64-Bit Server VM (25.92-b14 mixed mode linux-amd64 compressed oops)
# Core dump written. Default location: /home/roy/Workspace/MT/mt/runner/core or core.6635
#

---------------  T H R E A D  ---------------

Current thread (0x00007fb918084800):  VMThread [stack: 0x00007fb8e35f6000,0x00007fb8e36f7000] [id=6648]

Stack: [0x00007fb8e35f6000,0x00007fb8e36f7000],  sp=0x00007fb8e36f51a0,  free space=1020k
Native frames: (J=compiled Java code, j=interpreted, Vv=VM code, C=native code)
V  [libjvm.so+0xabd65a]  VMError::report_and_die()+0x2ba
V  [libjvm.so+0x4fb4db]  report_vm_out_of_memory(char const*, int, unsigned long, VMErrorType, char const*)+0x8b
V  [libjvm.so+0x91d713]  os::Linux::commit_memory_impl(char*, unsigned long, bool)+0x103
V  [libjvm.so+0x91dc69]  os::pd_commit_memory(char*, unsigned long, unsigned long, bool)+0x29
V  [libjvm.so+0x917f6a]  os::commit_memory(char*, unsigned long, unsigned long, bool)+0x2a
V  [libjvm.so+0x98c343]  PSVirtualSpace::expand_by(unsigned long)+0x53
V  [libjvm.so+0x98d748]  PSYoungGen::resize_generation(unsigned long, unsigned long)+0xf8
V  [libjvm.so+0x98c8a2]  PSYoungGen::resize(unsigned long, unsigned long)+0x22
V  [libjvm.so+0x989b7b]  PSScavenge::invoke_no_policy()+0xf3b
V  [libjvm.so+0x98a301]  PSScavenge::invoke()+0x41
V  [libjvm.so+0x941410]  ParallelScavengeHeap::failed_mem_allocate(unsigned long)+0x70
V  [libjvm.so+0xabf077]  VM_ParallelGCFailedAllocation::doit()+0x97
V  [libjvm.so+0xac6aa5]  VM_Operation::evaluate()+0x55
V  [libjvm.so+0xac4e7a]  VMThread::evaluate_operation(VM_Operation*)+0xba
V  [libjvm.so+0xac51fe]  VMThread::loop()+0x1ce
V  [libjvm.so+0xac5670]  VMThread::run()+0x70
V  [libjvm.so+0x91fad8]  java_start(Thread*)+0x108

VM_Operation (0x00007fb9210b9d80): ParallelGCFailedAllocation, mode: safepoint, requested by thread 0x00007fb91800e000


---------------  P R O C E S S  ---------------

Java Threads: ( => current thread )
  0x00007fb918778800 JavaThread "process reaper" daemon [_thread_blocked, id=6665, stack(0x00007fb8e22f7000,0x00007fb8e2330000)]
  0x00007fb9180e1800 JavaThread "Service Thread" daemon [_thread_blocked, id=6661, stack(0x00007fb8e28e7000,0x00007fb8e29e8000)]
  0x00007fb9180dd800 JavaThread "C1 CompilerThread3" daemon [_thread_blocked, id=6660, stack(0x00007fb8e29e8000,0x00007fb8e2ae9000)]
  0x00007fb9180db800 JavaThread "C2 CompilerThread2" daemon [_thread_in_native, id=6659, stack(0x00007fb8e2ae9000,0x00007fb8e2bea000)]
  0x00007fb9180d9800 JavaThread "C2 CompilerThread1" daemon [_thread_blocked, id=6658, stack(0x00007fb8e2bea000,0x00007fb8e2ceb000)]
  0x00007fb9180d6800 JavaThread "C2 CompilerThread0" daemon [_thread_blocked, id=6657, stack(0x00007fb8e2ceb000,0x00007fb8e2dec000)]
  0x00007fb8d0001000 JavaThread "JDWP Command Reader" daemon [_thread_in_native, id=6655, stack(0x00007fb8e2dec000,0x00007fb8e2eed000)]
  0x00007fb9180d4800 JavaThread "JDWP Event Helper Thread" daemon [_thread_blocked, id=6654, stack(0x00007fb8e2eed000,0x00007fb8e2fee000)]
  0x00007fb9180d1000 JavaThread "JDWP Transport Listener: dt_socket" daemon [_thread_blocked, id=6652, stack(0x00007fb8e2fee000,0x00007fb8e30ef000)]
  0x00007fb9180c3000 JavaThread "Signal Dispatcher" daemon [_thread_blocked, id=6651, stack(0x00007fb8e32f3000,0x00007fb8e33f4000)]
  0x00007fb918091000 JavaThread "Finalizer" daemon [_thread_blocked, id=6650, stack(0x00007fb8e33f4000,0x00007fb8e34f5000)]
  0x00007fb91808c000 JavaThread "Reference Handler" daemon [_thread_blocked, id=6649, stack(0x00007fb8e34f5000,0x00007fb8e35f6000)]
  0x00007fb91800e000 JavaThread "main" [_thread_blocked, id=6639, stack(0x00007fb920fbb000,0x00007fb9210bc000)]

Other Threads:
=>0x00007fb918084800 VMThread [stack: 0x00007fb8e35f6000,0x00007fb8e36f7000] [id=6648]
  0x00007fb9180e5000 WatcherThread [stack: 0x00007fb8e27e6000,0x00007fb8e28e7000] [id=6662]

VM state:at safepoint (normal execution)

VM Mutex/Monitor currently owned by a thread:  ([mutex/lock_event])
[0x00007fb91800c300] Threads_lock - owner thread: 0x00007fb918084800
[0x00007fb91800c800] Heap_lock - owner thread: 0x00007fb91800e000

Heap:
 PSYoungGen      total 259584K, used 288K [0x00000000d7300000, 0x00000000e7800000, 0x0000000100000000)
  eden space 252416K, 0% used [0x00000000d7300000,0x00000000d7300000,0x00000000e6980000)
  from space 7168K, 4% used [0x00000000e6980000,0x00000000e69c8000,0x00000000e7080000)
  to   space 6656K, 0% used [0x00000000e7080000,0x00000000e7080000,0x00000000e7700000)
 ParOldGen       total 84992K, used 4697K [0x0000000085800000, 0x000000008ab00000, 0x00000000d7300000)
  object space 84992K, 5% used [0x0000000085800000,0x0000000085c96440,0x000000008ab00000)
 Metaspace       used 9124K, capacity 9338K, committed 9600K, reserved 1058816K
  class space    used 982K, capacity 1053K, committed 1152K, reserved 1048576K

Card table byte_map: [0x00007fb91da36000,0x00007fb91de0b000] byte_map_base: 0x00007fb91d60a000

Marking Bits: (ParMarkBitMap*) 0x00007fb9204cd4c0
 Begin Bits: [0x00007fb8f02c0000, 0x00007fb8f2160000)
 End Bits:   [0x00007fb8f2160000, 0x00007fb8f4000000)

Polling page: 0x00007fb9210ee000

CodeCache: size=245760Kb used=7435Kb max_used=7435Kb free=238324Kb
 bounds [0x00007fb909000000, 0x00007fb909760000, 0x00007fb918000000]
 total_blobs=2278 nmethods=1959 adapters=239
 compilation: enabled

Compilation events (10 events):
Event: 1.681 Thread 0x00007fb9180d9800 nmethod 1956 0x00007fb90970b6d0 code [0x00007fb90970b980, 0x00007fb90970c9b0]
Event: 1.698 Thread 0x00007fb9180d9800 1961       4       org.eclipse.jgit.internal.storage.file.WindowCursor::open (78 bytes)
Event: 1.709 Thread 0x00007fb9180dd800 1966       3       org.eclipse.jgit.diff.RawText::isMissingNewlineAtEnd (42 bytes)
Event: 1.709 Thread 0x00007fb9180dd800 nmethod 1966 0x00007fb9096e61d0 code [0x00007fb9096e6360, 0x00007fb9096e6748]
Event: 1.717 Thread 0x00007fb9180d9800 nmethod 1961 0x00007fb909703310 code [0x00007fb9097035e0, 0x00007fb909705730]
Event: 1.717 Thread 0x00007fb9180d9800 1965   !   4       org.eclipse.jgit.internal.storage.file.ObjectDirectory::openPackedObject (104 bytes)
Event: 1.719 Thread 0x00007fb9180dd800 1967       1       java.nio.file.FileSystems::getDefault (4 bytes)
Event: 1.719 Thread 0x00007fb9180dd800 nmethod 1967 0x00007fb9096ed7d0 code [0x00007fb9096ed920, 0x00007fb9096eda10]
Event: 1.721 Thread 0x00007fb9180dd800 1968       3       org.eclipse.jgit.util.StringUtils::toBoolean (57 bytes)
Event: 1.722 Thread 0x00007fb9180dd800 nmethod 1968 0x00007fb9096e54d0 code [0x00007fb9096e56c0, 0x00007fb9096e5d58]

GC Heap History (10 events):
Event: 0.902 GC heap after
Heap after GC invocations=4 (full 0):
 PSYoungGen      total 68608K, used 4400K [0x00000000d7300000, 0x00000000dbb00000, 0x0000000100000000)
  eden space 63488K, 0% used [0x00000000d7300000,0x00000000d7300000,0x00000000db100000)
  from space 5120K, 85% used [0x00000000db600000,0x00000000dba4c010,0x00000000dbb00000)
  to   space 5120K, 0% used [0x00000000db100000,0x00000000db100000,0x00000000db600000)
 ParOldGen       total 84992K, used 414K [0x0000000085800000, 0x000000008ab00000, 0x00000000d7300000)
  object space 84992K, 0% used [0x0000000085800000,0x0000000085867ac0,0x000000008ab00000)
 Metaspace       used 8935K, capacity 9146K, committed 9344K, reserved 1056768K
  class space    used 981K, capacity 1053K, committed 1152K, reserved 1048576K
}
Event: 0.987 GC heap before
{Heap before GC invocations=5 (full 0):
 PSYoungGen      total 68608K, used 67888K [0x00000000d7300000, 0x00000000dbb00000, 0x0000000100000000)
  eden space 63488K, 100% used [0x00000000d7300000,0x00000000db100000,0x00000000db100000)
  from space 5120K, 85% used [0x00000000db600000,0x00000000dba4c010,0x00000000dbb00000)
  to   space 5120K, 0% used [0x00000000db100000,0x00000000db100000,0x00000000db600000)
 ParOldGen       total 84992K, used 414K [0x0000000085800000, 0x000000008ab00000, 0x00000000d7300000)
  object space 84992K, 0% used [0x0000000085800000,0x0000000085867ac0,0x000000008ab00000)
 Metaspace       used 8986K, capacity 9210K, committed 9344K, reserved 1056768K
  class space    used 981K, capacity 1053K, committed 1152K, reserved 1048576K
Event: 0.993 GC heap after
Heap after GC invocations=5 (full 0):
 PSYoungGen      total 68608K, used 4336K [0x00000000d7300000, 0x00000000dfc00000, 0x0000000100000000)
  eden space 63488K, 0% used [0x00000000d7300000,0x00000000d7300000,0x00000000db100000)
  from space 5120K, 84% used [0x00000000db100000,0x00000000db53c010,0x00000000db600000)
  to   space 6656K, 0% used [0x00000000df580000,0x00000000df580000,0x00000000dfc00000)
 ParOldGen       total 84992K, used 422K [0x0000000085800000, 0x000000008ab00000, 0x00000000d7300000)
  object space 84992K, 0% used [0x0000000085800000,0x0000000085869ac0,0x000000008ab00000)
 Metaspace       used 8986K, capacity 9210K, committed 9344K, reserved 1056768K
  class space    used 981K, capacity 1053K, committed 1152K, reserved 1048576K
}
Event: 1.053 GC heap before
{Heap before GC invocations=6 (full 0):
 PSYoungGen      total 68608K, used 67824K [0x00000000d7300000, 0x00000000dfc00000, 0x0000000100000000)
  eden space 63488K, 100% used [0x00000000d7300000,0x00000000db100000,0x00000000db100000)
  from space 5120K, 84% used [0x00000000db100000,0x00000000db53c010,0x00000000db600000)
  to   space 6656K, 0% used [0x00000000df580000,0x00000000df580000,0x00000000dfc00000)
 ParOldGen       total 84992K, used 422K [0x0000000085800000, 0x000000008ab00000, 0x00000000d7300000)
  object space 84992K, 0% used [0x0000000085800000,0x0000000085869ac0,0x000000008ab00000)
 Metaspace       used 9031K, capacity 9274K, committed 9600K, reserved 1058816K
  class space    used 981K, capacity 1053K, committed 1152K, reserved 1048576K
Event: 1.056 GC heap after
Heap after GC invocations=6 (full 0):
 PSYoungGen      total 133120K, used 4912K [0x00000000d7300000, 0x00000000dfd00000, 0x0000000100000000)
  eden space 126464K, 0% used [0x00000000d7300000,0x00000000d7300000,0x00000000dee80000)
  from space 6656K, 73% used [0x00000000df580000,0x00000000dfa4c010,0x00000000dfc00000)
  to   space 7168K, 0% used [0x00000000dee80000,0x00000000dee80000,0x00000000df580000)
 ParOldGen       total 84992K, used 430K [0x0000000085800000, 0x000000008ab00000, 0x00000000d7300000)
  object space 84992K, 0% used [0x0000000085800000,0x000000008586bac0,0x000000008ab00000)
 Metaspace       used 9031K, capacity 9274K, committed 9600K, reserved 1058816K
  class space    used 981K, capacity 1053K, committed 1152K, reserved 1048576K
}
Event: 1.229 GC heap before
{Heap before GC invocations=7 (full 0):
 PSYoungGen      total 133120K, used 131376K [0x00000000d7300000, 0x00000000dfd00000, 0x0000000100000000)
  eden space 126464K, 100% used [0x00000000d7300000,0x00000000dee80000,0x00000000dee80000)
  from space 6656K, 73% used [0x00000000df580000,0x00000000dfa4c010,0x00000000dfc00000)
  to   space 7168K, 0% used [0x00000000dee80000,0x00000000dee80000,0x00000000df580000)
 ParOldGen       total 84992K, used 430K [0x0000000085800000, 0x000000008ab00000, 0x00000000d7300000)
  object space 84992K, 0% used [0x0000000085800000,0x000000008586bac0,0x000000008ab00000)
 Metaspace       used 9064K, capacity 9338K, committed 9600K, reserved 1058816K
  class space    used 981K, capacity 1053K, committed 1152K, reserved 1048576K
Event: 1.242 GC heap after
Heap after GC invocations=7 (full 0):
 PSYoungGen      total 133632K, used 3806K [0x00000000d7300000, 0x00000000e7700000, 0x0000000100000000)
  eden space 126464K, 0% used [0x00000000d7300000,0x00000000d7300000,0x00000000dee80000)
  from space 7168K, 53% used [0x00000000dee80000,0x00000000df237828,0x00000000df580000)
  to   space 6656K, 0% used [0x00000000e7080000,0x00000000e7080000,0x00000000e7700000)
 ParOldGen       total 84992K, used 2624K [0x0000000085800000, 0x000000008ab00000, 0x00000000d7300000)
  object space 84992K, 3% used [0x0000000085800000,0x0000000085a90100,0x000000008ab00000)
 Metaspace       used 9064K, capacity 9338K, committed 9600K, reserved 1058816K
  class space    used 981K, capacity 1053K, committed 1152K, reserved 1048576K
}
Event: 1.404 GC heap before
{Heap before GC invocations=8 (full 0):
 PSYoungGen      total 133632K, used 130270K [0x00000000d7300000, 0x00000000e7700000, 0x0000000100000000)
  eden space 126464K, 100% used [0x00000000d7300000,0x00000000dee80000,0x00000000dee80000)
  from space 7168K, 53% used [0x00000000dee80000,0x00000000df237828,0x00000000df580000)
  to   space 6656K, 0% used [0x00000000e7080000,0x00000000e7080000,0x00000000e7700000)
 ParOldGen       total 84992K, used 2624K [0x0000000085800000, 0x000000008ab00000, 0x00000000d7300000)
  object space 84992K, 3% used [0x0000000085800000,0x0000000085a90100,0x000000008ab00000)
 Metaspace       used 9104K, capacity 9338K, committed 9600K, reserved 1058816K
  class space    used 981K, capacity 1053K, committed 1152K, reserved 1048576K
Event: 1.407 GC heap after
Heap after GC invocations=8 (full 0):
 PSYoungGen      total 259072K, used 576K [0x00000000d7300000, 0x00000000e7800000, 0x0000000100000000)
  eden space 252416K, 0% used [0x00000000d7300000,0x00000000d7300000,0x00000000e6980000)
  from space 6656K, 8% used [0x00000000e7080000,0x00000000e7110000,0x00000000e7700000)
  to   space 7168K, 0% used [0x00000000e6980000,0x00000000e6980000,0x00000000e7080000)
 ParOldGen       total 84992K, used 4681K [0x0000000085800000, 0x000000008ab00000, 0x00000000d7300000)
  object space 84992K, 5% used [0x0000000085800000,0x0000000085c92440,0x000000008ab00000)
 Metaspace       used 9104K, capacity 9338K, committed 9600K, reserved 1058816K
  class space    used 981K, capacity 1053K, committed 1152K, reserved 1048576K
}
Event: 1.722 GC heap before
{Heap before GC invocations=9 (full 0):
 PSYoungGen      total 259072K, used 252992K [0x00000000d7300000, 0x00000000e7800000, 0x0000000100000000)
  eden space 252416K, 100% used [0x00000000d7300000,0x00000000e6980000,0x00000000e6980000)
  from space 6656K, 8% used [0x00000000e7080000,0x00000000e7110000,0x00000000e7700000)
  to   space 7168K, 0% used [0x00000000e6980000,0x00000000e6980000,0x00000000e7080000)
 ParOldGen       total 84992K, used 4681K [0x0000000085800000, 0x000000008ab00000, 0x00000000d7300000)
  object space 84992K, 5% used [0x0000000085800000,0x0000000085c92440,0x000000008ab00000)
 Metaspace       used 9124K, capacity 9338K, committed 9600K, reserved 1058816K
  class space    used 982K, capacity 1053K, committed 1152K, reserved 1048576K

Deoptimization events (10 events):
Event: 0.880 Thread 0x00007fb91800e000 Uncommon trap: reason=unstable_if action=reinterpret pc=0x00007fb90946f0d8 method=org.eclipse.jgit.util.RawParseUtils.nextLF([BIC)I @ 26
Event: 0.886 Thread 0x00007fb91800e000 Uncommon trap: reason=unstable_if action=reinterpret pc=0x00007fb9095541d0 method=org.eclipse.jgit.diff.RawTextComparator.reduceCommonStartEnd(Lorg/eclipse/jgit/diff/RawText;Lorg/eclipse/jgit/diff/RawText;Lorg/eclipse/jgit/diff/Edit;)Lorg/eclipse/jgit/dif
Event: 0.886 Thread 0x00007fb91800e000 Uncommon trap: reason=unstable_if action=reinterpret pc=0x00007fb909506ed0 method=org.eclipse.jgit.diff.RawText.isBinary([BI)Z @ 21
Event: 0.953 Thread 0x00007fb91800e000 Uncommon trap: reason=unstable_if action=reinterpret pc=0x00007fb9094f92c8 method=org.eclipse.jgit.diff.RawTextComparator$1.equals(Lorg/eclipse/jgit/diff/RawText;ILorg/eclipse/jgit/diff/RawText;I)Z @ 94
Event: 0.953 Thread 0x00007fb91800e000 Uncommon trap: reason=unstable_if action=reinterpret pc=0x00007fb909502e78 method=org.eclipse.jgit.diff.RawTextComparator$1.equals(Lorg/eclipse/jgit/diff/RawText;ILorg/eclipse/jgit/diff/RawText;I)Z @ 94
Event: 1.022 Thread 0x00007fb91800e000 Uncommon trap: reason=unstable_if action=reinterpret pc=0x00007fb9095b3a60 method=org.eclipse.jgit.diff.RawTextComparator.reduceCommonStartEnd(Lorg/eclipse/jgit/diff/RawText;Lorg/eclipse/jgit/diff/RawText;Lorg/eclipse/jgit/diff/Edit;)Lorg/eclipse/jgit/dif
Event: 1.290 Thread 0x00007fb91800e000 Uncommon trap: reason=unstable_if action=reinterpret pc=0x00007fb9093eb668 method=java.util.HashMap.getNode(ILjava/lang/Object;)Ljava/util/HashMap$Node; @ 116
Event: 1.306 Thread 0x00007fb91800e000 Uncommon trap: reason=unstable_if action=reinterpret pc=0x00007fb9095bcb18 method=org.eclipse.jgit.util.Paths.coreCompare([BIII[BIII)I @ 9
Event: 1.367 Thread 0x00007fb91800e000 Uncommon trap: reason=unstable_if action=reinterpret pc=0x00007fb9095861d0 method=org.eclipse.jgit.diff.RawTextComparator.findReverseLine(Lorg/eclipse/jgit/util/IntList;II)I @ 2
Event: 1.476 Thread 0x00007fb91800e000 Uncommon trap: reason=unstable_if action=reinterpret pc=0x00007fb9095b85d0 method=org.eclipse.jgit.diff.HistogramDiffIndex.tryLongestCommonSequence(I)I @ 47

Internal exceptions (10 events):
Event: 1.718 Thread 0x00007fb91800e000 Exception <a 'java/io/FileNotFoundException'> (0x00000000e670e388) thrown at [/HUDSON/workspace/8-2-build-linux-amd64/jdk8u92/6642/hotspot/src/share/vm/prims/jni.cpp, line 709]
Event: 1.718 Thread 0x00007fb91800e000 Exception <a 'java/lang/ArrayIndexOutOfBoundsException'> (0x00000000e671bbb8) thrown at [/HUDSON/workspace/8-2-build-linux-amd64/jdk8u92/6642/hotspot/src/share/vm/runtime/sharedRuntime.cpp, line 605]
Event: 1.719 Thread 0x00007fb91800e000 Exception <a 'java/io/FileNotFoundException'> (0x00000000e671ccd8) thrown at [/HUDSON/workspace/8-2-build-linux-amd64/jdk8u92/6642/hotspot/src/share/vm/prims/jni.cpp, line 709]
Event: 1.719 Thread 0x00007fb91800e000 Exception <a 'java/lang/ArrayIndexOutOfBoundsException'> (0x00000000e671e600) thrown at [/HUDSON/workspace/8-2-build-linux-amd64/jdk8u92/6642/hotspot/src/share/vm/runtime/sharedRuntime.cpp, line 605]
Event: 1.719 Thread 0x00007fb91800e000 Exception <a 'java/lang/ArrayIndexOutOfBoundsException'> (0x00000000e6720d38) thrown at [/HUDSON/workspace/8-2-build-linux-amd64/jdk8u92/6642/hotspot/src/share/vm/runtime/sharedRuntime.cpp, line 605]
Event: 1.721 Thread 0x00007fb91800e000 Exception <a 'java/io/FileNotFoundException'> (0x00000000e6953408) thrown at [/HUDSON/workspace/8-2-build-linux-amd64/jdk8u92/6642/hotspot/src/share/vm/prims/jni.cpp, line 709]
Event: 1.721 Thread 0x00007fb91800e000 Exception <a 'java/lang/ArrayIndexOutOfBoundsException'> (0x00000000e6961060) thrown at [/HUDSON/workspace/8-2-build-linux-amd64/jdk8u92/6642/hotspot/src/share/vm/runtime/sharedRuntime.cpp, line 605]
Event: 1.722 Thread 0x00007fb91800e000 Exception <a 'java/io/FileNotFoundException'> (0x00000000e6962180) thrown at [/HUDSON/workspace/8-2-build-linux-amd64/jdk8u92/6642/hotspot/src/share/vm/prims/jni.cpp, line 709]
Event: 1.722 Thread 0x00007fb91800e000 Exception <a 'java/lang/ArrayIndexOutOfBoundsException'> (0x00000000e6963aa8) thrown at [/HUDSON/workspace/8-2-build-linux-amd64/jdk8u92/6642/hotspot/src/share/vm/runtime/sharedRuntime.cpp, line 605]
Event: 1.722 Thread 0x00007fb91800e000 Exception <a 'java/lang/ArrayIndexOutOfBoundsException'> (0x00000000e69661e0) thrown at [/HUDSON/workspace/8-2-build-linux-amd64/jdk8u92/6642/hotspot/src/share/vm/runtime/sharedRuntime.cpp, line 605]

Events (10 events):
Event: 1.722 Thread 0x00007fb91800e000 DEOPT UNPACKING pc=0x00007fb909047633 sp=0x00007fb9210b9970 mode 1
Event: 1.722 Thread 0x00007fb91800e000 DEOPT PACKING pc=0x00007fb90966eadc sp=0x00007fb9210b9ce0
Event: 1.722 Thread 0x00007fb91800e000 DEOPT UNPACKING pc=0x00007fb909047633 sp=0x00007fb9210b9a90 mode 1
Event: 1.722 Thread 0x00007fb91800e000 DEOPT PACKING pc=0x00007fb909669424 sp=0x00007fb9210b9de0
Event: 1.722 Thread 0x00007fb91800e000 DEOPT UNPACKING pc=0x00007fb909047633 sp=0x00007fb9210b9c80 mode 1
Event: 1.722 Thread 0x00007fb91800e000 DEOPT PACKING pc=0x00007fb9095e476e sp=0x00007fb9210b9c60
Event: 1.722 Thread 0x00007fb91800e000 DEOPT UNPACKING pc=0x00007fb909047633 sp=0x00007fb9210b9a48 mode 1
Event: 1.722 Thread 0x00007fb91800e000 DEOPT PACKING pc=0x00007fb9095e476e sp=0x00007fb9210b9c60
Event: 1.722 Thread 0x00007fb91800e000 DEOPT UNPACKING pc=0x00007fb909047633 sp=0x00007fb9210b9a48 mode 1
Event: 1.722 Executing VM operation: ParallelGCFailedAllocation


Dynamic libraries:
00400000-00401000 r-xp 00000000 08:02 3421676                            /usr/lib/jvm/java-8-jdk/jre/bin/java
00600000-00601000 rw-p 00000000 08:02 3421676                            /usr/lib/jvm/java-8-jdk/jre/bin/java
0114e000-0116f000 rw-p 00000000 00:00 0                                  [heap]
85800000-8ab00000 rw-p 00000000 00:00 0 
8ab00000-d7300000 ---p 00000000 00:00 0 
d7300000-e7800000 rw-p 00000000 00:00 0 
f0b80000-100000000 ---p 00000000 00:00 0 
100000000-100120000 rw-p 00000000 00:00 0 
100120000-140000000 ---p 00000000 00:00 0 
7fb8a4000000-7fb8a4021000 rw-p 00000000 00:00 0 
7fb8a4021000-7fb8a8000000 ---p 00000000 00:00 0 
7fb8a8000000-7fb8a8021000 rw-p 00000000 00:00 0 
7fb8a8021000-7fb8ac000000 ---p 00000000 00:00 0 
7fb8ac000000-7fb8ac021000 rw-p 00000000 00:00 0 
7fb8ac021000-7fb8b0000000 ---p 00000000 00:00 0 
7fb8b0000000-7fb8b0021000 rw-p 00000000 00:00 0 
7fb8b0021000-7fb8b4000000 ---p 00000000 00:00 0 
7fb8b4000000-7fb8b5f6f000 rw-p 00000000 00:00 0 
7fb8b5f6f000-7fb8b8000000 ---p 00000000 00:00 0 
7fb8b8000000-7fb8b8e42000 rw-p 00000000 00:00 0 
7fb8b8e42000-7fb8bc000000 ---p 00000000 00:00 0 
7fb8bc000000-7fb8bd292000 rw-p 00000000 00:00 0 
7fb8bd292000-7fb8c0000000 ---p 00000000 00:00 0 
7fb8c0000000-7fb8c122f000 rw-p 00000000 00:00 0 
7fb8c122f000-7fb8c4000000 ---p 00000000 00:00 0 
7fb8c4000000-7fb8c4021000 rw-p 00000000 00:00 0 
7fb8c4021000-7fb8c8000000 ---p 00000000 00:00 0 
7fb8c8000000-7fb8c8021000 rw-p 00000000 00:00 0 
7fb8c8021000-7fb8cc000000 ---p 00000000 00:00 0 
7fb8cc000000-7fb8cc021000 rw-p 00000000 00:00 0 
7fb8cc021000-7fb8d0000000 ---p 00000000 00:00 0 
7fb8d0000000-7fb8d0021000 rw-p 00000000 00:00 0 
7fb8d0021000-7fb8d4000000 ---p 00000000 00:00 0 
7fb8d4000000-7fb8d4021000 rw-p 00000000 00:00 0 
7fb8d4021000-7fb8d8000000 ---p 00000000 00:00 0 
7fb8d8000000-7fb8d8021000 rw-p 00000000 00:00 0 
7fb8d8021000-7fb8dc000000 ---p 00000000 00:00 0 
7fb8dc000000-7fb8dc294000 rw-p 00000000 00:00 0 
7fb8dc294000-7fb8e0000000 ---p 00000000 00:00 0 
7fb8e1ff6000-7fb8e2036000 rw-p 00000000 00:00 0 
7fb8e2036000-7fb8e21f9000 ---p 00000000 00:00 0 
7fb8e21f9000-7fb8e22f7000 rw-p 00000000 00:00 0 
7fb8e22f7000-7fb8e22fa000 ---p 00000000 00:00 0 
7fb8e22fa000-7fb8e2330000 rw-p 00000000 00:00 0 
7fb8e2330000-7fb8e2331000 r--s 00001000 08:02 7609905                    /home/roy/.gradle/caches/modules-2/files-2.1/javax.annotation/jsr250-api/1.0/5025422767732a1ab45d93abfea846513d742dcf/jsr250-api-1.0.jar
7fb8e2331000-7fb8e2333000 r--s 00000000 08:02 5378039                    /home/roy/.gradle/caches/modules-2/files-2.1/aopalliance/aopalliance/1.0/235ba8b489512805ac13a8f9ea77a1ca5ebe3e8/aopalliance-1.0.jar
7fb8e2333000-7fb8e2334000 r--s 00000000 08:02 5771480                    /home/roy/.gradle/caches/modules-2/files-2.1/javax.inject/javax.inject/1/6975da39a7040257bd51d21a231b76c915872d38/javax.inject-1.jar
7fb8e2334000-7fb8e2336000 r--s 00006000 08:02 9569309                    /home/roy/.gradle/caches/modules-2/files-2.1/org.eclipse.aether/aether-spi/1.0.2.v20150114/8428dfa330107984f3e3ac05cc3ebd50b2676866/aether-spi-1.0.2.v20150114.jar
7fb8e2336000-7fb8e233c000 r--s 00033000 08:02 6555982                    /home/roy/.gradle/caches/modules-2/files-2.1/commons-codec/commons-codec/1.6/b7f0fc8f61ecadeb3695f0b9464755eee44374d4/commons-codec-1.6.jar
7fb8e233c000-7fb8e233e000 r--s 0000e000 08:02 5771561                    /home/roy/.gradle/caches/modules-2/files-2.1/commons-logging/commons-logging/1.1.3/f6f66e966c70a83ffbdb6f17a0919eaf7c8aca7f/commons-logging-1.1.3.jar
7fb8e233e000-7fb8e2345000 r--s 0003f000 08:02 5771559                    /home/roy/.gradle/caches/modules-2/files-2.1/org.apache.httpcomponents/httpcore/4.3.3/f91b7a4aadc5cf486df6e4634748d7dd7a73f06d/httpcore-4.3.3.jar
7fb8e2345000-7fb8e234d000 r--s 00055000 08:02 9569307                    /home/roy/.gradle/caches/modules-2/files-2.1/org.eclipse.sisu/org.eclipse.sisu.inject/0.3.2/59044b92ec27cc6fda7a2d24b2cd6cec23f31d5b/org.eclipse.sisu.inject-0.3.2.jar
7fb8e234d000-7fb8e2350000 r--s 00008000 08:02 9569305                    /home/roy/.gradle/caches/modules-2/files-2.1/javax.enterprise/cdi-api/1.0/44c453f60909dfc223552ace63e05c694215156b/cdi-api-1.0.jar
7fb8e2350000-7fb8e2353000 r--s 0000b000 08:02 9569303                    /home/roy/.gradle/caches/modules-2/files-2.1/org.apache.maven.wagon/wagon-provider-api/2.10/cd9cdde3f56bb5250d87c54592f04cbc24f03bf/wagon-provider-api-2.10.jar
7fb8e2353000-7fb8e237e000 r--s 001fc000 08:02 8270264                    /home/roy/.gradle/caches/modules-2/files-2.1/com.google.guava/guava/18.0/cce0823396aa693798f8882e64213b1772032b09/guava-18.0.jar
7fb8e237e000-7fb8e237f000 r--s 00003000 08:02 9569301                    /home/roy/.gradle/caches/modules-2/files-2.1/org.apache.maven/maven-builder-support/3.3.9/a96f29da7623c0e1db9824f628548fe8181f6dd0/maven-builder-support-3.3.9.jar
7fb8e237f000-7fb8e2382000 r--s 0000d000 08:02 9569299                    /home/roy/.gradle/caches/modules-2/files-2.1/org.codehaus.plexus/plexus-interpolation/1.21/f92de59d295f16868001644acc21720f3ec9eb15/plexus-interpolation-1.21.jar
7fb8e2382000-7fb8e238b000 r--s 0005f000 08:02 5379327                    /home/roy/.gradle/caches/modules-2/files-2.1/com.google.inject/guice/4.0/199b7acaa05b570bbccf31be998f013963e5e752/guice-4.0-no_aop.jar
7fb8e238b000-7fb8e238f000 r--s 00020000 08:02 9569297                    /home/roy/.gradle/caches/modules-2/files-2.1/org.eclipse.aether/aether-util/1.0.2.v20150114/d2d3c74a5210544b5cdce89a2c1d1c62835692d1/aether-util-1.0.2.v20150114.jar
7fb8e238f000-7fb8e2394000 r--s 0001d000 08:02 9569295                    /home/roy/.gradle/caches/modules-2/files-2.1/org.eclipse.aether/aether-api/1.0.2.v20150114/839f93a5213fb3e233b09bfd6d6b95669f7043c0/aether-api-1.0.2.v20150114.jar
7fb8e2394000-7fb8e2398000 r--s 00027000 08:02 9569293                    /home/roy/.gradle/caches/modules-2/files-2.1/org.eclipse.aether/aether-impl/1.0.2.v20150114/f147539e6e60dfbda9ef7f6d750066170f61b7a1/aether-impl-1.0.2.v20150114.jar
7fb8e2398000-7fb8e239a000 r--s 0000f000 08:02 9569291                    /home/roy/.gradle/caches/modules-2/files-2.1/org.apache.maven/maven-aether-provider/3.3.9/29e8e7122f7a166ea53785cd75af0ef9d4d848d4/maven-aether-provider-3.3.9.jar
7fb8e239a000-7fb8e239c000 r--s 0000c000 08:02 9569289                    /home/roy/.gradle/caches/modules-2/files-2.1/org.apache.maven/maven-artifact/3.3.9/f43afa184555fbc6e36b3334b17246c39b30f6e/maven-artifact-3.3.9.jar
7fb8e239c000-7fb8e239e000 r--s 00009000 08:02 9569285                    /home/roy/.gradle/caches/modules-2/files-2.1/org.apache.maven/maven-settings-builder/3.3.9/fe5ad82564dc07a31855da543db8d5376def3c26/maven-settings-builder-3.3.9.jar
7fb8e239e000-7fb8e23a1000 r--s 00026000 08:02 9569283                    /home/roy/.gradle/caches/modules-2/files-2.1/org.apache.maven/maven-model/3.3.9/6efde8cbcb4de4c47f7e9c2a3ab2806022b5c70f/maven-model-3.3.9.jar
7fb8e23a1000-7fb8e23ad000 r--s 00085000 08:02 5771555                    /home/roy/.gradle/caches/modules-2/files-2.1/org.apache.httpcomponents/httpclient/4.3.6/4c47155e3e6c9a41a28db36680b828ced53b8af4/httpclient-4.3.6.jar
7fb8e23ad000-7fb8e23b2000 r--s 00040000 08:02 5771551                    /home/roy/.gradle/caches/modules-2/files-2.1/com.jcraft/jsch/0.1.53/658b682d5c817b27ae795637dfec047c63d29935/jsch-0.1.53.jar
7fb8e23b2000-7fb8e23b7000 r--s 0002a000 08:02 9309861                    /home/roy/.gradle/caches/modules-2/files-2.1/com.google.code.gson/gson/2.2.2/1f96456ca233dec780aa224bff076d8e8bca3908/gson-2.2.2.jar
7fb8e23b7000-7fb8e23be000 r--s 00064000 08:02 7475718                    /home/roy/.gradle/caches/modules-2/files-2.1/org.apache.commons/commons-lang3/3.4/5fe28b9518e58819180a43a850fbc0dd24b7c050/commons-lang3-3.4.jar
7fb8e23be000-7fb8e23d4000 r-xp 00000000 08:02 3421825                    /usr/lib/jvm/java-8-jdk/jre/lib/amd64/libnet.so
7fb8e23d4000-7fb8e25d4000 ---p 00016000 08:02 3421825                    /usr/lib/jvm/java-8-jdk/jre/lib/amd64/libnet.so
7fb8e25d4000-7fb8e25d5000 rw-p 00016000 08:02 3421825                    /usr/lib/jvm/java-8-jdk/jre/lib/amd64/libnet.so
7fb8e25d5000-7fb8e25e6000 r-xp 00000000 08:02 3421822                    /usr/lib/jvm/java-8-jdk/jre/lib/amd64/libnio.so
7fb8e25e6000-7fb8e27e5000 ---p 00011000 08:02 3421822                    /usr/lib/jvm/java-8-jdk/jre/lib/amd64/libnio.so
7fb8e27e5000-7fb8e27e6000 rw-p 00010000 08:02 3421822                    /usr/lib/jvm/java-8-jdk/jre/lib/amd64/libnio.so
7fb8e27e6000-7fb8e27e7000 ---p 00000000 00:00 0 
7fb8e27e7000-7fb8e28e7000 rw-p 00000000 00:00 0 
7fb8e28e7000-7fb8e28ea000 ---p 00000000 00:00 0 
7fb8e28ea000-7fb8e29e8000 rw-p 00000000 00:00 0 
7fb8e29e8000-7fb8e29eb000 ---p 00000000 00:00 0 
7fb8e29eb000-7fb8e2ae9000 rw-p 00000000 00:00 0 
7fb8e2ae9000-7fb8e2aec000 ---p 00000000 00:00 0 
7fb8e2aec000-7fb8e2bea000 rw-p 00000000 00:00 0 
7fb8e2bea000-7fb8e2bed000 ---p 00000000 00:00 0 
7fb8e2bed000-7fb8e2ceb000 rw-p 00000000 00:00 0 
7fb8e2ceb000-7fb8e2cee000 ---p 00000000 00:00 0 
7fb8e2cee000-7fb8e2dec000 rw-p 00000000 00:00 0 
7fb8e2dec000-7fb8e2def000 ---p 00000000 00:00 0 
7fb8e2def000-7fb8e2eed000 rw-p 00000000 00:00 0 
7fb8e2eed000-7fb8e2ef0000 ---p 00000000 00:00 0 
7fb8e2ef0000-7fb8e2fee000 rw-p 00000000 00:00 0 
7fb8e2fee000-7fb8e2ff1000 ---p 00000000 00:00 0 
7fb8e2ff1000-7fb8e30ef000 rw-p 00000000 00:00 0 
7fb8e30ef000-7fb8e30f3000 r-xp 00000000 08:02 3421865                    /usr/lib/jvm/java-8-jdk/jre/lib/amd64/libdt_socket.so
7fb8e30f3000-7fb8e32f2000 ---p 00004000 08:02 3421865                    /usr/lib/jvm/java-8-jdk/jre/lib/amd64/libdt_socket.so
7fb8e32f2000-7fb8e32f3000 rw-p 00003000 08:02 3421865                    /usr/lib/jvm/java-8-jdk/jre/lib/amd64/libdt_socket.so
7fb8e32f3000-7fb8e32f6000 ---p 00000000 00:00 0 
7fb8e32f6000-7fb8e33f4000 rw-p 00000000 00:00 0 
7fb8e33f4000-7fb8e33f7000 ---p 00000000 00:00 0 
7fb8e33f7000-7fb8e34f5000 rw-p 00000000 00:00 0 
7fb8e34f5000-7fb8e34f8000 ---p 00000000 00:00 0 
7fb8e34f8000-7fb8e35f6000 rw-p 00000000 00:00 0 
7fb8e35f6000-7fb8e35f7000 ---p 00000000 00:00 0 
7fb8e35f7000-7fb8e4000000 rw-p 00000000 00:00 0 
7fb8e4000000-7fb8e4021000 rw-p 00000000 00:00 0 
7fb8e4021000-7fb8e8000000 ---p 00000000 00:00 0 
7fb8e8000000-7fb8e8021000 rw-p 00000000 00:00 0 
7fb8e8021000-7fb8ec000000 ---p 00000000 00:00 0 
7fb8ec000000-7fb8ec021000 rw-p 00000000 00:00 0 
7fb8ec021000-7fb8f0000000 ---p 00000000 00:00 0 
7fb8f0000000-7fb8f0001000 r--s 00006000 08:02 9569287                    /home/roy/.gradle/caches/modules-2/files-2.1/org.apache.maven/maven-repository-metadata/3.3.9/6850232b35e504057d67bde11efddebf6271e1ce/maven-repository-metadata-3.3.9.jar
7fb8f0001000-7fb8f0004000 r--s 0001c000 08:02 5771553                    /home/roy/.gradle/caches/modules-2/files-2.1/com.googlecode.javaewah/JavaEWAH/0.7.9/eceaf316a8faf0e794296ebe158ae110c7d72a5a/JavaEWAH-0.7.9.jar
7fb8f0004000-7fb8f0006000 r--s 00009000 08:02 6295904                    /home/roy/.gradle/caches/modules-2/files-2.1/commons-cli/commons-cli/1.2/2bf96b7aa8b611c177d329452af1dc933e14501c/commons-cli-1.2.jar
7fb8f0006000-7fb8f0008000 r--s 00002000 08:02 9569281                    /home/roy/.gradle/caches/modules-2/files-2.1/org.sonatype.plexus/plexus-cipher/1.7/51460409b6cdc2b828540c19c05691f89141edc2/plexus-cipher-1.7.jar
7fb8f0008000-7fb8f0009000 r--s 00006000 08:02 9569279                    /home/roy/.gradle/caches/modules-2/files-2.1/org.sonatype.plexus/plexus-sec-dispatcher/1.3/dedc02034fb8fcd7615d66593228cb71709134b4/plexus-sec-dispatcher-1.3.jar
7fb8f0009000-7fb8f000b000 r--s 00000000 08:02 9569277                    /home/roy/.gradle/caches/modules-2/files-2.1/org.codehaus.plexus/plexus-component-annotations/1.6/1a34a4e12b5fded8c548a568f463dfee21500927/plexus-component-annotations-1.6.jar
7fb8f000b000-7fb8f0011000 r--s 0002d000 08:02 9569275                    /home/roy/.gradle/caches/modules-2/files-2.1/org.eclipse.sisu/org.eclipse.sisu.plexus/0.3.2/cd84cb43788de23847eec2999070f64381bdb495/org.eclipse.sisu.plexus-0.3.2.jar
7fb8f0011000-7fb8f0013000 r--s 0000b000 08:02 9569273                    /home/roy/.gradle/caches/modules-2/files-2.1/org.codehaus.plexus/plexus-classworlds/2.5.2/4abb111bfdace5b8167db4c0ef74644f3f88f142/plexus-classworlds-2.5.2.jar
7fb8f0013000-7fb8f0017000 r--s 00038000 08:02 9569271                    /home/roy/.gradle/caches/modules-2/files-2.1/org.codehaus.plexus/plexus-utils/3.0.22/764f26e0ab13a87c48fe55f525dfb6a133b7a92f/plexus-utils-3.0.22.jar
7fb8f0017000-7fb8f001d000 r--s 00041000 08:02 9569269                    /home/roy/.gradle/caches/modules-2/files-2.1/org.apache.maven/maven-compat/3.3.9/b52d83991d361531d7fb709e9c80407a4f222247/maven-compat-3.3.9.jar
7fb8f001d000-7fb8f0022000 r--s 00027000 08:02 9569267                    /home/roy/.gradle/caches/modules-2/files-2.1/org.apache.maven/maven-model-builder/3.3.9/e2055f9adb9f3c9a93e6b36fffe79781a785de2d/maven-model-builder-3.3.9.jar
7fb8f0022000-7fb8f0024000 r--s 0000a000 08:02 9569265                    /home/roy/.gradle/caches/modules-2/files-2.1/org.apache.maven/maven-plugin-api/3.3.9/aa706ea7ca23776861b4eb2cea97cf345e791496/maven-plugin-api-3.3.9.jar
7fb8f0024000-7fb8f0031000 r--s 0008f000 08:02 9569263                    /home/roy/.gradle/caches/modules-2/files-2.1/org.apache.maven/maven-core/3.3.9/47154012330ea639849c618ebc11cff6870e570a/maven-core-3.3.9.jar
7fb8f0031000-7fb8f0034000 r--s 0001a000 08:02 3421699                    /usr/lib/jvm/java-8-jdk/jre/lib/jce.jar
7fb8f0034000-7fb8f0038000 r--s 00097000 08:02 3421701                    /usr/lib/jvm/java-8-jdk/jre/lib/jsse.jar
7fb8f0038000-7fb8f005b000 r--s 0021d000 08:02 8269134                    /home/roy/.gradle/caches/modules-2/files-2.1/org.eclipse.jgit/org.eclipse.jgit/4.4.0.201606070830-r/f0292234d1f57542cca80d7b9a441d8ab26f6860/org.eclipse.jgit-4.4.0.201606070830-r.jar
7fb8f005b000-7fb8f0060000 r--s 0002d000 08:02 9309859                    /home/roy/.gradle/caches/modules-2/files-2.1/org.eclipse.mylyn.github/org.eclipse.egit.github.core/2.1.5/e1c010e279ff0355a996f00b71512a8636e681d7/org.eclipse.egit.github.core-2.1.5.jar
7fb8f0060000-7fb8f008d000 r--s 00179000 08:02 9569259                    /home/roy/.gradle/caches/modules-2/files-2.1/org.gradle/gradle-tooling-api/2.9/c0d9736f0b87323b578d99c949823a89ab460d35/gradle-tooling-api-2.9.jar
7fb8f008d000-7fb8f4000000 rw-p 00000000 00:00 0 
7fb8f4000000-7fb8f4021000 rw-p 00000000 00:00 0 
7fb8f4021000-7fb8f8000000 ---p 00000000 00:00 0 
7fb8f8000000-7fb8f8021000 rw-p 00000000 00:00 0 
7fb8f8021000-7fb8fc000000 ---p 00000000 00:00 0 
7fb8fc000000-7fb8fc021000 rw-p 00000000 00:00 0 
7fb8fc021000-7fb900000000 ---p 00000000 00:00 0 
7fb900000000-7fb900021000 rw-p 00000000 00:00 0 
7fb900021000-7fb904000000 ---p 00000000 00:00 0 
7fb904000000-7fb904021000 rw-p 00000000 00:00 0 
7fb904021000-7fb908000000 ---p 00000000 00:00 0 
7fb908000000-7fb908001000 r--s 0000a000 08:02 9569261                    /home/roy/.gradle/caches/modules-2/files-2.1/org.apache.maven/maven-settings/3.3.9/68d4180c51468ae8f45869f8f9c569092262fcca/maven-settings-3.3.9.jar
7fb908001000-7fb908007000 r--s 00044000 08:02 6295088                    /home/roy/.gradle/caches/modules-2/files-2.1/org.antlr/antlr4-runtime/4.5.3/2609e36f18f7e8d593cc1cddfb2ac776dc96b8e0/antlr4-runtime-4.5.3.jar
7fb908007000-7fb90800a000 r--s 00013000 08:02 9569257                    /home/roy/.gradle/caches/modules-2/files-2.1/org.apache.maven/maven-embedder/3.3.9/ca3699a7ec3c8db0d97675f28b7bd04e09242ad4/maven-embedder-3.3.9.jar
7fb90800a000-7fb909000000 rw-p 00000000 00:00 0 
7fb909000000-7fb909760000 rwxp 00000000 00:00 0 
7fb909760000-7fb918000000 ---p 00000000 00:00 0 
7fb918000000-7fb918a3f000 rw-p 00000000 00:00 0 
7fb918a3f000-7fb91c000000 ---p 00000000 00:00 0 
7fb91c000000-7fb91c002000 r--s 00009000 08:02 5771598                    /home/roy/.gradle/caches/modules-2/files-2.1/org.slf4j/slf4j-api/1.7.21/139535a69a4239db087de9bab0bee568bf8e0b70/slf4j-api-1.7.21.jar
7fb91c002000-7fb91c00c000 r--s 0008c000 08:02 5640359                    /home/roy/.gradle/caches/modules-2/files-2.1/com.google.code.findbugs/bcel-findbugs/6.0/7a7563ba41dceff3da4af4927b7c09908bd5132c/bcel-findbugs-6.0.jar
7fb91c00c000-7fb91c17d000 rw-p 00000000 00:00 0 
7fb91c17d000-7fb91c356000 r--s 03d24000 08:02 3421705                    /usr/lib/jvm/java-8-jdk/jre/lib/rt.jar
7fb91c356000-7fb91cfa0000 rw-p 00000000 00:00 0 
7fb91cfa0000-7fb91cfa1000 ---p 00000000 00:00 0 
7fb91cfa1000-7fb91d0a1000 rw-p 00000000 00:00 0 
7fb91d0a1000-7fb91d0a2000 ---p 00000000 00:00 0 
7fb91d0a2000-7fb91d1a2000 rw-p 00000000 00:00 0 
7fb91d1a2000-7fb91d1a3000 ---p 00000000 00:00 0 
7fb91d1a3000-7fb91d2a3000 rw-p 00000000 00:00 0 
7fb91d2a3000-7fb91d2a4000 ---p 00000000 00:00 0 
7fb91d2a4000-7fb91d3a4000 rw-p 00000000 00:00 0 
7fb91d3a4000-7fb91d3a5000 ---p 00000000 00:00 0 
7fb91d3a5000-7fb91d4a5000 rw-p 00000000 00:00 0 
7fb91d4a5000-7fb91d4a6000 ---p 00000000 00:00 0 
7fb91d4a6000-7fb91d5a6000 rw-p 00000000 00:00 0 
7fb91d5a6000-7fb91d5a7000 ---p 00000000 00:00 0 
7fb91d5a7000-7fb91d6a7000 rw-p 00000000 00:00 0 
7fb91d6a7000-7fb91d6a8000 ---p 00000000 00:00 0 
7fb91d6a8000-7fb91d7d2000 rw-p 00000000 00:00 0 
7fb91d7d2000-7fb91da36000 ---p 00000000 00:00 0 
7fb91da36000-7fb91da60000 rw-p 00000000 00:00 0 
7fb91da60000-7fb91dcc3000 ---p 00000000 00:00 0 
7fb91dcc3000-7fb91dd46000 rw-p 00000000 00:00 0 
7fb91dd46000-7fb91de0a000 ---p 00000000 00:00 0 
7fb91de0a000-7fb91de29000 rw-p 00000000 00:00 0 
7fb91de29000-7fb91e1cb000 ---p 00000000 00:00 0 
7fb91e1cb000-7fb91e1e5000 r-xp 00000000 08:02 3421829                    /usr/lib/jvm/java-8-jdk/jre/lib/amd64/libzip.so
7fb91e1e5000-7fb91e3e5000 ---p 0001a000 08:02 3421829                    /usr/lib/jvm/java-8-jdk/jre/lib/amd64/libzip.so
7fb91e3e5000-7fb91e3e6000 rw-p 0001a000 08:02 3421829                    /usr/lib/jvm/java-8-jdk/jre/lib/amd64/libzip.so
7fb91e3e6000-7fb91e3f1000 r-xp 00000000 08:02 2624725                    /usr/lib/libnss_files-2.23.so
7fb91e3f1000-7fb91e5f0000 ---p 0000b000 08:02 2624725                    /usr/lib/libnss_files-2.23.so
7fb91e5f0000-7fb91e5f1000 r--p 0000a000 08:02 2624725                    /usr/lib/libnss_files-2.23.so
7fb91e5f1000-7fb91e5f2000 rw-p 0000b000 08:02 2624725                    /usr/lib/libnss_files-2.23.so
7fb91e5f2000-7fb91e5f8000 rw-p 00000000 00:00 0 
7fb91e5f8000-7fb91e790000 r--p 00000000 08:02 2671584                    /usr/lib/locale/locale-archive
7fb91e790000-7fb91e792000 r-xp 00000000 08:02 3421852                    /usr/lib/jvm/java-8-jdk/jre/lib/amd64/libnpt.so
7fb91e792000-7fb91e992000 ---p 00002000 08:02 3421852                    /usr/lib/jvm/java-8-jdk/jre/lib/amd64/libnpt.so
7fb91e992000-7fb91e993000 rw-p 00002000 08:02 3421852                    /usr/lib/jvm/java-8-jdk/jre/lib/amd64/libnpt.so
7fb91e993000-7fb91e9cc000 r-xp 00000000 08:02 3421840                    /usr/lib/jvm/java-8-jdk/jre/lib/amd64/libjdwp.so
7fb91e9cc000-7fb91ebcb000 ---p 00039000 08:02 3421840                    /usr/lib/jvm/java-8-jdk/jre/lib/amd64/libjdwp.so
7fb91ebcb000-7fb91ebcd000 rw-p 00038000 08:02 3421840                    /usr/lib/jvm/java-8-jdk/jre/lib/amd64/libjdwp.so
7fb91ebcd000-7fb91ebf7000 r-xp 00000000 08:02 3421834                    /usr/lib/jvm/java-8-jdk/jre/lib/amd64/libjava.so
7fb91ebf7000-7fb91edf7000 ---p 0002a000 08:02 3421834                    /usr/lib/jvm/java-8-jdk/jre/lib/amd64/libjava.so
7fb91edf7000-7fb91edf9000 rw-p 0002a000 08:02 3421834                    /usr/lib/jvm/java-8-jdk/jre/lib/amd64/libjava.so
7fb91edf9000-7fb91ee06000 r-xp 00000000 08:02 3421830                    /usr/lib/jvm/java-8-jdk/jre/lib/amd64/libverify.so
7fb91ee06000-7fb91f006000 ---p 0000d000 08:02 3421830                    /usr/lib/jvm/java-8-jdk/jre/lib/amd64/libverify.so
7fb91f006000-7fb91f008000 rw-p 0000d000 08:02 3421830                    /usr/lib/jvm/java-8-jdk/jre/lib/amd64/libverify.so
7fb91f008000-7fb91f00f000 r-xp 00000000 08:02 2624733                    /usr/lib/librt-2.23.so
7fb91f00f000-7fb91f20e000 ---p 00007000 08:02 2624733                    /usr/lib/librt-2.23.so
7fb91f20e000-7fb91f20f000 r--p 00006000 08:02 2624733                    /usr/lib/librt-2.23.so
7fb91f20f000-7fb91f210000 rw-p 00007000 08:02 2624733                    /usr/lib/librt-2.23.so
7fb91f210000-7fb91f313000 r-xp 00000000 08:02 2624730                    /usr/lib/libm-2.23.so
7fb91f313000-7fb91f512000 ---p 00103000 08:02 2624730                    /usr/lib/libm-2.23.so
7fb91f512000-7fb91f513000 r--p 00102000 08:02 2624730                    /usr/lib/libm-2.23.so
7fb91f513000-7fb91f514000 rw-p 00103000 08:02 2624730                    /usr/lib/libm-2.23.so
7fb91f514000-7fb9201d7000 r-xp 00000000 08:02 3421887                    /usr/lib/jvm/java-8-jdk/jre/lib/amd64/server/libjvm.so
7fb9201d7000-7fb9203d6000 ---p 00cc3000 08:02 3421887                    /usr/lib/jvm/java-8-jdk/jre/lib/amd64/server/libjvm.so
7fb9203d6000-7fb9204af000 rw-p 00cc2000 08:02 3421887                    /usr/lib/jvm/java-8-jdk/jre/lib/amd64/server/libjvm.so
7fb9204af000-7fb9204fa000 rw-p 00000000 00:00 0 
7fb9204fa000-7fb920691000 r-xp 00000000 08:02 2624654                    /usr/lib/libc-2.23.so
7fb920691000-7fb920891000 ---p 00197000 08:02 2624654                    /usr/lib/libc-2.23.so
7fb920891000-7fb920895000 r--p 00197000 08:02 2624654                    /usr/lib/libc-2.23.so
7fb920895000-7fb920897000 rw-p 0019b000 08:02 2624654                    /usr/lib/libc-2.23.so
7fb920897000-7fb92089b000 rw-p 00000000 00:00 0 
7fb92089b000-7fb92089d000 r-xp 00000000 08:02 2624729                    /usr/lib/libdl-2.23.so
7fb92089d000-7fb920a9d000 ---p 00002000 08:02 2624729                    /usr/lib/libdl-2.23.so
7fb920a9d000-7fb920a9e000 r--p 00002000 08:02 2624729                    /usr/lib/libdl-2.23.so
7fb920a9e000-7fb920a9f000 rw-p 00003000 08:02 2624729                    /usr/lib/libdl-2.23.so
7fb920a9f000-7fb920ab4000 r-xp 00000000 08:02 3421886                    /usr/lib/jvm/java-8-jdk/jre/lib/amd64/jli/libjli.so
7fb920ab4000-7fb920cb4000 ---p 00015000 08:02 3421886                    /usr/lib/jvm/java-8-jdk/jre/lib/amd64/jli/libjli.so
7fb920cb4000-7fb920cb5000 rw-p 00015000 08:02 3421886                    /usr/lib/jvm/java-8-jdk/jre/lib/amd64/jli/libjli.so
7fb920cb5000-7fb920ccd000 r-xp 00000000 08:02 2624630                    /usr/lib/libpthread-2.23.so
7fb920ccd000-7fb920ecc000 ---p 00018000 08:02 2624630                    /usr/lib/libpthread-2.23.so
7fb920ecc000-7fb920ecd000 r--p 00017000 08:02 2624630                    /usr/lib/libpthread-2.23.so
7fb920ecd000-7fb920ece000 rw-p 00018000 08:02 2624630                    /usr/lib/libpthread-2.23.so
7fb920ece000-7fb920ed2000 rw-p 00000000 00:00 0 
7fb920ed2000-7fb920ef5000 r-xp 00000000 08:02 2624653                    /usr/lib/ld-2.23.so
7fb920ef5000-7fb920ef6000 r--s 00000000 08:02 5902267                    /home/roy/.gradle/caches/modules-2/files-2.1/org.slf4j/slf4j-nop/1.7.21/8df71c65bfb1ca244d5fa174791b393762d0a5ed/slf4j-nop-1.7.21.jar
7fb920ef6000-7fb920ef7000 r--s 00004000 08:02 9187161                    /home/roy/Workspace/MT/mt/bcms/build/libs/bcms-0.1.jar
7fb920ef7000-7fb920ef8000 r--s 00003000 08:02 9309368                    /home/roy/Workspace/MT/mt/xloc/build/libs/xloc-0.1.jar
7fb920ef8000-7fb920efa000 r--s 00008000 08:02 10485880                   /home/roy/Workspace/MT/mt/gcrawler/build/libs/gcrawler-0.1.jar
7fb920efa000-7fb920f0b000 r--s 00089000 08:02 5640188                    /home/roy/.gradle/caches/modules-2/files-2.1/joda-time/joda-time/2.9.3/9e46be514a4ed60bcfbaaba88a3c668cf30476ab/joda-time-2.9.3.jar
7fb920f0b000-7fb920f11000 r--s 00033000 08:02 8525209                    /home/roy/Workspace/MT/mt/utils/build/libs/utils-0.1.jar
7fb920f11000-7fb920fbb000 rw-p 00000000 00:00 0 
7fb920fbb000-7fb920fbe000 ---p 00000000 00:00 0 
7fb920fbe000-7fb9210c0000 rw-p 00000000 00:00 0 
7fb9210c0000-7fb9210c2000 r--s 00002000 08:02 10485901                   /home/roy/Workspace/MT/mt/fpms/build/libs/fpms-0.1.jar
7fb9210c2000-7fb9210c3000 r--s 00002000 08:02 10755593                   /home/roy/Workspace/MT/mt/ovms/build/libs/ovms-0.1.jar
7fb9210c3000-7fb9210c4000 r--s 00001000 08:02 10485838                   /home/roy/Workspace/MT/mt/report/build/libs/report-0.1.jar
7fb9210c4000-7fb9210e5000 rw-p 00000000 00:00 0 
7fb9210e5000-7fb9210ed000 rw-s 00000000 00:25 120024                     /tmp/hsperfdata_roy/6635
7fb9210ed000-7fb9210ee000 rw-p 00000000 00:00 0 
7fb9210ee000-7fb9210ef000 ---p 00000000 00:00 0 
7fb9210ef000-7fb9210f0000 rw-p 00000000 00:00 0 
7fb9210f0000-7fb9210f3000 r--p 00000000 00:00 0                          [vvar]
7fb9210f3000-7fb9210f5000 r-xp 00000000 00:00 0                          [vdso]
7fb9210f5000-7fb9210f6000 r--p 00023000 08:02 2624653                    /usr/lib/ld-2.23.so
7fb9210f6000-7fb9210f7000 rw-p 00024000 08:02 2624653                    /usr/lib/ld-2.23.so
7fb9210f7000-7fb9210f8000 rw-p 00000000 00:00 0 
7fffb77a8000-7fffb77cb000 rw-p 00000000 00:00 0                          [stack]
ffffffffff600000-ffffffffff601000 r-xp 00000000 00:00 0                  [vsyscall]

VM Arguments:
jvm_args: -agentlib:jdwp=transport=dt_socket,server=n,suspend=y,address=34325 -Dfile.encoding=UTF-8 -Duser.country=US -Duser.language=en -Duser.variant 
java_command: org.uva.rdewildt.mt.runner.writer/ReportWriter
java_class_path (initial): /home/roy/Workspace/MT/mt/runner/build/classes/main:/home/roy/Workspace/MT/mt/runner/build/resources/main:/home/roy/Workspace/MT/mt/report/build/libs/report-0.1.jar:/home/roy/Workspace/MT/mt/ovms/build/libs/ovms-0.1.jar:/home/roy/Workspace/MT/mt/fpms/build/libs/fpms-0.1.jar:/home/roy/Workspace/MT/mt/utils/build/libs/utils-0.1.jar:/home/roy/.gradle/caches/modules-2/files-2.1/joda-time/joda-time/2.9.3/9e46be514a4ed60bcfbaaba88a3c668cf30476ab/joda-time-2.9.3.jar:/home/roy/Workspace/MT/mt/gcrawler/build/libs/gcrawler-0.1.jar:/home/roy/Workspace/MT/mt/xloc/build/libs/xloc-0.1.jar:/home/roy/Workspace/MT/mt/bcms/build/libs/bcms-0.1.jar:/home/roy/.gradle/caches/modules-2/files-2.1/com.google.code.findbugs/bcel-findbugs/6.0/7a7563ba41dceff3da4af4927b7c09908bd5132c/bcel-findbugs-6.0.jar:/home/roy/.gradle/caches/modules-2/files-2.1/org.slf4j/slf4j-nop/1.7.21/8df71c65bfb1ca244d5fa174791b393762d0a5ed/slf4j-nop-1.7.21.jar:/home/roy/.gradle/caches/modules-2/files-2.1/org.apache.maven/maven-embedder/3.3.9/ca3699a7ec3c8db0d97675f28b7bd04e09242ad4/maven-embedder-3.3.9.jar:/home/roy/.gradle/caches/modules-2/files-2.1/org.gradle/gradle-tooling-api/2.9/c0d9736f0b87323b578d99c949823a89ab460d35/gradle-tooling-api-2.9.jar:/home/roy/.gradle/caches/modules-2/files-2.1/org.antlr/antlr4-runtime/4.5.3/2609e36f18f7e8d593cc1cddfb2ac776dc96b8e0/antlr4-runtime-4.5.3.jar:/home/roy/.gradle/caches/modules-2/files-2.1/org.eclipse.mylyn.github/org.eclipse.egit.github.core/2.1.5/e1c010e279ff0355a996f00b71512a8636e681d7/org.eclipse.egit.github.core-2.1.5.jar:/home/roy/.gradle/caches/modules-2/files-2.1/org.eclipse.jgit/org.eclipse.jgit/4.4.0.201606070830-r/f0292234d1f57542cca80d7b9a441d8ab26f6860/org.eclipse.jgit-4.4.0.201606070830-r.jar:/home/roy/.gradle/caches/modules-2/files-2.1/org.slf4j/slf4j-api/1.7.21/139535a69a4239db087de9bab0bee568bf8e0b70/slf4j-api-1.7.21.jar:/home/roy/.gradle/caches/modules-2/files-2.1/org.apache.maven/maven-settings/3.3.9/68d4180c51468ae8f45869f8f9
Launcher Type: SUN_STANDARD

Environment Variables:
PATH=/usr/local/sbin:/usr/local/bin:/usr/bin:/opt/android-sdk/platform-tools:/opt/android-sdk/tools:/usr/lib/jvm/default/bin:/usr/bin/site_perl:/usr/bin/vendor_perl:/usr/bin/core_perl
LD_LIBRARY_PATH=/usr/share/intellij-idea-ultimate-edition/bin:
SHELL=/bin/bash
DISPLAY=:0

Signal Handlers:
SIGSEGV: [libjvm.so+0xabdee0], sa_mask[0]=11111111011111111101111111111110, sa_flags=SA_RESTART|SA_SIGINFO
SIGBUS: [libjvm.so+0xabdee0], sa_mask[0]=11111111011111111101111111111110, sa_flags=SA_RESTART|SA_SIGINFO
SIGFPE: [libjvm.so+0x91a580], sa_mask[0]=11111111011111111101111111111110, sa_flags=SA_RESTART|SA_SIGINFO
SIGPIPE: [libjvm.so+0x91a580], sa_mask[0]=11111111011111111101111111111110, sa_flags=SA_RESTART|SA_SIGINFO
SIGXFSZ: [libjvm.so+0x91a580], sa_mask[0]=11111111011111111101111111111110, sa_flags=SA_RESTART|SA_SIGINFO
SIGILL: [libjvm.so+0x91a580], sa_mask[0]=11111111011111111101111111111110, sa_flags=SA_RESTART|SA_SIGINFO
SIGUSR1: SIG_DFL, sa_mask[0]=00000000000000000000000000000000, sa_flags=none
SIGUSR2: [libjvm.so+0x91bbb0], sa_mask[0]=00100000000000000000000000000000, sa_flags=SA_RESTART|SA_SIGINFO
SIGHUP: [libjvm.so+0x91cfb0], sa_mask[0]=11111111011111111101111111111110, sa_flags=SA_RESTART|SA_SIGINFO
SIGINT: [libjvm.so+0x91cfb0], sa_mask[0]=11111111011111111101111111111110, sa_flags=SA_RESTART|SA_SIGINFO
SIGTERM: [libjvm.so+0x91cfb0], sa_mask[0]=11111111011111111101111111111110, sa_flags=SA_RESTART|SA_SIGINFO
SIGQUIT: [libjvm.so+0x91cfb0], sa_mask[0]=11111111011111111101111111111110, sa_flags=SA_RESTART|SA_SIGINFO


---------------  S Y S T E M  ---------------

OS:NAME="Arch Linux"
ID=arch
PRETTY_NAME="Arch Linux"
ANSI_COLOR="0;36"
HOME_URL="https://www.archlinux.org/"
SUPPORT_URL="https://bbs.archlinux.org/"
BUG_REPORT_URL="https://bugs.archlinux.org/"


uname:Linux 4.6.3-1-ARCH #1 SMP PREEMPT Fri Jun 24 21:19:13 CEST 2016 x86_64
libc:glibc 2.23 NPTL 2.23 
rlimit: STACK 8192k, CORE infinity, NPROC 30411, NOFILE 4096, AS infinity
load average:0.54 0.71 0.78

/proc/meminfo:
MemTotal:        8023036 kB
MemFree:          138136 kB
MemAvailable:      76392 kB
Buffers:            2668 kB
Cached:           170772 kB
SwapCached:            0 kB
Active:          7468276 kB
Inactive:         115892 kB
Active(anon):    7412892 kB
Inactive(anon):    65460 kB
Active(file):      55384 kB
Inactive(file):    50432 kB
Unevictable:          64 kB
Mlocked:              64 kB
SwapTotal:             0 kB
SwapFree:              0 kB
Dirty:              1660 kB
Writeback:             0 kB
AnonPages:       7409944 kB
Mapped:           187824 kB
Shmem:             68132 kB
Slab:              84688 kB
SReclaimable:      42660 kB
SUnreclaim:        42028 kB
KernelStack:       13696 kB
PageTables:        46608 kB
NFS_Unstable:          0 kB
Bounce:                0 kB
WritebackTmp:          0 kB
CommitLimit:     4011516 kB
Committed_AS:   12188304 kB
VmallocTotal:   34359738367 kB
VmallocUsed:           0 kB
VmallocChunk:          0 kB
HardwareCorrupted:     0 kB
AnonHugePages:   3108864 kB
HugePages_Total:       0
HugePages_Free:        0
HugePages_Rsvd:        0
HugePages_Surp:        0
Hugepagesize:       2048 kB
DirectMap4k:      234440 kB
DirectMap2M:     5900288 kB
DirectMap1G:     2097152 kB


CPU:total 8 (4 cores per cpu, 2 threads per core) family 6 model 60 stepping 3, cmov, cx8, fxsr, mmx, sse, sse2, sse3, ssse3, sse4.1, sse4.2, popcnt, avx, avx2, aes, clmul, erms, lzcnt, ht, tsc, tscinvbit, bmi1, bmi2

/proc/cpuinfo:
processor	: 0
vendor_id	: GenuineIntel
cpu family	: 6
model		: 60
model name	: Intel(R) Core(TM) i7-4790K CPU @ 4.00GHz
stepping	: 3
microcode	: 0x1e
cpu MHz		: 4400.000
cache size	: 8192 KB
physical id	: 0
siblings	: 8
core id		: 0
cpu cores	: 4
apicid		: 0
initial apicid	: 0
fpu		: yes
fpu_exception	: yes
cpuid level	: 13
wp		: yes
flags		: fpu vme de pse tsc msr pae mce cx8 apic sep mtrr pge mca cmov pat pse36 clflush dts acpi mmx fxsr sse sse2 ss ht tm pbe syscall nx pdpe1gb rdtscp lm constant_tsc arch_perfmon pebs bts rep_good nopl xtopology nonstop_tsc aperfmperf eagerfpu pni pclmulqdq dtes64 monitor ds_cpl vmx est tm2 ssse3 sdbg fma cx16 xtpr pdcm pcid sse4_1 sse4_2 x2apic movbe popcnt tsc_deadline_timer aes xsave avx f16c rdrand lahf_lm abm tpr_shadow vnmi flexpriority ept vpid fsgsbase tsc_adjust bmi1 avx2 smep bmi2 erms invpcid xsaveopt dtherm ida arat pln pts
bugs		:
bogomips	: 8003.30
clflush size	: 64
cache_alignment	: 64
address sizes	: 39 bits physical, 48 bits virtual
power management:

processor	: 1
vendor_id	: GenuineIntel
cpu family	: 6
model		: 60
model name	: Intel(R) Core(TM) i7-4790K CPU @ 4.00GHz
stepping	: 3
microcode	: 0x1e
cpu MHz		: 4400.000
cache size	: 8192 KB
physical id	: 0
siblings	: 8
core id		: 1
cpu cores	: 4
apicid		: 2
initial apicid	: 2
fpu		: yes
fpu_exception	: yes
cpuid level	: 13
wp		: yes
flags		: fpu vme de pse tsc msr pae mce cx8 apic sep mtrr pge mca cmov pat pse36 clflush dts acpi mmx fxsr sse sse2 ss ht tm pbe syscall nx pdpe1gb rdtscp lm constant_tsc arch_perfmon pebs bts rep_good nopl xtopology nonstop_tsc aperfmperf eagerfpu pni pclmulqdq dtes64 monitor ds_cpl vmx est tm2 ssse3 sdbg fma cx16 xtpr pdcm pcid sse4_1 sse4_2 x2apic movbe popcnt tsc_deadline_timer aes xsave avx f16c rdrand lahf_lm abm tpr_shadow vnmi flexpriority ept vpid fsgsbase tsc_adjust bmi1 avx2 smep bmi2 erms invpcid xsaveopt dtherm ida arat pln pts
bugs		:
bogomips	: 8004.25
clflush size	: 64
cache_alignment	: 64
address sizes	: 39 bits physical, 48 bits virtual
power management:

processor	: 2
vendor_id	: GenuineIntel
cpu family	: 6
model		: 60
model name	: Intel(R) Core(TM) i7-4790K CPU @ 4.00GHz
stepping	: 3
microcode	: 0x1e
cpu MHz		: 4399.843
cache size	: 8192 KB
physical id	: 0
siblings	: 8
core id		: 2
cpu cores	: 4
apicid		: 4
initial apicid	: 4
fpu		: yes
fpu_exception	: yes
cpuid level	: 13
wp		: yes
flags		: fpu vme de pse tsc msr pae mce cx8 apic sep mtrr pge mca cmov pat pse36 clflush dts acpi mmx fxsr sse sse2 ss ht tm pbe syscall nx pdpe1gb rdtscp lm constant_tsc arch_perfmon pebs bts rep_good nopl xtopology nonstop_tsc aperfmperf eagerfpu pni pclmulqdq dtes64 monitor ds_cpl vmx est tm2 ssse3 sdbg fma cx16 xtpr pdcm pcid sse4_1 sse4_2 x2apic movbe popcnt tsc_deadline_timer aes xsave avx f16c rdrand lahf_lm abm tpr_shadow vnmi flexpriority ept vpid fsgsbase tsc_adjust bmi1 avx2 smep bmi2 erms invpcid xsaveopt dtherm ida arat pln pts
bugs		:
bogomips	: 8004.36
clflush size	: 64
cache_alignment	: 64
address sizes	: 39 bits physical, 48 bits virtual
power management:

processor	: 3
vendor_id	: GenuineIntel
cpu family	: 6
model		: 60
model name	: Intel(R) Core(TM) i7-4790K CPU @ 4.00GHz
stepping	: 3
microcode	: 0x1e
cpu MHz		: 4400.000
cache size	: 8192 KB
physical id	: 0
siblings	: 8
core id		: 3
cpu cores	: 4
apicid		: 6
initial apicid	: 6
fpu		: yes
fpu_exception	: yes
cpuid level	: 13
wp		: yes
flags		: fpu vme de pse tsc msr pae mce cx8 apic sep mtrr pge mca cmov pat pse36 clflush dts acpi mmx fxsr sse sse2 ss ht tm pbe syscall nx pdpe1gb rdtscp lm constant_tsc arch_perfmon pebs bts rep_good nopl xtopology nonstop_tsc aperfmperf eagerfpu pni pclmulqdq dtes64 monitor ds_cpl vmx est tm2 ssse3 sdbg fma cx16 xtpr pdcm pcid sse4_1 sse4_2 x2apic movbe popcnt tsc_deadline_timer aes xsave avx f16c rdrand lahf_lm abm tpr_shadow vnmi flexpriority ept vpid fsgsbase tsc_adjust bmi1 avx2 smep bmi2 erms invpcid xsaveopt dtherm ida arat pln pts
bugs		:
bogomips	: 8004.42
clflush size	: 64
cache_alignment	: 64
address sizes	: 39 bits physical, 48 bits virtual
power management:

processor	: 4
vendor_id	: GenuineIntel
cpu family	: 6
model		: 60
model name	: Intel(R) Core(TM) i7-4790K CPU @ 4.00GHz
stepping	: 3
microcode	: 0x1e
cpu MHz		: 4399.843
cache size	: 8192 KB
physical id	: 0
siblings	: 8
core id		: 0
cpu cores	: 4
apicid		: 1
initial apicid	: 1
fpu		: yes
fpu_exception	: yes
cpuid level	: 13
wp		: yes
flags		: fpu vme de pse tsc msr pae mce cx8 apic sep mtrr pge mca cmov pat pse36 clflush dts acpi mmx fxsr sse sse2 ss ht tm pbe syscall nx pdpe1gb rdtscp lm constant_tsc arch_perfmon pebs bts rep_good nopl xtopology nonstop_tsc aperfmperf eagerfpu pni pclmulqdq dtes64 monitor ds_cpl vmx est tm2 ssse3 sdbg fma cx16 xtpr pdcm pcid sse4_1 sse4_2 x2apic movbe popcnt tsc_deadline_timer aes xsave avx f16c rdrand lahf_lm abm tpr_shadow vnmi flexpriority ept vpid fsgsbase tsc_adjust bmi1 avx2 smep bmi2 erms invpcid xsaveopt dtherm ida arat pln pts
bugs		:
bogomips	: 8004.99
clflush size	: 64
cache_alignment	: 64
address sizes	: 39 bits physical, 48 bits virtual
power management:

processor	: 5
vendor_id	: GenuineIntel
cpu family	: 6
model		: 60
model name	: Intel(R) Core(TM) i7-4790K CPU @ 4.00GHz
stepping	: 3
microcode	: 0x1e
cpu MHz		: 4400.312
cache size	: 8192 KB
physical id	: 0
siblings	: 8
core id		: 1
cpu cores	: 4
apicid		: 3
initial apicid	: 3
fpu		: yes
fpu_exception	: yes
cpuid level	: 13
wp		: yes
flags		: fpu vme de pse tsc msr pae mce cx8 apic sep mtrr pge mca cmov pat pse36 clflush dts acpi mmx fxsr sse sse2 ss ht tm pbe syscall nx pdpe1gb rdtscp lm constant_tsc arch_perfmon pebs bts rep_good nopl xtopology nonstop_tsc aperfmperf eagerfpu pni pclmulqdq dtes64 monitor ds_cpl vmx est tm2 ssse3 sdbg fma cx16 xtpr pdcm pcid sse4_1 sse4_2 x2apic movbe popcnt tsc_deadline_timer aes xsave avx f16c rdrand lahf_lm abm tpr_shadow vnmi flexpriority ept vpid fsgsbase tsc_adjust bmi1 avx2 smep bmi2 erms invpcid xsaveopt dtherm ida arat pln pts
bugs		:
bogomips	: 8004.46
clflush size	: 64
cache_alignment	: 64
address sizes	: 39 bits physical, 48 bits virtual
power management:

processor	: 6
vendor_id	: GenuineIntel
cpu family	: 6
model		: 60
model name	: Intel(R) Core(TM) i7-4790K CPU @ 4.00GHz
stepping	: 3
microcode	: 0x1e
cpu MHz		: 4399.843
cache size	: 8192 KB
physical id	: 0
siblings	: 8
core id		: 2
cpu cores	: 4
apicid		: 5
initial apicid	: 5
fpu		: yes
fpu_exception	: yes
cpuid level	: 13
wp		: yes
flags		: fpu vme de pse tsc msr pae mce cx8 apic sep mtrr pge mca cmov pat pse36 clflush dts acpi mmx fxsr sse sse2 ss ht tm pbe syscall nx pdpe1gb rdtscp lm constant_tsc arch_perfmon pebs bts rep_good nopl xtopology nonstop_tsc aperfmperf eagerfpu pni pclmulqdq dtes64 monitor ds_cpl vmx est tm2 ssse3 sdbg fma cx16 xtpr pdcm pcid sse4_1 sse4_2 x2apic movbe popcnt tsc_deadline_timer aes xsave avx f16c rdrand lahf_lm abm tpr_shadow vnmi flexpriority ept vpid fsgsbase tsc_adjust bmi1 avx2 smep bmi2 erms invpcid xsaveopt dtherm ida arat pln pts
bugs		:
bogomips	: 8004.45
clflush size	: 64
cache_alignment	: 64
address sizes	: 39 bits physical, 48 bits virtual
power management:

processor	: 7
vendor_id	: GenuineIntel
cpu family	: 6
model		: 60
model name	: Intel(R) Core(TM) i7-4790K CPU @ 4.00GHz
stepping	: 3
microcode	: 0x1e
cpu MHz		: 4399.843
cache size	: 8192 KB
physical id	: 0
siblings	: 8
core id		: 3
cpu cores	: 4
apicid		: 7
initial apicid	: 7
fpu		: yes
fpu_exception	: yes
cpuid level	: 13
wp		: yes
flags		: fpu vme de pse tsc msr pae mce cx8 apic sep mtrr pge mca cmov pat pse36 clflush dts acpi mmx fxsr sse sse2 ss ht tm pbe syscall nx pdpe1gb rdtscp lm constant_tsc arch_perfmon pebs bts rep_good nopl xtopology nonstop_tsc aperfmperf eagerfpu pni pclmulqdq dtes64 monitor ds_cpl vmx est tm2 ssse3 sdbg fma cx16 xtpr pdcm pcid sse4_1 sse4_2 x2apic movbe popcnt tsc_deadline_timer aes xsave avx f16c rdrand lahf_lm abm tpr_shadow vnmi flexpriority ept vpid fsgsbase tsc_adjust bmi1 avx2 smep bmi2 erms invpcid xsaveopt dtherm ida arat pln pts
bugs		:
bogomips	: 8004.43
clflush size	: 64
cache_alignment	: 64
address sizes	: 39 bits physical, 48 bits virtual
power management:



Memory: 4k page, physical 8023036k(138136k free), swap 0k(0k free)

vm_info: Java HotSpot(TM) 64-Bit Server VM (25.92-b14) for linux-amd64 JRE (1.8.0_92-b14), built on Mar 31 2016 21:08:29 by "java_re" with gcc 4.3.0 20080428 (Red Hat 4.3.0-8)

time: Thu Jul  7 22:45:33 2016
elapsed time: 1 seconds (0d 0h 0m 1s)

