#
# There is insufficient memory for the Java Runtime Environment to continue.
# Native memory allocation (mmap) failed to map 260046848 bytes for committing reserved memory.
# Possible reasons:
#   The system is out of physical RAM or swap space
#   In 32 bit mode, the process size limit was hit
# Possible solutions:
#   Reduce memory load on the system
#   Increase physical memory or swap space
#   Check if swap backing store is full
#   Use 64 bit Java on a 64 bit OS
#   Decrease Java heap size (-Xmx/-Xms)
#   Decrease number of Java threads
#   Decrease Java thread stack sizes (-Xss)
#   Set larger code cache with -XX:ReservedCodeCacheSize=
# This output file may be truncated or incomplete.
#
#  Out of Memory Error (os_linux.cpp:2627), pid=7231, tid=0x00007f9c94d9b700
#
# JRE version: Java(TM) SE Runtime Environment (8.0_92-b14) (build 1.8.0_92-b14)
# Java VM: Java HotSpot(TM) 64-Bit Server VM (25.92-b14 mixed mode linux-amd64 compressed oops)
# Core dump written. Default location: /home/roy/Workspace/MT/mt/runner/core or core.7231
#

---------------  T H R E A D  ---------------

Current thread (0x00007f9ca8084800):  VMThread [stack: 0x00007f9c94c9b000,0x00007f9c94d9c000] [id=7244]

Stack: [0x00007f9c94c9b000,0x00007f9c94d9c000],  sp=0x00007f9c94d99fa0,  free space=1019k
Native frames: (J=compiled Java code, j=interpreted, Vv=VM code, C=native code)
V  [libjvm.so+0xabd65a]  VMError::report_and_die()+0x2ba
V  [libjvm.so+0x4fb4db]  report_vm_out_of_memory(char const*, int, unsigned long, VMErrorType, char const*)+0x8b
V  [libjvm.so+0x91d713]  os::Linux::commit_memory_impl(char*, unsigned long, bool)+0x103
V  [libjvm.so+0x91dc69]  os::pd_commit_memory(char*, unsigned long, unsigned long, bool)+0x29
V  [libjvm.so+0x917f6a]  os::commit_memory(char*, unsigned long, unsigned long, bool)+0x2a
V  [libjvm.so+0x98c343]  PSVirtualSpace::expand_by(unsigned long)+0x53
V  [libjvm.so+0x98d748]  PSYoungGen::resize_generation(unsigned long, unsigned long)+0xf8
V  [libjvm.so+0x98c8a2]  PSYoungGen::resize(unsigned long, unsigned long)+0x22
V  [libjvm.so+0x989b7b]  PSScavenge::invoke_no_policy()+0xf3b
V  [libjvm.so+0x98a301]  PSScavenge::invoke()+0x41
V  [libjvm.so+0x941410]  ParallelScavengeHeap::failed_mem_allocate(unsigned long)+0x70
V  [libjvm.so+0xabf077]  VM_ParallelGCFailedAllocation::doit()+0x97
V  [libjvm.so+0xac6aa5]  VM_Operation::evaluate()+0x55
V  [libjvm.so+0xac4e7a]  VMThread::evaluate_operation(VM_Operation*)+0xba
V  [libjvm.so+0xac51fe]  VMThread::loop()+0x1ce
V  [libjvm.so+0xac5670]  VMThread::run()+0x70
V  [libjvm.so+0x91fad8]  java_start(Thread*)+0x108

VM_Operation (0x00007f9cae9479c0): ParallelGCFailedAllocation, mode: safepoint, requested by thread 0x00007f9ca800e000


---------------  P R O C E S S  ---------------

Java Threads: ( => current thread )
  0x00007f9ca86d1000 JavaThread "process reaper" daemon [_thread_blocked, id=7260, stack(0x00007f9c3fb9f000,0x00007f9c3fbd8000)]
  0x00007f9ca80f3000 JavaThread "Service Thread" daemon [_thread_blocked, id=7257, stack(0x00007f9c741bf000,0x00007f9c742c0000)]
  0x00007f9ca80dd800 JavaThread "C1 CompilerThread3" daemon [_thread_blocked, id=7256, stack(0x00007f9c9408d000,0x00007f9c9418e000)]
  0x00007f9ca80db800 JavaThread "C2 CompilerThread2" daemon [_thread_blocked, id=7255, stack(0x00007f9c9418e000,0x00007f9c9428f000)]
  0x00007f9ca80d9800 JavaThread "C2 CompilerThread1" daemon [_thread_blocked, id=7254, stack(0x00007f9c9428f000,0x00007f9c94390000)]
  0x00007f9ca80d6800 JavaThread "C2 CompilerThread0" daemon [_thread_blocked, id=7253, stack(0x00007f9c94390000,0x00007f9c94491000)]
  0x00007f9c58001000 JavaThread "JDWP Command Reader" daemon [_thread_in_native, id=7252, stack(0x00007f9c94491000,0x00007f9c94592000)]
  0x00007f9ca80d4800 JavaThread "JDWP Event Helper Thread" daemon [_thread_blocked, id=7250, stack(0x00007f9c94592000,0x00007f9c94693000)]
  0x00007f9ca80d1000 JavaThread "JDWP Transport Listener: dt_socket" daemon [_thread_blocked, id=7248, stack(0x00007f9c94693000,0x00007f9c94794000)]
  0x00007f9ca80c3000 JavaThread "Signal Dispatcher" daemon [_thread_blocked, id=7247, stack(0x00007f9c94998000,0x00007f9c94a99000)]
  0x00007f9ca8091000 JavaThread "Finalizer" daemon [_thread_blocked, id=7246, stack(0x00007f9c94a99000,0x00007f9c94b9a000)]
  0x00007f9ca808c000 JavaThread "Reference Handler" daemon [_thread_blocked, id=7245, stack(0x00007f9c94b9a000,0x00007f9c94c9b000)]
  0x00007f9ca800e000 JavaThread "main" [_thread_blocked, id=7233, stack(0x00007f9cae849000,0x00007f9cae94a000)]

Other Threads:
=>0x00007f9ca8084800 VMThread [stack: 0x00007f9c94c9b000,0x00007f9c94d9c000] [id=7244]
  0x00007f9ca80f6000 WatcherThread [stack: 0x00007f9c740be000,0x00007f9c741bf000] [id=7258]

VM state:at safepoint (normal execution)

VM Mutex/Monitor currently owned by a thread:  ([mutex/lock_event])
[0x00007f9ca800c300] Threads_lock - owner thread: 0x00007f9ca8084800
[0x00007f9ca800c800] Heap_lock - owner thread: 0x00007f9ca800e000

Heap:
 PSYoungGen      total 260608K, used 4073K [0x00000000d7300000, 0x00000000e7800000, 0x0000000100000000)
  eden space 253952K, 0% used [0x00000000d7300000,0x00000000d7300000,0x00000000e6b00000)
  from space 6656K, 61% used [0x00000000e6b00000,0x00000000e6efa478,0x00000000e7180000)
  to   space 6144K, 0% used [0x00000000e7200000,0x00000000e7200000,0x00000000e7800000)
 ParOldGen       total 84992K, used 2350K [0x0000000085800000, 0x000000008ab00000, 0x00000000d7300000)
  object space 84992K, 2% used [0x0000000085800000,0x0000000085a4ba58,0x000000008ab00000)
 Metaspace       used 9133K, capacity 9354K, committed 9600K, reserved 1058816K
  class space    used 982K, capacity 1053K, committed 1152K, reserved 1048576K

Card table byte_map: [0x00007f9c982a6000,0x00007f9c9867b000] byte_map_base: 0x00007f9c97e7a000

Marking Bits: (ParMarkBitMap*) 0x00007f9cadd564c0
 Begin Bits: [0x00007f9c742c0000, 0x00007f9c76160000)
 End Bits:   [0x00007f9c76160000, 0x00007f9c78000000)

Polling page: 0x00007f9cae97c000

CodeCache: size=245760Kb used=7337Kb max_used=7350Kb free=238422Kb
 bounds [0x00007f9c98a3b000, 0x00007f9c9917b000, 0x00007f9ca7a3b000]
 total_blobs=2284 nmethods=1967 adapters=239
 compilation: enabled

Compilation events (10 events):
Event: 1.616 Thread 0x00007f9ca80db800 nmethod 1965% 0x00007f9c99170710 code [0x00007f9c99170a80, 0x00007f9c991734a0]
Event: 1.623 Thread 0x00007f9ca80dd800 1967       3       org.eclipse.jgit.diff.Subsequence::toBase (37 bytes)
Event: 1.624 Thread 0x00007f9ca80dd800 nmethod 1967 0x00007f9c9911add0 code [0x00007f9c9911afa0, 0x00007f9c9911b678]
Event: 1.644 Thread 0x00007f9ca80d6800 1968       4       org.eclipse.jgit.util.StringUtils::equalsIgnoreCase (59 bytes)
Event: 1.647 Thread 0x00007f9ca80dd800 1969       3       java.lang.reflect.Method::getParameterTypes (11 bytes)
Event: 1.647 Thread 0x00007f9ca80dd800 nmethod 1969 0x00007f9c9911a890 code [0x00007f9c9911aa00, 0x00007f9c9911ad08]
Event: 1.648 Thread 0x00007f9ca80d6800 nmethod 1968 0x00007f9c99114ed0 code [0x00007f9c99115060, 0x00007f9c991154f8]
Event: 1.666 Thread 0x00007f9ca80d9800 1970  s!   4       org.eclipse.jgit.internal.storage.file.PackFile::idx (124 bytes)
Event: 1.701 Thread 0x00007f9ca80d9800 nmethod 1970 0x00007f9c9915e5d0 code [0x00007f9c9915e760, 0x00007f9c9915ed58]
Event: 1.704 Thread 0x00007f9ca80db800 1971       4       java.io.UnixFileSystem::resolve (103 bytes)

GC Heap History (10 events):
Event: 0.601 GC heap after
Heap after GC invocations=2 (full 0):
 PSYoungGen      total 68608K, used 4498K [0x00000000d7300000, 0x00000000dbb00000, 0x0000000100000000)
  eden space 63488K, 0% used [0x00000000d7300000,0x00000000d7300000,0x00000000db100000)
  from space 5120K, 87% used [0x00000000db600000,0x00000000dba64958,0x00000000dbb00000)
  to   space 5120K, 0% used [0x00000000db100000,0x00000000db100000,0x00000000db600000)
 ParOldGen       total 84992K, used 16K [0x0000000085800000, 0x000000008ab00000, 0x00000000d7300000)
  object space 84992K, 0% used [0x0000000085800000,0x0000000085804000,0x000000008ab00000)
 Metaspace       used 8162K, capacity 8370K, committed 8448K, reserved 1056768K
  class space    used 912K, capacity 985K, committed 1024K, reserved 1048576K
}
Event: 0.824 GC heap before
{Heap before GC invocations=3 (full 0):
 PSYoungGen      total 68608K, used 67986K [0x00000000d7300000, 0x00000000dbb00000, 0x0000000100000000)
  eden space 63488K, 100% used [0x00000000d7300000,0x00000000db100000,0x00000000db100000)
  from space 5120K, 87% used [0x00000000db600000,0x00000000dba64958,0x00000000dbb00000)
  to   space 5120K, 0% used [0x00000000db100000,0x00000000db100000,0x00000000db600000)
 ParOldGen       total 84992K, used 16K [0x0000000085800000, 0x000000008ab00000, 0x00000000d7300000)
  object space 84992K, 0% used [0x0000000085800000,0x0000000085804000,0x000000008ab00000)
 Metaspace       used 8948K, capacity 9226K, committed 9344K, reserved 1056768K
  class space    used 982K, capacity 1053K, committed 1152K, reserved 1048576K
Event: 0.828 GC heap after
Heap after GC invocations=3 (full 0):
 PSYoungGen      total 68608K, used 5091K [0x00000000d7300000, 0x00000000df900000, 0x0000000100000000)
  eden space 63488K, 0% used [0x00000000d7300000,0x00000000d7300000,0x00000000db100000)
  from space 5120K, 99% used [0x00000000db100000,0x00000000db5f8f90,0x00000000db600000)
  to   space 5120K, 0% used [0x00000000df400000,0x00000000df400000,0x00000000df900000)
 ParOldGen       total 84992K, used 125K [0x0000000085800000, 0x000000008ab00000, 0x00000000d7300000)
  object space 84992K, 0% used [0x0000000085800000,0x000000008581f418,0x000000008ab00000)
 Metaspace       used 8948K, capacity 9226K, committed 9344K, reserved 1056768K
  class space    used 982K, capacity 1053K, committed 1152K, reserved 1048576K
}
Event: 0.918 GC heap before
{Heap before GC invocations=4 (full 0):
 PSYoungGen      total 68608K, used 68579K [0x00000000d7300000, 0x00000000df900000, 0x0000000100000000)
  eden space 63488K, 100% used [0x00000000d7300000,0x00000000db100000,0x00000000db100000)
  from space 5120K, 99% used [0x00000000db100000,0x00000000db5f8f90,0x00000000db600000)
  to   space 5120K, 0% used [0x00000000df400000,0x00000000df400000,0x00000000df900000)
 ParOldGen       total 84992K, used 125K [0x0000000085800000, 0x000000008ab00000, 0x00000000d7300000)
  object space 84992K, 0% used [0x0000000085800000,0x000000008581f418,0x000000008ab00000)
 Metaspace       used 8997K, capacity 9226K, committed 9344K, reserved 1056768K
  class space    used 982K, capacity 1053K, committed 1152K, reserved 1048576K
Event: 0.921 GC heap after
Heap after GC invocations=4 (full 0):
 PSYoungGen      total 132096K, used 4544K [0x00000000d7300000, 0x00000000df900000, 0x0000000100000000)
  eden space 126976K, 0% used [0x00000000d7300000,0x00000000d7300000,0x00000000def00000)
  from space 5120K, 88% used [0x00000000df400000,0x00000000df870000,0x00000000df900000)
  to   space 5120K, 0% used [0x00000000def00000,0x00000000def00000,0x00000000df400000)
 ParOldGen       total 84992K, used 133K [0x0000000085800000, 0x000000008ab00000, 0x00000000d7300000)
  object space 84992K, 0% used [0x0000000085800000,0x0000000085821418,0x000000008ab00000)
 Metaspace       used 8997K, capacity 9226K, committed 9344K, reserved 1056768K
  class space    used 982K, capacity 1053K, committed 1152K, reserved 1048576K
}
Event: 1.088 GC heap before
{Heap before GC invocations=5 (full 0):
 PSYoungGen      total 132096K, used 131520K [0x00000000d7300000, 0x00000000df900000, 0x0000000100000000)
  eden space 126976K, 100% used [0x00000000d7300000,0x00000000def00000,0x00000000def00000)
  from space 5120K, 88% used [0x00000000df400000,0x00000000df870000,0x00000000df900000)
  to   space 5120K, 0% used [0x00000000def00000,0x00000000def00000,0x00000000df400000)
 ParOldGen       total 84992K, used 133K [0x0000000085800000, 0x000000008ab00000, 0x00000000d7300000)
  object space 84992K, 0% used [0x0000000085800000,0x0000000085821418,0x000000008ab00000)
 Metaspace       used 9070K, capacity 9354K, committed 9600K, reserved 1058816K
  class space    used 982K, capacity 1053K, committed 1152K, reserved 1048576K
Event: 1.093 GC heap after
Heap after GC invocations=5 (full 0):
 PSYoungGen      total 132096K, used 4432K [0x00000000d7300000, 0x00000000e7900000, 0x0000000100000000)
  eden space 126976K, 0% used [0x00000000d7300000,0x00000000d7300000,0x00000000def00000)
  from space 5120K, 86% used [0x00000000def00000,0x00000000df354120,0x00000000df400000)
  to   space 7168K, 0% used [0x00000000e7200000,0x00000000e7200000,0x00000000e7900000)
 ParOldGen       total 84992K, used 141K [0x0000000085800000, 0x000000008ab00000, 0x00000000d7300000)
  object space 84992K, 0% used [0x0000000085800000,0x0000000085823418,0x000000008ab00000)
 Metaspace       used 9070K, capacity 9354K, committed 9600K, reserved 1058816K
  class space    used 982K, capacity 1053K, committed 1152K, reserved 1048576K
}
Event: 1.257 GC heap before
{Heap before GC invocations=6 (full 0):
 PSYoungGen      total 132096K, used 131408K [0x00000000d7300000, 0x00000000e7900000, 0x0000000100000000)
  eden space 126976K, 100% used [0x00000000d7300000,0x00000000def00000,0x00000000def00000)
  from space 5120K, 86% used [0x00000000def00000,0x00000000df354120,0x00000000df400000)
  to   space 7168K, 0% used [0x00000000e7200000,0x00000000e7200000,0x00000000e7900000)
 ParOldGen       total 84992K, used 141K [0x0000000085800000, 0x000000008ab00000, 0x00000000d7300000)
  object space 84992K, 0% used [0x0000000085800000,0x0000000085823418,0x000000008ab00000)
 Metaspace       used 9111K, capacity 9354K, committed 9600K, reserved 1058816K
  class space    used 982K, capacity 1053K, committed 1152K, reserved 1048576K
Event: 1.261 GC heap after
Heap after GC invocations=6 (full 0):
 PSYoungGen      total 260096K, used 4304K [0x00000000d7300000, 0x00000000e7800000, 0x0000000100000000)
  eden space 253952K, 0% used [0x00000000d7300000,0x00000000d7300000,0x00000000e6b00000)
  from space 6144K, 70% used [0x00000000e7200000,0x00000000e7634010,0x00000000e7800000)
  to   space 6656K, 0% used [0x00000000e6b00000,0x00000000e6b00000,0x00000000e7180000)
 ParOldGen       total 84992K, used 141K [0x0000000085800000, 0x000000008ab00000, 0x00000000d7300000)
  object space 84992K, 0% used [0x0000000085800000,0x0000000085823418,0x000000008ab00000)
 Metaspace       used 9111K, capacity 9354K, committed 9600K, reserved 1058816K
  class space    used 982K, capacity 1053K, committed 1152K, reserved 1048576K
}
Event: 1.721 GC heap before
{Heap before GC invocations=7 (full 0):
 PSYoungGen      total 260096K, used 258256K [0x00000000d7300000, 0x00000000e7800000, 0x0000000100000000)
  eden space 253952K, 100% used [0x00000000d7300000,0x00000000e6b00000,0x00000000e6b00000)
  from space 6144K, 70% used [0x00000000e7200000,0x00000000e7634010,0x00000000e7800000)
  to   space 6656K, 0% used [0x00000000e6b00000,0x00000000e6b00000,0x00000000e7180000)
 ParOldGen       total 84992K, used 141K [0x0000000085800000, 0x000000008ab00000, 0x00000000d7300000)
  object space 84992K, 0% used [0x0000000085800000,0x0000000085823418,0x000000008ab00000)
 Metaspace       used 9133K, capacity 9354K, committed 9600K, reserved 1058816K
  class space    used 982K, capacity 1053K, committed 1152K, reserved 1048576K

Deoptimization events (10 events):
Event: 0.807 Thread 0x00007f9ca800e000 Uncommon trap: reason=unstable_if action=reinterpret pc=0x00007f9c98f07f58 method=org.eclipse.jgit.diff.RawText.isBinary([BI)Z @ 21
Event: 0.807 Thread 0x00007f9ca800e000 Uncommon trap: reason=unstable_if action=reinterpret pc=0x00007f9c98effd4c method=org.eclipse.jgit.diff.RawText.isBinary([BI)Z @ 21
Event: 0.882 Thread 0x00007f9ca800e000 Uncommon trap: reason=unstable_if action=reinterpret pc=0x00007f9c98f29508 method=org.eclipse.jgit.diff.RawTextComparator$1.equals(Lorg/eclipse/jgit/diff/RawText;ILorg/eclipse/jgit/diff/RawText;I)Z @ 94
Event: 0.882 Thread 0x00007f9ca800e000 Uncommon trap: reason=unstable_if action=reinterpret pc=0x00007f9c98f392b8 method=org.eclipse.jgit.diff.RawTextComparator$1.equals(Lorg/eclipse/jgit/diff/RawText;ILorg/eclipse/jgit/diff/RawText;I)Z @ 94
Event: 0.960 Thread 0x00007f9ca800e000 Uncommon trap: reason=unstable_if action=reinterpret pc=0x00007f9c98fd9560 method=org.eclipse.jgit.diff.RawTextComparator.reduceCommonStartEnd(Lorg/eclipse/jgit/diff/RawText;Lorg/eclipse/jgit/diff/RawText;Lorg/eclipse/jgit/diff/Edit;)Lorg/eclipse/jgit/dif
Event: 1.215 Thread 0x00007f9ca800e000 Uncommon trap: reason=unstable_if action=reinterpret pc=0x00007f9c98ebfda8 method=java.util.HashMap.getNode(ILjava/lang/Object;)Ljava/util/HashMap$Node; @ 116
Event: 1.232 Thread 0x00007f9ca800e000 Uncommon trap: reason=unstable_if action=reinterpret pc=0x00007f9c98fd61d8 method=org.eclipse.jgit.util.Paths.coreCompare([BIII[BIII)I @ 9
Event: 1.292 Thread 0x00007f9ca800e000 Uncommon trap: reason=unstable_if action=reinterpret pc=0x00007f9c99040840 method=org.eclipse.jgit.diff.RawTextComparator.findReverseLine(Lorg/eclipse/jgit/util/IntList;II)I @ 2
Event: 1.292 Thread 0x00007f9ca800e000 Uncommon trap: reason=unstable_if action=reinterpret pc=0x00007f9c98fc68c8 method=org.eclipse.jgit.diff.RawTextComparator.findReverseLine(Lorg/eclipse/jgit/util/IntList;II)I @ 2
Event: 1.407 Thread 0x00007f9ca800e000 Uncommon trap: reason=unstable_if action=reinterpret pc=0x00007f9c98fd1850 method=org.eclipse.jgit.diff.HistogramDiffIndex.tryLongestCommonSequence(I)I @ 47

Internal exceptions (10 events):
Event: 1.644 Thread 0x00007f9ca800e000 Exception <a 'java/lang/ArrayIndexOutOfBoundsException'> (0x00000000e62eb198) thrown at [/HUDSON/workspace/8-2-build-linux-amd64/jdk8u92/6642/hotspot/src/share/vm/runtime/sharedRuntime.cpp, line 605]
Event: 1.644 Thread 0x00007f9ca800e000 Exception <a 'java/io/FileNotFoundException'> (0x00000000e62ec2b8) thrown at [/HUDSON/workspace/8-2-build-linux-amd64/jdk8u92/6642/hotspot/src/share/vm/prims/jni.cpp, line 709]
Event: 1.644 Thread 0x00007f9ca800e000 Exception <a 'java/lang/ArrayIndexOutOfBoundsException'> (0x00000000e62edbe0) thrown at [/HUDSON/workspace/8-2-build-linux-amd64/jdk8u92/6642/hotspot/src/share/vm/runtime/sharedRuntime.cpp, line 605]
Event: 1.644 Thread 0x00007f9ca800e000 Exception <a 'java/lang/ArrayIndexOutOfBoundsException'> (0x00000000e62f0318) thrown at [/HUDSON/workspace/8-2-build-linux-amd64/jdk8u92/6642/hotspot/src/share/vm/runtime/sharedRuntime.cpp, line 605]
Event: 1.653 Thread 0x00007f9ca800e000 Exception <a 'java/io/FileNotFoundException'> (0x00000000e6547cc0) thrown at [/HUDSON/workspace/8-2-build-linux-amd64/jdk8u92/6642/hotspot/src/share/vm/prims/jni.cpp, line 709]
Event: 1.680 Thread 0x00007f9ca800e000 Exception <a 'java/lang/ArrayIndexOutOfBoundsException'> (0x00000000e679af48) thrown at [/HUDSON/workspace/8-2-build-linux-amd64/jdk8u92/6642/hotspot/src/share/vm/runtime/sharedRuntime.cpp, line 605]
Event: 1.682 Thread 0x00007f9ca800e000 Exception <a 'java/io/FileNotFoundException'> (0x00000000e679c068) thrown at [/HUDSON/workspace/8-2-build-linux-amd64/jdk8u92/6642/hotspot/src/share/vm/prims/jni.cpp, line 709]
Event: 1.682 Thread 0x00007f9ca800e000 Exception <a 'java/lang/ArrayIndexOutOfBoundsException'> (0x00000000e679d990) thrown at [/HUDSON/workspace/8-2-build-linux-amd64/jdk8u92/6642/hotspot/src/share/vm/runtime/sharedRuntime.cpp, line 605]
Event: 1.682 Thread 0x00007f9ca800e000 Exception <a 'java/lang/ArrayIndexOutOfBoundsException'> (0x00000000e67a00c8) thrown at [/HUDSON/workspace/8-2-build-linux-amd64/jdk8u92/6642/hotspot/src/share/vm/runtime/sharedRuntime.cpp, line 605]
Event: 1.700 Thread 0x00007f9ca800e000 Exception <a 'java/io/FileNotFoundException'> (0x00000000e69fa4c8) thrown at [/HUDSON/workspace/8-2-build-linux-amd64/jdk8u92/6642/hotspot/src/share/vm/prims/jni.cpp, line 709]

Events (10 events):
Event: 1.682 Thread 0x00007f9ca800e000 DEOPT UNPACKING pc=0x00007f9c98a82633 sp=0x00007f9cae947c80 mode 1
Event: 1.682 Thread 0x00007f9ca800e000 DEOPT PACKING pc=0x00007f9c98fee16e sp=0x00007f9cae947c60
Event: 1.682 Thread 0x00007f9ca800e000 DEOPT UNPACKING pc=0x00007f9c98a82633 sp=0x00007f9cae947a48 mode 1
Event: 1.682 Thread 0x00007f9ca800e000 DEOPT PACKING pc=0x00007f9c98fee16e sp=0x00007f9cae947c60
Event: 1.682 Thread 0x00007f9ca800e000 DEOPT UNPACKING pc=0x00007f9c98a82633 sp=0x00007f9cae947a48 mode 1
Event: 1.700 Thread 0x00007f9ca800e000 DEOPT PACKING pc=0x00007f9c98f46f14 sp=0x00007f9cae947600
Event: 1.700 Thread 0x00007f9ca800e000 DEOPT UNPACKING pc=0x00007f9c98a82633 sp=0x00007f9cae947330 mode 1
Event: 1.700 Thread 0x00007f9ca800e000 DEOPT PACKING pc=0x00007f9c98fbabc4 sp=0x00007f9cae947800
Event: 1.700 Thread 0x00007f9ca800e000 DEOPT UNPACKING pc=0x00007f9c98a82633 sp=0x00007f9cae947548 mode 1
Event: 1.713 Executing VM operation: ParallelGCFailedAllocation


Dynamic libraries:
00400000-00401000 r-xp 00000000 08:02 3421676                            /usr/lib/jvm/java-8-jdk/jre/bin/java
00600000-00601000 rw-p 00000000 08:02 3421676                            /usr/lib/jvm/java-8-jdk/jre/bin/java
018a8000-018c9000 rw-p 00000000 00:00 0                                  [heap]
85800000-8ab00000 rw-p 00000000 00:00 0 
8ab00000-d7300000 ---p 00000000 00:00 0 
d7300000-e7800000 rw-p 00000000 00:00 0 
f7000000-100000000 ---p 00000000 00:00 0 
100000000-100120000 rw-p 00000000 00:00 0 
100120000-140000000 ---p 00000000 00:00 0 
7f9c2c000000-7f9c2c021000 rw-p 00000000 00:00 0 
7f9c2c021000-7f9c30000000 ---p 00000000 00:00 0 
7f9c34000000-7f9c34021000 rw-p 00000000 00:00 0 
7f9c34021000-7f9c38000000 ---p 00000000 00:00 0 
7f9c38000000-7f9c38021000 rw-p 00000000 00:00 0 
7f9c38021000-7f9c3c000000 ---p 00000000 00:00 0 
7f9c3f7c4000-7f9c3f804000 rw-p 00000000 00:00 0 
7f9c3f804000-7f9c3f9c4000 ---p 00000000 00:00 0 
7f9c3f9c4000-7f9c3f9c5000 r--s 00001000 08:02 7609905                    /home/roy/.gradle/caches/modules-2/files-2.1/javax.annotation/jsr250-api/1.0/5025422767732a1ab45d93abfea846513d742dcf/jsr250-api-1.0.jar
7f9c3f9c5000-7f9c3f9c7000 r--s 00000000 08:02 5378039                    /home/roy/.gradle/caches/modules-2/files-2.1/aopalliance/aopalliance/1.0/235ba8b489512805ac13a8f9ea77a1ca5ebe3e8/aopalliance-1.0.jar
7f9c3f9c7000-7f9c3f9c9000 r--s 00006000 08:02 9569309                    /home/roy/.gradle/caches/modules-2/files-2.1/org.eclipse.aether/aether-spi/1.0.2.v20150114/8428dfa330107984f3e3ac05cc3ebd50b2676866/aether-spi-1.0.2.v20150114.jar
7f9c3f9c9000-7f9c3f9cf000 r--s 00033000 08:02 6555982                    /home/roy/.gradle/caches/modules-2/files-2.1/commons-codec/commons-codec/1.6/b7f0fc8f61ecadeb3695f0b9464755eee44374d4/commons-codec-1.6.jar
7f9c3f9cf000-7f9c3f9d6000 r--s 0003f000 08:02 5771559                    /home/roy/.gradle/caches/modules-2/files-2.1/org.apache.httpcomponents/httpcore/4.3.3/f91b7a4aadc5cf486df6e4634748d7dd7a73f06d/httpcore-4.3.3.jar
7f9c3f9d6000-7f9c3f9de000 r--s 00055000 08:02 9569307                    /home/roy/.gradle/caches/modules-2/files-2.1/org.eclipse.sisu/org.eclipse.sisu.inject/0.3.2/59044b92ec27cc6fda7a2d24b2cd6cec23f31d5b/org.eclipse.sisu.inject-0.3.2.jar
7f9c3fa9e000-7f9c3faa1000 ---p 00000000 00:00 0 
7f9c3faa1000-7f9c3fb9f000 rw-p 00000000 00:00 0 
7f9c3fb9f000-7f9c3fba2000 ---p 00000000 00:00 0 
7f9c3fba2000-7f9c3fbd8000 rw-p 00000000 00:00 0 
7f9c3fbd8000-7f9c3fbee000 r-xp 00000000 08:02 3421825                    /usr/lib/jvm/java-8-jdk/jre/lib/amd64/libnet.so
7f9c3fbee000-7f9c3fdee000 ---p 00016000 08:02 3421825                    /usr/lib/jvm/java-8-jdk/jre/lib/amd64/libnet.so
7f9c3fdee000-7f9c3fdef000 rw-p 00016000 08:02 3421825                    /usr/lib/jvm/java-8-jdk/jre/lib/amd64/libnet.so
7f9c3fdef000-7f9c3fe00000 r-xp 00000000 08:02 3421822                    /usr/lib/jvm/java-8-jdk/jre/lib/amd64/libnio.so
7f9c3fe00000-7f9c3ffff000 ---p 00011000 08:02 3421822                    /usr/lib/jvm/java-8-jdk/jre/lib/amd64/libnio.so
7f9c3ffff000-7f9c40000000 rw-p 00010000 08:02 3421822                    /usr/lib/jvm/java-8-jdk/jre/lib/amd64/libnio.so
7f9c40000000-7f9c408a1000 rw-p 00000000 00:00 0 
7f9c408a1000-7f9c44000000 ---p 00000000 00:00 0 
7f9c44000000-7f9c44021000 rw-p 00000000 00:00 0 
7f9c44021000-7f9c48000000 ---p 00000000 00:00 0 
7f9c48000000-7f9c49c8a000 rw-p 00000000 00:00 0 
7f9c49c8a000-7f9c4c000000 ---p 00000000 00:00 0 
7f9c4c000000-7f9c4d151000 rw-p 00000000 00:00 0 
7f9c4d151000-7f9c50000000 ---p 00000000 00:00 0 
7f9c50000000-7f9c50021000 rw-p 00000000 00:00 0 
7f9c50021000-7f9c54000000 ---p 00000000 00:00 0 
7f9c54000000-7f9c554c8000 rw-p 00000000 00:00 0 
7f9c554c8000-7f9c58000000 ---p 00000000 00:00 0 
7f9c58000000-7f9c58021000 rw-p 00000000 00:00 0 
7f9c58021000-7f9c5c000000 ---p 00000000 00:00 0 
7f9c5c000000-7f9c5c021000 rw-p 00000000 00:00 0 
7f9c5c021000-7f9c60000000 ---p 00000000 00:00 0 
7f9c60000000-7f9c60021000 rw-p 00000000 00:00 0 
7f9c60021000-7f9c64000000 ---p 00000000 00:00 0 
7f9c64000000-7f9c64021000 rw-p 00000000 00:00 0 
7f9c64021000-7f9c68000000 ---p 00000000 00:00 0 
7f9c68000000-7f9c68294000 rw-p 00000000 00:00 0 
7f9c68294000-7f9c6c000000 ---p 00000000 00:00 0 
7f9c6c000000-7f9c6c021000 rw-p 00000000 00:00 0 
7f9c6c021000-7f9c70000000 ---p 00000000 00:00 0 
7f9c70000000-7f9c70021000 rw-p 00000000 00:00 0 
7f9c70021000-7f9c74000000 ---p 00000000 00:00 0 
7f9c74000000-7f9c74001000 r--s 00000000 08:02 5771480                    /home/roy/.gradle/caches/modules-2/files-2.1/javax.inject/javax.inject/1/6975da39a7040257bd51d21a231b76c915872d38/javax.inject-1.jar
7f9c74001000-7f9c74003000 r--s 0000e000 08:02 5771561                    /home/roy/.gradle/caches/modules-2/files-2.1/commons-logging/commons-logging/1.1.3/f6f66e966c70a83ffbdb6f17a0919eaf7c8aca7f/commons-logging-1.1.3.jar
7f9c74003000-7f9c74006000 r--s 00008000 08:02 9569305                    /home/roy/.gradle/caches/modules-2/files-2.1/javax.enterprise/cdi-api/1.0/44c453f60909dfc223552ace63e05c694215156b/cdi-api-1.0.jar
7f9c74006000-7f9c74009000 r--s 0000b000 08:02 9569303                    /home/roy/.gradle/caches/modules-2/files-2.1/org.apache.maven.wagon/wagon-provider-api/2.10/cd9cdde3f56bb5250d87c54592f04cbc24f03bf/wagon-provider-api-2.10.jar
7f9c74009000-7f9c74034000 r--s 001fc000 08:02 8270264                    /home/roy/.gradle/caches/modules-2/files-2.1/com.google.guava/guava/18.0/cce0823396aa693798f8882e64213b1772032b09/guava-18.0.jar
7f9c74034000-7f9c74035000 r--s 00003000 08:02 9569301                    /home/roy/.gradle/caches/modules-2/files-2.1/org.apache.maven/maven-builder-support/3.3.9/a96f29da7623c0e1db9824f628548fe8181f6dd0/maven-builder-support-3.3.9.jar
7f9c74035000-7f9c74038000 r--s 0000d000 08:02 9569299                    /home/roy/.gradle/caches/modules-2/files-2.1/org.codehaus.plexus/plexus-interpolation/1.21/f92de59d295f16868001644acc21720f3ec9eb15/plexus-interpolation-1.21.jar
7f9c74038000-7f9c74041000 r--s 0005f000 08:02 5379327                    /home/roy/.gradle/caches/modules-2/files-2.1/com.google.inject/guice/4.0/199b7acaa05b570bbccf31be998f013963e5e752/guice-4.0-no_aop.jar
7f9c74041000-7f9c74045000 r--s 00020000 08:02 9569297                    /home/roy/.gradle/caches/modules-2/files-2.1/org.eclipse.aether/aether-util/1.0.2.v20150114/d2d3c74a5210544b5cdce89a2c1d1c62835692d1/aether-util-1.0.2.v20150114.jar
7f9c74045000-7f9c7404a000 r--s 0001d000 08:02 9569295                    /home/roy/.gradle/caches/modules-2/files-2.1/org.eclipse.aether/aether-api/1.0.2.v20150114/839f93a5213fb3e233b09bfd6d6b95669f7043c0/aether-api-1.0.2.v20150114.jar
7f9c7404a000-7f9c7404e000 r--s 00027000 08:02 9569293                    /home/roy/.gradle/caches/modules-2/files-2.1/org.eclipse.aether/aether-impl/1.0.2.v20150114/f147539e6e60dfbda9ef7f6d750066170f61b7a1/aether-impl-1.0.2.v20150114.jar
7f9c7404e000-7f9c74050000 r--s 0000f000 08:02 9569291                    /home/roy/.gradle/caches/modules-2/files-2.1/org.apache.maven/maven-aether-provider/3.3.9/29e8e7122f7a166ea53785cd75af0ef9d4d848d4/maven-aether-provider-3.3.9.jar
7f9c74050000-7f9c74052000 r--s 0000c000 08:02 9569289                    /home/roy/.gradle/caches/modules-2/files-2.1/org.apache.maven/maven-artifact/3.3.9/f43afa184555fbc6e36b3334b17246c39b30f6e/maven-artifact-3.3.9.jar
7f9c74052000-7f9c74053000 r--s 00006000 08:02 9569287                    /home/roy/.gradle/caches/modules-2/files-2.1/org.apache.maven/maven-repository-metadata/3.3.9/6850232b35e504057d67bde11efddebf6271e1ce/maven-repository-metadata-3.3.9.jar
7f9c74053000-7f9c74055000 r--s 00009000 08:02 9569285                    /home/roy/.gradle/caches/modules-2/files-2.1/org.apache.maven/maven-settings-builder/3.3.9/fe5ad82564dc07a31855da543db8d5376def3c26/maven-settings-builder-3.3.9.jar
7f9c74055000-7f9c74058000 r--s 00026000 08:02 9569283                    /home/roy/.gradle/caches/modules-2/files-2.1/org.apache.maven/maven-model/3.3.9/6efde8cbcb4de4c47f7e9c2a3ab2806022b5c70f/maven-model-3.3.9.jar
7f9c74058000-7f9c74064000 r--s 00085000 08:02 5771555                    /home/roy/.gradle/caches/modules-2/files-2.1/org.apache.httpcomponents/httpclient/4.3.6/4c47155e3e6c9a41a28db36680b828ced53b8af4/httpclient-4.3.6.jar
7f9c74064000-7f9c74067000 r--s 0001c000 08:02 5771553                    /home/roy/.gradle/caches/modules-2/files-2.1/com.googlecode.javaewah/JavaEWAH/0.7.9/eceaf316a8faf0e794296ebe158ae110c7d72a5a/JavaEWAH-0.7.9.jar
7f9c74067000-7f9c7406c000 r--s 00040000 08:02 5771551                    /home/roy/.gradle/caches/modules-2/files-2.1/com.jcraft/jsch/0.1.53/658b682d5c817b27ae795637dfec047c63d29935/jsch-0.1.53.jar
7f9c7406c000-7f9c74071000 r--s 0002a000 08:02 9309861                    /home/roy/.gradle/caches/modules-2/files-2.1/com.google.code.gson/gson/2.2.2/1f96456ca233dec780aa224bff076d8e8bca3908/gson-2.2.2.jar
7f9c74071000-7f9c74078000 r--s 00064000 08:02 7475718                    /home/roy/.gradle/caches/modules-2/files-2.1/org.apache.commons/commons-lang3/3.4/5fe28b9518e58819180a43a850fbc0dd24b7c050/commons-lang3-3.4.jar
7f9c74078000-7f9c7407a000 r--s 00009000 08:02 6295904                    /home/roy/.gradle/caches/modules-2/files-2.1/commons-cli/commons-cli/1.2/2bf96b7aa8b611c177d329452af1dc933e14501c/commons-cli-1.2.jar
7f9c7407a000-7f9c7407c000 r--s 00002000 08:02 9569281                    /home/roy/.gradle/caches/modules-2/files-2.1/org.sonatype.plexus/plexus-cipher/1.7/51460409b6cdc2b828540c19c05691f89141edc2/plexus-cipher-1.7.jar
7f9c7407c000-7f9c7407e000 r--s 00000000 08:02 9569277                    /home/roy/.gradle/caches/modules-2/files-2.1/org.codehaus.plexus/plexus-component-annotations/1.6/1a34a4e12b5fded8c548a568f463dfee21500927/plexus-component-annotations-1.6.jar
7f9c7407e000-7f9c74084000 r--s 0002d000 08:02 9569275                    /home/roy/.gradle/caches/modules-2/files-2.1/org.eclipse.sisu/org.eclipse.sisu.plexus/0.3.2/cd84cb43788de23847eec2999070f64381bdb495/org.eclipse.sisu.plexus-0.3.2.jar
7f9c74084000-7f9c74088000 r--s 00038000 08:02 9569271                    /home/roy/.gradle/caches/modules-2/files-2.1/org.codehaus.plexus/plexus-utils/3.0.22/764f26e0ab13a87c48fe55f525dfb6a133b7a92f/plexus-utils-3.0.22.jar
7f9c74088000-7f9c7408e000 r--s 00041000 08:02 9569269                    /home/roy/.gradle/caches/modules-2/files-2.1/org.apache.maven/maven-compat/3.3.9/b52d83991d361531d7fb709e9c80407a4f222247/maven-compat-3.3.9.jar
7f9c7408e000-7f9c7409b000 r--s 0008f000 08:02 9569263                    /home/roy/.gradle/caches/modules-2/files-2.1/org.apache.maven/maven-core/3.3.9/47154012330ea639849c618ebc11cff6870e570a/maven-core-3.3.9.jar
7f9c7409b000-7f9c740be000 r--s 0021d000 08:02 8269134                    /home/roy/.gradle/caches/modules-2/files-2.1/org.eclipse.jgit/org.eclipse.jgit/4.4.0.201606070830-r/f0292234d1f57542cca80d7b9a441d8ab26f6860/org.eclipse.jgit-4.4.0.201606070830-r.jar
7f9c740be000-7f9c740bf000 ---p 00000000 00:00 0 
7f9c740bf000-7f9c741bf000 rw-p 00000000 00:00 0 
7f9c741bf000-7f9c741c2000 ---p 00000000 00:00 0 
7f9c741c2000-7f9c78000000 rw-p 00000000 00:00 0 
7f9c78000000-7f9c78021000 rw-p 00000000 00:00 0 
7f9c78021000-7f9c7c000000 ---p 00000000 00:00 0 
7f9c7c000000-7f9c7c021000 rw-p 00000000 00:00 0 
7f9c7c021000-7f9c80000000 ---p 00000000 00:00 0 
7f9c80000000-7f9c80021000 rw-p 00000000 00:00 0 
7f9c80021000-7f9c84000000 ---p 00000000 00:00 0 
7f9c84000000-7f9c84021000 rw-p 00000000 00:00 0 
7f9c84021000-7f9c88000000 ---p 00000000 00:00 0 
7f9c88000000-7f9c88021000 rw-p 00000000 00:00 0 
7f9c88021000-7f9c8c000000 ---p 00000000 00:00 0 
7f9c8c000000-7f9c8c021000 rw-p 00000000 00:00 0 
7f9c8c021000-7f9c90000000 ---p 00000000 00:00 0 
7f9c90000000-7f9c90021000 rw-p 00000000 00:00 0 
7f9c90021000-7f9c94000000 ---p 00000000 00:00 0 
7f9c94000000-7f9c94001000 r--s 00006000 08:02 9569279                    /home/roy/.gradle/caches/modules-2/files-2.1/org.sonatype.plexus/plexus-sec-dispatcher/1.3/dedc02034fb8fcd7615d66593228cb71709134b4/plexus-sec-dispatcher-1.3.jar
7f9c94001000-7f9c94003000 r--s 0000b000 08:02 9569273                    /home/roy/.gradle/caches/modules-2/files-2.1/org.codehaus.plexus/plexus-classworlds/2.5.2/4abb111bfdace5b8167db4c0ef74644f3f88f142/plexus-classworlds-2.5.2.jar
7f9c94003000-7f9c94008000 r--s 00027000 08:02 9569267                    /home/roy/.gradle/caches/modules-2/files-2.1/org.apache.maven/maven-model-builder/3.3.9/e2055f9adb9f3c9a93e6b36fffe79781a785de2d/maven-model-builder-3.3.9.jar
7f9c94008000-7f9c9400a000 r--s 0000a000 08:02 9569265                    /home/roy/.gradle/caches/modules-2/files-2.1/org.apache.maven/maven-plugin-api/3.3.9/aa706ea7ca23776861b4eb2cea97cf345e791496/maven-plugin-api-3.3.9.jar
7f9c9400a000-7f9c9400b000 r--s 0000a000 08:02 9569261                    /home/roy/.gradle/caches/modules-2/files-2.1/org.apache.maven/maven-settings/3.3.9/68d4180c51468ae8f45869f8f9c569092262fcca/maven-settings-3.3.9.jar
7f9c9400b000-7f9c9400d000 r--s 00009000 08:02 5771598                    /home/roy/.gradle/caches/modules-2/files-2.1/org.slf4j/slf4j-api/1.7.21/139535a69a4239db087de9bab0bee568bf8e0b70/slf4j-api-1.7.21.jar
7f9c9400d000-7f9c94010000 r--s 0001a000 08:02 3421699                    /usr/lib/jvm/java-8-jdk/jre/lib/jce.jar
7f9c94010000-7f9c94014000 r--s 00097000 08:02 3421701                    /usr/lib/jvm/java-8-jdk/jre/lib/jsse.jar
7f9c94014000-7f9c94019000 r--s 0002d000 08:02 9309859                    /home/roy/.gradle/caches/modules-2/files-2.1/org.eclipse.mylyn.github/org.eclipse.egit.github.core/2.1.5/e1c010e279ff0355a996f00b71512a8636e681d7/org.eclipse.egit.github.core-2.1.5.jar
7f9c94019000-7f9c9401f000 r--s 00044000 08:02 6295088                    /home/roy/.gradle/caches/modules-2/files-2.1/org.antlr/antlr4-runtime/4.5.3/2609e36f18f7e8d593cc1cddfb2ac776dc96b8e0/antlr4-runtime-4.5.3.jar
7f9c9401f000-7f9c9404c000 r--s 00179000 08:02 9569259                    /home/roy/.gradle/caches/modules-2/files-2.1/org.gradle/gradle-tooling-api/2.9/c0d9736f0b87323b578d99c949823a89ab460d35/gradle-tooling-api-2.9.jar
7f9c9404c000-7f9c9404f000 r--s 00013000 08:02 9569257                    /home/roy/.gradle/caches/modules-2/files-2.1/org.apache.maven/maven-embedder/3.3.9/ca3699a7ec3c8db0d97675f28b7bd04e09242ad4/maven-embedder-3.3.9.jar
7f9c9404f000-7f9c94050000 r--s 00000000 08:02 5902267                    /home/roy/.gradle/caches/modules-2/files-2.1/org.slf4j/slf4j-nop/1.7.21/8df71c65bfb1ca244d5fa174791b393762d0a5ed/slf4j-nop-1.7.21.jar
7f9c94050000-7f9c9405a000 r--s 0008c000 08:02 5640359                    /home/roy/.gradle/caches/modules-2/files-2.1/com.google.code.findbugs/bcel-findbugs/6.0/7a7563ba41dceff3da4af4927b7c09908bd5132c/bcel-findbugs-6.0.jar
7f9c9405a000-7f9c9405b000 r--s 00004000 08:02 9187161                    /home/roy/Workspace/MT/mt/bcms/build/libs/bcms-0.1.jar
7f9c9405b000-7f9c9405c000 r--s 00003000 08:02 9309368                    /home/roy/Workspace/MT/mt/xloc/build/libs/xloc-0.1.jar
7f9c9405c000-7f9c9408d000 rw-p 00000000 00:00 0 
7f9c9408d000-7f9c94090000 ---p 00000000 00:00 0 
7f9c94090000-7f9c9418e000 rw-p 00000000 00:00 0 
7f9c9418e000-7f9c94191000 ---p 00000000 00:00 0 
7f9c94191000-7f9c9428f000 rw-p 00000000 00:00 0 
7f9c9428f000-7f9c94292000 ---p 00000000 00:00 0 
7f9c94292000-7f9c94390000 rw-p 00000000 00:00 0 
7f9c94390000-7f9c94393000 ---p 00000000 00:00 0 
7f9c94393000-7f9c94491000 rw-p 00000000 00:00 0 
7f9c94491000-7f9c94494000 ---p 00000000 00:00 0 
7f9c94494000-7f9c94592000 rw-p 00000000 00:00 0 
7f9c94592000-7f9c94595000 ---p 00000000 00:00 0 
7f9c94595000-7f9c94693000 rw-p 00000000 00:00 0 
7f9c94693000-7f9c94696000 ---p 00000000 00:00 0 
7f9c94696000-7f9c94794000 rw-p 00000000 00:00 0 
7f9c94794000-7f9c94798000 r-xp 00000000 08:02 3421865                    /usr/lib/jvm/java-8-jdk/jre/lib/amd64/libdt_socket.so
7f9c94798000-7f9c94997000 ---p 00004000 08:02 3421865                    /usr/lib/jvm/java-8-jdk/jre/lib/amd64/libdt_socket.so
7f9c94997000-7f9c94998000 rw-p 00003000 08:02 3421865                    /usr/lib/jvm/java-8-jdk/jre/lib/amd64/libdt_socket.so
7f9c94998000-7f9c9499b000 ---p 00000000 00:00 0 
7f9c9499b000-7f9c94a99000 rw-p 00000000 00:00 0 
7f9c94a99000-7f9c94a9c000 ---p 00000000 00:00 0 
7f9c94a9c000-7f9c94b9a000 rw-p 00000000 00:00 0 
7f9c94b9a000-7f9c94b9d000 ---p 00000000 00:00 0 
7f9c94b9d000-7f9c94c9b000 rw-p 00000000 00:00 0 
7f9c94c9b000-7f9c94c9c000 ---p 00000000 00:00 0 
7f9c94c9c000-7f9c969ed000 rw-p 00000000 00:00 0 
7f9c969ed000-7f9c96bc6000 r--s 03d24000 08:02 3421705                    /usr/lib/jvm/java-8-jdk/jre/lib/rt.jar
7f9c96bc6000-7f9c97810000 rw-p 00000000 00:00 0 
7f9c97810000-7f9c97811000 ---p 00000000 00:00 0 
7f9c97811000-7f9c97911000 rw-p 00000000 00:00 0 
7f9c97911000-7f9c97912000 ---p 00000000 00:00 0 
7f9c97912000-7f9c97a12000 rw-p 00000000 00:00 0 
7f9c97a12000-7f9c97a13000 ---p 00000000 00:00 0 
7f9c97a13000-7f9c97b13000 rw-p 00000000 00:00 0 
7f9c97b13000-7f9c97b14000 ---p 00000000 00:00 0 
7f9c97b14000-7f9c97c14000 rw-p 00000000 00:00 0 
7f9c97c14000-7f9c97c15000 ---p 00000000 00:00 0 
7f9c97c15000-7f9c97d15000 rw-p 00000000 00:00 0 
7f9c97d15000-7f9c97d16000 ---p 00000000 00:00 0 
7f9c97d16000-7f9c97e16000 rw-p 00000000 00:00 0 
7f9c97e16000-7f9c97e17000 ---p 00000000 00:00 0 
7f9c97e17000-7f9c97f17000 rw-p 00000000 00:00 0 
7f9c97f17000-7f9c97f18000 ---p 00000000 00:00 0 
7f9c97f18000-7f9c98042000 rw-p 00000000 00:00 0 
7f9c98042000-7f9c982a6000 ---p 00000000 00:00 0 
7f9c982a6000-7f9c982d0000 rw-p 00000000 00:00 0 
7f9c982d0000-7f9c98533000 ---p 00000000 00:00 0 
7f9c98533000-7f9c985b6000 rw-p 00000000 00:00 0 
7f9c985b6000-7f9c9867a000 ---p 00000000 00:00 0 
7f9c9867a000-7f9c98698000 rw-p 00000000 00:00 0 
7f9c98698000-7f9c98a3b000 ---p 00000000 00:00 0 
7f9c98a3b000-7f9c9917b000 rwxp 00000000 00:00 0 
7f9c9917b000-7f9ca7a3b000 ---p 00000000 00:00 0 
7f9ca7a3b000-7f9ca7a55000 r-xp 00000000 08:02 3421829                    /usr/lib/jvm/java-8-jdk/jre/lib/amd64/libzip.so
7f9ca7a55000-7f9ca7c55000 ---p 0001a000 08:02 3421829                    /usr/lib/jvm/java-8-jdk/jre/lib/amd64/libzip.so
7f9ca7c55000-7f9ca7c56000 rw-p 0001a000 08:02 3421829                    /usr/lib/jvm/java-8-jdk/jre/lib/amd64/libzip.so
7f9ca7c56000-7f9ca7c61000 r-xp 00000000 08:02 2624725                    /usr/lib/libnss_files-2.23.so
7f9ca7c61000-7f9ca7e60000 ---p 0000b000 08:02 2624725                    /usr/lib/libnss_files-2.23.so
7f9ca7e60000-7f9ca7e61000 r--p 0000a000 08:02 2624725                    /usr/lib/libnss_files-2.23.so
7f9ca7e61000-7f9ca7e62000 rw-p 0000b000 08:02 2624725                    /usr/lib/libnss_files-2.23.so
7f9ca7e62000-7f9ca7e68000 rw-p 00000000 00:00 0 
7f9ca7e68000-7f9ca8000000 r--p 00000000 08:02 2671584                    /usr/lib/locale/locale-archive
7f9ca8000000-7f9ca8928000 rw-p 00000000 00:00 0 
7f9ca8928000-7f9cac000000 ---p 00000000 00:00 0 
7f9cac000000-7f9cac002000 r--s 00008000 08:02 10485880                   /home/roy/Workspace/MT/mt/gcrawler/build/libs/gcrawler-0.1.jar
7f9cac002000-7f9cac013000 r--s 00089000 08:02 5640188                    /home/roy/.gradle/caches/modules-2/files-2.1/joda-time/joda-time/2.9.3/9e46be514a4ed60bcfbaaba88a3c668cf30476ab/joda-time-2.9.3.jar
7f9cac013000-7f9cac019000 r--s 00033000 08:02 8525209                    /home/roy/Workspace/MT/mt/utils/build/libs/utils-0.1.jar
7f9cac019000-7f9cac01b000 r-xp 00000000 08:02 3421852                    /usr/lib/jvm/java-8-jdk/jre/lib/amd64/libnpt.so
7f9cac01b000-7f9cac21b000 ---p 00002000 08:02 3421852                    /usr/lib/jvm/java-8-jdk/jre/lib/amd64/libnpt.so
7f9cac21b000-7f9cac21c000 rw-p 00002000 08:02 3421852                    /usr/lib/jvm/java-8-jdk/jre/lib/amd64/libnpt.so
7f9cac21c000-7f9cac255000 r-xp 00000000 08:02 3421840                    /usr/lib/jvm/java-8-jdk/jre/lib/amd64/libjdwp.so
7f9cac255000-7f9cac454000 ---p 00039000 08:02 3421840                    /usr/lib/jvm/java-8-jdk/jre/lib/amd64/libjdwp.so
7f9cac454000-7f9cac456000 rw-p 00038000 08:02 3421840                    /usr/lib/jvm/java-8-jdk/jre/lib/amd64/libjdwp.so
7f9cac456000-7f9cac480000 r-xp 00000000 08:02 3421834                    /usr/lib/jvm/java-8-jdk/jre/lib/amd64/libjava.so
7f9cac480000-7f9cac680000 ---p 0002a000 08:02 3421834                    /usr/lib/jvm/java-8-jdk/jre/lib/amd64/libjava.so
7f9cac680000-7f9cac682000 rw-p 0002a000 08:02 3421834                    /usr/lib/jvm/java-8-jdk/jre/lib/amd64/libjava.so
7f9cac682000-7f9cac68f000 r-xp 00000000 08:02 3421830                    /usr/lib/jvm/java-8-jdk/jre/lib/amd64/libverify.so
7f9cac68f000-7f9cac88f000 ---p 0000d000 08:02 3421830                    /usr/lib/jvm/java-8-jdk/jre/lib/amd64/libverify.so
7f9cac88f000-7f9cac891000 rw-p 0000d000 08:02 3421830                    /usr/lib/jvm/java-8-jdk/jre/lib/amd64/libverify.so
7f9cac891000-7f9cac898000 r-xp 00000000 08:02 2624733                    /usr/lib/librt-2.23.so
7f9cac898000-7f9caca97000 ---p 00007000 08:02 2624733                    /usr/lib/librt-2.23.so
7f9caca97000-7f9caca98000 r--p 00006000 08:02 2624733                    /usr/lib/librt-2.23.so
7f9caca98000-7f9caca99000 rw-p 00007000 08:02 2624733                    /usr/lib/librt-2.23.so
7f9caca99000-7f9cacb9c000 r-xp 00000000 08:02 2624730                    /usr/lib/libm-2.23.so
7f9cacb9c000-7f9cacd9b000 ---p 00103000 08:02 2624730                    /usr/lib/libm-2.23.so
7f9cacd9b000-7f9cacd9c000 r--p 00102000 08:02 2624730                    /usr/lib/libm-2.23.so
7f9cacd9c000-7f9cacd9d000 rw-p 00103000 08:02 2624730                    /usr/lib/libm-2.23.so
7f9cacd9d000-7f9cada60000 r-xp 00000000 08:02 3421887                    /usr/lib/jvm/java-8-jdk/jre/lib/amd64/server/libjvm.so
7f9cada60000-7f9cadc5f000 ---p 00cc3000 08:02 3421887                    /usr/lib/jvm/java-8-jdk/jre/lib/amd64/server/libjvm.so
7f9cadc5f000-7f9cadd38000 rw-p 00cc2000 08:02 3421887                    /usr/lib/jvm/java-8-jdk/jre/lib/amd64/server/libjvm.so
7f9cadd38000-7f9cadd83000 rw-p 00000000 00:00 0 
7f9cadd83000-7f9cadf1a000 r-xp 00000000 08:02 2624654                    /usr/lib/libc-2.23.so
7f9cadf1a000-7f9cae11a000 ---p 00197000 08:02 2624654                    /usr/lib/libc-2.23.so
7f9cae11a000-7f9cae11e000 r--p 00197000 08:02 2624654                    /usr/lib/libc-2.23.so
7f9cae11e000-7f9cae120000 rw-p 0019b000 08:02 2624654                    /usr/lib/libc-2.23.so
7f9cae120000-7f9cae124000 rw-p 00000000 00:00 0 
7f9cae124000-7f9cae126000 r-xp 00000000 08:02 2624729                    /usr/lib/libdl-2.23.so
7f9cae126000-7f9cae326000 ---p 00002000 08:02 2624729                    /usr/lib/libdl-2.23.so
7f9cae326000-7f9cae327000 r--p 00002000 08:02 2624729                    /usr/lib/libdl-2.23.so
7f9cae327000-7f9cae328000 rw-p 00003000 08:02 2624729                    /usr/lib/libdl-2.23.so
7f9cae328000-7f9cae33d000 r-xp 00000000 08:02 3421886                    /usr/lib/jvm/java-8-jdk/jre/lib/amd64/jli/libjli.so
7f9cae33d000-7f9cae53d000 ---p 00015000 08:02 3421886                    /usr/lib/jvm/java-8-jdk/jre/lib/amd64/jli/libjli.so
7f9cae53d000-7f9cae53e000 rw-p 00015000 08:02 3421886                    /usr/lib/jvm/java-8-jdk/jre/lib/amd64/jli/libjli.so
7f9cae53e000-7f9cae556000 r-xp 00000000 08:02 2624630                    /usr/lib/libpthread-2.23.so
7f9cae556000-7f9cae755000 ---p 00018000 08:02 2624630                    /usr/lib/libpthread-2.23.so
7f9cae755000-7f9cae756000 r--p 00017000 08:02 2624630                    /usr/lib/libpthread-2.23.so
7f9cae756000-7f9cae757000 rw-p 00018000 08:02 2624630                    /usr/lib/libpthread-2.23.so
7f9cae757000-7f9cae75b000 rw-p 00000000 00:00 0 
7f9cae75b000-7f9cae77e000 r-xp 00000000 08:02 2624653                    /usr/lib/ld-2.23.so
7f9cae77e000-7f9cae849000 rw-p 00000000 00:00 0 
7f9cae849000-7f9cae84c000 ---p 00000000 00:00 0 
7f9cae84c000-7f9cae94e000 rw-p 00000000 00:00 0 
7f9cae94e000-7f9cae950000 r--s 00002000 08:02 10485901                   /home/roy/Workspace/MT/mt/fpms/build/libs/fpms-0.1.jar
7f9cae950000-7f9cae951000 r--s 00002000 08:02 10755593                   /home/roy/Workspace/MT/mt/ovms/build/libs/ovms-0.1.jar
7f9cae951000-7f9cae952000 r--s 00001000 08:02 10485838                   /home/roy/Workspace/MT/mt/report/build/libs/report-0.1.jar
7f9cae952000-7f9cae973000 rw-p 00000000 00:00 0 
7f9cae973000-7f9cae97b000 rw-s 00000000 00:25 132541                     /tmp/hsperfdata_roy/7231
7f9cae97b000-7f9cae97c000 rw-p 00000000 00:00 0 
7f9cae97c000-7f9cae97d000 ---p 00000000 00:00 0 
7f9cae97d000-7f9cae97e000 rw-p 00000000 00:00 0 
7f9cae97e000-7f9cae97f000 r--p 00023000 08:02 2624653                    /usr/lib/ld-2.23.so
7f9cae97f000-7f9cae980000 rw-p 00024000 08:02 2624653                    /usr/lib/ld-2.23.so
7f9cae980000-7f9cae981000 rw-p 00000000 00:00 0 
7ffda0299000-7ffda02bc000 rw-p 00000000 00:00 0                          [stack]
7ffda03b9000-7ffda03bc000 r--p 00000000 00:00 0                          [vvar]
7ffda03bc000-7ffda03be000 r-xp 00000000 00:00 0                          [vdso]
ffffffffff600000-ffffffffff601000 r-xp 00000000 00:00 0                  [vsyscall]

VM Arguments:
jvm_args: -agentlib:jdwp=transport=dt_socket,server=n,suspend=y,address=46655 -Dfile.encoding=UTF-8 -Duser.country=US -Duser.language=en -Duser.variant 
java_command: org.uva.rdewildt.mt.runner.writer/ReportWriter
java_class_path (initial): /home/roy/Workspace/MT/mt/runner/build/classes/main:/home/roy/Workspace/MT/mt/runner/build/resources/main:/home/roy/Workspace/MT/mt/report/build/libs/report-0.1.jar:/home/roy/Workspace/MT/mt/ovms/build/libs/ovms-0.1.jar:/home/roy/Workspace/MT/mt/fpms/build/libs/fpms-0.1.jar:/home/roy/Workspace/MT/mt/utils/build/libs/utils-0.1.jar:/home/roy/.gradle/caches/modules-2/files-2.1/joda-time/joda-time/2.9.3/9e46be514a4ed60bcfbaaba88a3c668cf30476ab/joda-time-2.9.3.jar:/home/roy/Workspace/MT/mt/gcrawler/build/libs/gcrawler-0.1.jar:/home/roy/Workspace/MT/mt/xloc/build/libs/xloc-0.1.jar:/home/roy/Workspace/MT/mt/bcms/build/libs/bcms-0.1.jar:/home/roy/.gradle/caches/modules-2/files-2.1/com.google.code.findbugs/bcel-findbugs/6.0/7a7563ba41dceff3da4af4927b7c09908bd5132c/bcel-findbugs-6.0.jar:/home/roy/.gradle/caches/modules-2/files-2.1/org.slf4j/slf4j-nop/1.7.21/8df71c65bfb1ca244d5fa174791b393762d0a5ed/slf4j-nop-1.7.21.jar:/home/roy/.gradle/caches/modules-2/files-2.1/org.apache.maven/maven-embedder/3.3.9/ca3699a7ec3c8db0d97675f28b7bd04e09242ad4/maven-embedder-3.3.9.jar:/home/roy/.gradle/caches/modules-2/files-2.1/org.gradle/gradle-tooling-api/2.9/c0d9736f0b87323b578d99c949823a89ab460d35/gradle-tooling-api-2.9.jar:/home/roy/.gradle/caches/modules-2/files-2.1/org.antlr/antlr4-runtime/4.5.3/2609e36f18f7e8d593cc1cddfb2ac776dc96b8e0/antlr4-runtime-4.5.3.jar:/home/roy/.gradle/caches/modules-2/files-2.1/org.eclipse.mylyn.github/org.eclipse.egit.github.core/2.1.5/e1c010e279ff0355a996f00b71512a8636e681d7/org.eclipse.egit.github.core-2.1.5.jar:/home/roy/.gradle/caches/modules-2/files-2.1/org.eclipse.jgit/org.eclipse.jgit/4.4.0.201606070830-r/f0292234d1f57542cca80d7b9a441d8ab26f6860/org.eclipse.jgit-4.4.0.201606070830-r.jar:/home/roy/.gradle/caches/modules-2/files-2.1/org.slf4j/slf4j-api/1.7.21/139535a69a4239db087de9bab0bee568bf8e0b70/slf4j-api-1.7.21.jar:/home/roy/.gradle/caches/modules-2/files-2.1/org.apache.maven/maven-settings/3.3.9/68d4180c51468ae8f45869f8f9
Launcher Type: SUN_STANDARD

Environment Variables:
PATH=/usr/local/sbin:/usr/local/bin:/usr/bin:/opt/android-sdk/platform-tools:/opt/android-sdk/tools:/usr/lib/jvm/default/bin:/usr/bin/site_perl:/usr/bin/vendor_perl:/usr/bin/core_perl
LD_LIBRARY_PATH=/usr/share/intellij-idea-ultimate-edition/bin:
SHELL=/bin/bash
DISPLAY=:0

Signal Handlers:
SIGSEGV: [libjvm.so+0xabdee0], sa_mask[0]=11111111011111111101111111111110, sa_flags=SA_RESTART|SA_SIGINFO
SIGBUS: [libjvm.so+0xabdee0], sa_mask[0]=11111111011111111101111111111110, sa_flags=SA_RESTART|SA_SIGINFO
SIGFPE: [libjvm.so+0x91a580], sa_mask[0]=11111111011111111101111111111110, sa_flags=SA_RESTART|SA_SIGINFO
SIGPIPE: [libjvm.so+0x91a580], sa_mask[0]=11111111011111111101111111111110, sa_flags=SA_RESTART|SA_SIGINFO
SIGXFSZ: [libjvm.so+0x91a580], sa_mask[0]=11111111011111111101111111111110, sa_flags=SA_RESTART|SA_SIGINFO
SIGILL: [libjvm.so+0x91a580], sa_mask[0]=11111111011111111101111111111110, sa_flags=SA_RESTART|SA_SIGINFO
SIGUSR1: SIG_DFL, sa_mask[0]=00000000000000000000000000000000, sa_flags=none
SIGUSR2: [libjvm.so+0x91bbb0], sa_mask[0]=00100000000000000000000000000000, sa_flags=SA_RESTART|SA_SIGINFO
SIGHUP: [libjvm.so+0x91cfb0], sa_mask[0]=11111111011111111101111111111110, sa_flags=SA_RESTART|SA_SIGINFO
SIGINT: [libjvm.so+0x91cfb0], sa_mask[0]=11111111011111111101111111111110, sa_flags=SA_RESTART|SA_SIGINFO
SIGTERM: [libjvm.so+0x91cfb0], sa_mask[0]=11111111011111111101111111111110, sa_flags=SA_RESTART|SA_SIGINFO
SIGQUIT: [libjvm.so+0x91cfb0], sa_mask[0]=11111111011111111101111111111110, sa_flags=SA_RESTART|SA_SIGINFO


---------------  S Y S T E M  ---------------

OS:NAME="Arch Linux"
ID=arch
PRETTY_NAME="Arch Linux"
ANSI_COLOR="0;36"
HOME_URL="https://www.archlinux.org/"
SUPPORT_URL="https://bbs.archlinux.org/"
BUG_REPORT_URL="https://bugs.archlinux.org/"


uname:Linux 4.6.3-1-ARCH #1 SMP PREEMPT Fri Jun 24 21:19:13 CEST 2016 x86_64
libc:glibc 2.23 NPTL 2.23 
rlimit: STACK 8192k, CORE infinity, NPROC 30411, NOFILE 4096, AS infinity
load average:1.05 0.51 0.59

/proc/meminfo:
MemTotal:        8023036 kB
MemFree:          102096 kB
MemAvailable:          0 kB
Buffers:            1220 kB
Cached:            77368 kB
SwapCached:            0 kB
Active:          7561252 kB
Inactive:          65996 kB
Active(anon):    7551516 kB
Inactive(anon):    56232 kB
Active(file):       9736 kB
Inactive(file):     9764 kB
Unevictable:          64 kB
Mlocked:              64 kB
SwapTotal:             0 kB
SwapFree:              0 kB
Dirty:               156 kB
Writeback:           540 kB
AnonPages:       7549032 kB
Mapped:           115324 kB
Shmem:             58920 kB
Slab:              76840 kB
SReclaimable:      34168 kB
SUnreclaim:        42672 kB
KernelStack:       14688 kB
PageTables:        48756 kB
NFS_Unstable:          0 kB
Bounce:                0 kB
WritebackTmp:          0 kB
CommitLimit:     4011516 kB
Committed_AS:   12581824 kB
VmallocTotal:   34359738367 kB
VmallocUsed:           0 kB
VmallocChunk:          0 kB
HardwareCorrupted:     0 kB
AnonHugePages:   3215360 kB
HugePages_Total:       0
HugePages_Free:        0
HugePages_Rsvd:        0
HugePages_Surp:        0
Hugepagesize:       2048 kB
DirectMap4k:      240584 kB
DirectMap2M:     5894144 kB
DirectMap1G:     2097152 kB


CPU:total 8 (4 cores per cpu, 2 threads per core) family 6 model 60 stepping 3, cmov, cx8, fxsr, mmx, sse, sse2, sse3, ssse3, sse4.1, sse4.2, popcnt, avx, avx2, aes, clmul, erms, lzcnt, ht, tsc, tscinvbit, bmi1, bmi2

/proc/cpuinfo:
processor	: 0
vendor_id	: GenuineIntel
cpu family	: 6
model		: 60
model name	: Intel(R) Core(TM) i7-4790K CPU @ 4.00GHz
stepping	: 3
microcode	: 0x1e
cpu MHz		: 4400.000
cache size	: 8192 KB
physical id	: 0
siblings	: 8
core id		: 0
cpu cores	: 4
apicid		: 0
initial apicid	: 0
fpu		: yes
fpu_exception	: yes
cpuid level	: 13
wp		: yes
flags		: fpu vme de pse tsc msr pae mce cx8 apic sep mtrr pge mca cmov pat pse36 clflush dts acpi mmx fxsr sse sse2 ss ht tm pbe syscall nx pdpe1gb rdtscp lm constant_tsc arch_perfmon pebs bts rep_good nopl xtopology nonstop_tsc aperfmperf eagerfpu pni pclmulqdq dtes64 monitor ds_cpl vmx est tm2 ssse3 sdbg fma cx16 xtpr pdcm pcid sse4_1 sse4_2 x2apic movbe popcnt tsc_deadline_timer aes xsave avx f16c rdrand lahf_lm abm tpr_shadow vnmi flexpriority ept vpid fsgsbase tsc_adjust bmi1 avx2 smep bmi2 erms invpcid xsaveopt dtherm ida arat pln pts
bugs		:
bogomips	: 8003.30
clflush size	: 64
cache_alignment	: 64
address sizes	: 39 bits physical, 48 bits virtual
power management:

processor	: 1
vendor_id	: GenuineIntel
cpu family	: 6
model		: 60
model name	: Intel(R) Core(TM) i7-4790K CPU @ 4.00GHz
stepping	: 3
microcode	: 0x1e
cpu MHz		: 4399.843
cache size	: 8192 KB
physical id	: 0
siblings	: 8
core id		: 1
cpu cores	: 4
apicid		: 2
initial apicid	: 2
fpu		: yes
fpu_exception	: yes
cpuid level	: 13
wp		: yes
flags		: fpu vme de pse tsc msr pae mce cx8 apic sep mtrr pge mca cmov pat pse36 clflush dts acpi mmx fxsr sse sse2 ss ht tm pbe syscall nx pdpe1gb rdtscp lm constant_tsc arch_perfmon pebs bts rep_good nopl xtopology nonstop_tsc aperfmperf eagerfpu pni pclmulqdq dtes64 monitor ds_cpl vmx est tm2 ssse3 sdbg fma cx16 xtpr pdcm pcid sse4_1 sse4_2 x2apic movbe popcnt tsc_deadline_timer aes xsave avx f16c rdrand lahf_lm abm tpr_shadow vnmi flexpriority ept vpid fsgsbase tsc_adjust bmi1 avx2 smep bmi2 erms invpcid xsaveopt dtherm ida arat pln pts
bugs		:
bogomips	: 8004.25
clflush size	: 64
cache_alignment	: 64
address sizes	: 39 bits physical, 48 bits virtual
power management:

processor	: 2
vendor_id	: GenuineIntel
cpu family	: 6
model		: 60
model name	: Intel(R) Core(TM) i7-4790K CPU @ 4.00GHz
stepping	: 3
microcode	: 0x1e
cpu MHz		: 4399.843
cache size	: 8192 KB
physical id	: 0
siblings	: 8
core id		: 2
cpu cores	: 4
apicid		: 4
initial apicid	: 4
fpu		: yes
fpu_exception	: yes
cpuid level	: 13
wp		: yes
flags		: fpu vme de pse tsc msr pae mce cx8 apic sep mtrr pge mca cmov pat pse36 clflush dts acpi mmx fxsr sse sse2 ss ht tm pbe syscall nx pdpe1gb rdtscp lm constant_tsc arch_perfmon pebs bts rep_good nopl xtopology nonstop_tsc aperfmperf eagerfpu pni pclmulqdq dtes64 monitor ds_cpl vmx est tm2 ssse3 sdbg fma cx16 xtpr pdcm pcid sse4_1 sse4_2 x2apic movbe popcnt tsc_deadline_timer aes xsave avx f16c rdrand lahf_lm abm tpr_shadow vnmi flexpriority ept vpid fsgsbase tsc_adjust bmi1 avx2 smep bmi2 erms invpcid xsaveopt dtherm ida arat pln pts
bugs		:
bogomips	: 8004.36
clflush size	: 64
cache_alignment	: 64
address sizes	: 39 bits physical, 48 bits virtual
power management:

processor	: 3
vendor_id	: GenuineIntel
cpu family	: 6
model		: 60
model name	: Intel(R) Core(TM) i7-4790K CPU @ 4.00GHz
stepping	: 3
microcode	: 0x1e
cpu MHz		: 4400.000
cache size	: 8192 KB
physical id	: 0
siblings	: 8
core id		: 3
cpu cores	: 4
apicid		: 6
initial apicid	: 6
fpu		: yes
fpu_exception	: yes
cpuid level	: 13
wp		: yes
flags		: fpu vme de pse tsc msr pae mce cx8 apic sep mtrr pge mca cmov pat pse36 clflush dts acpi mmx fxsr sse sse2 ss ht tm pbe syscall nx pdpe1gb rdtscp lm constant_tsc arch_perfmon pebs bts rep_good nopl xtopology nonstop_tsc aperfmperf eagerfpu pni pclmulqdq dtes64 monitor ds_cpl vmx est tm2 ssse3 sdbg fma cx16 xtpr pdcm pcid sse4_1 sse4_2 x2apic movbe popcnt tsc_deadline_timer aes xsave avx f16c rdrand lahf_lm abm tpr_shadow vnmi flexpriority ept vpid fsgsbase tsc_adjust bmi1 avx2 smep bmi2 erms invpcid xsaveopt dtherm ida arat pln pts
bugs		:
bogomips	: 8004.42
clflush size	: 64
cache_alignment	: 64
address sizes	: 39 bits physical, 48 bits virtual
power management:

processor	: 4
vendor_id	: GenuineIntel
cpu family	: 6
model		: 60
model name	: Intel(R) Core(TM) i7-4790K CPU @ 4.00GHz
stepping	: 3
microcode	: 0x1e
cpu MHz		: 4397.812
cache size	: 8192 KB
physical id	: 0
siblings	: 8
core id		: 0
cpu cores	: 4
apicid		: 1
initial apicid	: 1
fpu		: yes
fpu_exception	: yes
cpuid level	: 13
wp		: yes
flags		: fpu vme de pse tsc msr pae mce cx8 apic sep mtrr pge mca cmov pat pse36 clflush dts acpi mmx fxsr sse sse2 ss ht tm pbe syscall nx pdpe1gb rdtscp lm constant_tsc arch_perfmon pebs bts rep_good nopl xtopology nonstop_tsc aperfmperf eagerfpu pni pclmulqdq dtes64 monitor ds_cpl vmx est tm2 ssse3 sdbg fma cx16 xtpr pdcm pcid sse4_1 sse4_2 x2apic movbe popcnt tsc_deadline_timer aes xsave avx f16c rdrand lahf_lm abm tpr_shadow vnmi flexpriority ept vpid fsgsbase tsc_adjust bmi1 avx2 smep bmi2 erms invpcid xsaveopt dtherm ida arat pln pts
bugs		:
bogomips	: 8004.99
clflush size	: 64
cache_alignment	: 64
address sizes	: 39 bits physical, 48 bits virtual
power management:

processor	: 5
vendor_id	: GenuineIntel
cpu family	: 6
model		: 60
model name	: Intel(R) Core(TM) i7-4790K CPU @ 4.00GHz
stepping	: 3
microcode	: 0x1e
cpu MHz		: 4399.843
cache size	: 8192 KB
physical id	: 0
siblings	: 8
core id		: 1
cpu cores	: 4
apicid		: 3
initial apicid	: 3
fpu		: yes
fpu_exception	: yes
cpuid level	: 13
wp		: yes
flags		: fpu vme de pse tsc msr pae mce cx8 apic sep mtrr pge mca cmov pat pse36 clflush dts acpi mmx fxsr sse sse2 ss ht tm pbe syscall nx pdpe1gb rdtscp lm constant_tsc arch_perfmon pebs bts rep_good nopl xtopology nonstop_tsc aperfmperf eagerfpu pni pclmulqdq dtes64 monitor ds_cpl vmx est tm2 ssse3 sdbg fma cx16 xtpr pdcm pcid sse4_1 sse4_2 x2apic movbe popcnt tsc_deadline_timer aes xsave avx f16c rdrand lahf_lm abm tpr_shadow vnmi flexpriority ept vpid fsgsbase tsc_adjust bmi1 avx2 smep bmi2 erms invpcid xsaveopt dtherm ida arat pln pts
bugs		:
bogomips	: 8004.46
clflush size	: 64
cache_alignment	: 64
address sizes	: 39 bits physical, 48 bits virtual
power management:

processor	: 6
vendor_id	: GenuineIntel
cpu family	: 6
model		: 60
model name	: Intel(R) Core(TM) i7-4790K CPU @ 4.00GHz
stepping	: 3
microcode	: 0x1e
cpu MHz		: 4401.250
cache size	: 8192 KB
physical id	: 0
siblings	: 8
core id		: 2
cpu cores	: 4
apicid		: 5
initial apicid	: 5
fpu		: yes
fpu_exception	: yes
cpuid level	: 13
wp		: yes
flags		: fpu vme de pse tsc msr pae mce cx8 apic sep mtrr pge mca cmov pat pse36 clflush dts acpi mmx fxsr sse sse2 ss ht tm pbe syscall nx pdpe1gb rdtscp lm constant_tsc arch_perfmon pebs bts rep_good nopl xtopology nonstop_tsc aperfmperf eagerfpu pni pclmulqdq dtes64 monitor ds_cpl vmx est tm2 ssse3 sdbg fma cx16 xtpr pdcm pcid sse4_1 sse4_2 x2apic movbe popcnt tsc_deadline_timer aes xsave avx f16c rdrand lahf_lm abm tpr_shadow vnmi flexpriority ept vpid fsgsbase tsc_adjust bmi1 avx2 smep bmi2 erms invpcid xsaveopt dtherm ida arat pln pts
bugs		:
bogomips	: 8004.45
clflush size	: 64
cache_alignment	: 64
address sizes	: 39 bits physical, 48 bits virtual
power management:

processor	: 7
vendor_id	: GenuineIntel
cpu family	: 6
model		: 60
model name	: Intel(R) Core(TM) i7-4790K CPU @ 4.00GHz
stepping	: 3
microcode	: 0x1e
cpu MHz		: 4399.375
cache size	: 8192 KB
physical id	: 0
siblings	: 8
core id		: 3
cpu cores	: 4
apicid		: 7
initial apicid	: 7
fpu		: yes
fpu_exception	: yes
cpuid level	: 13
wp		: yes
flags		: fpu vme de pse tsc msr pae mce cx8 apic sep mtrr pge mca cmov pat pse36 clflush dts acpi mmx fxsr sse sse2 ss ht tm pbe syscall nx pdpe1gb rdtscp lm constant_tsc arch_perfmon pebs bts rep_good nopl xtopology nonstop_tsc aperfmperf eagerfpu pni pclmulqdq dtes64 monitor ds_cpl vmx est tm2 ssse3 sdbg fma cx16 xtpr pdcm pcid sse4_1 sse4_2 x2apic movbe popcnt tsc_deadline_timer aes xsave avx f16c rdrand lahf_lm abm tpr_shadow vnmi flexpriority ept vpid fsgsbase tsc_adjust bmi1 avx2 smep bmi2 erms invpcid xsaveopt dtherm ida arat pln pts
bugs		:
bogomips	: 8004.43
clflush size	: 64
cache_alignment	: 64
address sizes	: 39 bits physical, 48 bits virtual
power management:



Memory: 4k page, physical 8023036k(102096k free), swap 0k(0k free)

vm_info: Java HotSpot(TM) 64-Bit Server VM (25.92-b14) for linux-amd64 JRE (1.8.0_92-b14), built on Mar 31 2016 21:08:29 by "java_re" with gcc 4.3.0 20080428 (Red Hat 4.3.0-8)

time: Thu Jul  7 22:55:46 2016
elapsed time: 1 seconds (0d 0h 0m 1s)

