#
# There is insufficient memory for the Java Runtime Environment to continue.
# Native memory allocation (mmap) failed to map 156762112 bytes for committing reserved memory.
# Possible reasons:
#   The system is out of physical RAM or swap space
#   In 32 bit mode, the process size limit was hit
# Possible solutions:
#   Reduce memory load on the system
#   Increase physical memory or swap space
#   Check if swap backing store is full
#   Use 64 bit Java on a 64 bit OS
#   Decrease Java heap size (-Xmx/-Xms)
#   Decrease number of Java threads
#   Decrease Java thread stack sizes (-Xss)
#   Set larger code cache with -XX:ReservedCodeCacheSize=
# This output file may be truncated or incomplete.
#
#  Out of Memory Error (os_linux.cpp:2627), pid=7084, tid=0x00007fce7a0e8700
#
# JRE version: Java(TM) SE Runtime Environment (8.0_92-b14) (build 1.8.0_92-b14)
# Java VM: Java HotSpot(TM) 64-Bit Server VM (25.92-b14 mixed mode linux-amd64 compressed oops)
# Core dump written. Default location: /home/roy/Workspace/MT/mt/runner/core or core.7084
#

---------------  T H R E A D  ---------------

Current thread (0x00007fcea0084800):  VMThread [stack: 0x00007fce79fe8000,0x00007fce7a0e9000] [id=7097]

Stack: [0x00007fce79fe8000,0x00007fce7a0e9000],  sp=0x00007fce7a0e7120,  free space=1020k
Native frames: (J=compiled Java code, j=interpreted, Vv=VM code, C=native code)
V  [libjvm.so+0xabd65a]  VMError::report_and_die()+0x2ba
V  [libjvm.so+0x4fb4db]  report_vm_out_of_memory(char const*, int, unsigned long, VMErrorType, char const*)+0x8b
V  [libjvm.so+0x91d713]  os::Linux::commit_memory_impl(char*, unsigned long, bool)+0x103
V  [libjvm.so+0x91dc69]  os::pd_commit_memory(char*, unsigned long, unsigned long, bool)+0x29
V  [libjvm.so+0x917f6a]  os::commit_memory(char*, unsigned long, unsigned long, bool)+0x2a
V  [libjvm.so+0x98c343]  PSVirtualSpace::expand_by(unsigned long)+0x53
V  [libjvm.so+0x98d748]  PSYoungGen::resize_generation(unsigned long, unsigned long)+0xf8
V  [libjvm.so+0x98c8a2]  PSYoungGen::resize(unsigned long, unsigned long)+0x22
V  [libjvm.so+0x989b7b]  PSScavenge::invoke_no_policy()+0xf3b
V  [libjvm.so+0x98a301]  PSScavenge::invoke()+0x41
V  [libjvm.so+0x941410]  ParallelScavengeHeap::failed_mem_allocate(unsigned long)+0x70
V  [libjvm.so+0xabf077]  VM_ParallelGCFailedAllocation::doit()+0x97
V  [libjvm.so+0xac6aa5]  VM_Operation::evaluate()+0x55
V  [libjvm.so+0xac4e7a]  VMThread::evaluate_operation(VM_Operation*)+0xba
V  [libjvm.so+0xac51fe]  VMThread::loop()+0x1ce
V  [libjvm.so+0xac5670]  VMThread::run()+0x70
V  [libjvm.so+0x91fad8]  java_start(Thread*)+0x108

VM_Operation (0x00007fcea7ad7d80): ParallelGCFailedAllocation, mode: safepoint, requested by thread 0x00007fcea000e000


---------------  P R O C E S S  ---------------

Java Threads: ( => current thread )
  0x00007fcea0750800 JavaThread "process reaper" daemon [_thread_blocked, id=7114, stack(0x00007fce78d15000,0x00007fce78d4e000)]
  0x00007fcea00f1000 JavaThread "Service Thread" daemon [_thread_blocked, id=7110, stack(0x00007fce792d9000,0x00007fce793da000)]
  0x00007fcea00dd800 JavaThread "C1 CompilerThread3" daemon [_thread_blocked, id=7109, stack(0x00007fce793da000,0x00007fce794db000)]
  0x00007fcea00db800 JavaThread "C2 CompilerThread2" daemon [_thread_in_native, id=7108, stack(0x00007fce794db000,0x00007fce795dc000)]
  0x00007fcea00d9800 JavaThread "C2 CompilerThread1" daemon [_thread_blocked, id=7107, stack(0x00007fce795dc000,0x00007fce796dd000)]
  0x00007fcea00d6800 JavaThread "C2 CompilerThread0" daemon [_thread_in_native, id=7106, stack(0x00007fce796dd000,0x00007fce797de000)]
  0x00007fce50001000 JavaThread "JDWP Command Reader" daemon [_thread_in_native, id=7105, stack(0x00007fce797de000,0x00007fce798df000)]
  0x00007fcea00d4800 JavaThread "JDWP Event Helper Thread" daemon [_thread_blocked, id=7102, stack(0x00007fce798df000,0x00007fce799e0000)]
  0x00007fcea00d1000 JavaThread "JDWP Transport Listener: dt_socket" daemon [_thread_blocked, id=7101, stack(0x00007fce799e0000,0x00007fce79ae1000)]
  0x00007fcea00c3000 JavaThread "Signal Dispatcher" daemon [_thread_blocked, id=7100, stack(0x00007fce79ce5000,0x00007fce79de6000)]
  0x00007fcea0091000 JavaThread "Finalizer" daemon [_thread_blocked, id=7099, stack(0x00007fce79de6000,0x00007fce79ee7000)]
  0x00007fcea008c000 JavaThread "Reference Handler" daemon [_thread_blocked, id=7098, stack(0x00007fce79ee7000,0x00007fce79fe8000)]
  0x00007fcea000e000 JavaThread "main" [_thread_blocked, id=7088, stack(0x00007fcea79d9000,0x00007fcea7ada000)]

Other Threads:
=>0x00007fcea0084800 VMThread [stack: 0x00007fce79fe8000,0x00007fce7a0e9000] [id=7097]
  0x00007fcea00f4000 WatcherThread [stack: 0x00007fce791d8000,0x00007fce792d9000] [id=7111]

VM state:at safepoint (normal execution)

VM Mutex/Monitor currently owned by a thread:  ([mutex/lock_event])
[0x00007fcea000c300] Threads_lock - owner thread: 0x00007fcea0084800
[0x00007fcea000c800] Heap_lock - owner thread: 0x00007fcea000e000

Heap:
 PSYoungGen      total 260096K, used 1312K [0x00000000d7300000, 0x00000000e7800000, 0x0000000100000000)
  eden space 252928K, 0% used [0x00000000d7300000,0x00000000d7300000,0x00000000e6a00000)
  from space 7168K, 18% used [0x00000000e6a00000,0x00000000e6b48000,0x00000000e7100000)
  to   space 7168K, 0% used [0x00000000e7100000,0x00000000e7100000,0x00000000e7800000)
 ParOldGen       total 84992K, used 4908K [0x0000000085800000, 0x000000008ab00000, 0x00000000d7300000)
  object space 84992K, 5% used [0x0000000085800000,0x0000000085ccb338,0x000000008ab00000)
 Metaspace       used 9125K, capacity 9358K, committed 9600K, reserved 1058816K
  class space    used 982K, capacity 1053K, committed 1152K, reserved 1048576K

Card table byte_map: [0x00007fcea444f000,0x00007fcea4824000] byte_map_base: 0x00007fcea4023000

Marking Bits: (ParMarkBitMap*) 0x00007fcea6ee64c0
 Begin Bits: [0x00007fce882c0000, 0x00007fce8a160000)
 End Bits:   [0x00007fce8a160000, 0x00007fce8c000000)

Polling page: 0x00007fcea7b0c000

CodeCache: size=245760Kb used=7024Kb max_used=7033Kb free=238735Kb
 bounds [0x00007fce91000000, 0x00007fce916f0000, 0x00007fcea0000000]
 total_blobs=2279 nmethods=1962 adapters=239
 compilation: enabled

Compilation events (10 events):
Event: 1.515 Thread 0x00007fcea00d9800 1963       4       sun.nio.cs.UTF_8$Decoder::<init> (6 bytes)
Event: 1.517 Thread 0x00007fcea00d9800 nmethod 1963 0x00007fce916d4790 code [0x00007fce916d48e0, 0x00007fce916d4ad8]
Event: 1.539 Thread 0x00007fcea00d9800 1964       4       org.eclipse.jgit.lib.ConfigSnapshot::find (108 bytes)
Event: 1.543 Thread 0x00007fcea00d9800 nmethod 1964 0x00007fce916d8d10 code [0x00007fce916d8ec0, 0x00007fce916d9418]
Event: 1.544 Thread 0x00007fcea00d9800 1965       4       org.eclipse.jgit.lib.ObjectId::<init> (32 bytes)
Event: 1.544 Thread 0x00007fcea00d9800 nmethod 1965 0x00007fce916c5ed0 code [0x00007fce916c6020, 0x00007fce916c6098]
Event: 1.545 Thread 0x00007fcea00dd800 1966       3       org.eclipse.jgit.diff.RawText::isMissingNewlineAtEnd (42 bytes)
Event: 1.546 Thread 0x00007fcea00dd800 nmethod 1966 0x00007fce916d64d0 code [0x00007fce916d6660, 0x00007fce916d6a48]
Event: 1.556 Thread 0x00007fcea00dd800 1967       1       java.nio.file.FileSystems::getDefault (4 bytes)
Event: 1.556 Thread 0x00007fcea00dd800 nmethod 1967 0x00007fce916d2350 code [0x00007fce916d24a0, 0x00007fce916d2590]

GC Heap History (10 events):
Event: 0.790 GC heap after
Heap after GC invocations=4 (full 0):
 PSYoungGen      total 68608K, used 4624K [0x00000000d7300000, 0x00000000dbb00000, 0x0000000100000000)
  eden space 63488K, 0% used [0x00000000d7300000,0x00000000d7300000,0x00000000db100000)
  from space 5120K, 90% used [0x00000000db600000,0x00000000dba84120,0x00000000dbb00000)
  to   space 5120K, 0% used [0x00000000db100000,0x00000000db100000,0x00000000db600000)
 ParOldGen       total 84992K, used 1178K [0x0000000085800000, 0x000000008ab00000, 0x00000000d7300000)
  object space 84992K, 1% used [0x0000000085800000,0x0000000085926bb8,0x000000008ab00000)
 Metaspace       used 8933K, capacity 9162K, committed 9344K, reserved 1056768K
  class space    used 981K, capacity 1053K, committed 1152K, reserved 1048576K
}
Event: 0.874 GC heap before
{Heap before GC invocations=5 (full 0):
 PSYoungGen      total 68608K, used 68112K [0x00000000d7300000, 0x00000000dbb00000, 0x0000000100000000)
  eden space 63488K, 100% used [0x00000000d7300000,0x00000000db100000,0x00000000db100000)
  from space 5120K, 90% used [0x00000000db600000,0x00000000dba84120,0x00000000dbb00000)
  to   space 5120K, 0% used [0x00000000db100000,0x00000000db100000,0x00000000db600000)
 ParOldGen       total 84992K, used 1178K [0x0000000085800000, 0x000000008ab00000, 0x00000000d7300000)
  object space 84992K, 1% used [0x0000000085800000,0x0000000085926bb8,0x000000008ab00000)
 Metaspace       used 8984K, capacity 9226K, committed 9344K, reserved 1056768K
  class space    used 981K, capacity 1053K, committed 1152K, reserved 1048576K
Event: 0.877 GC heap after
Heap after GC invocations=5 (full 0):
 PSYoungGen      total 68608K, used 4432K [0x00000000d7300000, 0x00000000dfd00000, 0x0000000100000000)
  eden space 63488K, 0% used [0x00000000d7300000,0x00000000d7300000,0x00000000db100000)
  from space 5120K, 86% used [0x00000000db100000,0x00000000db554010,0x00000000db600000)
  to   space 7168K, 0% used [0x00000000df600000,0x00000000df600000,0x00000000dfd00000)
 ParOldGen       total 84992K, used 1186K [0x0000000085800000, 0x000000008ab00000, 0x00000000d7300000)
  object space 84992K, 1% used [0x0000000085800000,0x0000000085928bb8,0x000000008ab00000)
 Metaspace       used 8984K, capacity 9226K, committed 9344K, reserved 1056768K
  class space    used 981K, capacity 1053K, committed 1152K, reserved 1048576K
}
Event: 0.925 GC heap before
{Heap before GC invocations=6 (full 0):
 PSYoungGen      total 68608K, used 67920K [0x00000000d7300000, 0x00000000dfd00000, 0x0000000100000000)
  eden space 63488K, 100% used [0x00000000d7300000,0x00000000db100000,0x00000000db100000)
  from space 5120K, 86% used [0x00000000db100000,0x00000000db554010,0x00000000db600000)
  to   space 7168K, 0% used [0x00000000df600000,0x00000000df600000,0x00000000dfd00000)
 ParOldGen       total 84992K, used 1186K [0x0000000085800000, 0x000000008ab00000, 0x00000000d7300000)
  object space 84992K, 1% used [0x0000000085800000,0x0000000085928bb8,0x000000008ab00000)
 Metaspace       used 9023K, capacity 9226K, committed 9344K, reserved 1056768K
  class space    used 981K, capacity 1053K, committed 1152K, reserved 1048576K
Event: 0.927 GC heap after
Heap after GC invocations=6 (full 0):
 PSYoungGen      total 133632K, used 5040K [0x00000000d7300000, 0x00000000dfe00000, 0x0000000100000000)
  eden space 126464K, 0% used [0x00000000d7300000,0x00000000d7300000,0x00000000dee80000)
  from space 7168K, 70% used [0x00000000df600000,0x00000000dfaec120,0x00000000dfd00000)
  to   space 7680K, 0% used [0x00000000dee80000,0x00000000dee80000,0x00000000df600000)
 ParOldGen       total 84992K, used 1194K [0x0000000085800000, 0x000000008ab00000, 0x00000000d7300000)
  object space 84992K, 1% used [0x0000000085800000,0x000000008592abb8,0x000000008ab00000)
 Metaspace       used 9023K, capacity 9226K, committed 9344K, reserved 1056768K
  class space    used 981K, capacity 1053K, committed 1152K, reserved 1048576K
}
Event: 1.049 GC heap before
{Heap before GC invocations=7 (full 0):
 PSYoungGen      total 133632K, used 131504K [0x00000000d7300000, 0x00000000dfe00000, 0x0000000100000000)
  eden space 126464K, 100% used [0x00000000d7300000,0x00000000dee80000,0x00000000dee80000)
  from space 7168K, 70% used [0x00000000df600000,0x00000000dfaec120,0x00000000dfd00000)
  to   space 7680K, 0% used [0x00000000dee80000,0x00000000dee80000,0x00000000df600000)
 ParOldGen       total 84992K, used 1194K [0x0000000085800000, 0x000000008ab00000, 0x00000000d7300000)
  object space 84992K, 1% used [0x0000000085800000,0x000000008592abb8,0x000000008ab00000)
 Metaspace       used 9065K, capacity 9354K, committed 9600K, reserved 1058816K
  class space    used 981K, capacity 1053K, committed 1152K, reserved 1048576K
Event: 1.055 GC heap after
Heap after GC invocations=7 (full 0):
 PSYoungGen      total 134144K, used 2944K [0x00000000d7300000, 0x00000000e7800000, 0x0000000100000000)
  eden space 126464K, 0% used [0x00000000d7300000,0x00000000d7300000,0x00000000dee80000)
  from space 7680K, 38% used [0x00000000dee80000,0x00000000df160000,0x00000000df600000)
  to   space 7168K, 0% used [0x00000000e7100000,0x00000000e7100000,0x00000000e7800000)
 ParOldGen       total 84992K, used 2880K [0x0000000085800000, 0x000000008ab00000, 0x00000000d7300000)
  object space 84992K, 3% used [0x0000000085800000,0x0000000085ad01e8,0x000000008ab00000)
 Metaspace       used 9065K, capacity 9354K, committed 9600K, reserved 1058816K
  class space    used 981K, capacity 1053K, committed 1152K, reserved 1048576K
}
Event: 1.218 GC heap before
{Heap before GC invocations=8 (full 0):
 PSYoungGen      total 134144K, used 129408K [0x00000000d7300000, 0x00000000e7800000, 0x0000000100000000)
  eden space 126464K, 100% used [0x00000000d7300000,0x00000000dee80000,0x00000000dee80000)
  from space 7680K, 38% used [0x00000000dee80000,0x00000000df160000,0x00000000df600000)
  to   space 7168K, 0% used [0x00000000e7100000,0x00000000e7100000,0x00000000e7800000)
 ParOldGen       total 84992K, used 2880K [0x0000000085800000, 0x000000008ab00000, 0x00000000d7300000)
  object space 84992K, 3% used [0x0000000085800000,0x0000000085ad01e8,0x000000008ab00000)
 Metaspace       used 9099K, capacity 9354K, committed 9600K, reserved 1058816K
  class space    used 981K, capacity 1053K, committed 1152K, reserved 1048576K
Event: 1.223 GC heap after
Heap after GC invocations=8 (full 0):
 PSYoungGen      total 260096K, used 1408K [0x00000000d7300000, 0x00000000e7800000, 0x0000000100000000)
  eden space 252928K, 0% used [0x00000000d7300000,0x00000000d7300000,0x00000000e6a00000)
  from space 7168K, 19% used [0x00000000e7100000,0x00000000e7260000,0x00000000e7800000)
  to   space 7168K, 0% used [0x00000000e6a00000,0x00000000e6a00000,0x00000000e7100000)
 ParOldGen       total 84992K, used 4900K [0x0000000085800000, 0x000000008ab00000, 0x00000000d7300000)
  object space 84992K, 5% used [0x0000000085800000,0x0000000085cc9338,0x000000008ab00000)
 Metaspace       used 9099K, capacity 9354K, committed 9600K, reserved 1058816K
  class space    used 981K, capacity 1053K, committed 1152K, reserved 1048576K
}
Event: 1.557 GC heap before
{Heap before GC invocations=9 (full 0):
 PSYoungGen      total 260096K, used 254336K [0x00000000d7300000, 0x00000000e7800000, 0x0000000100000000)
  eden space 252928K, 100% used [0x00000000d7300000,0x00000000e6a00000,0x00000000e6a00000)
  from space 7168K, 19% used [0x00000000e7100000,0x00000000e7260000,0x00000000e7800000)
  to   space 7168K, 0% used [0x00000000e6a00000,0x00000000e6a00000,0x00000000e7100000)
 ParOldGen       total 84992K, used 4900K [0x0000000085800000, 0x000000008ab00000, 0x00000000d7300000)
  object space 84992K, 5% used [0x0000000085800000,0x0000000085cc9338,0x000000008ab00000)
 Metaspace       used 9125K, capacity 9358K, committed 9600K, reserved 1058816K
  class space    used 982K, capacity 1053K, committed 1152K, reserved 1048576K

Deoptimization events (10 events):
Event: 0.777 Thread 0x00007fcea000e000 Uncommon trap: reason=unstable_if action=reinterpret pc=0x00007fce914dfb58 method=org.eclipse.jgit.diff.RawText.isBinary([BI)Z @ 21
Event: 0.786 Thread 0x00007fcea000e000 Uncommon trap: reason=predicate action=maybe_recompile pc=0x00007fce91558de4 method=org.eclipse.jgit.diff.RawTextComparator.reduceCommonStartEnd(Lorg/eclipse/jgit/diff/RawText;Lorg/eclipse/jgit/diff/RawText;Lorg/eclipse/jgit/diff/Edit;)Lorg/eclipse/jgit/d
Event: 0.845 Thread 0x00007fcea000e000 Uncommon trap: reason=unstable_if action=reinterpret pc=0x00007fce915007c8 method=org.eclipse.jgit.diff.RawTextComparator$1.equals(Lorg/eclipse/jgit/diff/RawText;ILorg/eclipse/jgit/diff/RawText;I)Z @ 94
Event: 0.905 Thread 0x00007fcea000e000 Uncommon trap: reason=unstable_if action=reinterpret pc=0x00007fce915a0a8c method=org.eclipse.jgit.diff.RawTextComparator.reduceCommonStartEnd(Lorg/eclipse/jgit/diff/RawText;Lorg/eclipse/jgit/diff/RawText;Lorg/eclipse/jgit/diff/Edit;)Lorg/eclipse/jgit/dif
Event: 1.112 Thread 0x00007fcea000e000 Uncommon trap: reason=unstable_if action=reinterpret pc=0x00007fce913ed7a8 method=java.util.HashMap.getNode(ILjava/lang/Object;)Ljava/util/HashMap$Node; @ 116
Event: 1.127 Thread 0x00007fcea000e000 Uncommon trap: reason=unstable_if action=reinterpret pc=0x00007fce91628c44 method=org.eclipse.jgit.util.Paths.coreCompare([BIII[BIII)I @ 9
Event: 1.127 Thread 0x00007fcea000e000 Uncommon trap: reason=unstable_if action=reinterpret pc=0x00007fce91599f18 method=org.eclipse.jgit.util.Paths.coreCompare([BIII[BIII)I @ 9
Event: 1.187 Thread 0x00007fcea000e000 Uncommon trap: reason=unstable_if action=reinterpret pc=0x00007fce91577d50 method=org.eclipse.jgit.diff.RawTextComparator.findReverseLine(Lorg/eclipse/jgit/util/IntList;II)I @ 2
Event: 1.188 Thread 0x00007fcea000e000 Uncommon trap: reason=unstable_if action=reinterpret pc=0x00007fce9156a3c8 method=org.eclipse.jgit.diff.RawTextComparator.findReverseLine(Lorg/eclipse/jgit/util/IntList;II)I @ 2
Event: 1.291 Thread 0x00007fcea000e000 Uncommon trap: reason=unstable_if action=reinterpret pc=0x00007fce915a5990 method=org.eclipse.jgit.diff.HistogramDiffIndex.tryLongestCommonSequence(I)I @ 47

Internal exceptions (10 events):
Event: 1.552 Thread 0x00007fcea000e000 Exception <a 'java/io/FileNotFoundException'> (0x00000000e65e4950) thrown at [/HUDSON/workspace/8-2-build-linux-amd64/jdk8u92/6642/hotspot/src/share/vm/prims/jni.cpp, line 709]
Event: 1.553 Thread 0x00007fcea000e000 Exception <a 'java/lang/ArrayIndexOutOfBoundsException'> (0x00000000e65f4b10) thrown at [/HUDSON/workspace/8-2-build-linux-amd64/jdk8u92/6642/hotspot/src/share/vm/runtime/sharedRuntime.cpp, line 605]
Event: 1.553 Thread 0x00007fcea000e000 Exception <a 'java/io/FileNotFoundException'> (0x00000000e65f5740) thrown at [/HUDSON/workspace/8-2-build-linux-amd64/jdk8u92/6642/hotspot/src/share/vm/prims/jni.cpp, line 709]
Event: 1.553 Thread 0x00007fcea000e000 Exception <a 'java/lang/ArrayIndexOutOfBoundsException'> (0x00000000e65f7068) thrown at [/HUDSON/workspace/8-2-build-linux-amd64/jdk8u92/6642/hotspot/src/share/vm/runtime/sharedRuntime.cpp, line 605]
Event: 1.553 Thread 0x00007fcea000e000 Exception <a 'java/lang/ArrayIndexOutOfBoundsException'> (0x00000000e65f97a0) thrown at [/HUDSON/workspace/8-2-build-linux-amd64/jdk8u92/6642/hotspot/src/share/vm/runtime/sharedRuntime.cpp, line 605]
Event: 1.555 Thread 0x00007fcea000e000 Exception <a 'java/io/FileNotFoundException'> (0x00000000e682ada0) thrown at [/HUDSON/workspace/8-2-build-linux-amd64/jdk8u92/6642/hotspot/src/share/vm/prims/jni.cpp, line 709]
Event: 1.555 Thread 0x00007fcea000e000 Exception <a 'java/lang/ArrayIndexOutOfBoundsException'> (0x00000000e68382c0) thrown at [/HUDSON/workspace/8-2-build-linux-amd64/jdk8u92/6642/hotspot/src/share/vm/runtime/sharedRuntime.cpp, line 605]
Event: 1.555 Thread 0x00007fcea000e000 Exception <a 'java/io/FileNotFoundException'> (0x00000000e6838ef0) thrown at [/HUDSON/workspace/8-2-build-linux-amd64/jdk8u92/6642/hotspot/src/share/vm/prims/jni.cpp, line 709]
Event: 1.556 Thread 0x00007fcea000e000 Exception <a 'java/lang/ArrayIndexOutOfBoundsException'> (0x00000000e683a818) thrown at [/HUDSON/workspace/8-2-build-linux-amd64/jdk8u92/6642/hotspot/src/share/vm/runtime/sharedRuntime.cpp, line 605]
Event: 1.556 Thread 0x00007fcea000e000 Exception <a 'java/lang/ArrayIndexOutOfBoundsException'> (0x00000000e683cf50) thrown at [/HUDSON/workspace/8-2-build-linux-amd64/jdk8u92/6642/hotspot/src/share/vm/runtime/sharedRuntime.cpp, line 605]

Events (10 events):
Event: 1.555 Thread 0x00007fcea000e000 DEOPT UNPACKING pc=0x00007fce91047633 sp=0x00007fcea7ad7970 mode 1
Event: 1.556 Thread 0x00007fcea000e000 DEOPT PACKING pc=0x00007fce9166741c sp=0x00007fcea7ad7ce0
Event: 1.556 Thread 0x00007fcea000e000 DEOPT UNPACKING pc=0x00007fce91047633 sp=0x00007fcea7ad7a90 mode 1
Event: 1.556 Thread 0x00007fcea000e000 DEOPT PACKING pc=0x00007fce9166c824 sp=0x00007fcea7ad7de0
Event: 1.556 Thread 0x00007fcea000e000 DEOPT UNPACKING pc=0x00007fce91047633 sp=0x00007fcea7ad7c80 mode 1
Event: 1.556 Thread 0x00007fcea000e000 DEOPT PACKING pc=0x00007fce915cf72e sp=0x00007fcea7ad7c60
Event: 1.556 Thread 0x00007fcea000e000 DEOPT UNPACKING pc=0x00007fce91047633 sp=0x00007fcea7ad7a48 mode 1
Event: 1.556 Thread 0x00007fcea000e000 DEOPT PACKING pc=0x00007fce915cf72e sp=0x00007fcea7ad7c60
Event: 1.556 Thread 0x00007fcea000e000 DEOPT UNPACKING pc=0x00007fce91047633 sp=0x00007fcea7ad7a48 mode 1
Event: 1.557 Executing VM operation: ParallelGCFailedAllocation


Dynamic libraries:
00400000-00401000 r-xp 00000000 08:02 3421676                            /usr/lib/jvm/java-8-jdk/jre/bin/java
00600000-00601000 rw-p 00000000 08:02 3421676                            /usr/lib/jvm/java-8-jdk/jre/bin/java
006d2000-006f3000 rw-p 00000000 00:00 0                                  [heap]
85800000-8ab00000 rw-p 00000000 00:00 0 
8ab00000-d7300000 ---p 00000000 00:00 0 
d7300000-e7800000 rw-p 00000000 00:00 0 
f0d80000-100000000 ---p 00000000 00:00 0 
100000000-100120000 rw-p 00000000 00:00 0 
100120000-140000000 ---p 00000000 00:00 0 
7fce24000000-7fce24021000 rw-p 00000000 00:00 0 
7fce24021000-7fce28000000 ---p 00000000 00:00 0 
7fce28000000-7fce28021000 rw-p 00000000 00:00 0 
7fce28021000-7fce2c000000 ---p 00000000 00:00 0 
7fce2c000000-7fce2c021000 rw-p 00000000 00:00 0 
7fce2c021000-7fce30000000 ---p 00000000 00:00 0 
7fce30000000-7fce30021000 rw-p 00000000 00:00 0 
7fce30021000-7fce34000000 ---p 00000000 00:00 0 
7fce34000000-7fce35a44000 rw-p 00000000 00:00 0 
7fce35a44000-7fce38000000 ---p 00000000 00:00 0 
7fce38000000-7fce38bb2000 rw-p 00000000 00:00 0 
7fce38bb2000-7fce3c000000 ---p 00000000 00:00 0 
7fce3c000000-7fce3cc60000 rw-p 00000000 00:00 0 
7fce3cc60000-7fce40000000 ---p 00000000 00:00 0 
7fce40000000-7fce40c17000 rw-p 00000000 00:00 0 
7fce40c17000-7fce44000000 ---p 00000000 00:00 0 
7fce44000000-7fce44021000 rw-p 00000000 00:00 0 
7fce44021000-7fce48000000 ---p 00000000 00:00 0 
7fce48000000-7fce48021000 rw-p 00000000 00:00 0 
7fce48021000-7fce4c000000 ---p 00000000 00:00 0 
7fce4c000000-7fce4c021000 rw-p 00000000 00:00 0 
7fce4c021000-7fce50000000 ---p 00000000 00:00 0 
7fce50000000-7fce50021000 rw-p 00000000 00:00 0 
7fce50021000-7fce54000000 ---p 00000000 00:00 0 
7fce54000000-7fce54021000 rw-p 00000000 00:00 0 
7fce54021000-7fce58000000 ---p 00000000 00:00 0 
7fce58000000-7fce58021000 rw-p 00000000 00:00 0 
7fce58021000-7fce5c000000 ---p 00000000 00:00 0 
7fce5c000000-7fce5c021000 rw-p 00000000 00:00 0 
7fce5c021000-7fce60000000 ---p 00000000 00:00 0 
7fce60000000-7fce6028c000 rw-p 00000000 00:00 0 
7fce6028c000-7fce64000000 ---p 00000000 00:00 0 
7fce64000000-7fce64021000 rw-p 00000000 00:00 0 
7fce64021000-7fce68000000 ---p 00000000 00:00 0 
7fce6c000000-7fce6c021000 rw-p 00000000 00:00 0 
7fce6c021000-7fce70000000 ---p 00000000 00:00 0 
7fce74000000-7fce74021000 rw-p 00000000 00:00 0 
7fce74021000-7fce78000000 ---p 00000000 00:00 0 
7fce785ec000-7fce78a54000 rw-p 00000000 00:00 0 
7fce78a54000-7fce78c17000 ---p 00000000 00:00 0 
7fce78c17000-7fce78d15000 rw-p 00000000 00:00 0 
7fce78d15000-7fce78d18000 ---p 00000000 00:00 0 
7fce78d18000-7fce78d4e000 rw-p 00000000 00:00 0 
7fce78d4e000-7fce78d4f000 r--s 00001000 08:02 7609905                    /home/roy/.gradle/caches/modules-2/files-2.1/javax.annotation/jsr250-api/1.0/5025422767732a1ab45d93abfea846513d742dcf/jsr250-api-1.0.jar
7fce78d4f000-7fce78d51000 r--s 00000000 08:02 5378039                    /home/roy/.gradle/caches/modules-2/files-2.1/aopalliance/aopalliance/1.0/235ba8b489512805ac13a8f9ea77a1ca5ebe3e8/aopalliance-1.0.jar
7fce78d51000-7fce78d53000 r--s 00006000 08:02 9569309                    /home/roy/.gradle/caches/modules-2/files-2.1/org.eclipse.aether/aether-spi/1.0.2.v20150114/8428dfa330107984f3e3ac05cc3ebd50b2676866/aether-spi-1.0.2.v20150114.jar
7fce78d53000-7fce78d59000 r--s 00033000 08:02 6555982                    /home/roy/.gradle/caches/modules-2/files-2.1/commons-codec/commons-codec/1.6/b7f0fc8f61ecadeb3695f0b9464755eee44374d4/commons-codec-1.6.jar
7fce78d59000-7fce78d5b000 r--s 0000e000 08:02 5771561                    /home/roy/.gradle/caches/modules-2/files-2.1/commons-logging/commons-logging/1.1.3/f6f66e966c70a83ffbdb6f17a0919eaf7c8aca7f/commons-logging-1.1.3.jar
7fce78d5b000-7fce78d62000 r--s 0003f000 08:02 5771559                    /home/roy/.gradle/caches/modules-2/files-2.1/org.apache.httpcomponents/httpcore/4.3.3/f91b7a4aadc5cf486df6e4634748d7dd7a73f06d/httpcore-4.3.3.jar
7fce78d62000-7fce78d6a000 r--s 00055000 08:02 9569307                    /home/roy/.gradle/caches/modules-2/files-2.1/org.eclipse.sisu/org.eclipse.sisu.inject/0.3.2/59044b92ec27cc6fda7a2d24b2cd6cec23f31d5b/org.eclipse.sisu.inject-0.3.2.jar
7fce78d6a000-7fce78d6d000 r--s 00008000 08:02 9569305                    /home/roy/.gradle/caches/modules-2/files-2.1/javax.enterprise/cdi-api/1.0/44c453f60909dfc223552ace63e05c694215156b/cdi-api-1.0.jar
7fce78d6d000-7fce78d70000 r--s 0000b000 08:02 9569303                    /home/roy/.gradle/caches/modules-2/files-2.1/org.apache.maven.wagon/wagon-provider-api/2.10/cd9cdde3f56bb5250d87c54592f04cbc24f03bf/wagon-provider-api-2.10.jar
7fce78d70000-7fce78d9b000 r--s 001fc000 08:02 8270264                    /home/roy/.gradle/caches/modules-2/files-2.1/com.google.guava/guava/18.0/cce0823396aa693798f8882e64213b1772032b09/guava-18.0.jar
7fce78d9b000-7fce78d9e000 r--s 0000d000 08:02 9569299                    /home/roy/.gradle/caches/modules-2/files-2.1/org.codehaus.plexus/plexus-interpolation/1.21/f92de59d295f16868001644acc21720f3ec9eb15/plexus-interpolation-1.21.jar
7fce78d9e000-7fce78da7000 r--s 0005f000 08:02 5379327                    /home/roy/.gradle/caches/modules-2/files-2.1/com.google.inject/guice/4.0/199b7acaa05b570bbccf31be998f013963e5e752/guice-4.0-no_aop.jar
7fce78da7000-7fce78dab000 r--s 00020000 08:02 9569297                    /home/roy/.gradle/caches/modules-2/files-2.1/org.eclipse.aether/aether-util/1.0.2.v20150114/d2d3c74a5210544b5cdce89a2c1d1c62835692d1/aether-util-1.0.2.v20150114.jar
7fce78dab000-7fce78db0000 r--s 0001d000 08:02 9569295                    /home/roy/.gradle/caches/modules-2/files-2.1/org.eclipse.aether/aether-api/1.0.2.v20150114/839f93a5213fb3e233b09bfd6d6b95669f7043c0/aether-api-1.0.2.v20150114.jar
7fce78db0000-7fce78dc6000 r-xp 00000000 08:02 3421825                    /usr/lib/jvm/java-8-jdk/jre/lib/amd64/libnet.so
7fce78dc6000-7fce78fc6000 ---p 00016000 08:02 3421825                    /usr/lib/jvm/java-8-jdk/jre/lib/amd64/libnet.so
7fce78fc6000-7fce78fc7000 rw-p 00016000 08:02 3421825                    /usr/lib/jvm/java-8-jdk/jre/lib/amd64/libnet.so
7fce78fc7000-7fce78fd8000 r-xp 00000000 08:02 3421822                    /usr/lib/jvm/java-8-jdk/jre/lib/amd64/libnio.so
7fce78fd8000-7fce791d7000 ---p 00011000 08:02 3421822                    /usr/lib/jvm/java-8-jdk/jre/lib/amd64/libnio.so
7fce791d7000-7fce791d8000 rw-p 00010000 08:02 3421822                    /usr/lib/jvm/java-8-jdk/jre/lib/amd64/libnio.so
7fce791d8000-7fce791d9000 ---p 00000000 00:00 0 
7fce791d9000-7fce792d9000 rw-p 00000000 00:00 0 
7fce792d9000-7fce792dc000 ---p 00000000 00:00 0 
7fce792dc000-7fce793da000 rw-p 00000000 00:00 0 
7fce793da000-7fce793dd000 ---p 00000000 00:00 0 
7fce793dd000-7fce794db000 rw-p 00000000 00:00 0 
7fce794db000-7fce794de000 ---p 00000000 00:00 0 
7fce794de000-7fce795dc000 rw-p 00000000 00:00 0 
7fce795dc000-7fce795df000 ---p 00000000 00:00 0 
7fce795df000-7fce796dd000 rw-p 00000000 00:00 0 
7fce796dd000-7fce796e0000 ---p 00000000 00:00 0 
7fce796e0000-7fce797de000 rw-p 00000000 00:00 0 
7fce797de000-7fce797e1000 ---p 00000000 00:00 0 
7fce797e1000-7fce798df000 rw-p 00000000 00:00 0 
7fce798df000-7fce798e2000 ---p 00000000 00:00 0 
7fce798e2000-7fce799e0000 rw-p 00000000 00:00 0 
7fce799e0000-7fce799e3000 ---p 00000000 00:00 0 
7fce799e3000-7fce79ae1000 rw-p 00000000 00:00 0 
7fce79ae1000-7fce79ae5000 r-xp 00000000 08:02 3421865                    /usr/lib/jvm/java-8-jdk/jre/lib/amd64/libdt_socket.so
7fce79ae5000-7fce79ce4000 ---p 00004000 08:02 3421865                    /usr/lib/jvm/java-8-jdk/jre/lib/amd64/libdt_socket.so
7fce79ce4000-7fce79ce5000 rw-p 00003000 08:02 3421865                    /usr/lib/jvm/java-8-jdk/jre/lib/amd64/libdt_socket.so
7fce79ce5000-7fce79ce8000 ---p 00000000 00:00 0 
7fce79ce8000-7fce79de6000 rw-p 00000000 00:00 0 
7fce79de6000-7fce79de9000 ---p 00000000 00:00 0 
7fce79de9000-7fce79ee7000 rw-p 00000000 00:00 0 
7fce79ee7000-7fce79eea000 ---p 00000000 00:00 0 
7fce79eea000-7fce79fe8000 rw-p 00000000 00:00 0 
7fce79fe8000-7fce79fe9000 ---p 00000000 00:00 0 
7fce79fe9000-7fce7c000000 rw-p 00000000 00:00 0 
7fce7c000000-7fce7c021000 rw-p 00000000 00:00 0 
7fce7c021000-7fce80000000 ---p 00000000 00:00 0 
7fce80000000-7fce80021000 rw-p 00000000 00:00 0 
7fce80021000-7fce84000000 ---p 00000000 00:00 0 
7fce84000000-7fce84021000 rw-p 00000000 00:00 0 
7fce84021000-7fce88000000 ---p 00000000 00:00 0 
7fce88000000-7fce88001000 r--s 00000000 08:02 5771480                    /home/roy/.gradle/caches/modules-2/files-2.1/javax.inject/javax.inject/1/6975da39a7040257bd51d21a231b76c915872d38/javax.inject-1.jar
7fce88001000-7fce88002000 r--s 00003000 08:02 9569301                    /home/roy/.gradle/caches/modules-2/files-2.1/org.apache.maven/maven-builder-support/3.3.9/a96f29da7623c0e1db9824f628548fe8181f6dd0/maven-builder-support-3.3.9.jar
7fce88002000-7fce88006000 r--s 00027000 08:02 9569293                    /home/roy/.gradle/caches/modules-2/files-2.1/org.eclipse.aether/aether-impl/1.0.2.v20150114/f147539e6e60dfbda9ef7f6d750066170f61b7a1/aether-impl-1.0.2.v20150114.jar
7fce88006000-7fce88008000 r--s 0000f000 08:02 9569291                    /home/roy/.gradle/caches/modules-2/files-2.1/org.apache.maven/maven-aether-provider/3.3.9/29e8e7122f7a166ea53785cd75af0ef9d4d848d4/maven-aether-provider-3.3.9.jar
7fce88008000-7fce8800a000 r--s 0000c000 08:02 9569289                    /home/roy/.gradle/caches/modules-2/files-2.1/org.apache.maven/maven-artifact/3.3.9/f43afa184555fbc6e36b3334b17246c39b30f6e/maven-artifact-3.3.9.jar
7fce8800a000-7fce8800b000 r--s 00006000 08:02 9569287                    /home/roy/.gradle/caches/modules-2/files-2.1/org.apache.maven/maven-repository-metadata/3.3.9/6850232b35e504057d67bde11efddebf6271e1ce/maven-repository-metadata-3.3.9.jar
7fce8800b000-7fce8800d000 r--s 00009000 08:02 9569285                    /home/roy/.gradle/caches/modules-2/files-2.1/org.apache.maven/maven-settings-builder/3.3.9/fe5ad82564dc07a31855da543db8d5376def3c26/maven-settings-builder-3.3.9.jar
7fce8800d000-7fce88010000 r--s 00026000 08:02 9569283                    /home/roy/.gradle/caches/modules-2/files-2.1/org.apache.maven/maven-model/3.3.9/6efde8cbcb4de4c47f7e9c2a3ab2806022b5c70f/maven-model-3.3.9.jar
7fce88010000-7fce8801c000 r--s 00085000 08:02 5771555                    /home/roy/.gradle/caches/modules-2/files-2.1/org.apache.httpcomponents/httpclient/4.3.6/4c47155e3e6c9a41a28db36680b828ced53b8af4/httpclient-4.3.6.jar
7fce8801c000-7fce8801f000 r--s 0001c000 08:02 5771553                    /home/roy/.gradle/caches/modules-2/files-2.1/com.googlecode.javaewah/JavaEWAH/0.7.9/eceaf316a8faf0e794296ebe158ae110c7d72a5a/JavaEWAH-0.7.9.jar
7fce8801f000-7fce88024000 r--s 00040000 08:02 5771551                    /home/roy/.gradle/caches/modules-2/files-2.1/com.jcraft/jsch/0.1.53/658b682d5c817b27ae795637dfec047c63d29935/jsch-0.1.53.jar
7fce88024000-7fce88029000 r--s 0002a000 08:02 9309861                    /home/roy/.gradle/caches/modules-2/files-2.1/com.google.code.gson/gson/2.2.2/1f96456ca233dec780aa224bff076d8e8bca3908/gson-2.2.2.jar
7fce88029000-7fce88030000 r--s 00064000 08:02 7475718                    /home/roy/.gradle/caches/modules-2/files-2.1/org.apache.commons/commons-lang3/3.4/5fe28b9518e58819180a43a850fbc0dd24b7c050/commons-lang3-3.4.jar
7fce88030000-7fce88032000 r--s 00009000 08:02 6295904                    /home/roy/.gradle/caches/modules-2/files-2.1/commons-cli/commons-cli/1.2/2bf96b7aa8b611c177d329452af1dc933e14501c/commons-cli-1.2.jar
7fce88032000-7fce88034000 r--s 00002000 08:02 9569281                    /home/roy/.gradle/caches/modules-2/files-2.1/org.sonatype.plexus/plexus-cipher/1.7/51460409b6cdc2b828540c19c05691f89141edc2/plexus-cipher-1.7.jar
7fce88034000-7fce88035000 r--s 00006000 08:02 9569279                    /home/roy/.gradle/caches/modules-2/files-2.1/org.sonatype.plexus/plexus-sec-dispatcher/1.3/dedc02034fb8fcd7615d66593228cb71709134b4/plexus-sec-dispatcher-1.3.jar
7fce88035000-7fce88037000 r--s 00000000 08:02 9569277                    /home/roy/.gradle/caches/modules-2/files-2.1/org.codehaus.plexus/plexus-component-annotations/1.6/1a34a4e12b5fded8c548a568f463dfee21500927/plexus-component-annotations-1.6.jar
7fce88037000-7fce8803d000 r--s 0002d000 08:02 9569275                    /home/roy/.gradle/caches/modules-2/files-2.1/org.eclipse.sisu/org.eclipse.sisu.plexus/0.3.2/cd84cb43788de23847eec2999070f64381bdb495/org.eclipse.sisu.plexus-0.3.2.jar
7fce8803d000-7fce8803f000 r--s 0000b000 08:02 9569273                    /home/roy/.gradle/caches/modules-2/files-2.1/org.codehaus.plexus/plexus-classworlds/2.5.2/4abb111bfdace5b8167db4c0ef74644f3f88f142/plexus-classworlds-2.5.2.jar
7fce8803f000-7fce88043000 r--s 00038000 08:02 9569271                    /home/roy/.gradle/caches/modules-2/files-2.1/org.codehaus.plexus/plexus-utils/3.0.22/764f26e0ab13a87c48fe55f525dfb6a133b7a92f/plexus-utils-3.0.22.jar
7fce88043000-7fce88049000 r--s 00041000 08:02 9569269                    /home/roy/.gradle/caches/modules-2/files-2.1/org.apache.maven/maven-compat/3.3.9/b52d83991d361531d7fb709e9c80407a4f222247/maven-compat-3.3.9.jar
7fce88049000-7fce8804e000 r--s 00027000 08:02 9569267                    /home/roy/.gradle/caches/modules-2/files-2.1/org.apache.maven/maven-model-builder/3.3.9/e2055f9adb9f3c9a93e6b36fffe79781a785de2d/maven-model-builder-3.3.9.jar
7fce8804e000-7fce88050000 r--s 0000a000 08:02 9569265                    /home/roy/.gradle/caches/modules-2/files-2.1/org.apache.maven/maven-plugin-api/3.3.9/aa706ea7ca23776861b4eb2cea97cf345e791496/maven-plugin-api-3.3.9.jar
7fce88050000-7fce8805d000 r--s 0008f000 08:02 9569263                    /home/roy/.gradle/caches/modules-2/files-2.1/org.apache.maven/maven-core/3.3.9/47154012330ea639849c618ebc11cff6870e570a/maven-core-3.3.9.jar
7fce8805d000-7fce8805e000 r--s 0000a000 08:02 9569261                    /home/roy/.gradle/caches/modules-2/files-2.1/org.apache.maven/maven-settings/3.3.9/68d4180c51468ae8f45869f8f9c569092262fcca/maven-settings-3.3.9.jar
7fce8805e000-7fce88060000 r--s 00009000 08:02 5771598                    /home/roy/.gradle/caches/modules-2/files-2.1/org.slf4j/slf4j-api/1.7.21/139535a69a4239db087de9bab0bee568bf8e0b70/slf4j-api-1.7.21.jar
7fce88060000-7fce88063000 r--s 0001a000 08:02 3421699                    /usr/lib/jvm/java-8-jdk/jre/lib/jce.jar
7fce88063000-7fce88086000 r--s 0021d000 08:02 8269134                    /home/roy/.gradle/caches/modules-2/files-2.1/org.eclipse.jgit/org.eclipse.jgit/4.4.0.201606070830-r/f0292234d1f57542cca80d7b9a441d8ab26f6860/org.eclipse.jgit-4.4.0.201606070830-r.jar
7fce88086000-7fce8808b000 r--s 0002d000 08:02 9309859                    /home/roy/.gradle/caches/modules-2/files-2.1/org.eclipse.mylyn.github/org.eclipse.egit.github.core/2.1.5/e1c010e279ff0355a996f00b71512a8636e681d7/org.eclipse.egit.github.core-2.1.5.jar
7fce8808b000-7fce88091000 r--s 00044000 08:02 6295088                    /home/roy/.gradle/caches/modules-2/files-2.1/org.antlr/antlr4-runtime/4.5.3/2609e36f18f7e8d593cc1cddfb2ac776dc96b8e0/antlr4-runtime-4.5.3.jar
7fce88091000-7fce880be000 r--s 00179000 08:02 9569259                    /home/roy/.gradle/caches/modules-2/files-2.1/org.gradle/gradle-tooling-api/2.9/c0d9736f0b87323b578d99c949823a89ab460d35/gradle-tooling-api-2.9.jar
7fce880be000-7fce8c000000 rw-p 00000000 00:00 0 
7fce8c000000-7fce8c021000 rw-p 00000000 00:00 0 
7fce8c021000-7fce90000000 ---p 00000000 00:00 0 
7fce90000000-7fce90004000 r--s 00097000 08:02 3421701                    /usr/lib/jvm/java-8-jdk/jre/lib/jsse.jar
7fce90004000-7fce90007000 r--s 00013000 08:02 9569257                    /home/roy/.gradle/caches/modules-2/files-2.1/org.apache.maven/maven-embedder/3.3.9/ca3699a7ec3c8db0d97675f28b7bd04e09242ad4/maven-embedder-3.3.9.jar
7fce90007000-7fce90008000 r--s 00000000 08:02 5902267                    /home/roy/.gradle/caches/modules-2/files-2.1/org.slf4j/slf4j-nop/1.7.21/8df71c65bfb1ca244d5fa174791b393762d0a5ed/slf4j-nop-1.7.21.jar
7fce90008000-7fce90012000 r--s 0008c000 08:02 5640359                    /home/roy/.gradle/caches/modules-2/files-2.1/com.google.code.findbugs/bcel-findbugs/6.0/7a7563ba41dceff3da4af4927b7c09908bd5132c/bcel-findbugs-6.0.jar
7fce90012000-7fce90013000 r--s 00004000 08:02 9187161                    /home/roy/Workspace/MT/mt/bcms/build/libs/bcms-0.1.jar
7fce90013000-7fce90014000 r--s 00003000 08:02 9309368                    /home/roy/Workspace/MT/mt/xloc/build/libs/xloc-0.1.jar
7fce90014000-7fce90025000 r--s 00089000 08:02 5640188                    /home/roy/.gradle/caches/modules-2/files-2.1/joda-time/joda-time/2.9.3/9e46be514a4ed60bcfbaaba88a3c668cf30476ab/joda-time-2.9.3.jar
7fce90025000-7fce9034c000 rw-p 00000000 00:00 0 
7fce9034c000-7fce90525000 r--s 03d24000 08:02 3421705                    /usr/lib/jvm/java-8-jdk/jre/lib/rt.jar
7fce90525000-7fce908f9000 rw-p 00000000 00:00 0 
7fce908f9000-7fce908fa000 ---p 00000000 00:00 0 
7fce908fa000-7fce909fa000 rw-p 00000000 00:00 0 
7fce909fa000-7fce909fb000 ---p 00000000 00:00 0 
7fce909fb000-7fce90afb000 rw-p 00000000 00:00 0 
7fce90afb000-7fce90afc000 ---p 00000000 00:00 0 
7fce90afc000-7fce90bfc000 rw-p 00000000 00:00 0 
7fce90bfc000-7fce90bfd000 ---p 00000000 00:00 0 
7fce90bfd000-7fce90cfd000 rw-p 00000000 00:00 0 
7fce90cfd000-7fce90cfe000 ---p 00000000 00:00 0 
7fce90cfe000-7fce90dfe000 rw-p 00000000 00:00 0 
7fce90dfe000-7fce90dff000 ---p 00000000 00:00 0 
7fce90dff000-7fce90eff000 rw-p 00000000 00:00 0 
7fce90eff000-7fce90f00000 ---p 00000000 00:00 0 
7fce90f00000-7fce91000000 rw-p 00000000 00:00 0 
7fce91000000-7fce916f0000 rwxp 00000000 00:00 0 
7fce916f0000-7fcea0000000 ---p 00000000 00:00 0 
7fcea0000000-7fcea0907000 rw-p 00000000 00:00 0 
7fcea0907000-7fcea4000000 ---p 00000000 00:00 0 
7fcea4000000-7fcea4002000 r--s 00008000 08:02 10485880                   /home/roy/Workspace/MT/mt/gcrawler/build/libs/gcrawler-0.1.jar
7fcea4002000-7fcea4008000 r--s 00033000 08:02 8525209                    /home/roy/Workspace/MT/mt/utils/build/libs/utils-0.1.jar
7fcea4008000-7fcea40c0000 rw-p 00000000 00:00 0 
7fcea40c0000-7fcea40c1000 ---p 00000000 00:00 0 
7fcea40c1000-7fcea41eb000 rw-p 00000000 00:00 0 
7fcea41eb000-7fcea444f000 ---p 00000000 00:00 0 
7fcea444f000-7fcea4479000 rw-p 00000000 00:00 0 
7fcea4479000-7fcea46dc000 ---p 00000000 00:00 0 
7fcea46dc000-7fcea475f000 rw-p 00000000 00:00 0 
7fcea475f000-7fcea4823000 ---p 00000000 00:00 0 
7fcea4823000-7fcea4840000 rw-p 00000000 00:00 0 
7fcea4840000-7fcea4be4000 ---p 00000000 00:00 0 
7fcea4be4000-7fcea4bfe000 r-xp 00000000 08:02 3421829                    /usr/lib/jvm/java-8-jdk/jre/lib/amd64/libzip.so
7fcea4bfe000-7fcea4dfe000 ---p 0001a000 08:02 3421829                    /usr/lib/jvm/java-8-jdk/jre/lib/amd64/libzip.so
7fcea4dfe000-7fcea4dff000 rw-p 0001a000 08:02 3421829                    /usr/lib/jvm/java-8-jdk/jre/lib/amd64/libzip.so
7fcea4dff000-7fcea4e0a000 r-xp 00000000 08:02 2624725                    /usr/lib/libnss_files-2.23.so
7fcea4e0a000-7fcea5009000 ---p 0000b000 08:02 2624725                    /usr/lib/libnss_files-2.23.so
7fcea5009000-7fcea500a000 r--p 0000a000 08:02 2624725                    /usr/lib/libnss_files-2.23.so
7fcea500a000-7fcea500b000 rw-p 0000b000 08:02 2624725                    /usr/lib/libnss_files-2.23.so
7fcea500b000-7fcea5011000 rw-p 00000000 00:00 0 
7fcea5011000-7fcea51a9000 r--p 00000000 08:02 2671584                    /usr/lib/locale/locale-archive
7fcea51a9000-7fcea51ab000 r-xp 00000000 08:02 3421852                    /usr/lib/jvm/java-8-jdk/jre/lib/amd64/libnpt.so
7fcea51ab000-7fcea53ab000 ---p 00002000 08:02 3421852                    /usr/lib/jvm/java-8-jdk/jre/lib/amd64/libnpt.so
7fcea53ab000-7fcea53ac000 rw-p 00002000 08:02 3421852                    /usr/lib/jvm/java-8-jdk/jre/lib/amd64/libnpt.so
7fcea53ac000-7fcea53e5000 r-xp 00000000 08:02 3421840                    /usr/lib/jvm/java-8-jdk/jre/lib/amd64/libjdwp.so
7fcea53e5000-7fcea55e4000 ---p 00039000 08:02 3421840                    /usr/lib/jvm/java-8-jdk/jre/lib/amd64/libjdwp.so
7fcea55e4000-7fcea55e6000 rw-p 00038000 08:02 3421840                    /usr/lib/jvm/java-8-jdk/jre/lib/amd64/libjdwp.so
7fcea55e6000-7fcea5610000 r-xp 00000000 08:02 3421834                    /usr/lib/jvm/java-8-jdk/jre/lib/amd64/libjava.so
7fcea5610000-7fcea5810000 ---p 0002a000 08:02 3421834                    /usr/lib/jvm/java-8-jdk/jre/lib/amd64/libjava.so
7fcea5810000-7fcea5812000 rw-p 0002a000 08:02 3421834                    /usr/lib/jvm/java-8-jdk/jre/lib/amd64/libjava.so
7fcea5812000-7fcea581f000 r-xp 00000000 08:02 3421830                    /usr/lib/jvm/java-8-jdk/jre/lib/amd64/libverify.so
7fcea581f000-7fcea5a1f000 ---p 0000d000 08:02 3421830                    /usr/lib/jvm/java-8-jdk/jre/lib/amd64/libverify.so
7fcea5a1f000-7fcea5a21000 rw-p 0000d000 08:02 3421830                    /usr/lib/jvm/java-8-jdk/jre/lib/amd64/libverify.so
7fcea5a21000-7fcea5a28000 r-xp 00000000 08:02 2624733                    /usr/lib/librt-2.23.so
7fcea5a28000-7fcea5c27000 ---p 00007000 08:02 2624733                    /usr/lib/librt-2.23.so
7fcea5c27000-7fcea5c28000 r--p 00006000 08:02 2624733                    /usr/lib/librt-2.23.so
7fcea5c28000-7fcea5c29000 rw-p 00007000 08:02 2624733                    /usr/lib/librt-2.23.so
7fcea5c29000-7fcea5d2c000 r-xp 00000000 08:02 2624730                    /usr/lib/libm-2.23.so
7fcea5d2c000-7fcea5f2b000 ---p 00103000 08:02 2624730                    /usr/lib/libm-2.23.so
7fcea5f2b000-7fcea5f2c000 r--p 00102000 08:02 2624730                    /usr/lib/libm-2.23.so
7fcea5f2c000-7fcea5f2d000 rw-p 00103000 08:02 2624730                    /usr/lib/libm-2.23.so
7fcea5f2d000-7fcea6bf0000 r-xp 00000000 08:02 3421887                    /usr/lib/jvm/java-8-jdk/jre/lib/amd64/server/libjvm.so
7fcea6bf0000-7fcea6def000 ---p 00cc3000 08:02 3421887                    /usr/lib/jvm/java-8-jdk/jre/lib/amd64/server/libjvm.so
7fcea6def000-7fcea6ec8000 rw-p 00cc2000 08:02 3421887                    /usr/lib/jvm/java-8-jdk/jre/lib/amd64/server/libjvm.so
7fcea6ec8000-7fcea6f13000 rw-p 00000000 00:00 0 
7fcea6f13000-7fcea70aa000 r-xp 00000000 08:02 2624654                    /usr/lib/libc-2.23.so
7fcea70aa000-7fcea72aa000 ---p 00197000 08:02 2624654                    /usr/lib/libc-2.23.so
7fcea72aa000-7fcea72ae000 r--p 00197000 08:02 2624654                    /usr/lib/libc-2.23.so
7fcea72ae000-7fcea72b0000 rw-p 0019b000 08:02 2624654                    /usr/lib/libc-2.23.so
7fcea72b0000-7fcea72b4000 rw-p 00000000 00:00 0 
7fcea72b4000-7fcea72b6000 r-xp 00000000 08:02 2624729                    /usr/lib/libdl-2.23.so
7fcea72b6000-7fcea74b6000 ---p 00002000 08:02 2624729                    /usr/lib/libdl-2.23.so
7fcea74b6000-7fcea74b7000 r--p 00002000 08:02 2624729                    /usr/lib/libdl-2.23.so
7fcea74b7000-7fcea74b8000 rw-p 00003000 08:02 2624729                    /usr/lib/libdl-2.23.so
7fcea74b8000-7fcea74cd000 r-xp 00000000 08:02 3421886                    /usr/lib/jvm/java-8-jdk/jre/lib/amd64/jli/libjli.so
7fcea74cd000-7fcea76cd000 ---p 00015000 08:02 3421886                    /usr/lib/jvm/java-8-jdk/jre/lib/amd64/jli/libjli.so
7fcea76cd000-7fcea76ce000 rw-p 00015000 08:02 3421886                    /usr/lib/jvm/java-8-jdk/jre/lib/amd64/jli/libjli.so
7fcea76ce000-7fcea76e6000 r-xp 00000000 08:02 2624630                    /usr/lib/libpthread-2.23.so
7fcea76e6000-7fcea78e5000 ---p 00018000 08:02 2624630                    /usr/lib/libpthread-2.23.so
7fcea78e5000-7fcea78e6000 r--p 00017000 08:02 2624630                    /usr/lib/libpthread-2.23.so
7fcea78e6000-7fcea78e7000 rw-p 00018000 08:02 2624630                    /usr/lib/libpthread-2.23.so
7fcea78e7000-7fcea78eb000 rw-p 00000000 00:00 0 
7fcea78eb000-7fcea790e000 r-xp 00000000 08:02 2624653                    /usr/lib/ld-2.23.so
7fcea790e000-7fcea79d9000 rw-p 00000000 00:00 0 
7fcea79d9000-7fcea79dc000 ---p 00000000 00:00 0 
7fcea79dc000-7fcea7ade000 rw-p 00000000 00:00 0 
7fcea7ade000-7fcea7ae0000 r--s 00002000 08:02 10485901                   /home/roy/Workspace/MT/mt/fpms/build/libs/fpms-0.1.jar
7fcea7ae0000-7fcea7ae1000 r--s 00002000 08:02 10755593                   /home/roy/Workspace/MT/mt/ovms/build/libs/ovms-0.1.jar
7fcea7ae1000-7fcea7ae2000 r--s 00001000 08:02 10485838                   /home/roy/Workspace/MT/mt/report/build/libs/report-0.1.jar
7fcea7ae2000-7fcea7b03000 rw-p 00000000 00:00 0 
7fcea7b03000-7fcea7b0b000 rw-s 00000000 00:25 125838                     /tmp/hsperfdata_roy/7084
7fcea7b0b000-7fcea7b0c000 rw-p 00000000 00:00 0 
7fcea7b0c000-7fcea7b0d000 ---p 00000000 00:00 0 
7fcea7b0d000-7fcea7b0e000 rw-p 00000000 00:00 0 
7fcea7b0e000-7fcea7b0f000 r--p 00023000 08:02 2624653                    /usr/lib/ld-2.23.so
7fcea7b0f000-7fcea7b10000 rw-p 00024000 08:02 2624653                    /usr/lib/ld-2.23.so
7fcea7b10000-7fcea7b11000 rw-p 00000000 00:00 0 
7ffe0ea98000-7ffe0eabb000 rw-p 00000000 00:00 0                          [stack]
7ffe0eb27000-7ffe0eb2a000 r--p 00000000 00:00 0                          [vvar]
7ffe0eb2a000-7ffe0eb2c000 r-xp 00000000 00:00 0                          [vdso]
ffffffffff600000-ffffffffff601000 r-xp 00000000 00:00 0                  [vsyscall]

VM Arguments:
jvm_args: -agentlib:jdwp=transport=dt_socket,server=n,suspend=y,address=46653 -Dfile.encoding=UTF-8 -Duser.country=US -Duser.language=en -Duser.variant 
java_command: org.uva.rdewildt.mt.runner.writer/ReportWriter
java_class_path (initial): /home/roy/Workspace/MT/mt/runner/build/classes/main:/home/roy/Workspace/MT/mt/runner/build/resources/main:/home/roy/Workspace/MT/mt/report/build/libs/report-0.1.jar:/home/roy/Workspace/MT/mt/ovms/build/libs/ovms-0.1.jar:/home/roy/Workspace/MT/mt/fpms/build/libs/fpms-0.1.jar:/home/roy/Workspace/MT/mt/utils/build/libs/utils-0.1.jar:/home/roy/.gradle/caches/modules-2/files-2.1/joda-time/joda-time/2.9.3/9e46be514a4ed60bcfbaaba88a3c668cf30476ab/joda-time-2.9.3.jar:/home/roy/Workspace/MT/mt/gcrawler/build/libs/gcrawler-0.1.jar:/home/roy/Workspace/MT/mt/xloc/build/libs/xloc-0.1.jar:/home/roy/Workspace/MT/mt/bcms/build/libs/bcms-0.1.jar:/home/roy/.gradle/caches/modules-2/files-2.1/com.google.code.findbugs/bcel-findbugs/6.0/7a7563ba41dceff3da4af4927b7c09908bd5132c/bcel-findbugs-6.0.jar:/home/roy/.gradle/caches/modules-2/files-2.1/org.slf4j/slf4j-nop/1.7.21/8df71c65bfb1ca244d5fa174791b393762d0a5ed/slf4j-nop-1.7.21.jar:/home/roy/.gradle/caches/modules-2/files-2.1/org.apache.maven/maven-embedder/3.3.9/ca3699a7ec3c8db0d97675f28b7bd04e09242ad4/maven-embedder-3.3.9.jar:/home/roy/.gradle/caches/modules-2/files-2.1/org.gradle/gradle-tooling-api/2.9/c0d9736f0b87323b578d99c949823a89ab460d35/gradle-tooling-api-2.9.jar:/home/roy/.gradle/caches/modules-2/files-2.1/org.antlr/antlr4-runtime/4.5.3/2609e36f18f7e8d593cc1cddfb2ac776dc96b8e0/antlr4-runtime-4.5.3.jar:/home/roy/.gradle/caches/modules-2/files-2.1/org.eclipse.mylyn.github/org.eclipse.egit.github.core/2.1.5/e1c010e279ff0355a996f00b71512a8636e681d7/org.eclipse.egit.github.core-2.1.5.jar:/home/roy/.gradle/caches/modules-2/files-2.1/org.eclipse.jgit/org.eclipse.jgit/4.4.0.201606070830-r/f0292234d1f57542cca80d7b9a441d8ab26f6860/org.eclipse.jgit-4.4.0.201606070830-r.jar:/home/roy/.gradle/caches/modules-2/files-2.1/org.slf4j/slf4j-api/1.7.21/139535a69a4239db087de9bab0bee568bf8e0b70/slf4j-api-1.7.21.jar:/home/roy/.gradle/caches/modules-2/files-2.1/org.apache.maven/maven-settings/3.3.9/68d4180c51468ae8f45869f8f9
Launcher Type: SUN_STANDARD

Environment Variables:
PATH=/usr/local/sbin:/usr/local/bin:/usr/bin:/opt/android-sdk/platform-tools:/opt/android-sdk/tools:/usr/lib/jvm/default/bin:/usr/bin/site_perl:/usr/bin/vendor_perl:/usr/bin/core_perl
LD_LIBRARY_PATH=/usr/share/intellij-idea-ultimate-edition/bin:
SHELL=/bin/bash
DISPLAY=:0

Signal Handlers:
SIGSEGV: [libjvm.so+0xabdee0], sa_mask[0]=11111111011111111101111111111110, sa_flags=SA_RESTART|SA_SIGINFO
SIGBUS: [libjvm.so+0xabdee0], sa_mask[0]=11111111011111111101111111111110, sa_flags=SA_RESTART|SA_SIGINFO
SIGFPE: [libjvm.so+0x91a580], sa_mask[0]=11111111011111111101111111111110, sa_flags=SA_RESTART|SA_SIGINFO
SIGPIPE: [libjvm.so+0x91a580], sa_mask[0]=11111111011111111101111111111110, sa_flags=SA_RESTART|SA_SIGINFO
SIGXFSZ: [libjvm.so+0x91a580], sa_mask[0]=11111111011111111101111111111110, sa_flags=SA_RESTART|SA_SIGINFO
SIGILL: [libjvm.so+0x91a580], sa_mask[0]=11111111011111111101111111111110, sa_flags=SA_RESTART|SA_SIGINFO
SIGUSR1: SIG_DFL, sa_mask[0]=00000000000000000000000000000000, sa_flags=none
SIGUSR2: [libjvm.so+0x91bbb0], sa_mask[0]=00100000000000000000000000000000, sa_flags=SA_RESTART|SA_SIGINFO
SIGHUP: [libjvm.so+0x91cfb0], sa_mask[0]=11111111011111111101111111111110, sa_flags=SA_RESTART|SA_SIGINFO
SIGINT: [libjvm.so+0x91cfb0], sa_mask[0]=11111111011111111101111111111110, sa_flags=SA_RESTART|SA_SIGINFO
SIGTERM: [libjvm.so+0x91cfb0], sa_mask[0]=11111111011111111101111111111110, sa_flags=SA_RESTART|SA_SIGINFO
SIGQUIT: [libjvm.so+0x91cfb0], sa_mask[0]=11111111011111111101111111111110, sa_flags=SA_RESTART|SA_SIGINFO


---------------  S Y S T E M  ---------------

OS:NAME="Arch Linux"
ID=arch
PRETTY_NAME="Arch Linux"
ANSI_COLOR="0;36"
HOME_URL="https://www.archlinux.org/"
SUPPORT_URL="https://bbs.archlinux.org/"
BUG_REPORT_URL="https://bugs.archlinux.org/"


uname:Linux 4.6.3-1-ARCH #1 SMP PREEMPT Fri Jun 24 21:19:13 CEST 2016 x86_64
libc:glibc 2.23 NPTL 2.23 
rlimit: STACK 8192k, CORE infinity, NPROC 30411, NOFILE 4096, AS infinity
load average:0.45 0.30 0.53

/proc/meminfo:
MemTotal:        8023036 kB
MemFree:          141424 kB
MemAvailable:      65488 kB
Buffers:            3500 kB
Cached:           138076 kB
SwapCached:            0 kB
Active:          7484736 kB
Inactive:          94772 kB
Active(anon):    7442072 kB
Inactive(anon):    56236 kB
Active(file):      42664 kB
Inactive(file):    38536 kB
Unevictable:          64 kB
Mlocked:              64 kB
SwapTotal:             0 kB
SwapFree:              0 kB
Dirty:               140 kB
Writeback:             0 kB
AnonPages:       7439728 kB
Mapped:           156892 kB
Shmem:             58912 kB
Slab:              81364 kB
SReclaimable:      38892 kB
SUnreclaim:        42472 kB
KernelStack:       14624 kB
PageTables:        48348 kB
NFS_Unstable:          0 kB
Bounce:                0 kB
WritebackTmp:          0 kB
CommitLimit:     4011516 kB
Committed_AS:   12513804 kB
VmallocTotal:   34359738367 kB
VmallocUsed:           0 kB
VmallocChunk:          0 kB
HardwareCorrupted:     0 kB
AnonHugePages:   3215360 kB
HugePages_Total:       0
HugePages_Free:        0
HugePages_Rsvd:        0
HugePages_Surp:        0
Hugepagesize:       2048 kB
DirectMap4k:      240584 kB
DirectMap2M:     5894144 kB
DirectMap1G:     2097152 kB


CPU:total 8 (4 cores per cpu, 2 threads per core) family 6 model 60 stepping 3, cmov, cx8, fxsr, mmx, sse, sse2, sse3, ssse3, sse4.1, sse4.2, popcnt, avx, avx2, aes, clmul, erms, lzcnt, ht, tsc, tscinvbit, bmi1, bmi2

/proc/cpuinfo:
processor	: 0
vendor_id	: GenuineIntel
cpu family	: 6
model		: 60
model name	: Intel(R) Core(TM) i7-4790K CPU @ 4.00GHz
stepping	: 3
microcode	: 0x1e
cpu MHz		: 4399.843
cache size	: 8192 KB
physical id	: 0
siblings	: 8
core id		: 0
cpu cores	: 4
apicid		: 0
initial apicid	: 0
fpu		: yes
fpu_exception	: yes
cpuid level	: 13
wp		: yes
flags		: fpu vme de pse tsc msr pae mce cx8 apic sep mtrr pge mca cmov pat pse36 clflush dts acpi mmx fxsr sse sse2 ss ht tm pbe syscall nx pdpe1gb rdtscp lm constant_tsc arch_perfmon pebs bts rep_good nopl xtopology nonstop_tsc aperfmperf eagerfpu pni pclmulqdq dtes64 monitor ds_cpl vmx est tm2 ssse3 sdbg fma cx16 xtpr pdcm pcid sse4_1 sse4_2 x2apic movbe popcnt tsc_deadline_timer aes xsave avx f16c rdrand lahf_lm abm tpr_shadow vnmi flexpriority ept vpid fsgsbase tsc_adjust bmi1 avx2 smep bmi2 erms invpcid xsaveopt dtherm ida arat pln pts
bugs		:
bogomips	: 8003.30
clflush size	: 64
cache_alignment	: 64
address sizes	: 39 bits physical, 48 bits virtual
power management:

processor	: 1
vendor_id	: GenuineIntel
cpu family	: 6
model		: 60
model name	: Intel(R) Core(TM) i7-4790K CPU @ 4.00GHz
stepping	: 3
microcode	: 0x1e
cpu MHz		: 4399.843
cache size	: 8192 KB
physical id	: 0
siblings	: 8
core id		: 1
cpu cores	: 4
apicid		: 2
initial apicid	: 2
fpu		: yes
fpu_exception	: yes
cpuid level	: 13
wp		: yes
flags		: fpu vme de pse tsc msr pae mce cx8 apic sep mtrr pge mca cmov pat pse36 clflush dts acpi mmx fxsr sse sse2 ss ht tm pbe syscall nx pdpe1gb rdtscp lm constant_tsc arch_perfmon pebs bts rep_good nopl xtopology nonstop_tsc aperfmperf eagerfpu pni pclmulqdq dtes64 monitor ds_cpl vmx est tm2 ssse3 sdbg fma cx16 xtpr pdcm pcid sse4_1 sse4_2 x2apic movbe popcnt tsc_deadline_timer aes xsave avx f16c rdrand lahf_lm abm tpr_shadow vnmi flexpriority ept vpid fsgsbase tsc_adjust bmi1 avx2 smep bmi2 erms invpcid xsaveopt dtherm ida arat pln pts
bugs		:
bogomips	: 8004.25
clflush size	: 64
cache_alignment	: 64
address sizes	: 39 bits physical, 48 bits virtual
power management:

processor	: 2
vendor_id	: GenuineIntel
cpu family	: 6
model		: 60
model name	: Intel(R) Core(TM) i7-4790K CPU @ 4.00GHz
stepping	: 3
microcode	: 0x1e
cpu MHz		: 4400.000
cache size	: 8192 KB
physical id	: 0
siblings	: 8
core id		: 2
cpu cores	: 4
apicid		: 4
initial apicid	: 4
fpu		: yes
fpu_exception	: yes
cpuid level	: 13
wp		: yes
flags		: fpu vme de pse tsc msr pae mce cx8 apic sep mtrr pge mca cmov pat pse36 clflush dts acpi mmx fxsr sse sse2 ss ht tm pbe syscall nx pdpe1gb rdtscp lm constant_tsc arch_perfmon pebs bts rep_good nopl xtopology nonstop_tsc aperfmperf eagerfpu pni pclmulqdq dtes64 monitor ds_cpl vmx est tm2 ssse3 sdbg fma cx16 xtpr pdcm pcid sse4_1 sse4_2 x2apic movbe popcnt tsc_deadline_timer aes xsave avx f16c rdrand lahf_lm abm tpr_shadow vnmi flexpriority ept vpid fsgsbase tsc_adjust bmi1 avx2 smep bmi2 erms invpcid xsaveopt dtherm ida arat pln pts
bugs		:
bogomips	: 8004.36
clflush size	: 64
cache_alignment	: 64
address sizes	: 39 bits physical, 48 bits virtual
power management:

processor	: 3
vendor_id	: GenuineIntel
cpu family	: 6
model		: 60
model name	: Intel(R) Core(TM) i7-4790K CPU @ 4.00GHz
stepping	: 3
microcode	: 0x1e
cpu MHz		: 4399.843
cache size	: 8192 KB
physical id	: 0
siblings	: 8
core id		: 3
cpu cores	: 4
apicid		: 6
initial apicid	: 6
fpu		: yes
fpu_exception	: yes
cpuid level	: 13
wp		: yes
flags		: fpu vme de pse tsc msr pae mce cx8 apic sep mtrr pge mca cmov pat pse36 clflush dts acpi mmx fxsr sse sse2 ss ht tm pbe syscall nx pdpe1gb rdtscp lm constant_tsc arch_perfmon pebs bts rep_good nopl xtopology nonstop_tsc aperfmperf eagerfpu pni pclmulqdq dtes64 monitor ds_cpl vmx est tm2 ssse3 sdbg fma cx16 xtpr pdcm pcid sse4_1 sse4_2 x2apic movbe popcnt tsc_deadline_timer aes xsave avx f16c rdrand lahf_lm abm tpr_shadow vnmi flexpriority ept vpid fsgsbase tsc_adjust bmi1 avx2 smep bmi2 erms invpcid xsaveopt dtherm ida arat pln pts
bugs		:
bogomips	: 8004.42
clflush size	: 64
cache_alignment	: 64
address sizes	: 39 bits physical, 48 bits virtual
power management:

processor	: 4
vendor_id	: GenuineIntel
cpu family	: 6
model		: 60
model name	: Intel(R) Core(TM) i7-4790K CPU @ 4.00GHz
stepping	: 3
microcode	: 0x1e
cpu MHz		: 4400.000
cache size	: 8192 KB
physical id	: 0
siblings	: 8
core id		: 0
cpu cores	: 4
apicid		: 1
initial apicid	: 1
fpu		: yes
fpu_exception	: yes
cpuid level	: 13
wp		: yes
flags		: fpu vme de pse tsc msr pae mce cx8 apic sep mtrr pge mca cmov pat pse36 clflush dts acpi mmx fxsr sse sse2 ss ht tm pbe syscall nx pdpe1gb rdtscp lm constant_tsc arch_perfmon pebs bts rep_good nopl xtopology nonstop_tsc aperfmperf eagerfpu pni pclmulqdq dtes64 monitor ds_cpl vmx est tm2 ssse3 sdbg fma cx16 xtpr pdcm pcid sse4_1 sse4_2 x2apic movbe popcnt tsc_deadline_timer aes xsave avx f16c rdrand lahf_lm abm tpr_shadow vnmi flexpriority ept vpid fsgsbase tsc_adjust bmi1 avx2 smep bmi2 erms invpcid xsaveopt dtherm ida arat pln pts
bugs		:
bogomips	: 8004.99
clflush size	: 64
cache_alignment	: 64
address sizes	: 39 bits physical, 48 bits virtual
power management:

processor	: 5
vendor_id	: GenuineIntel
cpu family	: 6
model		: 60
model name	: Intel(R) Core(TM) i7-4790K CPU @ 4.00GHz
stepping	: 3
microcode	: 0x1e
cpu MHz		: 4400.000
cache size	: 8192 KB
physical id	: 0
siblings	: 8
core id		: 1
cpu cores	: 4
apicid		: 3
initial apicid	: 3
fpu		: yes
fpu_exception	: yes
cpuid level	: 13
wp		: yes
flags		: fpu vme de pse tsc msr pae mce cx8 apic sep mtrr pge mca cmov pat pse36 clflush dts acpi mmx fxsr sse sse2 ss ht tm pbe syscall nx pdpe1gb rdtscp lm constant_tsc arch_perfmon pebs bts rep_good nopl xtopology nonstop_tsc aperfmperf eagerfpu pni pclmulqdq dtes64 monitor ds_cpl vmx est tm2 ssse3 sdbg fma cx16 xtpr pdcm pcid sse4_1 sse4_2 x2apic movbe popcnt tsc_deadline_timer aes xsave avx f16c rdrand lahf_lm abm tpr_shadow vnmi flexpriority ept vpid fsgsbase tsc_adjust bmi1 avx2 smep bmi2 erms invpcid xsaveopt dtherm ida arat pln pts
bugs		:
bogomips	: 8004.46
clflush size	: 64
cache_alignment	: 64
address sizes	: 39 bits physical, 48 bits virtual
power management:

processor	: 6
vendor_id	: GenuineIntel
cpu family	: 6
model		: 60
model name	: Intel(R) Core(TM) i7-4790K CPU @ 4.00GHz
stepping	: 3
microcode	: 0x1e
cpu MHz		: 4400.000
cache size	: 8192 KB
physical id	: 0
siblings	: 8
core id		: 2
cpu cores	: 4
apicid		: 5
initial apicid	: 5
fpu		: yes
fpu_exception	: yes
cpuid level	: 13
wp		: yes
flags		: fpu vme de pse tsc msr pae mce cx8 apic sep mtrr pge mca cmov pat pse36 clflush dts acpi mmx fxsr sse sse2 ss ht tm pbe syscall nx pdpe1gb rdtscp lm constant_tsc arch_perfmon pebs bts rep_good nopl xtopology nonstop_tsc aperfmperf eagerfpu pni pclmulqdq dtes64 monitor ds_cpl vmx est tm2 ssse3 sdbg fma cx16 xtpr pdcm pcid sse4_1 sse4_2 x2apic movbe popcnt tsc_deadline_timer aes xsave avx f16c rdrand lahf_lm abm tpr_shadow vnmi flexpriority ept vpid fsgsbase tsc_adjust bmi1 avx2 smep bmi2 erms invpcid xsaveopt dtherm ida arat pln pts
bugs		:
bogomips	: 8004.45
clflush size	: 64
cache_alignment	: 64
address sizes	: 39 bits physical, 48 bits virtual
power management:

processor	: 7
vendor_id	: GenuineIntel
cpu family	: 6
model		: 60
model name	: Intel(R) Core(TM) i7-4790K CPU @ 4.00GHz
stepping	: 3
microcode	: 0x1e
cpu MHz		: 4400.000
cache size	: 8192 KB
physical id	: 0
siblings	: 8
core id		: 3
cpu cores	: 4
apicid		: 7
initial apicid	: 7
fpu		: yes
fpu_exception	: yes
cpuid level	: 13
wp		: yes
flags		: fpu vme de pse tsc msr pae mce cx8 apic sep mtrr pge mca cmov pat pse36 clflush dts acpi mmx fxsr sse sse2 ss ht tm pbe syscall nx pdpe1gb rdtscp lm constant_tsc arch_perfmon pebs bts rep_good nopl xtopology nonstop_tsc aperfmperf eagerfpu pni pclmulqdq dtes64 monitor ds_cpl vmx est tm2 ssse3 sdbg fma cx16 xtpr pdcm pcid sse4_1 sse4_2 x2apic movbe popcnt tsc_deadline_timer aes xsave avx f16c rdrand lahf_lm abm tpr_shadow vnmi flexpriority ept vpid fsgsbase tsc_adjust bmi1 avx2 smep bmi2 erms invpcid xsaveopt dtherm ida arat pln pts
bugs		:
bogomips	: 8004.43
clflush size	: 64
cache_alignment	: 64
address sizes	: 39 bits physical, 48 bits virtual
power management:



Memory: 4k page, physical 8023036k(141424k free), swap 0k(0k free)

vm_info: Java HotSpot(TM) 64-Bit Server VM (25.92-b14) for linux-amd64 JRE (1.8.0_92-b14), built on Mar 31 2016 21:08:29 by "java_re" with gcc 4.3.0 20080428 (Red Hat 4.3.0-8)

time: Thu Jul  7 22:54:51 2016
elapsed time: 1 seconds (0d 0h 0m 1s)

